[2023-02-01T22:19:19.833+0000] {processor.py:153} INFO - Started process (PID=73) to work on /home/airflow/.local/lib/python3.7/site-packages/airflow/example_dags/example_xcomargs.py
[2023-02-01T22:19:19.847+0000] {processor.py:743} INFO - Processing file /home/airflow/.local/lib/python3.7/site-packages/airflow/example_dags/example_xcomargs.py for tasks to queue
[2023-02-01T22:19:19.858+0000] {logging_mixin.py:137} INFO - [2023-02-01T22:19:19.857+0000] {dagbag.py:538} INFO - Filling up the DagBag from /home/airflow/.local/lib/python3.7/site-packages/airflow/example_dags/example_xcomargs.py
[2023-02-01T22:19:20.182+0000] {processor.py:753} INFO - DAG(s) dict_keys(['example_xcom_args', 'example_xcom_args_with_operators']) retrieved from /home/airflow/.local/lib/python3.7/site-packages/airflow/example_dags/example_xcomargs.py
[2023-02-01T22:19:20.267+0000] {logging_mixin.py:137} INFO - [2023-02-01T22:19:20.267+0000] {dag.py:2690} INFO - Sync 2 DAGs
[2023-02-01T22:19:20.489+0000] {logging_mixin.py:137} INFO - [2023-02-01T22:19:20.489+0000] {dag.py:3441} INFO - Setting next_dagrun for example_xcom_args to None, run_after=None
[2023-02-01T22:19:20.515+0000] {logging_mixin.py:137} INFO - [2023-02-01T22:19:20.515+0000] {dag.py:3441} INFO - Setting next_dagrun for example_xcom_args_with_operators to None, run_after=None
[2023-02-01T22:19:20.617+0000] {processor.py:175} INFO - Processing /home/airflow/.local/lib/python3.7/site-packages/airflow/example_dags/example_xcomargs.py took 0.858 seconds
[2023-02-01T22:19:51.492+0000] {processor.py:153} INFO - Started process (PID=137) to work on /home/airflow/.local/lib/python3.7/site-packages/airflow/example_dags/example_xcomargs.py
[2023-02-01T22:19:51.494+0000] {processor.py:743} INFO - Processing file /home/airflow/.local/lib/python3.7/site-packages/airflow/example_dags/example_xcomargs.py for tasks to queue
[2023-02-01T22:19:51.495+0000] {logging_mixin.py:137} INFO - [2023-02-01T22:19:51.495+0000] {dagbag.py:538} INFO - Filling up the DagBag from /home/airflow/.local/lib/python3.7/site-packages/airflow/example_dags/example_xcomargs.py
[2023-02-01T22:19:51.523+0000] {processor.py:753} INFO - DAG(s) dict_keys(['example_xcom_args', 'example_xcom_args_with_operators']) retrieved from /home/airflow/.local/lib/python3.7/site-packages/airflow/example_dags/example_xcomargs.py
[2023-02-01T22:19:51.559+0000] {logging_mixin.py:137} INFO - [2023-02-01T22:19:51.559+0000] {dag.py:2690} INFO - Sync 2 DAGs
[2023-02-01T22:19:51.581+0000] {logging_mixin.py:137} INFO - [2023-02-01T22:19:51.581+0000] {dag.py:3441} INFO - Setting next_dagrun for example_xcom_args to None, run_after=None
[2023-02-01T22:19:51.584+0000] {logging_mixin.py:137} INFO - [2023-02-01T22:19:51.584+0000] {dag.py:3441} INFO - Setting next_dagrun for example_xcom_args_with_operators to None, run_after=None
[2023-02-01T22:19:51.600+0000] {processor.py:175} INFO - Processing /home/airflow/.local/lib/python3.7/site-packages/airflow/example_dags/example_xcomargs.py took 0.113 seconds
[2023-02-01T22:20:21.665+0000] {processor.py:153} INFO - Started process (PID=213) to work on /home/airflow/.local/lib/python3.7/site-packages/airflow/example_dags/example_xcomargs.py
[2023-02-01T22:20:21.668+0000] {processor.py:743} INFO - Processing file /home/airflow/.local/lib/python3.7/site-packages/airflow/example_dags/example_xcomargs.py for tasks to queue
[2023-02-01T22:20:21.671+0000] {logging_mixin.py:137} INFO - [2023-02-01T22:20:21.671+0000] {dagbag.py:538} INFO - Filling up the DagBag from /home/airflow/.local/lib/python3.7/site-packages/airflow/example_dags/example_xcomargs.py
[2023-02-01T22:20:21.698+0000] {processor.py:753} INFO - DAG(s) dict_keys(['example_xcom_args_with_operators', 'example_xcom_args']) retrieved from /home/airflow/.local/lib/python3.7/site-packages/airflow/example_dags/example_xcomargs.py
[2023-02-01T22:20:21.723+0000] {logging_mixin.py:137} INFO - [2023-02-01T22:20:21.723+0000] {dag.py:2690} INFO - Sync 2 DAGs
[2023-02-01T22:20:21.749+0000] {logging_mixin.py:137} INFO - [2023-02-01T22:20:21.749+0000] {dag.py:3441} INFO - Setting next_dagrun for example_xcom_args to None, run_after=None
[2023-02-01T22:20:21.753+0000] {logging_mixin.py:137} INFO - [2023-02-01T22:20:21.753+0000] {dag.py:3441} INFO - Setting next_dagrun for example_xcom_args_with_operators to None, run_after=None
[2023-02-01T22:20:21.768+0000] {processor.py:175} INFO - Processing /home/airflow/.local/lib/python3.7/site-packages/airflow/example_dags/example_xcomargs.py took 0.110 seconds
[2023-02-01T22:20:51.900+0000] {processor.py:153} INFO - Started process (PID=277) to work on /home/airflow/.local/lib/python3.7/site-packages/airflow/example_dags/example_xcomargs.py
[2023-02-01T22:20:51.902+0000] {processor.py:743} INFO - Processing file /home/airflow/.local/lib/python3.7/site-packages/airflow/example_dags/example_xcomargs.py for tasks to queue
[2023-02-01T22:20:51.903+0000] {logging_mixin.py:137} INFO - [2023-02-01T22:20:51.903+0000] {dagbag.py:538} INFO - Filling up the DagBag from /home/airflow/.local/lib/python3.7/site-packages/airflow/example_dags/example_xcomargs.py
[2023-02-01T22:20:51.944+0000] {processor.py:753} INFO - DAG(s) dict_keys(['example_xcom_args_with_operators', 'example_xcom_args']) retrieved from /home/airflow/.local/lib/python3.7/site-packages/airflow/example_dags/example_xcomargs.py
[2023-02-01T22:20:51.993+0000] {logging_mixin.py:137} INFO - [2023-02-01T22:20:51.993+0000] {dag.py:2690} INFO - Sync 2 DAGs
[2023-02-01T22:20:52.015+0000] {logging_mixin.py:137} INFO - [2023-02-01T22:20:52.015+0000] {dag.py:3441} INFO - Setting next_dagrun for example_xcom_args to None, run_after=None
[2023-02-01T22:20:52.019+0000] {logging_mixin.py:137} INFO - [2023-02-01T22:20:52.019+0000] {dag.py:3441} INFO - Setting next_dagrun for example_xcom_args_with_operators to None, run_after=None
[2023-02-01T22:20:52.043+0000] {processor.py:175} INFO - Processing /home/airflow/.local/lib/python3.7/site-packages/airflow/example_dags/example_xcomargs.py took 0.154 seconds
[2023-02-01T22:21:22.957+0000] {processor.py:153} INFO - Started process (PID=353) to work on /home/airflow/.local/lib/python3.7/site-packages/airflow/example_dags/example_xcomargs.py
[2023-02-01T22:21:22.960+0000] {processor.py:743} INFO - Processing file /home/airflow/.local/lib/python3.7/site-packages/airflow/example_dags/example_xcomargs.py for tasks to queue
[2023-02-01T22:21:22.962+0000] {logging_mixin.py:137} INFO - [2023-02-01T22:21:22.962+0000] {dagbag.py:538} INFO - Filling up the DagBag from /home/airflow/.local/lib/python3.7/site-packages/airflow/example_dags/example_xcomargs.py
[2023-02-01T22:21:22.996+0000] {processor.py:753} INFO - DAG(s) dict_keys(['example_xcom_args_with_operators', 'example_xcom_args']) retrieved from /home/airflow/.local/lib/python3.7/site-packages/airflow/example_dags/example_xcomargs.py
[2023-02-01T22:21:23.024+0000] {logging_mixin.py:137} INFO - [2023-02-01T22:21:23.024+0000] {dag.py:2690} INFO - Sync 2 DAGs
[2023-02-01T22:21:23.044+0000] {logging_mixin.py:137} INFO - [2023-02-01T22:21:23.044+0000] {dag.py:3441} INFO - Setting next_dagrun for example_xcom_args to None, run_after=None
[2023-02-01T22:21:23.046+0000] {logging_mixin.py:137} INFO - [2023-02-01T22:21:23.046+0000] {dag.py:3441} INFO - Setting next_dagrun for example_xcom_args_with_operators to None, run_after=None
[2023-02-01T22:21:23.068+0000] {processor.py:175} INFO - Processing /home/airflow/.local/lib/python3.7/site-packages/airflow/example_dags/example_xcomargs.py took 0.119 seconds
[2023-02-01T22:21:53.157+0000] {processor.py:153} INFO - Started process (PID=428) to work on /home/airflow/.local/lib/python3.7/site-packages/airflow/example_dags/example_xcomargs.py
[2023-02-01T22:21:53.159+0000] {processor.py:743} INFO - Processing file /home/airflow/.local/lib/python3.7/site-packages/airflow/example_dags/example_xcomargs.py for tasks to queue
[2023-02-01T22:21:53.161+0000] {logging_mixin.py:137} INFO - [2023-02-01T22:21:53.161+0000] {dagbag.py:538} INFO - Filling up the DagBag from /home/airflow/.local/lib/python3.7/site-packages/airflow/example_dags/example_xcomargs.py
[2023-02-01T22:21:53.187+0000] {processor.py:753} INFO - DAG(s) dict_keys(['example_xcom_args_with_operators', 'example_xcom_args']) retrieved from /home/airflow/.local/lib/python3.7/site-packages/airflow/example_dags/example_xcomargs.py
[2023-02-01T22:21:53.226+0000] {logging_mixin.py:137} INFO - [2023-02-01T22:21:53.225+0000] {dag.py:2690} INFO - Sync 2 DAGs
[2023-02-01T22:21:53.257+0000] {logging_mixin.py:137} INFO - [2023-02-01T22:21:53.257+0000] {dag.py:3441} INFO - Setting next_dagrun for example_xcom_args to None, run_after=None
[2023-02-01T22:21:53.265+0000] {logging_mixin.py:137} INFO - [2023-02-01T22:21:53.264+0000] {dag.py:3441} INFO - Setting next_dagrun for example_xcom_args_with_operators to None, run_after=None
[2023-02-01T22:21:53.285+0000] {processor.py:175} INFO - Processing /home/airflow/.local/lib/python3.7/site-packages/airflow/example_dags/example_xcomargs.py took 0.134 seconds
[2023-02-01T22:22:23.327+0000] {processor.py:153} INFO - Started process (PID=492) to work on /home/airflow/.local/lib/python3.7/site-packages/airflow/example_dags/example_xcomargs.py
[2023-02-01T22:22:23.329+0000] {processor.py:743} INFO - Processing file /home/airflow/.local/lib/python3.7/site-packages/airflow/example_dags/example_xcomargs.py for tasks to queue
[2023-02-01T22:22:23.330+0000] {logging_mixin.py:137} INFO - [2023-02-01T22:22:23.330+0000] {dagbag.py:538} INFO - Filling up the DagBag from /home/airflow/.local/lib/python3.7/site-packages/airflow/example_dags/example_xcomargs.py
[2023-02-01T22:22:23.352+0000] {processor.py:753} INFO - DAG(s) dict_keys(['example_xcom_args', 'example_xcom_args_with_operators']) retrieved from /home/airflow/.local/lib/python3.7/site-packages/airflow/example_dags/example_xcomargs.py
[2023-02-01T22:22:23.378+0000] {logging_mixin.py:137} INFO - [2023-02-01T22:22:23.378+0000] {dag.py:2690} INFO - Sync 2 DAGs
[2023-02-01T22:22:23.414+0000] {logging_mixin.py:137} INFO - [2023-02-01T22:22:23.413+0000] {dag.py:3441} INFO - Setting next_dagrun for example_xcom_args to None, run_after=None
[2023-02-01T22:22:23.417+0000] {logging_mixin.py:137} INFO - [2023-02-01T22:22:23.417+0000] {dag.py:3441} INFO - Setting next_dagrun for example_xcom_args_with_operators to None, run_after=None
[2023-02-01T22:22:23.431+0000] {processor.py:175} INFO - Processing /home/airflow/.local/lib/python3.7/site-packages/airflow/example_dags/example_xcomargs.py took 0.109 seconds
[2023-02-01T22:22:54.200+0000] {processor.py:153} INFO - Started process (PID=568) to work on /home/airflow/.local/lib/python3.7/site-packages/airflow/example_dags/example_xcomargs.py
[2023-02-01T22:22:54.208+0000] {processor.py:743} INFO - Processing file /home/airflow/.local/lib/python3.7/site-packages/airflow/example_dags/example_xcomargs.py for tasks to queue
[2023-02-01T22:22:54.210+0000] {logging_mixin.py:137} INFO - [2023-02-01T22:22:54.209+0000] {dagbag.py:538} INFO - Filling up the DagBag from /home/airflow/.local/lib/python3.7/site-packages/airflow/example_dags/example_xcomargs.py
[2023-02-01T22:22:54.241+0000] {processor.py:753} INFO - DAG(s) dict_keys(['example_xcom_args_with_operators', 'example_xcom_args']) retrieved from /home/airflow/.local/lib/python3.7/site-packages/airflow/example_dags/example_xcomargs.py
[2023-02-01T22:22:54.279+0000] {logging_mixin.py:137} INFO - [2023-02-01T22:22:54.279+0000] {dag.py:2690} INFO - Sync 2 DAGs
[2023-02-01T22:22:54.310+0000] {logging_mixin.py:137} INFO - [2023-02-01T22:22:54.310+0000] {dag.py:3441} INFO - Setting next_dagrun for example_xcom_args to None, run_after=None
[2023-02-01T22:22:54.314+0000] {logging_mixin.py:137} INFO - [2023-02-01T22:22:54.314+0000] {dag.py:3441} INFO - Setting next_dagrun for example_xcom_args_with_operators to None, run_after=None
[2023-02-01T22:22:54.327+0000] {processor.py:175} INFO - Processing /home/airflow/.local/lib/python3.7/site-packages/airflow/example_dags/example_xcomargs.py took 0.133 seconds
[2023-02-01T22:23:24.958+0000] {processor.py:153} INFO - Started process (PID=641) to work on /home/airflow/.local/lib/python3.7/site-packages/airflow/example_dags/example_xcomargs.py
[2023-02-01T22:23:24.961+0000] {processor.py:743} INFO - Processing file /home/airflow/.local/lib/python3.7/site-packages/airflow/example_dags/example_xcomargs.py for tasks to queue
[2023-02-01T22:23:24.963+0000] {logging_mixin.py:137} INFO - [2023-02-01T22:23:24.962+0000] {dagbag.py:538} INFO - Filling up the DagBag from /home/airflow/.local/lib/python3.7/site-packages/airflow/example_dags/example_xcomargs.py
[2023-02-01T22:23:24.987+0000] {processor.py:753} INFO - DAG(s) dict_keys(['example_xcom_args', 'example_xcom_args_with_operators']) retrieved from /home/airflow/.local/lib/python3.7/site-packages/airflow/example_dags/example_xcomargs.py
[2023-02-01T22:23:25.026+0000] {logging_mixin.py:137} INFO - [2023-02-01T22:23:25.026+0000] {dag.py:2690} INFO - Sync 2 DAGs
[2023-02-01T22:23:25.050+0000] {logging_mixin.py:137} INFO - [2023-02-01T22:23:25.050+0000] {dag.py:3441} INFO - Setting next_dagrun for example_xcom_args to None, run_after=None
[2023-02-01T22:23:25.055+0000] {logging_mixin.py:137} INFO - [2023-02-01T22:23:25.055+0000] {dag.py:3441} INFO - Setting next_dagrun for example_xcom_args_with_operators to None, run_after=None
[2023-02-01T22:23:25.070+0000] {processor.py:175} INFO - Processing /home/airflow/.local/lib/python3.7/site-packages/airflow/example_dags/example_xcomargs.py took 0.115 seconds
[2023-02-01T22:23:55.904+0000] {processor.py:153} INFO - Started process (PID=708) to work on /home/airflow/.local/lib/python3.7/site-packages/airflow/example_dags/example_xcomargs.py
[2023-02-01T22:23:55.906+0000] {processor.py:743} INFO - Processing file /home/airflow/.local/lib/python3.7/site-packages/airflow/example_dags/example_xcomargs.py for tasks to queue
[2023-02-01T22:23:55.907+0000] {logging_mixin.py:137} INFO - [2023-02-01T22:23:55.907+0000] {dagbag.py:538} INFO - Filling up the DagBag from /home/airflow/.local/lib/python3.7/site-packages/airflow/example_dags/example_xcomargs.py
[2023-02-01T22:23:55.941+0000] {processor.py:753} INFO - DAG(s) dict_keys(['example_xcom_args_with_operators', 'example_xcom_args']) retrieved from /home/airflow/.local/lib/python3.7/site-packages/airflow/example_dags/example_xcomargs.py
[2023-02-01T22:23:55.970+0000] {logging_mixin.py:137} INFO - [2023-02-01T22:23:55.970+0000] {dag.py:2690} INFO - Sync 2 DAGs
[2023-02-01T22:23:55.994+0000] {logging_mixin.py:137} INFO - [2023-02-01T22:23:55.994+0000] {dag.py:3441} INFO - Setting next_dagrun for example_xcom_args to None, run_after=None
[2023-02-01T22:23:55.997+0000] {logging_mixin.py:137} INFO - [2023-02-01T22:23:55.997+0000] {dag.py:3441} INFO - Setting next_dagrun for example_xcom_args_with_operators to None, run_after=None
[2023-02-01T22:23:56.009+0000] {processor.py:175} INFO - Processing /home/airflow/.local/lib/python3.7/site-packages/airflow/example_dags/example_xcomargs.py took 0.112 seconds
[2023-02-01T22:24:26.250+0000] {processor.py:153} INFO - Started process (PID=784) to work on /home/airflow/.local/lib/python3.7/site-packages/airflow/example_dags/example_xcomargs.py
[2023-02-01T22:24:26.252+0000] {processor.py:743} INFO - Processing file /home/airflow/.local/lib/python3.7/site-packages/airflow/example_dags/example_xcomargs.py for tasks to queue
[2023-02-01T22:24:26.253+0000] {logging_mixin.py:137} INFO - [2023-02-01T22:24:26.253+0000] {dagbag.py:538} INFO - Filling up the DagBag from /home/airflow/.local/lib/python3.7/site-packages/airflow/example_dags/example_xcomargs.py
[2023-02-01T22:24:26.273+0000] {processor.py:753} INFO - DAG(s) dict_keys(['example_xcom_args_with_operators', 'example_xcom_args']) retrieved from /home/airflow/.local/lib/python3.7/site-packages/airflow/example_dags/example_xcomargs.py
[2023-02-01T22:24:26.298+0000] {logging_mixin.py:137} INFO - [2023-02-01T22:24:26.298+0000] {dag.py:2690} INFO - Sync 2 DAGs
[2023-02-01T22:24:26.315+0000] {logging_mixin.py:137} INFO - [2023-02-01T22:24:26.315+0000] {dag.py:3441} INFO - Setting next_dagrun for example_xcom_args to None, run_after=None
[2023-02-01T22:24:26.318+0000] {logging_mixin.py:137} INFO - [2023-02-01T22:24:26.318+0000] {dag.py:3441} INFO - Setting next_dagrun for example_xcom_args_with_operators to None, run_after=None
[2023-02-01T22:24:26.329+0000] {processor.py:175} INFO - Processing /home/airflow/.local/lib/python3.7/site-packages/airflow/example_dags/example_xcomargs.py took 0.084 seconds
[2023-02-01T22:24:56.856+0000] {processor.py:153} INFO - Started process (PID=858) to work on /home/airflow/.local/lib/python3.7/site-packages/airflow/example_dags/example_xcomargs.py
[2023-02-01T22:24:56.860+0000] {processor.py:743} INFO - Processing file /home/airflow/.local/lib/python3.7/site-packages/airflow/example_dags/example_xcomargs.py for tasks to queue
[2023-02-01T22:24:56.864+0000] {logging_mixin.py:137} INFO - [2023-02-01T22:24:56.863+0000] {dagbag.py:538} INFO - Filling up the DagBag from /home/airflow/.local/lib/python3.7/site-packages/airflow/example_dags/example_xcomargs.py
[2023-02-01T22:24:56.912+0000] {processor.py:753} INFO - DAG(s) dict_keys(['example_xcom_args', 'example_xcom_args_with_operators']) retrieved from /home/airflow/.local/lib/python3.7/site-packages/airflow/example_dags/example_xcomargs.py
[2023-02-01T22:24:56.973+0000] {logging_mixin.py:137} INFO - [2023-02-01T22:24:56.973+0000] {dag.py:2690} INFO - Sync 2 DAGs
[2023-02-01T22:24:56.996+0000] {logging_mixin.py:137} INFO - [2023-02-01T22:24:56.995+0000] {dag.py:3441} INFO - Setting next_dagrun for example_xcom_args to None, run_after=None
[2023-02-01T22:24:57.004+0000] {logging_mixin.py:137} INFO - [2023-02-01T22:24:57.004+0000] {dag.py:3441} INFO - Setting next_dagrun for example_xcom_args_with_operators to None, run_after=None
[2023-02-01T22:24:57.036+0000] {processor.py:175} INFO - Processing /home/airflow/.local/lib/python3.7/site-packages/airflow/example_dags/example_xcomargs.py took 0.190 seconds
[2023-02-01T22:25:27.536+0000] {processor.py:153} INFO - Started process (PID=925) to work on /home/airflow/.local/lib/python3.7/site-packages/airflow/example_dags/example_xcomargs.py
[2023-02-01T22:25:27.538+0000] {processor.py:743} INFO - Processing file /home/airflow/.local/lib/python3.7/site-packages/airflow/example_dags/example_xcomargs.py for tasks to queue
[2023-02-01T22:25:27.539+0000] {logging_mixin.py:137} INFO - [2023-02-01T22:25:27.539+0000] {dagbag.py:538} INFO - Filling up the DagBag from /home/airflow/.local/lib/python3.7/site-packages/airflow/example_dags/example_xcomargs.py
[2023-02-01T22:25:27.561+0000] {processor.py:753} INFO - DAG(s) dict_keys(['example_xcom_args_with_operators', 'example_xcom_args']) retrieved from /home/airflow/.local/lib/python3.7/site-packages/airflow/example_dags/example_xcomargs.py
[2023-02-01T22:25:27.595+0000] {logging_mixin.py:137} INFO - [2023-02-01T22:25:27.595+0000] {dag.py:2690} INFO - Sync 2 DAGs
[2023-02-01T22:25:27.615+0000] {logging_mixin.py:137} INFO - [2023-02-01T22:25:27.615+0000] {dag.py:3441} INFO - Setting next_dagrun for example_xcom_args to None, run_after=None
[2023-02-01T22:25:27.620+0000] {logging_mixin.py:137} INFO - [2023-02-01T22:25:27.620+0000] {dag.py:3441} INFO - Setting next_dagrun for example_xcom_args_with_operators to None, run_after=None
[2023-02-01T22:25:27.635+0000] {processor.py:175} INFO - Processing /home/airflow/.local/lib/python3.7/site-packages/airflow/example_dags/example_xcomargs.py took 0.104 seconds
[2023-02-01T22:25:58.535+0000] {processor.py:153} INFO - Started process (PID=1002) to work on /home/airflow/.local/lib/python3.7/site-packages/airflow/example_dags/example_xcomargs.py
[2023-02-01T22:25:58.538+0000] {processor.py:743} INFO - Processing file /home/airflow/.local/lib/python3.7/site-packages/airflow/example_dags/example_xcomargs.py for tasks to queue
[2023-02-01T22:25:58.540+0000] {logging_mixin.py:137} INFO - [2023-02-01T22:25:58.539+0000] {dagbag.py:538} INFO - Filling up the DagBag from /home/airflow/.local/lib/python3.7/site-packages/airflow/example_dags/example_xcomargs.py
[2023-02-01T22:25:58.570+0000] {processor.py:753} INFO - DAG(s) dict_keys(['example_xcom_args_with_operators', 'example_xcom_args']) retrieved from /home/airflow/.local/lib/python3.7/site-packages/airflow/example_dags/example_xcomargs.py
[2023-02-01T22:25:58.596+0000] {logging_mixin.py:137} INFO - [2023-02-01T22:25:58.596+0000] {dag.py:2690} INFO - Sync 2 DAGs
[2023-02-01T22:25:58.617+0000] {logging_mixin.py:137} INFO - [2023-02-01T22:25:58.617+0000] {dag.py:3441} INFO - Setting next_dagrun for example_xcom_args to None, run_after=None
[2023-02-01T22:25:58.620+0000] {logging_mixin.py:137} INFO - [2023-02-01T22:25:58.620+0000] {dag.py:3441} INFO - Setting next_dagrun for example_xcom_args_with_operators to None, run_after=None
[2023-02-01T22:25:58.634+0000] {processor.py:175} INFO - Processing /home/airflow/.local/lib/python3.7/site-packages/airflow/example_dags/example_xcomargs.py took 0.107 seconds
[2023-02-01T22:26:29.276+0000] {processor.py:153} INFO - Started process (PID=1076) to work on /home/airflow/.local/lib/python3.7/site-packages/airflow/example_dags/example_xcomargs.py
[2023-02-01T22:26:29.278+0000] {processor.py:743} INFO - Processing file /home/airflow/.local/lib/python3.7/site-packages/airflow/example_dags/example_xcomargs.py for tasks to queue
[2023-02-01T22:26:29.281+0000] {logging_mixin.py:137} INFO - [2023-02-01T22:26:29.280+0000] {dagbag.py:538} INFO - Filling up the DagBag from /home/airflow/.local/lib/python3.7/site-packages/airflow/example_dags/example_xcomargs.py
[2023-02-01T22:26:29.342+0000] {processor.py:753} INFO - DAG(s) dict_keys(['example_xcom_args_with_operators', 'example_xcom_args']) retrieved from /home/airflow/.local/lib/python3.7/site-packages/airflow/example_dags/example_xcomargs.py
[2023-02-01T22:26:29.430+0000] {logging_mixin.py:137} INFO - [2023-02-01T22:26:29.430+0000] {dag.py:2690} INFO - Sync 2 DAGs
[2023-02-01T22:26:29.467+0000] {logging_mixin.py:137} INFO - [2023-02-01T22:26:29.467+0000] {dag.py:3441} INFO - Setting next_dagrun for example_xcom_args to None, run_after=None
[2023-02-01T22:26:29.473+0000] {logging_mixin.py:137} INFO - [2023-02-01T22:26:29.473+0000] {dag.py:3441} INFO - Setting next_dagrun for example_xcom_args_with_operators to None, run_after=None
[2023-02-01T22:26:29.503+0000] {processor.py:175} INFO - Processing /home/airflow/.local/lib/python3.7/site-packages/airflow/example_dags/example_xcomargs.py took 0.238 seconds
[2023-02-01T22:27:00.154+0000] {processor.py:153} INFO - Started process (PID=1142) to work on /home/airflow/.local/lib/python3.7/site-packages/airflow/example_dags/example_xcomargs.py
[2023-02-01T22:27:00.157+0000] {processor.py:743} INFO - Processing file /home/airflow/.local/lib/python3.7/site-packages/airflow/example_dags/example_xcomargs.py for tasks to queue
[2023-02-01T22:27:00.159+0000] {logging_mixin.py:137} INFO - [2023-02-01T22:27:00.159+0000] {dagbag.py:538} INFO - Filling up the DagBag from /home/airflow/.local/lib/python3.7/site-packages/airflow/example_dags/example_xcomargs.py
[2023-02-01T22:27:00.200+0000] {processor.py:753} INFO - DAG(s) dict_keys(['example_xcom_args_with_operators', 'example_xcom_args']) retrieved from /home/airflow/.local/lib/python3.7/site-packages/airflow/example_dags/example_xcomargs.py
[2023-02-01T22:27:00.249+0000] {logging_mixin.py:137} INFO - [2023-02-01T22:27:00.249+0000] {dag.py:2690} INFO - Sync 2 DAGs
[2023-02-01T22:27:00.279+0000] {logging_mixin.py:137} INFO - [2023-02-01T22:27:00.278+0000] {dag.py:3441} INFO - Setting next_dagrun for example_xcom_args to None, run_after=None
[2023-02-01T22:27:00.282+0000] {logging_mixin.py:137} INFO - [2023-02-01T22:27:00.282+0000] {dag.py:3441} INFO - Setting next_dagrun for example_xcom_args_with_operators to None, run_after=None
[2023-02-01T22:27:00.298+0000] {processor.py:175} INFO - Processing /home/airflow/.local/lib/python3.7/site-packages/airflow/example_dags/example_xcomargs.py took 0.151 seconds
[2023-02-01T22:27:31.104+0000] {processor.py:153} INFO - Started process (PID=1218) to work on /home/airflow/.local/lib/python3.7/site-packages/airflow/example_dags/example_xcomargs.py
[2023-02-01T22:27:31.107+0000] {processor.py:743} INFO - Processing file /home/airflow/.local/lib/python3.7/site-packages/airflow/example_dags/example_xcomargs.py for tasks to queue
[2023-02-01T22:27:31.108+0000] {logging_mixin.py:137} INFO - [2023-02-01T22:27:31.108+0000] {dagbag.py:538} INFO - Filling up the DagBag from /home/airflow/.local/lib/python3.7/site-packages/airflow/example_dags/example_xcomargs.py
[2023-02-01T22:27:31.132+0000] {processor.py:753} INFO - DAG(s) dict_keys(['example_xcom_args_with_operators', 'example_xcom_args']) retrieved from /home/airflow/.local/lib/python3.7/site-packages/airflow/example_dags/example_xcomargs.py
[2023-02-01T22:27:31.155+0000] {logging_mixin.py:137} INFO - [2023-02-01T22:27:31.155+0000] {dag.py:2690} INFO - Sync 2 DAGs
[2023-02-01T22:27:31.176+0000] {logging_mixin.py:137} INFO - [2023-02-01T22:27:31.175+0000] {dag.py:3441} INFO - Setting next_dagrun for example_xcom_args to None, run_after=None
[2023-02-01T22:27:31.181+0000] {logging_mixin.py:137} INFO - [2023-02-01T22:27:31.181+0000] {dag.py:3441} INFO - Setting next_dagrun for example_xcom_args_with_operators to None, run_after=None
[2023-02-01T22:27:31.193+0000] {processor.py:175} INFO - Processing /home/airflow/.local/lib/python3.7/site-packages/airflow/example_dags/example_xcomargs.py took 0.096 seconds
[2023-02-01T22:28:01.623+0000] {processor.py:153} INFO - Started process (PID=1281) to work on /home/airflow/.local/lib/python3.7/site-packages/airflow/example_dags/example_xcomargs.py
[2023-02-01T22:28:01.627+0000] {processor.py:743} INFO - Processing file /home/airflow/.local/lib/python3.7/site-packages/airflow/example_dags/example_xcomargs.py for tasks to queue
[2023-02-01T22:28:01.630+0000] {logging_mixin.py:137} INFO - [2023-02-01T22:28:01.629+0000] {dagbag.py:538} INFO - Filling up the DagBag from /home/airflow/.local/lib/python3.7/site-packages/airflow/example_dags/example_xcomargs.py
[2023-02-01T22:28:01.664+0000] {processor.py:753} INFO - DAG(s) dict_keys(['example_xcom_args', 'example_xcom_args_with_operators']) retrieved from /home/airflow/.local/lib/python3.7/site-packages/airflow/example_dags/example_xcomargs.py
[2023-02-01T22:28:01.688+0000] {logging_mixin.py:137} INFO - [2023-02-01T22:28:01.688+0000] {dag.py:2690} INFO - Sync 2 DAGs
[2023-02-01T22:28:01.705+0000] {logging_mixin.py:137} INFO - [2023-02-01T22:28:01.705+0000] {dag.py:3441} INFO - Setting next_dagrun for example_xcom_args to None, run_after=None
[2023-02-01T22:28:01.708+0000] {logging_mixin.py:137} INFO - [2023-02-01T22:28:01.708+0000] {dag.py:3441} INFO - Setting next_dagrun for example_xcom_args_with_operators to None, run_after=None
[2023-02-01T22:28:01.719+0000] {processor.py:175} INFO - Processing /home/airflow/.local/lib/python3.7/site-packages/airflow/example_dags/example_xcomargs.py took 0.105 seconds
[2023-02-01T22:28:32.446+0000] {processor.py:153} INFO - Started process (PID=1357) to work on /home/airflow/.local/lib/python3.7/site-packages/airflow/example_dags/example_xcomargs.py
[2023-02-01T22:28:32.453+0000] {processor.py:743} INFO - Processing file /home/airflow/.local/lib/python3.7/site-packages/airflow/example_dags/example_xcomargs.py for tasks to queue
[2023-02-01T22:28:32.456+0000] {logging_mixin.py:137} INFO - [2023-02-01T22:28:32.456+0000] {dagbag.py:538} INFO - Filling up the DagBag from /home/airflow/.local/lib/python3.7/site-packages/airflow/example_dags/example_xcomargs.py
[2023-02-01T22:28:32.499+0000] {processor.py:753} INFO - DAG(s) dict_keys(['example_xcom_args', 'example_xcom_args_with_operators']) retrieved from /home/airflow/.local/lib/python3.7/site-packages/airflow/example_dags/example_xcomargs.py
[2023-02-01T22:28:32.532+0000] {logging_mixin.py:137} INFO - [2023-02-01T22:28:32.532+0000] {dag.py:2690} INFO - Sync 2 DAGs
[2023-02-01T22:28:32.554+0000] {logging_mixin.py:137} INFO - [2023-02-01T22:28:32.554+0000] {dag.py:3441} INFO - Setting next_dagrun for example_xcom_args to None, run_after=None
[2023-02-01T22:28:32.556+0000] {logging_mixin.py:137} INFO - [2023-02-01T22:28:32.556+0000] {dag.py:3441} INFO - Setting next_dagrun for example_xcom_args_with_operators to None, run_after=None
[2023-02-01T22:28:32.568+0000] {processor.py:175} INFO - Processing /home/airflow/.local/lib/python3.7/site-packages/airflow/example_dags/example_xcomargs.py took 0.128 seconds
[2023-02-01T22:29:03.078+0000] {processor.py:153} INFO - Started process (PID=1432) to work on /home/airflow/.local/lib/python3.7/site-packages/airflow/example_dags/example_xcomargs.py
[2023-02-01T22:29:03.080+0000] {processor.py:743} INFO - Processing file /home/airflow/.local/lib/python3.7/site-packages/airflow/example_dags/example_xcomargs.py for tasks to queue
[2023-02-01T22:29:03.082+0000] {logging_mixin.py:137} INFO - [2023-02-01T22:29:03.081+0000] {dagbag.py:538} INFO - Filling up the DagBag from /home/airflow/.local/lib/python3.7/site-packages/airflow/example_dags/example_xcomargs.py
[2023-02-01T22:29:03.106+0000] {processor.py:753} INFO - DAG(s) dict_keys(['example_xcom_args_with_operators', 'example_xcom_args']) retrieved from /home/airflow/.local/lib/python3.7/site-packages/airflow/example_dags/example_xcomargs.py
[2023-02-01T22:29:03.140+0000] {logging_mixin.py:137} INFO - [2023-02-01T22:29:03.140+0000] {dag.py:2690} INFO - Sync 2 DAGs
[2023-02-01T22:29:03.160+0000] {logging_mixin.py:137} INFO - [2023-02-01T22:29:03.160+0000] {dag.py:3441} INFO - Setting next_dagrun for example_xcom_args to None, run_after=None
[2023-02-01T22:29:03.163+0000] {logging_mixin.py:137} INFO - [2023-02-01T22:29:03.163+0000] {dag.py:3441} INFO - Setting next_dagrun for example_xcom_args_with_operators to None, run_after=None
[2023-02-01T22:29:03.176+0000] {processor.py:175} INFO - Processing /home/airflow/.local/lib/python3.7/site-packages/airflow/example_dags/example_xcomargs.py took 0.108 seconds
[2023-02-01T22:29:33.970+0000] {processor.py:153} INFO - Started process (PID=1496) to work on /home/airflow/.local/lib/python3.7/site-packages/airflow/example_dags/example_xcomargs.py
[2023-02-01T22:29:33.973+0000] {processor.py:743} INFO - Processing file /home/airflow/.local/lib/python3.7/site-packages/airflow/example_dags/example_xcomargs.py for tasks to queue
[2023-02-01T22:29:33.974+0000] {logging_mixin.py:137} INFO - [2023-02-01T22:29:33.974+0000] {dagbag.py:538} INFO - Filling up the DagBag from /home/airflow/.local/lib/python3.7/site-packages/airflow/example_dags/example_xcomargs.py
[2023-02-01T22:29:34.013+0000] {processor.py:753} INFO - DAG(s) dict_keys(['example_xcom_args', 'example_xcom_args_with_operators']) retrieved from /home/airflow/.local/lib/python3.7/site-packages/airflow/example_dags/example_xcomargs.py
[2023-02-01T22:29:34.043+0000] {logging_mixin.py:137} INFO - [2023-02-01T22:29:34.043+0000] {dag.py:2690} INFO - Sync 2 DAGs
[2023-02-01T22:29:34.061+0000] {logging_mixin.py:137} INFO - [2023-02-01T22:29:34.061+0000] {dag.py:3441} INFO - Setting next_dagrun for example_xcom_args to None, run_after=None
[2023-02-01T22:29:34.064+0000] {logging_mixin.py:137} INFO - [2023-02-01T22:29:34.064+0000] {dag.py:3441} INFO - Setting next_dagrun for example_xcom_args_with_operators to None, run_after=None
[2023-02-01T22:29:34.076+0000] {processor.py:175} INFO - Processing /home/airflow/.local/lib/python3.7/site-packages/airflow/example_dags/example_xcomargs.py took 0.115 seconds
[2023-02-01T22:30:04.888+0000] {processor.py:153} INFO - Started process (PID=1571) to work on /home/airflow/.local/lib/python3.7/site-packages/airflow/example_dags/example_xcomargs.py
[2023-02-01T22:30:04.891+0000] {processor.py:743} INFO - Processing file /home/airflow/.local/lib/python3.7/site-packages/airflow/example_dags/example_xcomargs.py for tasks to queue
[2023-02-01T22:30:04.892+0000] {logging_mixin.py:137} INFO - [2023-02-01T22:30:04.892+0000] {dagbag.py:538} INFO - Filling up the DagBag from /home/airflow/.local/lib/python3.7/site-packages/airflow/example_dags/example_xcomargs.py
[2023-02-01T22:30:04.922+0000] {processor.py:753} INFO - DAG(s) dict_keys(['example_xcom_args_with_operators', 'example_xcom_args']) retrieved from /home/airflow/.local/lib/python3.7/site-packages/airflow/example_dags/example_xcomargs.py
[2023-02-01T22:30:04.949+0000] {logging_mixin.py:137} INFO - [2023-02-01T22:30:04.948+0000] {dag.py:2690} INFO - Sync 2 DAGs
[2023-02-01T22:30:04.966+0000] {logging_mixin.py:137} INFO - [2023-02-01T22:30:04.966+0000] {dag.py:3441} INFO - Setting next_dagrun for example_xcom_args to None, run_after=None
[2023-02-01T22:30:04.969+0000] {logging_mixin.py:137} INFO - [2023-02-01T22:30:04.969+0000] {dag.py:3441} INFO - Setting next_dagrun for example_xcom_args_with_operators to None, run_after=None
[2023-02-01T22:30:04.981+0000] {processor.py:175} INFO - Processing /home/airflow/.local/lib/python3.7/site-packages/airflow/example_dags/example_xcomargs.py took 0.100 seconds
[2023-02-01T22:30:35.345+0000] {processor.py:153} INFO - Started process (PID=1635) to work on /home/airflow/.local/lib/python3.7/site-packages/airflow/example_dags/example_xcomargs.py
[2023-02-01T22:30:35.347+0000] {processor.py:743} INFO - Processing file /home/airflow/.local/lib/python3.7/site-packages/airflow/example_dags/example_xcomargs.py for tasks to queue
[2023-02-01T22:30:35.349+0000] {logging_mixin.py:137} INFO - [2023-02-01T22:30:35.349+0000] {dagbag.py:538} INFO - Filling up the DagBag from /home/airflow/.local/lib/python3.7/site-packages/airflow/example_dags/example_xcomargs.py
[2023-02-01T22:30:35.381+0000] {processor.py:753} INFO - DAG(s) dict_keys(['example_xcom_args_with_operators', 'example_xcom_args']) retrieved from /home/airflow/.local/lib/python3.7/site-packages/airflow/example_dags/example_xcomargs.py
[2023-02-01T22:30:35.408+0000] {logging_mixin.py:137} INFO - [2023-02-01T22:30:35.408+0000] {dag.py:2690} INFO - Sync 2 DAGs
[2023-02-01T22:30:35.453+0000] {logging_mixin.py:137} INFO - [2023-02-01T22:30:35.453+0000] {dag.py:3441} INFO - Setting next_dagrun for example_xcom_args to None, run_after=None
[2023-02-01T22:30:35.461+0000] {logging_mixin.py:137} INFO - [2023-02-01T22:30:35.460+0000] {dag.py:3441} INFO - Setting next_dagrun for example_xcom_args_with_operators to None, run_after=None
[2023-02-01T22:30:35.501+0000] {processor.py:175} INFO - Processing /home/airflow/.local/lib/python3.7/site-packages/airflow/example_dags/example_xcomargs.py took 0.160 seconds
[2023-02-01T22:31:05.795+0000] {processor.py:153} INFO - Started process (PID=1711) to work on /home/airflow/.local/lib/python3.7/site-packages/airflow/example_dags/example_xcomargs.py
[2023-02-01T22:31:05.797+0000] {processor.py:743} INFO - Processing file /home/airflow/.local/lib/python3.7/site-packages/airflow/example_dags/example_xcomargs.py for tasks to queue
[2023-02-01T22:31:05.799+0000] {logging_mixin.py:137} INFO - [2023-02-01T22:31:05.798+0000] {dagbag.py:538} INFO - Filling up the DagBag from /home/airflow/.local/lib/python3.7/site-packages/airflow/example_dags/example_xcomargs.py
[2023-02-01T22:31:05.823+0000] {processor.py:753} INFO - DAG(s) dict_keys(['example_xcom_args_with_operators', 'example_xcom_args']) retrieved from /home/airflow/.local/lib/python3.7/site-packages/airflow/example_dags/example_xcomargs.py
[2023-02-01T22:31:05.852+0000] {logging_mixin.py:137} INFO - [2023-02-01T22:31:05.852+0000] {dag.py:2690} INFO - Sync 2 DAGs
[2023-02-01T22:31:05.872+0000] {logging_mixin.py:137} INFO - [2023-02-01T22:31:05.872+0000] {dag.py:3441} INFO - Setting next_dagrun for example_xcom_args to None, run_after=None
[2023-02-01T22:31:05.875+0000] {logging_mixin.py:137} INFO - [2023-02-01T22:31:05.875+0000] {dag.py:3441} INFO - Setting next_dagrun for example_xcom_args_with_operators to None, run_after=None
[2023-02-01T22:31:05.896+0000] {processor.py:175} INFO - Processing /home/airflow/.local/lib/python3.7/site-packages/airflow/example_dags/example_xcomargs.py took 0.106 seconds
[2023-02-01T22:31:36.683+0000] {processor.py:153} INFO - Started process (PID=1783) to work on /home/airflow/.local/lib/python3.7/site-packages/airflow/example_dags/example_xcomargs.py
[2023-02-01T22:31:36.685+0000] {processor.py:743} INFO - Processing file /home/airflow/.local/lib/python3.7/site-packages/airflow/example_dags/example_xcomargs.py for tasks to queue
[2023-02-01T22:31:36.687+0000] {logging_mixin.py:137} INFO - [2023-02-01T22:31:36.687+0000] {dagbag.py:538} INFO - Filling up the DagBag from /home/airflow/.local/lib/python3.7/site-packages/airflow/example_dags/example_xcomargs.py
[2023-02-01T22:31:36.763+0000] {processor.py:753} INFO - DAG(s) dict_keys(['example_xcom_args_with_operators', 'example_xcom_args']) retrieved from /home/airflow/.local/lib/python3.7/site-packages/airflow/example_dags/example_xcomargs.py
[2023-02-01T22:31:36.831+0000] {logging_mixin.py:137} INFO - [2023-02-01T22:31:36.831+0000] {dag.py:2690} INFO - Sync 2 DAGs
[2023-02-01T22:31:36.868+0000] {logging_mixin.py:137} INFO - [2023-02-01T22:31:36.868+0000] {dag.py:3441} INFO - Setting next_dagrun for example_xcom_args to None, run_after=None
[2023-02-01T22:31:36.885+0000] {logging_mixin.py:137} INFO - [2023-02-01T22:31:36.884+0000] {dag.py:3441} INFO - Setting next_dagrun for example_xcom_args_with_operators to None, run_after=None
[2023-02-01T22:31:36.996+0000] {processor.py:175} INFO - Processing /home/airflow/.local/lib/python3.7/site-packages/airflow/example_dags/example_xcomargs.py took 0.326 seconds
[2023-02-01T22:32:07.865+0000] {processor.py:153} INFO - Started process (PID=1850) to work on /home/airflow/.local/lib/python3.7/site-packages/airflow/example_dags/example_xcomargs.py
[2023-02-01T22:32:07.868+0000] {processor.py:743} INFO - Processing file /home/airflow/.local/lib/python3.7/site-packages/airflow/example_dags/example_xcomargs.py for tasks to queue
[2023-02-01T22:32:07.869+0000] {logging_mixin.py:137} INFO - [2023-02-01T22:32:07.869+0000] {dagbag.py:538} INFO - Filling up the DagBag from /home/airflow/.local/lib/python3.7/site-packages/airflow/example_dags/example_xcomargs.py
[2023-02-01T22:32:07.899+0000] {processor.py:753} INFO - DAG(s) dict_keys(['example_xcom_args', 'example_xcom_args_with_operators']) retrieved from /home/airflow/.local/lib/python3.7/site-packages/airflow/example_dags/example_xcomargs.py
[2023-02-01T22:32:07.925+0000] {logging_mixin.py:137} INFO - [2023-02-01T22:32:07.925+0000] {dag.py:2690} INFO - Sync 2 DAGs
[2023-02-01T22:32:07.942+0000] {logging_mixin.py:137} INFO - [2023-02-01T22:32:07.942+0000] {dag.py:3441} INFO - Setting next_dagrun for example_xcom_args to None, run_after=None
[2023-02-01T22:32:07.945+0000] {logging_mixin.py:137} INFO - [2023-02-01T22:32:07.945+0000] {dag.py:3441} INFO - Setting next_dagrun for example_xcom_args_with_operators to None, run_after=None
[2023-02-01T22:32:07.956+0000] {processor.py:175} INFO - Processing /home/airflow/.local/lib/python3.7/site-packages/airflow/example_dags/example_xcomargs.py took 0.096 seconds
[2023-02-01T22:32:38.307+0000] {processor.py:153} INFO - Started process (PID=1927) to work on /home/airflow/.local/lib/python3.7/site-packages/airflow/example_dags/example_xcomargs.py
[2023-02-01T22:32:38.309+0000] {processor.py:743} INFO - Processing file /home/airflow/.local/lib/python3.7/site-packages/airflow/example_dags/example_xcomargs.py for tasks to queue
[2023-02-01T22:32:38.311+0000] {logging_mixin.py:137} INFO - [2023-02-01T22:32:38.311+0000] {dagbag.py:538} INFO - Filling up the DagBag from /home/airflow/.local/lib/python3.7/site-packages/airflow/example_dags/example_xcomargs.py
[2023-02-01T22:32:38.341+0000] {processor.py:753} INFO - DAG(s) dict_keys(['example_xcom_args', 'example_xcom_args_with_operators']) retrieved from /home/airflow/.local/lib/python3.7/site-packages/airflow/example_dags/example_xcomargs.py
[2023-02-01T22:32:38.425+0000] {logging_mixin.py:137} INFO - [2023-02-01T22:32:38.424+0000] {dag.py:2690} INFO - Sync 2 DAGs
[2023-02-01T22:32:38.443+0000] {logging_mixin.py:137} INFO - [2023-02-01T22:32:38.443+0000] {dag.py:3441} INFO - Setting next_dagrun for example_xcom_args to None, run_after=None
[2023-02-01T22:32:38.446+0000] {logging_mixin.py:137} INFO - [2023-02-01T22:32:38.446+0000] {dag.py:3441} INFO - Setting next_dagrun for example_xcom_args_with_operators to None, run_after=None
[2023-02-01T22:32:38.462+0000] {processor.py:175} INFO - Processing /home/airflow/.local/lib/python3.7/site-packages/airflow/example_dags/example_xcomargs.py took 0.161 seconds
[2023-02-01T22:33:08.781+0000] {processor.py:153} INFO - Started process (PID=1991) to work on /home/airflow/.local/lib/python3.7/site-packages/airflow/example_dags/example_xcomargs.py
[2023-02-01T22:33:08.786+0000] {processor.py:743} INFO - Processing file /home/airflow/.local/lib/python3.7/site-packages/airflow/example_dags/example_xcomargs.py for tasks to queue
[2023-02-01T22:33:08.788+0000] {logging_mixin.py:137} INFO - [2023-02-01T22:33:08.788+0000] {dagbag.py:538} INFO - Filling up the DagBag from /home/airflow/.local/lib/python3.7/site-packages/airflow/example_dags/example_xcomargs.py
[2023-02-01T22:33:08.814+0000] {processor.py:753} INFO - DAG(s) dict_keys(['example_xcom_args', 'example_xcom_args_with_operators']) retrieved from /home/airflow/.local/lib/python3.7/site-packages/airflow/example_dags/example_xcomargs.py
[2023-02-01T22:33:08.840+0000] {logging_mixin.py:137} INFO - [2023-02-01T22:33:08.840+0000] {dag.py:2690} INFO - Sync 2 DAGs
[2023-02-01T22:33:08.857+0000] {logging_mixin.py:137} INFO - [2023-02-01T22:33:08.857+0000] {dag.py:3441} INFO - Setting next_dagrun for example_xcom_args to None, run_after=None
[2023-02-01T22:33:08.859+0000] {logging_mixin.py:137} INFO - [2023-02-01T22:33:08.859+0000] {dag.py:3441} INFO - Setting next_dagrun for example_xcom_args_with_operators to None, run_after=None
[2023-02-01T22:33:08.870+0000] {processor.py:175} INFO - Processing /home/airflow/.local/lib/python3.7/site-packages/airflow/example_dags/example_xcomargs.py took 0.096 seconds
[2023-02-01T22:33:39.645+0000] {processor.py:153} INFO - Started process (PID=2067) to work on /home/airflow/.local/lib/python3.7/site-packages/airflow/example_dags/example_xcomargs.py
[2023-02-01T22:33:39.648+0000] {processor.py:743} INFO - Processing file /home/airflow/.local/lib/python3.7/site-packages/airflow/example_dags/example_xcomargs.py for tasks to queue
[2023-02-01T22:33:39.650+0000] {logging_mixin.py:137} INFO - [2023-02-01T22:33:39.650+0000] {dagbag.py:538} INFO - Filling up the DagBag from /home/airflow/.local/lib/python3.7/site-packages/airflow/example_dags/example_xcomargs.py
[2023-02-01T22:33:39.676+0000] {processor.py:753} INFO - DAG(s) dict_keys(['example_xcom_args', 'example_xcom_args_with_operators']) retrieved from /home/airflow/.local/lib/python3.7/site-packages/airflow/example_dags/example_xcomargs.py
[2023-02-01T22:33:39.699+0000] {logging_mixin.py:137} INFO - [2023-02-01T22:33:39.699+0000] {dag.py:2690} INFO - Sync 2 DAGs
[2023-02-01T22:33:39.718+0000] {logging_mixin.py:137} INFO - [2023-02-01T22:33:39.718+0000] {dag.py:3441} INFO - Setting next_dagrun for example_xcom_args to None, run_after=None
[2023-02-01T22:33:39.721+0000] {logging_mixin.py:137} INFO - [2023-02-01T22:33:39.721+0000] {dag.py:3441} INFO - Setting next_dagrun for example_xcom_args_with_operators to None, run_after=None
[2023-02-01T22:33:39.732+0000] {processor.py:175} INFO - Processing /home/airflow/.local/lib/python3.7/site-packages/airflow/example_dags/example_xcomargs.py took 0.094 seconds
[2023-02-01T22:34:10.230+0000] {processor.py:153} INFO - Started process (PID=2142) to work on /home/airflow/.local/lib/python3.7/site-packages/airflow/example_dags/example_xcomargs.py
[2023-02-01T22:34:10.235+0000] {processor.py:743} INFO - Processing file /home/airflow/.local/lib/python3.7/site-packages/airflow/example_dags/example_xcomargs.py for tasks to queue
[2023-02-01T22:34:10.237+0000] {logging_mixin.py:137} INFO - [2023-02-01T22:34:10.236+0000] {dagbag.py:538} INFO - Filling up the DagBag from /home/airflow/.local/lib/python3.7/site-packages/airflow/example_dags/example_xcomargs.py
[2023-02-01T22:34:10.284+0000] {processor.py:753} INFO - DAG(s) dict_keys(['example_xcom_args', 'example_xcom_args_with_operators']) retrieved from /home/airflow/.local/lib/python3.7/site-packages/airflow/example_dags/example_xcomargs.py
[2023-02-01T22:34:10.337+0000] {logging_mixin.py:137} INFO - [2023-02-01T22:34:10.337+0000] {dag.py:2690} INFO - Sync 2 DAGs
[2023-02-01T22:34:10.377+0000] {logging_mixin.py:137} INFO - [2023-02-01T22:34:10.377+0000] {dag.py:3441} INFO - Setting next_dagrun for example_xcom_args to None, run_after=None
[2023-02-01T22:34:10.382+0000] {logging_mixin.py:137} INFO - [2023-02-01T22:34:10.381+0000] {dag.py:3441} INFO - Setting next_dagrun for example_xcom_args_with_operators to None, run_after=None
[2023-02-01T22:34:10.401+0000] {processor.py:175} INFO - Processing /home/airflow/.local/lib/python3.7/site-packages/airflow/example_dags/example_xcomargs.py took 0.184 seconds
[2023-02-01T22:34:40.939+0000] {processor.py:153} INFO - Started process (PID=2206) to work on /home/airflow/.local/lib/python3.7/site-packages/airflow/example_dags/example_xcomargs.py
[2023-02-01T22:34:40.942+0000] {processor.py:743} INFO - Processing file /home/airflow/.local/lib/python3.7/site-packages/airflow/example_dags/example_xcomargs.py for tasks to queue
[2023-02-01T22:34:40.944+0000] {logging_mixin.py:137} INFO - [2023-02-01T22:34:40.944+0000] {dagbag.py:538} INFO - Filling up the DagBag from /home/airflow/.local/lib/python3.7/site-packages/airflow/example_dags/example_xcomargs.py
[2023-02-01T22:34:40.972+0000] {processor.py:753} INFO - DAG(s) dict_keys(['example_xcom_args_with_operators', 'example_xcom_args']) retrieved from /home/airflow/.local/lib/python3.7/site-packages/airflow/example_dags/example_xcomargs.py
[2023-02-01T22:34:41.000+0000] {logging_mixin.py:137} INFO - [2023-02-01T22:34:41.000+0000] {dag.py:2690} INFO - Sync 2 DAGs
[2023-02-01T22:34:41.017+0000] {logging_mixin.py:137} INFO - [2023-02-01T22:34:41.017+0000] {dag.py:3441} INFO - Setting next_dagrun for example_xcom_args to None, run_after=None
[2023-02-01T22:34:41.020+0000] {logging_mixin.py:137} INFO - [2023-02-01T22:34:41.020+0000] {dag.py:3441} INFO - Setting next_dagrun for example_xcom_args_with_operators to None, run_after=None
[2023-02-01T22:34:41.032+0000] {processor.py:175} INFO - Processing /home/airflow/.local/lib/python3.7/site-packages/airflow/example_dags/example_xcomargs.py took 0.101 seconds
[2023-02-01T22:35:11.967+0000] {processor.py:153} INFO - Started process (PID=2282) to work on /home/airflow/.local/lib/python3.7/site-packages/airflow/example_dags/example_xcomargs.py
[2023-02-01T22:35:11.971+0000] {processor.py:743} INFO - Processing file /home/airflow/.local/lib/python3.7/site-packages/airflow/example_dags/example_xcomargs.py for tasks to queue
[2023-02-01T22:35:11.979+0000] {logging_mixin.py:137} INFO - [2023-02-01T22:35:11.979+0000] {dagbag.py:538} INFO - Filling up the DagBag from /home/airflow/.local/lib/python3.7/site-packages/airflow/example_dags/example_xcomargs.py
[2023-02-01T22:35:12.015+0000] {processor.py:753} INFO - DAG(s) dict_keys(['example_xcom_args_with_operators', 'example_xcom_args']) retrieved from /home/airflow/.local/lib/python3.7/site-packages/airflow/example_dags/example_xcomargs.py
[2023-02-01T22:35:12.049+0000] {logging_mixin.py:137} INFO - [2023-02-01T22:35:12.049+0000] {dag.py:2690} INFO - Sync 2 DAGs
[2023-02-01T22:35:12.075+0000] {logging_mixin.py:137} INFO - [2023-02-01T22:35:12.075+0000] {dag.py:3441} INFO - Setting next_dagrun for example_xcom_args to None, run_after=None
[2023-02-01T22:35:12.078+0000] {logging_mixin.py:137} INFO - [2023-02-01T22:35:12.078+0000] {dag.py:3441} INFO - Setting next_dagrun for example_xcom_args_with_operators to None, run_after=None
[2023-02-01T22:35:12.090+0000] {processor.py:175} INFO - Processing /home/airflow/.local/lib/python3.7/site-packages/airflow/example_dags/example_xcomargs.py took 0.130 seconds
[2023-02-01T22:35:42.572+0000] {processor.py:153} INFO - Started process (PID=2347) to work on /home/airflow/.local/lib/python3.7/site-packages/airflow/example_dags/example_xcomargs.py
[2023-02-01T22:35:42.574+0000] {processor.py:743} INFO - Processing file /home/airflow/.local/lib/python3.7/site-packages/airflow/example_dags/example_xcomargs.py for tasks to queue
[2023-02-01T22:35:42.575+0000] {logging_mixin.py:137} INFO - [2023-02-01T22:35:42.574+0000] {dagbag.py:538} INFO - Filling up the DagBag from /home/airflow/.local/lib/python3.7/site-packages/airflow/example_dags/example_xcomargs.py
[2023-02-01T22:35:42.609+0000] {processor.py:753} INFO - DAG(s) dict_keys(['example_xcom_args', 'example_xcom_args_with_operators']) retrieved from /home/airflow/.local/lib/python3.7/site-packages/airflow/example_dags/example_xcomargs.py
[2023-02-01T22:35:42.637+0000] {logging_mixin.py:137} INFO - [2023-02-01T22:35:42.637+0000] {dag.py:2690} INFO - Sync 2 DAGs
[2023-02-01T22:35:42.656+0000] {logging_mixin.py:137} INFO - [2023-02-01T22:35:42.656+0000] {dag.py:3441} INFO - Setting next_dagrun for example_xcom_args to None, run_after=None
[2023-02-01T22:35:42.659+0000] {logging_mixin.py:137} INFO - [2023-02-01T22:35:42.659+0000] {dag.py:3441} INFO - Setting next_dagrun for example_xcom_args_with_operators to None, run_after=None
[2023-02-01T22:35:42.672+0000] {processor.py:175} INFO - Processing /home/airflow/.local/lib/python3.7/site-packages/airflow/example_dags/example_xcomargs.py took 0.104 seconds
[2023-02-01T22:36:13.457+0000] {processor.py:153} INFO - Started process (PID=2423) to work on /home/airflow/.local/lib/python3.7/site-packages/airflow/example_dags/example_xcomargs.py
[2023-02-01T22:36:13.459+0000] {processor.py:743} INFO - Processing file /home/airflow/.local/lib/python3.7/site-packages/airflow/example_dags/example_xcomargs.py for tasks to queue
[2023-02-01T22:36:13.461+0000] {logging_mixin.py:137} INFO - [2023-02-01T22:36:13.461+0000] {dagbag.py:538} INFO - Filling up the DagBag from /home/airflow/.local/lib/python3.7/site-packages/airflow/example_dags/example_xcomargs.py
[2023-02-01T22:36:13.491+0000] {processor.py:753} INFO - DAG(s) dict_keys(['example_xcom_args_with_operators', 'example_xcom_args']) retrieved from /home/airflow/.local/lib/python3.7/site-packages/airflow/example_dags/example_xcomargs.py
[2023-02-01T22:36:13.524+0000] {logging_mixin.py:137} INFO - [2023-02-01T22:36:13.524+0000] {dag.py:2690} INFO - Sync 2 DAGs
[2023-02-01T22:36:13.543+0000] {logging_mixin.py:137} INFO - [2023-02-01T22:36:13.543+0000] {dag.py:3441} INFO - Setting next_dagrun for example_xcom_args to None, run_after=None
[2023-02-01T22:36:13.546+0000] {logging_mixin.py:137} INFO - [2023-02-01T22:36:13.546+0000] {dag.py:3441} INFO - Setting next_dagrun for example_xcom_args_with_operators to None, run_after=None
[2023-02-01T22:36:13.562+0000] {processor.py:175} INFO - Processing /home/airflow/.local/lib/python3.7/site-packages/airflow/example_dags/example_xcomargs.py took 0.111 seconds
