[2023-02-01T22:19:13.737+0000] {processor.py:153} INFO - Started process (PID=57) to work on /home/airflow/.local/lib/python3.7/site-packages/airflow/example_dags/example_sensors.py
[2023-02-01T22:19:13.739+0000] {processor.py:743} INFO - Processing file /home/airflow/.local/lib/python3.7/site-packages/airflow/example_dags/example_sensors.py for tasks to queue
[2023-02-01T22:19:13.740+0000] {logging_mixin.py:137} INFO - [2023-02-01T22:19:13.740+0000] {dagbag.py:538} INFO - Filling up the DagBag from /home/airflow/.local/lib/python3.7/site-packages/airflow/example_dags/example_sensors.py
[2023-02-01T22:19:13.853+0000] {processor.py:753} INFO - DAG(s) dict_keys(['example_sensors']) retrieved from /home/airflow/.local/lib/python3.7/site-packages/airflow/example_dags/example_sensors.py
[2023-02-01T22:19:13.910+0000] {logging_mixin.py:137} INFO - [2023-02-01T22:19:13.910+0000] {dag.py:2690} INFO - Sync 1 DAGs
[2023-02-01T22:19:14.007+0000] {logging_mixin.py:137} INFO - [2023-02-01T22:19:14.007+0000] {dag.py:3441} INFO - Setting next_dagrun for example_sensors to None, run_after=None
[2023-02-01T22:19:14.116+0000] {processor.py:175} INFO - Processing /home/airflow/.local/lib/python3.7/site-packages/airflow/example_dags/example_sensors.py took 0.384 seconds
[2023-02-01T22:19:44.541+0000] {processor.py:153} INFO - Started process (PID=124) to work on /home/airflow/.local/lib/python3.7/site-packages/airflow/example_dags/example_sensors.py
[2023-02-01T22:19:44.542+0000] {processor.py:743} INFO - Processing file /home/airflow/.local/lib/python3.7/site-packages/airflow/example_dags/example_sensors.py for tasks to queue
[2023-02-01T22:19:44.543+0000] {logging_mixin.py:137} INFO - [2023-02-01T22:19:44.543+0000] {dagbag.py:538} INFO - Filling up the DagBag from /home/airflow/.local/lib/python3.7/site-packages/airflow/example_dags/example_sensors.py
[2023-02-01T22:19:44.556+0000] {processor.py:753} INFO - DAG(s) dict_keys(['example_sensors']) retrieved from /home/airflow/.local/lib/python3.7/site-packages/airflow/example_dags/example_sensors.py
[2023-02-01T22:19:44.577+0000] {logging_mixin.py:137} INFO - [2023-02-01T22:19:44.577+0000] {dag.py:2690} INFO - Sync 1 DAGs
[2023-02-01T22:19:44.591+0000] {logging_mixin.py:137} INFO - [2023-02-01T22:19:44.591+0000] {dag.py:3441} INFO - Setting next_dagrun for example_sensors to None, run_after=None
[2023-02-01T22:19:44.602+0000] {processor.py:175} INFO - Processing /home/airflow/.local/lib/python3.7/site-packages/airflow/example_dags/example_sensors.py took 0.064 seconds
[2023-02-01T22:20:14.675+0000] {processor.py:153} INFO - Started process (PID=188) to work on /home/airflow/.local/lib/python3.7/site-packages/airflow/example_dags/example_sensors.py
[2023-02-01T22:20:14.676+0000] {processor.py:743} INFO - Processing file /home/airflow/.local/lib/python3.7/site-packages/airflow/example_dags/example_sensors.py for tasks to queue
[2023-02-01T22:20:14.677+0000] {logging_mixin.py:137} INFO - [2023-02-01T22:20:14.677+0000] {dagbag.py:538} INFO - Filling up the DagBag from /home/airflow/.local/lib/python3.7/site-packages/airflow/example_dags/example_sensors.py
[2023-02-01T22:20:14.693+0000] {processor.py:753} INFO - DAG(s) dict_keys(['example_sensors']) retrieved from /home/airflow/.local/lib/python3.7/site-packages/airflow/example_dags/example_sensors.py
[2023-02-01T22:20:14.716+0000] {logging_mixin.py:137} INFO - [2023-02-01T22:20:14.716+0000] {dag.py:2690} INFO - Sync 1 DAGs
[2023-02-01T22:20:14.744+0000] {logging_mixin.py:137} INFO - [2023-02-01T22:20:14.744+0000] {dag.py:3441} INFO - Setting next_dagrun for example_sensors to None, run_after=None
[2023-02-01T22:20:14.756+0000] {processor.py:175} INFO - Processing /home/airflow/.local/lib/python3.7/site-packages/airflow/example_dags/example_sensors.py took 0.084 seconds
[2023-02-01T22:20:45.696+0000] {processor.py:153} INFO - Started process (PID=264) to work on /home/airflow/.local/lib/python3.7/site-packages/airflow/example_dags/example_sensors.py
[2023-02-01T22:20:45.698+0000] {processor.py:743} INFO - Processing file /home/airflow/.local/lib/python3.7/site-packages/airflow/example_dags/example_sensors.py for tasks to queue
[2023-02-01T22:20:45.699+0000] {logging_mixin.py:137} INFO - [2023-02-01T22:20:45.699+0000] {dagbag.py:538} INFO - Filling up the DagBag from /home/airflow/.local/lib/python3.7/site-packages/airflow/example_dags/example_sensors.py
[2023-02-01T22:20:45.718+0000] {processor.py:753} INFO - DAG(s) dict_keys(['example_sensors']) retrieved from /home/airflow/.local/lib/python3.7/site-packages/airflow/example_dags/example_sensors.py
[2023-02-01T22:20:45.742+0000] {logging_mixin.py:137} INFO - [2023-02-01T22:20:45.742+0000] {dag.py:2690} INFO - Sync 1 DAGs
[2023-02-01T22:20:45.759+0000] {logging_mixin.py:137} INFO - [2023-02-01T22:20:45.759+0000] {dag.py:3441} INFO - Setting next_dagrun for example_sensors to None, run_after=None
[2023-02-01T22:20:45.772+0000] {processor.py:175} INFO - Processing /home/airflow/.local/lib/python3.7/site-packages/airflow/example_dags/example_sensors.py took 0.079 seconds
[2023-02-01T22:21:16.863+0000] {processor.py:153} INFO - Started process (PID=334) to work on /home/airflow/.local/lib/python3.7/site-packages/airflow/example_dags/example_sensors.py
[2023-02-01T22:21:16.865+0000] {processor.py:743} INFO - Processing file /home/airflow/.local/lib/python3.7/site-packages/airflow/example_dags/example_sensors.py for tasks to queue
[2023-02-01T22:21:16.868+0000] {logging_mixin.py:137} INFO - [2023-02-01T22:21:16.868+0000] {dagbag.py:538} INFO - Filling up the DagBag from /home/airflow/.local/lib/python3.7/site-packages/airflow/example_dags/example_sensors.py
[2023-02-01T22:21:16.899+0000] {processor.py:753} INFO - DAG(s) dict_keys(['example_sensors']) retrieved from /home/airflow/.local/lib/python3.7/site-packages/airflow/example_dags/example_sensors.py
[2023-02-01T22:21:16.940+0000] {logging_mixin.py:137} INFO - [2023-02-01T22:21:16.939+0000] {dag.py:2690} INFO - Sync 1 DAGs
[2023-02-01T22:21:16.964+0000] {logging_mixin.py:137} INFO - [2023-02-01T22:21:16.964+0000] {dag.py:3441} INFO - Setting next_dagrun for example_sensors to None, run_after=None
[2023-02-01T22:21:16.983+0000] {processor.py:175} INFO - Processing /home/airflow/.local/lib/python3.7/site-packages/airflow/example_dags/example_sensors.py took 0.125 seconds
[2023-02-01T22:21:47.160+0000] {processor.py:153} INFO - Started process (PID=403) to work on /home/airflow/.local/lib/python3.7/site-packages/airflow/example_dags/example_sensors.py
[2023-02-01T22:21:47.161+0000] {processor.py:743} INFO - Processing file /home/airflow/.local/lib/python3.7/site-packages/airflow/example_dags/example_sensors.py for tasks to queue
[2023-02-01T22:21:47.162+0000] {logging_mixin.py:137} INFO - [2023-02-01T22:21:47.162+0000] {dagbag.py:538} INFO - Filling up the DagBag from /home/airflow/.local/lib/python3.7/site-packages/airflow/example_dags/example_sensors.py
[2023-02-01T22:21:47.182+0000] {processor.py:753} INFO - DAG(s) dict_keys(['example_sensors']) retrieved from /home/airflow/.local/lib/python3.7/site-packages/airflow/example_dags/example_sensors.py
[2023-02-01T22:21:47.202+0000] {logging_mixin.py:137} INFO - [2023-02-01T22:21:47.201+0000] {dag.py:2690} INFO - Sync 1 DAGs
[2023-02-01T22:21:47.218+0000] {logging_mixin.py:137} INFO - [2023-02-01T22:21:47.218+0000] {dag.py:3441} INFO - Setting next_dagrun for example_sensors to None, run_after=None
[2023-02-01T22:21:47.229+0000] {processor.py:175} INFO - Processing /home/airflow/.local/lib/python3.7/site-packages/airflow/example_dags/example_sensors.py took 0.071 seconds
[2023-02-01T22:22:17.324+0000] {processor.py:153} INFO - Started process (PID=479) to work on /home/airflow/.local/lib/python3.7/site-packages/airflow/example_dags/example_sensors.py
[2023-02-01T22:22:17.327+0000] {processor.py:743} INFO - Processing file /home/airflow/.local/lib/python3.7/site-packages/airflow/example_dags/example_sensors.py for tasks to queue
[2023-02-01T22:22:17.329+0000] {logging_mixin.py:137} INFO - [2023-02-01T22:22:17.329+0000] {dagbag.py:538} INFO - Filling up the DagBag from /home/airflow/.local/lib/python3.7/site-packages/airflow/example_dags/example_sensors.py
[2023-02-01T22:22:17.358+0000] {processor.py:753} INFO - DAG(s) dict_keys(['example_sensors']) retrieved from /home/airflow/.local/lib/python3.7/site-packages/airflow/example_dags/example_sensors.py
[2023-02-01T22:22:17.389+0000] {logging_mixin.py:137} INFO - [2023-02-01T22:22:17.388+0000] {dag.py:2690} INFO - Sync 1 DAGs
[2023-02-01T22:22:17.435+0000] {logging_mixin.py:137} INFO - [2023-02-01T22:22:17.434+0000] {dag.py:3441} INFO - Setting next_dagrun for example_sensors to None, run_after=None
[2023-02-01T22:22:17.458+0000] {processor.py:175} INFO - Processing /home/airflow/.local/lib/python3.7/site-packages/airflow/example_dags/example_sensors.py took 0.141 seconds
[2023-02-01T22:22:48.209+0000] {processor.py:153} INFO - Started process (PID=543) to work on /home/airflow/.local/lib/python3.7/site-packages/airflow/example_dags/example_sensors.py
[2023-02-01T22:22:48.211+0000] {processor.py:743} INFO - Processing file /home/airflow/.local/lib/python3.7/site-packages/airflow/example_dags/example_sensors.py for tasks to queue
[2023-02-01T22:22:48.211+0000] {logging_mixin.py:137} INFO - [2023-02-01T22:22:48.211+0000] {dagbag.py:538} INFO - Filling up the DagBag from /home/airflow/.local/lib/python3.7/site-packages/airflow/example_dags/example_sensors.py
[2023-02-01T22:22:48.230+0000] {processor.py:753} INFO - DAG(s) dict_keys(['example_sensors']) retrieved from /home/airflow/.local/lib/python3.7/site-packages/airflow/example_dags/example_sensors.py
[2023-02-01T22:22:48.253+0000] {logging_mixin.py:137} INFO - [2023-02-01T22:22:48.252+0000] {dag.py:2690} INFO - Sync 1 DAGs
[2023-02-01T22:22:48.269+0000] {logging_mixin.py:137} INFO - [2023-02-01T22:22:48.269+0000] {dag.py:3441} INFO - Setting next_dagrun for example_sensors to None, run_after=None
[2023-02-01T22:22:48.284+0000] {processor.py:175} INFO - Processing /home/airflow/.local/lib/python3.7/site-packages/airflow/example_dags/example_sensors.py took 0.077 seconds
[2023-02-01T22:23:18.924+0000] {processor.py:153} INFO - Started process (PID=619) to work on /home/airflow/.local/lib/python3.7/site-packages/airflow/example_dags/example_sensors.py
[2023-02-01T22:23:18.926+0000] {processor.py:743} INFO - Processing file /home/airflow/.local/lib/python3.7/site-packages/airflow/example_dags/example_sensors.py for tasks to queue
[2023-02-01T22:23:18.927+0000] {logging_mixin.py:137} INFO - [2023-02-01T22:23:18.927+0000] {dagbag.py:538} INFO - Filling up the DagBag from /home/airflow/.local/lib/python3.7/site-packages/airflow/example_dags/example_sensors.py
[2023-02-01T22:23:18.984+0000] {processor.py:753} INFO - DAG(s) dict_keys(['example_sensors']) retrieved from /home/airflow/.local/lib/python3.7/site-packages/airflow/example_dags/example_sensors.py
[2023-02-01T22:23:19.008+0000] {logging_mixin.py:137} INFO - [2023-02-01T22:23:19.008+0000] {dag.py:2690} INFO - Sync 1 DAGs
[2023-02-01T22:23:19.024+0000] {logging_mixin.py:137} INFO - [2023-02-01T22:23:19.024+0000] {dag.py:3441} INFO - Setting next_dagrun for example_sensors to None, run_after=None
[2023-02-01T22:23:19.038+0000] {processor.py:175} INFO - Processing /home/airflow/.local/lib/python3.7/site-packages/airflow/example_dags/example_sensors.py took 0.116 seconds
[2023-02-01T22:23:50.006+0000] {processor.py:153} INFO - Started process (PID=695) to work on /home/airflow/.local/lib/python3.7/site-packages/airflow/example_dags/example_sensors.py
[2023-02-01T22:23:50.008+0000] {processor.py:743} INFO - Processing file /home/airflow/.local/lib/python3.7/site-packages/airflow/example_dags/example_sensors.py for tasks to queue
[2023-02-01T22:23:50.009+0000] {logging_mixin.py:137} INFO - [2023-02-01T22:23:50.009+0000] {dagbag.py:538} INFO - Filling up the DagBag from /home/airflow/.local/lib/python3.7/site-packages/airflow/example_dags/example_sensors.py
[2023-02-01T22:23:50.026+0000] {processor.py:753} INFO - DAG(s) dict_keys(['example_sensors']) retrieved from /home/airflow/.local/lib/python3.7/site-packages/airflow/example_dags/example_sensors.py
[2023-02-01T22:23:50.047+0000] {logging_mixin.py:137} INFO - [2023-02-01T22:23:50.047+0000] {dag.py:2690} INFO - Sync 1 DAGs
[2023-02-01T22:23:50.064+0000] {logging_mixin.py:137} INFO - [2023-02-01T22:23:50.064+0000] {dag.py:3441} INFO - Setting next_dagrun for example_sensors to None, run_after=None
[2023-02-01T22:23:50.075+0000] {processor.py:175} INFO - Processing /home/airflow/.local/lib/python3.7/site-packages/airflow/example_dags/example_sensors.py took 0.073 seconds
