[2023-02-01T22:19:11.875+0000] {processor.py:153} INFO - Started process (PID=42) to work on /home/airflow/.local/lib/python3.7/site-packages/airflow/example_dags/example_python_operator.py
[2023-02-01T22:19:11.877+0000] {processor.py:743} INFO - Processing file /home/airflow/.local/lib/python3.7/site-packages/airflow/example_dags/example_python_operator.py for tasks to queue
[2023-02-01T22:19:11.880+0000] {logging_mixin.py:137} INFO - [2023-02-01T22:19:11.879+0000] {dagbag.py:538} INFO - Filling up the DagBag from /home/airflow/.local/lib/python3.7/site-packages/airflow/example_dags/example_python_operator.py
[2023-02-01T22:19:11.996+0000] {logging_mixin.py:137} INFO - [2023-02-01T22:19:11.990+0000] {taskmixin.py:205} WARNING - Dependency <Task(_PythonDecoratedOperator): print_the_context>, log_sql_query already registered for DAG: example_python_operator
[2023-02-01T22:19:11.998+0000] {logging_mixin.py:137} INFO - [2023-02-01T22:19:11.998+0000] {taskmixin.py:205} WARNING - Dependency <Task(_PythonDecoratedOperator): log_sql_query>, print_the_context already registered for DAG: example_python_operator
[2023-02-01T22:19:11.999+0000] {logging_mixin.py:137} INFO - [2023-02-01T22:19:11.999+0000] {taskmixin.py:205} WARNING - Dependency <Task(_PythonDecoratedOperator): print_the_context>, log_sql_query already registered for DAG: example_python_operator
[2023-02-01T22:19:11.999+0000] {logging_mixin.py:137} INFO - [2023-02-01T22:19:11.999+0000] {taskmixin.py:205} WARNING - Dependency <Task(_PythonDecoratedOperator): log_sql_query>, print_the_context already registered for DAG: example_python_operator
[2023-02-01T22:19:12.000+0000] {logging_mixin.py:137} INFO - [2023-02-01T22:19:12.000+0000] {taskmixin.py:205} WARNING - Dependency <Task(_PythonDecoratedOperator): print_the_context>, log_sql_query already registered for DAG: example_python_operator
[2023-02-01T22:19:12.001+0000] {logging_mixin.py:137} INFO - [2023-02-01T22:19:12.001+0000] {taskmixin.py:205} WARNING - Dependency <Task(_PythonDecoratedOperator): log_sql_query>, print_the_context already registered for DAG: example_python_operator
[2023-02-01T22:19:12.002+0000] {logging_mixin.py:137} INFO - [2023-02-01T22:19:12.001+0000] {taskmixin.py:205} WARNING - Dependency <Task(_PythonDecoratedOperator): print_the_context>, log_sql_query already registered for DAG: example_python_operator
[2023-02-01T22:19:12.002+0000] {logging_mixin.py:137} INFO - [2023-02-01T22:19:12.002+0000] {taskmixin.py:205} WARNING - Dependency <Task(_PythonDecoratedOperator): log_sql_query>, print_the_context already registered for DAG: example_python_operator
[2023-02-01T22:19:12.039+0000] {processor.py:753} INFO - DAG(s) dict_keys(['example_python_operator']) retrieved from /home/airflow/.local/lib/python3.7/site-packages/airflow/example_dags/example_python_operator.py
[2023-02-01T22:19:12.078+0000] {logging_mixin.py:137} INFO - [2023-02-01T22:19:12.078+0000] {dag.py:2690} INFO - Sync 1 DAGs
[2023-02-01T22:19:12.150+0000] {logging_mixin.py:137} INFO - [2023-02-01T22:19:12.150+0000] {dag.py:3441} INFO - Setting next_dagrun for example_python_operator to None, run_after=None
[2023-02-01T22:19:12.274+0000] {processor.py:175} INFO - Processing /home/airflow/.local/lib/python3.7/site-packages/airflow/example_dags/example_python_operator.py took 0.419 seconds
[2023-02-01T22:19:43.003+0000] {processor.py:153} INFO - Started process (PID=115) to work on /home/airflow/.local/lib/python3.7/site-packages/airflow/example_dags/example_python_operator.py
[2023-02-01T22:19:43.007+0000] {processor.py:743} INFO - Processing file /home/airflow/.local/lib/python3.7/site-packages/airflow/example_dags/example_python_operator.py for tasks to queue
[2023-02-01T22:19:43.012+0000] {logging_mixin.py:137} INFO - [2023-02-01T22:19:43.012+0000] {dagbag.py:538} INFO - Filling up the DagBag from /home/airflow/.local/lib/python3.7/site-packages/airflow/example_dags/example_python_operator.py
[2023-02-01T22:19:43.058+0000] {logging_mixin.py:137} INFO - [2023-02-01T22:19:43.058+0000] {taskmixin.py:205} WARNING - Dependency <Task(_PythonDecoratedOperator): print_the_context>, log_sql_query already registered for DAG: example_python_operator
[2023-02-01T22:19:43.067+0000] {logging_mixin.py:137} INFO - [2023-02-01T22:19:43.067+0000] {taskmixin.py:205} WARNING - Dependency <Task(_PythonDecoratedOperator): log_sql_query>, print_the_context already registered for DAG: example_python_operator
[2023-02-01T22:19:43.069+0000] {logging_mixin.py:137} INFO - [2023-02-01T22:19:43.069+0000] {taskmixin.py:205} WARNING - Dependency <Task(_PythonDecoratedOperator): print_the_context>, log_sql_query already registered for DAG: example_python_operator
[2023-02-01T22:19:43.070+0000] {logging_mixin.py:137} INFO - [2023-02-01T22:19:43.070+0000] {taskmixin.py:205} WARNING - Dependency <Task(_PythonDecoratedOperator): log_sql_query>, print_the_context already registered for DAG: example_python_operator
[2023-02-01T22:19:43.073+0000] {logging_mixin.py:137} INFO - [2023-02-01T22:19:43.073+0000] {taskmixin.py:205} WARNING - Dependency <Task(_PythonDecoratedOperator): print_the_context>, log_sql_query already registered for DAG: example_python_operator
[2023-02-01T22:19:43.074+0000] {logging_mixin.py:137} INFO - [2023-02-01T22:19:43.074+0000] {taskmixin.py:205} WARNING - Dependency <Task(_PythonDecoratedOperator): log_sql_query>, print_the_context already registered for DAG: example_python_operator
[2023-02-01T22:19:43.076+0000] {logging_mixin.py:137} INFO - [2023-02-01T22:19:43.076+0000] {taskmixin.py:205} WARNING - Dependency <Task(_PythonDecoratedOperator): print_the_context>, log_sql_query already registered for DAG: example_python_operator
[2023-02-01T22:19:43.077+0000] {logging_mixin.py:137} INFO - [2023-02-01T22:19:43.077+0000] {taskmixin.py:205} WARNING - Dependency <Task(_PythonDecoratedOperator): log_sql_query>, print_the_context already registered for DAG: example_python_operator
[2023-02-01T22:19:43.083+0000] {processor.py:753} INFO - DAG(s) dict_keys(['example_python_operator']) retrieved from /home/airflow/.local/lib/python3.7/site-packages/airflow/example_dags/example_python_operator.py
[2023-02-01T22:19:43.202+0000] {logging_mixin.py:137} INFO - [2023-02-01T22:19:43.202+0000] {dag.py:2690} INFO - Sync 1 DAGs
[2023-02-01T22:19:43.233+0000] {logging_mixin.py:137} INFO - [2023-02-01T22:19:43.233+0000] {dag.py:3441} INFO - Setting next_dagrun for example_python_operator to None, run_after=None
[2023-02-01T22:19:43.265+0000] {processor.py:175} INFO - Processing /home/airflow/.local/lib/python3.7/site-packages/airflow/example_dags/example_python_operator.py took 0.280 seconds
[2023-02-01T22:20:14.178+0000] {processor.py:153} INFO - Started process (PID=182) to work on /home/airflow/.local/lib/python3.7/site-packages/airflow/example_dags/example_python_operator.py
[2023-02-01T22:20:14.184+0000] {processor.py:743} INFO - Processing file /home/airflow/.local/lib/python3.7/site-packages/airflow/example_dags/example_python_operator.py for tasks to queue
[2023-02-01T22:20:14.186+0000] {logging_mixin.py:137} INFO - [2023-02-01T22:20:14.185+0000] {dagbag.py:538} INFO - Filling up the DagBag from /home/airflow/.local/lib/python3.7/site-packages/airflow/example_dags/example_python_operator.py
[2023-02-01T22:20:14.223+0000] {logging_mixin.py:137} INFO - [2023-02-01T22:20:14.223+0000] {taskmixin.py:205} WARNING - Dependency <Task(_PythonDecoratedOperator): print_the_context>, log_sql_query already registered for DAG: example_python_operator
[2023-02-01T22:20:14.224+0000] {logging_mixin.py:137} INFO - [2023-02-01T22:20:14.224+0000] {taskmixin.py:205} WARNING - Dependency <Task(_PythonDecoratedOperator): log_sql_query>, print_the_context already registered for DAG: example_python_operator
[2023-02-01T22:20:14.225+0000] {logging_mixin.py:137} INFO - [2023-02-01T22:20:14.225+0000] {taskmixin.py:205} WARNING - Dependency <Task(_PythonDecoratedOperator): print_the_context>, log_sql_query already registered for DAG: example_python_operator
[2023-02-01T22:20:14.226+0000] {logging_mixin.py:137} INFO - [2023-02-01T22:20:14.226+0000] {taskmixin.py:205} WARNING - Dependency <Task(_PythonDecoratedOperator): log_sql_query>, print_the_context already registered for DAG: example_python_operator
[2023-02-01T22:20:14.228+0000] {logging_mixin.py:137} INFO - [2023-02-01T22:20:14.227+0000] {taskmixin.py:205} WARNING - Dependency <Task(_PythonDecoratedOperator): print_the_context>, log_sql_query already registered for DAG: example_python_operator
[2023-02-01T22:20:14.228+0000] {logging_mixin.py:137} INFO - [2023-02-01T22:20:14.228+0000] {taskmixin.py:205} WARNING - Dependency <Task(_PythonDecoratedOperator): log_sql_query>, print_the_context already registered for DAG: example_python_operator
[2023-02-01T22:20:14.229+0000] {logging_mixin.py:137} INFO - [2023-02-01T22:20:14.229+0000] {taskmixin.py:205} WARNING - Dependency <Task(_PythonDecoratedOperator): print_the_context>, log_sql_query already registered for DAG: example_python_operator
[2023-02-01T22:20:14.230+0000] {logging_mixin.py:137} INFO - [2023-02-01T22:20:14.230+0000] {taskmixin.py:205} WARNING - Dependency <Task(_PythonDecoratedOperator): log_sql_query>, print_the_context already registered for DAG: example_python_operator
[2023-02-01T22:20:14.242+0000] {processor.py:753} INFO - DAG(s) dict_keys(['example_python_operator']) retrieved from /home/airflow/.local/lib/python3.7/site-packages/airflow/example_dags/example_python_operator.py
[2023-02-01T22:20:14.289+0000] {logging_mixin.py:137} INFO - [2023-02-01T22:20:14.289+0000] {dag.py:2690} INFO - Sync 1 DAGs
[2023-02-01T22:20:14.332+0000] {logging_mixin.py:137} INFO - [2023-02-01T22:20:14.332+0000] {dag.py:3441} INFO - Setting next_dagrun for example_python_operator to None, run_after=None
[2023-02-01T22:20:14.368+0000] {processor.py:175} INFO - Processing /home/airflow/.local/lib/python3.7/site-packages/airflow/example_dags/example_python_operator.py took 0.200 seconds
[2023-02-01T22:20:45.188+0000] {processor.py:153} INFO - Started process (PID=258) to work on /home/airflow/.local/lib/python3.7/site-packages/airflow/example_dags/example_python_operator.py
[2023-02-01T22:20:45.190+0000] {processor.py:743} INFO - Processing file /home/airflow/.local/lib/python3.7/site-packages/airflow/example_dags/example_python_operator.py for tasks to queue
[2023-02-01T22:20:45.191+0000] {logging_mixin.py:137} INFO - [2023-02-01T22:20:45.191+0000] {dagbag.py:538} INFO - Filling up the DagBag from /home/airflow/.local/lib/python3.7/site-packages/airflow/example_dags/example_python_operator.py
[2023-02-01T22:20:45.222+0000] {logging_mixin.py:137} INFO - [2023-02-01T22:20:45.222+0000] {taskmixin.py:205} WARNING - Dependency <Task(_PythonDecoratedOperator): print_the_context>, log_sql_query already registered for DAG: example_python_operator
[2023-02-01T22:20:45.223+0000] {logging_mixin.py:137} INFO - [2023-02-01T22:20:45.223+0000] {taskmixin.py:205} WARNING - Dependency <Task(_PythonDecoratedOperator): log_sql_query>, print_the_context already registered for DAG: example_python_operator
[2023-02-01T22:20:45.224+0000] {logging_mixin.py:137} INFO - [2023-02-01T22:20:45.224+0000] {taskmixin.py:205} WARNING - Dependency <Task(_PythonDecoratedOperator): print_the_context>, log_sql_query already registered for DAG: example_python_operator
[2023-02-01T22:20:45.225+0000] {logging_mixin.py:137} INFO - [2023-02-01T22:20:45.225+0000] {taskmixin.py:205} WARNING - Dependency <Task(_PythonDecoratedOperator): log_sql_query>, print_the_context already registered for DAG: example_python_operator
[2023-02-01T22:20:45.226+0000] {logging_mixin.py:137} INFO - [2023-02-01T22:20:45.226+0000] {taskmixin.py:205} WARNING - Dependency <Task(_PythonDecoratedOperator): print_the_context>, log_sql_query already registered for DAG: example_python_operator
[2023-02-01T22:20:45.227+0000] {logging_mixin.py:137} INFO - [2023-02-01T22:20:45.227+0000] {taskmixin.py:205} WARNING - Dependency <Task(_PythonDecoratedOperator): log_sql_query>, print_the_context already registered for DAG: example_python_operator
[2023-02-01T22:20:45.228+0000] {logging_mixin.py:137} INFO - [2023-02-01T22:20:45.228+0000] {taskmixin.py:205} WARNING - Dependency <Task(_PythonDecoratedOperator): print_the_context>, log_sql_query already registered for DAG: example_python_operator
[2023-02-01T22:20:45.230+0000] {logging_mixin.py:137} INFO - [2023-02-01T22:20:45.229+0000] {taskmixin.py:205} WARNING - Dependency <Task(_PythonDecoratedOperator): log_sql_query>, print_the_context already registered for DAG: example_python_operator
[2023-02-01T22:20:45.236+0000] {processor.py:753} INFO - DAG(s) dict_keys(['example_python_operator']) retrieved from /home/airflow/.local/lib/python3.7/site-packages/airflow/example_dags/example_python_operator.py
[2023-02-01T22:20:45.269+0000] {logging_mixin.py:137} INFO - [2023-02-01T22:20:45.269+0000] {dag.py:2690} INFO - Sync 1 DAGs
[2023-02-01T22:20:45.294+0000] {logging_mixin.py:137} INFO - [2023-02-01T22:20:45.294+0000] {dag.py:3441} INFO - Setting next_dagrun for example_python_operator to None, run_after=None
[2023-02-01T22:20:45.309+0000] {processor.py:175} INFO - Processing /home/airflow/.local/lib/python3.7/site-packages/airflow/example_dags/example_python_operator.py took 0.130 seconds
[2023-02-01T22:21:16.010+0000] {processor.py:153} INFO - Started process (PID=321) to work on /home/airflow/.local/lib/python3.7/site-packages/airflow/example_dags/example_python_operator.py
[2023-02-01T22:21:16.012+0000] {processor.py:743} INFO - Processing file /home/airflow/.local/lib/python3.7/site-packages/airflow/example_dags/example_python_operator.py for tasks to queue
[2023-02-01T22:21:16.013+0000] {logging_mixin.py:137} INFO - [2023-02-01T22:21:16.013+0000] {dagbag.py:538} INFO - Filling up the DagBag from /home/airflow/.local/lib/python3.7/site-packages/airflow/example_dags/example_python_operator.py
[2023-02-01T22:21:16.056+0000] {logging_mixin.py:137} INFO - [2023-02-01T22:21:16.056+0000] {taskmixin.py:205} WARNING - Dependency <Task(_PythonDecoratedOperator): print_the_context>, log_sql_query already registered for DAG: example_python_operator
[2023-02-01T22:21:16.057+0000] {logging_mixin.py:137} INFO - [2023-02-01T22:21:16.057+0000] {taskmixin.py:205} WARNING - Dependency <Task(_PythonDecoratedOperator): log_sql_query>, print_the_context already registered for DAG: example_python_operator
[2023-02-01T22:21:16.058+0000] {logging_mixin.py:137} INFO - [2023-02-01T22:21:16.058+0000] {taskmixin.py:205} WARNING - Dependency <Task(_PythonDecoratedOperator): print_the_context>, log_sql_query already registered for DAG: example_python_operator
[2023-02-01T22:21:16.059+0000] {logging_mixin.py:137} INFO - [2023-02-01T22:21:16.059+0000] {taskmixin.py:205} WARNING - Dependency <Task(_PythonDecoratedOperator): log_sql_query>, print_the_context already registered for DAG: example_python_operator
[2023-02-01T22:21:16.061+0000] {logging_mixin.py:137} INFO - [2023-02-01T22:21:16.060+0000] {taskmixin.py:205} WARNING - Dependency <Task(_PythonDecoratedOperator): print_the_context>, log_sql_query already registered for DAG: example_python_operator
[2023-02-01T22:21:16.061+0000] {logging_mixin.py:137} INFO - [2023-02-01T22:21:16.061+0000] {taskmixin.py:205} WARNING - Dependency <Task(_PythonDecoratedOperator): log_sql_query>, print_the_context already registered for DAG: example_python_operator
[2023-02-01T22:21:16.062+0000] {logging_mixin.py:137} INFO - [2023-02-01T22:21:16.062+0000] {taskmixin.py:205} WARNING - Dependency <Task(_PythonDecoratedOperator): print_the_context>, log_sql_query already registered for DAG: example_python_operator
[2023-02-01T22:21:16.063+0000] {logging_mixin.py:137} INFO - [2023-02-01T22:21:16.063+0000] {taskmixin.py:205} WARNING - Dependency <Task(_PythonDecoratedOperator): log_sql_query>, print_the_context already registered for DAG: example_python_operator
[2023-02-01T22:21:16.075+0000] {processor.py:753} INFO - DAG(s) dict_keys(['example_python_operator']) retrieved from /home/airflow/.local/lib/python3.7/site-packages/airflow/example_dags/example_python_operator.py
[2023-02-01T22:21:16.151+0000] {logging_mixin.py:137} INFO - [2023-02-01T22:21:16.151+0000] {dag.py:2690} INFO - Sync 1 DAGs
[2023-02-01T22:21:16.264+0000] {logging_mixin.py:137} INFO - [2023-02-01T22:21:16.264+0000] {dag.py:3441} INFO - Setting next_dagrun for example_python_operator to None, run_after=None
[2023-02-01T22:21:16.329+0000] {processor.py:175} INFO - Processing /home/airflow/.local/lib/python3.7/site-packages/airflow/example_dags/example_python_operator.py took 0.324 seconds
[2023-02-01T22:21:46.879+0000] {processor.py:153} INFO - Started process (PID=397) to work on /home/airflow/.local/lib/python3.7/site-packages/airflow/example_dags/example_python_operator.py
[2023-02-01T22:21:46.881+0000] {processor.py:743} INFO - Processing file /home/airflow/.local/lib/python3.7/site-packages/airflow/example_dags/example_python_operator.py for tasks to queue
[2023-02-01T22:21:46.882+0000] {logging_mixin.py:137} INFO - [2023-02-01T22:21:46.882+0000] {dagbag.py:538} INFO - Filling up the DagBag from /home/airflow/.local/lib/python3.7/site-packages/airflow/example_dags/example_python_operator.py
[2023-02-01T22:21:46.898+0000] {logging_mixin.py:137} INFO - [2023-02-01T22:21:46.898+0000] {taskmixin.py:205} WARNING - Dependency <Task(_PythonDecoratedOperator): print_the_context>, log_sql_query already registered for DAG: example_python_operator
[2023-02-01T22:21:46.900+0000] {logging_mixin.py:137} INFO - [2023-02-01T22:21:46.899+0000] {taskmixin.py:205} WARNING - Dependency <Task(_PythonDecoratedOperator): log_sql_query>, print_the_context already registered for DAG: example_python_operator
[2023-02-01T22:21:46.901+0000] {logging_mixin.py:137} INFO - [2023-02-01T22:21:46.901+0000] {taskmixin.py:205} WARNING - Dependency <Task(_PythonDecoratedOperator): print_the_context>, log_sql_query already registered for DAG: example_python_operator
[2023-02-01T22:21:46.902+0000] {logging_mixin.py:137} INFO - [2023-02-01T22:21:46.902+0000] {taskmixin.py:205} WARNING - Dependency <Task(_PythonDecoratedOperator): log_sql_query>, print_the_context already registered for DAG: example_python_operator
[2023-02-01T22:21:46.903+0000] {logging_mixin.py:137} INFO - [2023-02-01T22:21:46.903+0000] {taskmixin.py:205} WARNING - Dependency <Task(_PythonDecoratedOperator): print_the_context>, log_sql_query already registered for DAG: example_python_operator
[2023-02-01T22:21:46.904+0000] {logging_mixin.py:137} INFO - [2023-02-01T22:21:46.904+0000] {taskmixin.py:205} WARNING - Dependency <Task(_PythonDecoratedOperator): log_sql_query>, print_the_context already registered for DAG: example_python_operator
[2023-02-01T22:21:46.905+0000] {logging_mixin.py:137} INFO - [2023-02-01T22:21:46.905+0000] {taskmixin.py:205} WARNING - Dependency <Task(_PythonDecoratedOperator): print_the_context>, log_sql_query already registered for DAG: example_python_operator
[2023-02-01T22:21:46.906+0000] {logging_mixin.py:137} INFO - [2023-02-01T22:21:46.906+0000] {taskmixin.py:205} WARNING - Dependency <Task(_PythonDecoratedOperator): log_sql_query>, print_the_context already registered for DAG: example_python_operator
[2023-02-01T22:21:46.915+0000] {processor.py:753} INFO - DAG(s) dict_keys(['example_python_operator']) retrieved from /home/airflow/.local/lib/python3.7/site-packages/airflow/example_dags/example_python_operator.py
[2023-02-01T22:21:46.939+0000] {logging_mixin.py:137} INFO - [2023-02-01T22:21:46.938+0000] {dag.py:2690} INFO - Sync 1 DAGs
[2023-02-01T22:21:46.955+0000] {logging_mixin.py:137} INFO - [2023-02-01T22:21:46.955+0000] {dag.py:3441} INFO - Setting next_dagrun for example_python_operator to None, run_after=None
[2023-02-01T22:21:46.967+0000] {processor.py:175} INFO - Processing /home/airflow/.local/lib/python3.7/site-packages/airflow/example_dags/example_python_operator.py took 0.097 seconds
[2023-02-01T22:22:17.040+0000] {processor.py:153} INFO - Started process (PID=473) to work on /home/airflow/.local/lib/python3.7/site-packages/airflow/example_dags/example_python_operator.py
[2023-02-01T22:22:17.045+0000] {processor.py:743} INFO - Processing file /home/airflow/.local/lib/python3.7/site-packages/airflow/example_dags/example_python_operator.py for tasks to queue
[2023-02-01T22:22:17.046+0000] {logging_mixin.py:137} INFO - [2023-02-01T22:22:17.046+0000] {dagbag.py:538} INFO - Filling up the DagBag from /home/airflow/.local/lib/python3.7/site-packages/airflow/example_dags/example_python_operator.py
[2023-02-01T22:22:17.059+0000] {logging_mixin.py:137} INFO - [2023-02-01T22:22:17.059+0000] {taskmixin.py:205} WARNING - Dependency <Task(_PythonDecoratedOperator): print_the_context>, log_sql_query already registered for DAG: example_python_operator
[2023-02-01T22:22:17.060+0000] {logging_mixin.py:137} INFO - [2023-02-01T22:22:17.060+0000] {taskmixin.py:205} WARNING - Dependency <Task(_PythonDecoratedOperator): log_sql_query>, print_the_context already registered for DAG: example_python_operator
[2023-02-01T22:22:17.061+0000] {logging_mixin.py:137} INFO - [2023-02-01T22:22:17.061+0000] {taskmixin.py:205} WARNING - Dependency <Task(_PythonDecoratedOperator): print_the_context>, log_sql_query already registered for DAG: example_python_operator
[2023-02-01T22:22:17.061+0000] {logging_mixin.py:137} INFO - [2023-02-01T22:22:17.061+0000] {taskmixin.py:205} WARNING - Dependency <Task(_PythonDecoratedOperator): log_sql_query>, print_the_context already registered for DAG: example_python_operator
[2023-02-01T22:22:17.062+0000] {logging_mixin.py:137} INFO - [2023-02-01T22:22:17.062+0000] {taskmixin.py:205} WARNING - Dependency <Task(_PythonDecoratedOperator): print_the_context>, log_sql_query already registered for DAG: example_python_operator
[2023-02-01T22:22:17.062+0000] {logging_mixin.py:137} INFO - [2023-02-01T22:22:17.062+0000] {taskmixin.py:205} WARNING - Dependency <Task(_PythonDecoratedOperator): log_sql_query>, print_the_context already registered for DAG: example_python_operator
[2023-02-01T22:22:17.064+0000] {logging_mixin.py:137} INFO - [2023-02-01T22:22:17.064+0000] {taskmixin.py:205} WARNING - Dependency <Task(_PythonDecoratedOperator): print_the_context>, log_sql_query already registered for DAG: example_python_operator
[2023-02-01T22:22:17.065+0000] {logging_mixin.py:137} INFO - [2023-02-01T22:22:17.065+0000] {taskmixin.py:205} WARNING - Dependency <Task(_PythonDecoratedOperator): log_sql_query>, print_the_context already registered for DAG: example_python_operator
[2023-02-01T22:22:17.070+0000] {processor.py:753} INFO - DAG(s) dict_keys(['example_python_operator']) retrieved from /home/airflow/.local/lib/python3.7/site-packages/airflow/example_dags/example_python_operator.py
[2023-02-01T22:22:17.091+0000] {logging_mixin.py:137} INFO - [2023-02-01T22:22:17.091+0000] {dag.py:2690} INFO - Sync 1 DAGs
[2023-02-01T22:22:17.107+0000] {logging_mixin.py:137} INFO - [2023-02-01T22:22:17.107+0000] {dag.py:3441} INFO - Setting next_dagrun for example_python_operator to None, run_after=None
[2023-02-01T22:22:17.119+0000] {processor.py:175} INFO - Processing /home/airflow/.local/lib/python3.7/site-packages/airflow/example_dags/example_python_operator.py took 0.083 seconds
[2023-02-01T22:22:47.898+0000] {processor.py:153} INFO - Started process (PID=537) to work on /home/airflow/.local/lib/python3.7/site-packages/airflow/example_dags/example_python_operator.py
[2023-02-01T22:22:47.900+0000] {processor.py:743} INFO - Processing file /home/airflow/.local/lib/python3.7/site-packages/airflow/example_dags/example_python_operator.py for tasks to queue
[2023-02-01T22:22:47.900+0000] {logging_mixin.py:137} INFO - [2023-02-01T22:22:47.900+0000] {dagbag.py:538} INFO - Filling up the DagBag from /home/airflow/.local/lib/python3.7/site-packages/airflow/example_dags/example_python_operator.py
[2023-02-01T22:22:47.913+0000] {logging_mixin.py:137} INFO - [2023-02-01T22:22:47.913+0000] {taskmixin.py:205} WARNING - Dependency <Task(_PythonDecoratedOperator): print_the_context>, log_sql_query already registered for DAG: example_python_operator
[2023-02-01T22:22:47.914+0000] {logging_mixin.py:137} INFO - [2023-02-01T22:22:47.913+0000] {taskmixin.py:205} WARNING - Dependency <Task(_PythonDecoratedOperator): log_sql_query>, print_the_context already registered for DAG: example_python_operator
[2023-02-01T22:22:47.915+0000] {logging_mixin.py:137} INFO - [2023-02-01T22:22:47.914+0000] {taskmixin.py:205} WARNING - Dependency <Task(_PythonDecoratedOperator): print_the_context>, log_sql_query already registered for DAG: example_python_operator
[2023-02-01T22:22:47.916+0000] {logging_mixin.py:137} INFO - [2023-02-01T22:22:47.916+0000] {taskmixin.py:205} WARNING - Dependency <Task(_PythonDecoratedOperator): log_sql_query>, print_the_context already registered for DAG: example_python_operator
[2023-02-01T22:22:47.917+0000] {logging_mixin.py:137} INFO - [2023-02-01T22:22:47.917+0000] {taskmixin.py:205} WARNING - Dependency <Task(_PythonDecoratedOperator): print_the_context>, log_sql_query already registered for DAG: example_python_operator
[2023-02-01T22:22:47.917+0000] {logging_mixin.py:137} INFO - [2023-02-01T22:22:47.917+0000] {taskmixin.py:205} WARNING - Dependency <Task(_PythonDecoratedOperator): log_sql_query>, print_the_context already registered for DAG: example_python_operator
[2023-02-01T22:22:47.918+0000] {logging_mixin.py:137} INFO - [2023-02-01T22:22:47.918+0000] {taskmixin.py:205} WARNING - Dependency <Task(_PythonDecoratedOperator): print_the_context>, log_sql_query already registered for DAG: example_python_operator
[2023-02-01T22:22:47.919+0000] {logging_mixin.py:137} INFO - [2023-02-01T22:22:47.918+0000] {taskmixin.py:205} WARNING - Dependency <Task(_PythonDecoratedOperator): log_sql_query>, print_the_context already registered for DAG: example_python_operator
[2023-02-01T22:22:47.926+0000] {processor.py:753} INFO - DAG(s) dict_keys(['example_python_operator']) retrieved from /home/airflow/.local/lib/python3.7/site-packages/airflow/example_dags/example_python_operator.py
[2023-02-01T22:22:47.950+0000] {logging_mixin.py:137} INFO - [2023-02-01T22:22:47.949+0000] {dag.py:2690} INFO - Sync 1 DAGs
[2023-02-01T22:22:47.967+0000] {logging_mixin.py:137} INFO - [2023-02-01T22:22:47.967+0000] {dag.py:3441} INFO - Setting next_dagrun for example_python_operator to None, run_after=None
[2023-02-01T22:22:47.981+0000] {processor.py:175} INFO - Processing /home/airflow/.local/lib/python3.7/site-packages/airflow/example_dags/example_python_operator.py took 0.086 seconds
[2023-02-01T22:23:18.654+0000] {processor.py:153} INFO - Started process (PID=613) to work on /home/airflow/.local/lib/python3.7/site-packages/airflow/example_dags/example_python_operator.py
[2023-02-01T22:23:18.656+0000] {processor.py:743} INFO - Processing file /home/airflow/.local/lib/python3.7/site-packages/airflow/example_dags/example_python_operator.py for tasks to queue
[2023-02-01T22:23:18.656+0000] {logging_mixin.py:137} INFO - [2023-02-01T22:23:18.656+0000] {dagbag.py:538} INFO - Filling up the DagBag from /home/airflow/.local/lib/python3.7/site-packages/airflow/example_dags/example_python_operator.py
[2023-02-01T22:23:18.669+0000] {logging_mixin.py:137} INFO - [2023-02-01T22:23:18.669+0000] {taskmixin.py:205} WARNING - Dependency <Task(_PythonDecoratedOperator): print_the_context>, log_sql_query already registered for DAG: example_python_operator
[2023-02-01T22:23:18.669+0000] {logging_mixin.py:137} INFO - [2023-02-01T22:23:18.669+0000] {taskmixin.py:205} WARNING - Dependency <Task(_PythonDecoratedOperator): log_sql_query>, print_the_context already registered for DAG: example_python_operator
[2023-02-01T22:23:18.670+0000] {logging_mixin.py:137} INFO - [2023-02-01T22:23:18.670+0000] {taskmixin.py:205} WARNING - Dependency <Task(_PythonDecoratedOperator): print_the_context>, log_sql_query already registered for DAG: example_python_operator
[2023-02-01T22:23:18.671+0000] {logging_mixin.py:137} INFO - [2023-02-01T22:23:18.671+0000] {taskmixin.py:205} WARNING - Dependency <Task(_PythonDecoratedOperator): log_sql_query>, print_the_context already registered for DAG: example_python_operator
[2023-02-01T22:23:18.671+0000] {logging_mixin.py:137} INFO - [2023-02-01T22:23:18.671+0000] {taskmixin.py:205} WARNING - Dependency <Task(_PythonDecoratedOperator): print_the_context>, log_sql_query already registered for DAG: example_python_operator
[2023-02-01T22:23:18.672+0000] {logging_mixin.py:137} INFO - [2023-02-01T22:23:18.671+0000] {taskmixin.py:205} WARNING - Dependency <Task(_PythonDecoratedOperator): log_sql_query>, print_the_context already registered for DAG: example_python_operator
[2023-02-01T22:23:18.673+0000] {logging_mixin.py:137} INFO - [2023-02-01T22:23:18.673+0000] {taskmixin.py:205} WARNING - Dependency <Task(_PythonDecoratedOperator): print_the_context>, log_sql_query already registered for DAG: example_python_operator
[2023-02-01T22:23:18.673+0000] {logging_mixin.py:137} INFO - [2023-02-01T22:23:18.673+0000] {taskmixin.py:205} WARNING - Dependency <Task(_PythonDecoratedOperator): log_sql_query>, print_the_context already registered for DAG: example_python_operator
[2023-02-01T22:23:18.678+0000] {processor.py:753} INFO - DAG(s) dict_keys(['example_python_operator']) retrieved from /home/airflow/.local/lib/python3.7/site-packages/airflow/example_dags/example_python_operator.py
[2023-02-01T22:23:18.697+0000] {logging_mixin.py:137} INFO - [2023-02-01T22:23:18.697+0000] {dag.py:2690} INFO - Sync 1 DAGs
[2023-02-01T22:23:18.712+0000] {logging_mixin.py:137} INFO - [2023-02-01T22:23:18.712+0000] {dag.py:3441} INFO - Setting next_dagrun for example_python_operator to None, run_after=None
[2023-02-01T22:23:18.725+0000] {processor.py:175} INFO - Processing /home/airflow/.local/lib/python3.7/site-packages/airflow/example_dags/example_python_operator.py took 0.073 seconds
[2023-02-01T22:23:49.693+0000] {processor.py:153} INFO - Started process (PID=689) to work on /home/airflow/.local/lib/python3.7/site-packages/airflow/example_dags/example_python_operator.py
[2023-02-01T22:23:49.694+0000] {processor.py:743} INFO - Processing file /home/airflow/.local/lib/python3.7/site-packages/airflow/example_dags/example_python_operator.py for tasks to queue
[2023-02-01T22:23:49.695+0000] {logging_mixin.py:137} INFO - [2023-02-01T22:23:49.695+0000] {dagbag.py:538} INFO - Filling up the DagBag from /home/airflow/.local/lib/python3.7/site-packages/airflow/example_dags/example_python_operator.py
[2023-02-01T22:23:49.707+0000] {logging_mixin.py:137} INFO - [2023-02-01T22:23:49.707+0000] {taskmixin.py:205} WARNING - Dependency <Task(_PythonDecoratedOperator): print_the_context>, log_sql_query already registered for DAG: example_python_operator
[2023-02-01T22:23:49.708+0000] {logging_mixin.py:137} INFO - [2023-02-01T22:23:49.708+0000] {taskmixin.py:205} WARNING - Dependency <Task(_PythonDecoratedOperator): log_sql_query>, print_the_context already registered for DAG: example_python_operator
[2023-02-01T22:23:49.709+0000] {logging_mixin.py:137} INFO - [2023-02-01T22:23:49.709+0000] {taskmixin.py:205} WARNING - Dependency <Task(_PythonDecoratedOperator): print_the_context>, log_sql_query already registered for DAG: example_python_operator
[2023-02-01T22:23:49.709+0000] {logging_mixin.py:137} INFO - [2023-02-01T22:23:49.709+0000] {taskmixin.py:205} WARNING - Dependency <Task(_PythonDecoratedOperator): log_sql_query>, print_the_context already registered for DAG: example_python_operator
[2023-02-01T22:23:49.710+0000] {logging_mixin.py:137} INFO - [2023-02-01T22:23:49.710+0000] {taskmixin.py:205} WARNING - Dependency <Task(_PythonDecoratedOperator): print_the_context>, log_sql_query already registered for DAG: example_python_operator
[2023-02-01T22:23:49.710+0000] {logging_mixin.py:137} INFO - [2023-02-01T22:23:49.710+0000] {taskmixin.py:205} WARNING - Dependency <Task(_PythonDecoratedOperator): log_sql_query>, print_the_context already registered for DAG: example_python_operator
[2023-02-01T22:23:49.711+0000] {logging_mixin.py:137} INFO - [2023-02-01T22:23:49.711+0000] {taskmixin.py:205} WARNING - Dependency <Task(_PythonDecoratedOperator): print_the_context>, log_sql_query already registered for DAG: example_python_operator
[2023-02-01T22:23:49.711+0000] {logging_mixin.py:137} INFO - [2023-02-01T22:23:49.711+0000] {taskmixin.py:205} WARNING - Dependency <Task(_PythonDecoratedOperator): log_sql_query>, print_the_context already registered for DAG: example_python_operator
[2023-02-01T22:23:49.715+0000] {processor.py:753} INFO - DAG(s) dict_keys(['example_python_operator']) retrieved from /home/airflow/.local/lib/python3.7/site-packages/airflow/example_dags/example_python_operator.py
[2023-02-01T22:23:49.736+0000] {logging_mixin.py:137} INFO - [2023-02-01T22:23:49.736+0000] {dag.py:2690} INFO - Sync 1 DAGs
[2023-02-01T22:23:49.751+0000] {logging_mixin.py:137} INFO - [2023-02-01T22:23:49.751+0000] {dag.py:3441} INFO - Setting next_dagrun for example_python_operator to None, run_after=None
[2023-02-01T22:23:49.763+0000] {processor.py:175} INFO - Processing /home/airflow/.local/lib/python3.7/site-packages/airflow/example_dags/example_python_operator.py took 0.072 seconds
