[2023-02-01T22:19:10.689+0000] {processor.py:153} INFO - Started process (PID=35) to work on /home/airflow/.local/lib/python3.7/site-packages/airflow/example_dags/example_branch_labels.py
[2023-02-01T22:19:10.692+0000] {processor.py:743} INFO - Processing file /home/airflow/.local/lib/python3.7/site-packages/airflow/example_dags/example_branch_labels.py for tasks to queue
[2023-02-01T22:19:10.694+0000] {logging_mixin.py:137} INFO - [2023-02-01T22:19:10.694+0000] {dagbag.py:538} INFO - Filling up the DagBag from /home/airflow/.local/lib/python3.7/site-packages/airflow/example_dags/example_branch_labels.py
[2023-02-01T22:19:10.723+0000] {processor.py:753} INFO - DAG(s) dict_keys(['example_branch_labels']) retrieved from /home/airflow/.local/lib/python3.7/site-packages/airflow/example_dags/example_branch_labels.py
[2023-02-01T22:19:10.749+0000] {logging_mixin.py:137} INFO - [2023-02-01T22:19:10.748+0000] {dag.py:2690} INFO - Sync 1 DAGs
[2023-02-01T22:19:10.781+0000] {logging_mixin.py:137} INFO - [2023-02-01T22:19:10.781+0000] {dag.py:3441} INFO - Setting next_dagrun for example_branch_labels to 2023-01-31T00:00:00+00:00, run_after=2023-02-01T00:00:00+00:00
[2023-02-01T22:19:10.809+0000] {processor.py:175} INFO - Processing /home/airflow/.local/lib/python3.7/site-packages/airflow/example_dags/example_branch_labels.py took 0.126 seconds
[2023-02-01T22:19:41.420+0000] {processor.py:153} INFO - Started process (PID=99) to work on /home/airflow/.local/lib/python3.7/site-packages/airflow/example_dags/example_branch_labels.py
[2023-02-01T22:19:41.422+0000] {processor.py:743} INFO - Processing file /home/airflow/.local/lib/python3.7/site-packages/airflow/example_dags/example_branch_labels.py for tasks to queue
[2023-02-01T22:19:41.422+0000] {logging_mixin.py:137} INFO - [2023-02-01T22:19:41.422+0000] {dagbag.py:538} INFO - Filling up the DagBag from /home/airflow/.local/lib/python3.7/site-packages/airflow/example_dags/example_branch_labels.py
[2023-02-01T22:19:41.435+0000] {processor.py:753} INFO - DAG(s) dict_keys(['example_branch_labels']) retrieved from /home/airflow/.local/lib/python3.7/site-packages/airflow/example_dags/example_branch_labels.py
[2023-02-01T22:19:41.455+0000] {logging_mixin.py:137} INFO - [2023-02-01T22:19:41.455+0000] {dag.py:2690} INFO - Sync 1 DAGs
[2023-02-01T22:19:41.472+0000] {logging_mixin.py:137} INFO - [2023-02-01T22:19:41.472+0000] {dag.py:3441} INFO - Setting next_dagrun for example_branch_labels to 2023-01-31T00:00:00+00:00, run_after=2023-02-01T00:00:00+00:00
[2023-02-01T22:19:41.485+0000] {processor.py:175} INFO - Processing /home/airflow/.local/lib/python3.7/site-packages/airflow/example_dags/example_branch_labels.py took 0.068 seconds
[2023-02-01T22:20:12.629+0000] {processor.py:153} INFO - Started process (PID=175) to work on /home/airflow/.local/lib/python3.7/site-packages/airflow/example_dags/example_branch_labels.py
[2023-02-01T22:20:12.630+0000] {processor.py:743} INFO - Processing file /home/airflow/.local/lib/python3.7/site-packages/airflow/example_dags/example_branch_labels.py for tasks to queue
[2023-02-01T22:20:12.631+0000] {logging_mixin.py:137} INFO - [2023-02-01T22:20:12.630+0000] {dagbag.py:538} INFO - Filling up the DagBag from /home/airflow/.local/lib/python3.7/site-packages/airflow/example_dags/example_branch_labels.py
[2023-02-01T22:20:12.642+0000] {processor.py:753} INFO - DAG(s) dict_keys(['example_branch_labels']) retrieved from /home/airflow/.local/lib/python3.7/site-packages/airflow/example_dags/example_branch_labels.py
[2023-02-01T22:20:12.663+0000] {logging_mixin.py:137} INFO - [2023-02-01T22:20:12.663+0000] {dag.py:2690} INFO - Sync 1 DAGs
[2023-02-01T22:20:12.679+0000] {logging_mixin.py:137} INFO - [2023-02-01T22:20:12.679+0000] {dag.py:3441} INFO - Setting next_dagrun for example_branch_labels to 2023-01-31T00:00:00+00:00, run_after=2023-02-01T00:00:00+00:00
[2023-02-01T22:20:12.690+0000] {processor.py:175} INFO - Processing /home/airflow/.local/lib/python3.7/site-packages/airflow/example_dags/example_branch_labels.py took 0.064 seconds
[2023-02-01T22:20:43.706+0000] {processor.py:153} INFO - Started process (PID=251) to work on /home/airflow/.local/lib/python3.7/site-packages/airflow/example_dags/example_branch_labels.py
[2023-02-01T22:20:43.708+0000] {processor.py:743} INFO - Processing file /home/airflow/.local/lib/python3.7/site-packages/airflow/example_dags/example_branch_labels.py for tasks to queue
[2023-02-01T22:20:43.709+0000] {logging_mixin.py:137} INFO - [2023-02-01T22:20:43.709+0000] {dagbag.py:538} INFO - Filling up the DagBag from /home/airflow/.local/lib/python3.7/site-packages/airflow/example_dags/example_branch_labels.py
[2023-02-01T22:20:43.723+0000] {processor.py:753} INFO - DAG(s) dict_keys(['example_branch_labels']) retrieved from /home/airflow/.local/lib/python3.7/site-packages/airflow/example_dags/example_branch_labels.py
[2023-02-01T22:20:43.747+0000] {logging_mixin.py:137} INFO - [2023-02-01T22:20:43.747+0000] {dag.py:2690} INFO - Sync 1 DAGs
[2023-02-01T22:20:43.767+0000] {logging_mixin.py:137} INFO - [2023-02-01T22:20:43.766+0000] {dag.py:3441} INFO - Setting next_dagrun for example_branch_labels to 2023-01-31T00:00:00+00:00, run_after=2023-02-01T00:00:00+00:00
[2023-02-01T22:20:43.778+0000] {processor.py:175} INFO - Processing /home/airflow/.local/lib/python3.7/site-packages/airflow/example_dags/example_branch_labels.py took 0.075 seconds
[2023-02-01T22:21:14.481+0000] {processor.py:153} INFO - Started process (PID=314) to work on /home/airflow/.local/lib/python3.7/site-packages/airflow/example_dags/example_branch_labels.py
[2023-02-01T22:21:14.485+0000] {processor.py:743} INFO - Processing file /home/airflow/.local/lib/python3.7/site-packages/airflow/example_dags/example_branch_labels.py for tasks to queue
[2023-02-01T22:21:14.488+0000] {logging_mixin.py:137} INFO - [2023-02-01T22:21:14.488+0000] {dagbag.py:538} INFO - Filling up the DagBag from /home/airflow/.local/lib/python3.7/site-packages/airflow/example_dags/example_branch_labels.py
[2023-02-01T22:21:14.502+0000] {processor.py:753} INFO - DAG(s) dict_keys(['example_branch_labels']) retrieved from /home/airflow/.local/lib/python3.7/site-packages/airflow/example_dags/example_branch_labels.py
[2023-02-01T22:21:14.533+0000] {logging_mixin.py:137} INFO - [2023-02-01T22:21:14.533+0000] {dag.py:2690} INFO - Sync 1 DAGs
[2023-02-01T22:21:14.558+0000] {logging_mixin.py:137} INFO - [2023-02-01T22:21:14.557+0000] {dag.py:3441} INFO - Setting next_dagrun for example_branch_labels to 2023-01-31T00:00:00+00:00, run_after=2023-02-01T00:00:00+00:00
[2023-02-01T22:21:14.576+0000] {processor.py:175} INFO - Processing /home/airflow/.local/lib/python3.7/site-packages/airflow/example_dags/example_branch_labels.py took 0.098 seconds
[2023-02-01T22:21:45.523+0000] {processor.py:153} INFO - Started process (PID=390) to work on /home/airflow/.local/lib/python3.7/site-packages/airflow/example_dags/example_branch_labels.py
[2023-02-01T22:21:45.524+0000] {processor.py:743} INFO - Processing file /home/airflow/.local/lib/python3.7/site-packages/airflow/example_dags/example_branch_labels.py for tasks to queue
[2023-02-01T22:21:45.525+0000] {logging_mixin.py:137} INFO - [2023-02-01T22:21:45.525+0000] {dagbag.py:538} INFO - Filling up the DagBag from /home/airflow/.local/lib/python3.7/site-packages/airflow/example_dags/example_branch_labels.py
[2023-02-01T22:21:45.536+0000] {processor.py:753} INFO - DAG(s) dict_keys(['example_branch_labels']) retrieved from /home/airflow/.local/lib/python3.7/site-packages/airflow/example_dags/example_branch_labels.py
[2023-02-01T22:21:45.557+0000] {logging_mixin.py:137} INFO - [2023-02-01T22:21:45.557+0000] {dag.py:2690} INFO - Sync 1 DAGs
[2023-02-01T22:21:45.574+0000] {logging_mixin.py:137} INFO - [2023-02-01T22:21:45.574+0000] {dag.py:3441} INFO - Setting next_dagrun for example_branch_labels to 2023-01-31T00:00:00+00:00, run_after=2023-02-01T00:00:00+00:00
[2023-02-01T22:21:45.586+0000] {processor.py:175} INFO - Processing /home/airflow/.local/lib/python3.7/site-packages/airflow/example_dags/example_branch_labels.py took 0.066 seconds
[2023-02-01T22:22:16.616+0000] {processor.py:153} INFO - Started process (PID=466) to work on /home/airflow/.local/lib/python3.7/site-packages/airflow/example_dags/example_branch_labels.py
[2023-02-01T22:22:16.618+0000] {processor.py:743} INFO - Processing file /home/airflow/.local/lib/python3.7/site-packages/airflow/example_dags/example_branch_labels.py for tasks to queue
[2023-02-01T22:22:16.619+0000] {logging_mixin.py:137} INFO - [2023-02-01T22:22:16.619+0000] {dagbag.py:538} INFO - Filling up the DagBag from /home/airflow/.local/lib/python3.7/site-packages/airflow/example_dags/example_branch_labels.py
[2023-02-01T22:22:16.633+0000] {processor.py:753} INFO - DAG(s) dict_keys(['example_branch_labels']) retrieved from /home/airflow/.local/lib/python3.7/site-packages/airflow/example_dags/example_branch_labels.py
[2023-02-01T22:22:16.659+0000] {logging_mixin.py:137} INFO - [2023-02-01T22:22:16.659+0000] {dag.py:2690} INFO - Sync 1 DAGs
[2023-02-01T22:22:16.693+0000] {logging_mixin.py:137} INFO - [2023-02-01T22:22:16.693+0000] {dag.py:3441} INFO - Setting next_dagrun for example_branch_labels to 2023-01-31T00:00:00+00:00, run_after=2023-02-01T00:00:00+00:00
[2023-02-01T22:22:16.711+0000] {processor.py:175} INFO - Processing /home/airflow/.local/lib/python3.7/site-packages/airflow/example_dags/example_branch_labels.py took 0.100 seconds
[2023-02-01T22:22:47.431+0000] {processor.py:153} INFO - Started process (PID=530) to work on /home/airflow/.local/lib/python3.7/site-packages/airflow/example_dags/example_branch_labels.py
[2023-02-01T22:22:47.433+0000] {processor.py:743} INFO - Processing file /home/airflow/.local/lib/python3.7/site-packages/airflow/example_dags/example_branch_labels.py for tasks to queue
[2023-02-01T22:22:47.434+0000] {logging_mixin.py:137} INFO - [2023-02-01T22:22:47.433+0000] {dagbag.py:538} INFO - Filling up the DagBag from /home/airflow/.local/lib/python3.7/site-packages/airflow/example_dags/example_branch_labels.py
[2023-02-01T22:22:47.444+0000] {processor.py:753} INFO - DAG(s) dict_keys(['example_branch_labels']) retrieved from /home/airflow/.local/lib/python3.7/site-packages/airflow/example_dags/example_branch_labels.py
[2023-02-01T22:22:47.465+0000] {logging_mixin.py:137} INFO - [2023-02-01T22:22:47.465+0000] {dag.py:2690} INFO - Sync 1 DAGs
[2023-02-01T22:22:47.483+0000] {logging_mixin.py:137} INFO - [2023-02-01T22:22:47.483+0000] {dag.py:3441} INFO - Setting next_dagrun for example_branch_labels to 2023-01-31T00:00:00+00:00, run_after=2023-02-01T00:00:00+00:00
[2023-02-01T22:22:47.499+0000] {processor.py:175} INFO - Processing /home/airflow/.local/lib/python3.7/site-packages/airflow/example_dags/example_branch_labels.py took 0.071 seconds
[2023-02-01T22:23:18.312+0000] {processor.py:153} INFO - Started process (PID=606) to work on /home/airflow/.local/lib/python3.7/site-packages/airflow/example_dags/example_branch_labels.py
[2023-02-01T22:23:18.314+0000] {processor.py:743} INFO - Processing file /home/airflow/.local/lib/python3.7/site-packages/airflow/example_dags/example_branch_labels.py for tasks to queue
[2023-02-01T22:23:18.314+0000] {logging_mixin.py:137} INFO - [2023-02-01T22:23:18.314+0000] {dagbag.py:538} INFO - Filling up the DagBag from /home/airflow/.local/lib/python3.7/site-packages/airflow/example_dags/example_branch_labels.py
[2023-02-01T22:23:18.325+0000] {processor.py:753} INFO - DAG(s) dict_keys(['example_branch_labels']) retrieved from /home/airflow/.local/lib/python3.7/site-packages/airflow/example_dags/example_branch_labels.py
[2023-02-01T22:23:18.346+0000] {logging_mixin.py:137} INFO - [2023-02-01T22:23:18.346+0000] {dag.py:2690} INFO - Sync 1 DAGs
[2023-02-01T22:23:18.361+0000] {logging_mixin.py:137} INFO - [2023-02-01T22:23:18.361+0000] {dag.py:3441} INFO - Setting next_dagrun for example_branch_labels to 2023-01-31T00:00:00+00:00, run_after=2023-02-01T00:00:00+00:00
[2023-02-01T22:23:18.372+0000] {processor.py:175} INFO - Processing /home/airflow/.local/lib/python3.7/site-packages/airflow/example_dags/example_branch_labels.py took 0.062 seconds
[2023-02-01T22:23:49.351+0000] {processor.py:153} INFO - Started process (PID=682) to work on /home/airflow/.local/lib/python3.7/site-packages/airflow/example_dags/example_branch_labels.py
[2023-02-01T22:23:49.353+0000] {processor.py:743} INFO - Processing file /home/airflow/.local/lib/python3.7/site-packages/airflow/example_dags/example_branch_labels.py for tasks to queue
[2023-02-01T22:23:49.354+0000] {logging_mixin.py:137} INFO - [2023-02-01T22:23:49.353+0000] {dagbag.py:538} INFO - Filling up the DagBag from /home/airflow/.local/lib/python3.7/site-packages/airflow/example_dags/example_branch_labels.py
[2023-02-01T22:23:49.366+0000] {processor.py:753} INFO - DAG(s) dict_keys(['example_branch_labels']) retrieved from /home/airflow/.local/lib/python3.7/site-packages/airflow/example_dags/example_branch_labels.py
[2023-02-01T22:23:49.386+0000] {logging_mixin.py:137} INFO - [2023-02-01T22:23:49.386+0000] {dag.py:2690} INFO - Sync 1 DAGs
[2023-02-01T22:23:49.402+0000] {logging_mixin.py:137} INFO - [2023-02-01T22:23:49.402+0000] {dag.py:3441} INFO - Setting next_dagrun for example_branch_labels to 2023-01-31T00:00:00+00:00, run_after=2023-02-01T00:00:00+00:00
[2023-02-01T22:23:49.413+0000] {processor.py:175} INFO - Processing /home/airflow/.local/lib/python3.7/site-packages/airflow/example_dags/example_branch_labels.py took 0.065 seconds
[2023-02-01T22:24:20.162+0000] {processor.py:153} INFO - Started process (PID=746) to work on /home/airflow/.local/lib/python3.7/site-packages/airflow/example_dags/example_branch_labels.py
[2023-02-01T22:24:20.163+0000] {processor.py:743} INFO - Processing file /home/airflow/.local/lib/python3.7/site-packages/airflow/example_dags/example_branch_labels.py for tasks to queue
[2023-02-01T22:24:20.164+0000] {logging_mixin.py:137} INFO - [2023-02-01T22:24:20.164+0000] {dagbag.py:538} INFO - Filling up the DagBag from /home/airflow/.local/lib/python3.7/site-packages/airflow/example_dags/example_branch_labels.py
[2023-02-01T22:24:20.178+0000] {processor.py:753} INFO - DAG(s) dict_keys(['example_branch_labels']) retrieved from /home/airflow/.local/lib/python3.7/site-packages/airflow/example_dags/example_branch_labels.py
[2023-02-01T22:24:20.200+0000] {logging_mixin.py:137} INFO - [2023-02-01T22:24:20.200+0000] {dag.py:2690} INFO - Sync 1 DAGs
[2023-02-01T22:24:20.228+0000] {logging_mixin.py:137} INFO - [2023-02-01T22:24:20.228+0000] {dag.py:3441} INFO - Setting next_dagrun for example_branch_labels to 2023-01-31T00:00:00+00:00, run_after=2023-02-01T00:00:00+00:00
[2023-02-01T22:24:20.246+0000] {processor.py:175} INFO - Processing /home/airflow/.local/lib/python3.7/site-packages/airflow/example_dags/example_branch_labels.py took 0.089 seconds
[2023-02-01T22:24:50.348+0000] {processor.py:153} INFO - Started process (PID=822) to work on /home/airflow/.local/lib/python3.7/site-packages/airflow/example_dags/example_branch_labels.py
[2023-02-01T22:24:50.349+0000] {processor.py:743} INFO - Processing file /home/airflow/.local/lib/python3.7/site-packages/airflow/example_dags/example_branch_labels.py for tasks to queue
[2023-02-01T22:24:50.350+0000] {logging_mixin.py:137} INFO - [2023-02-01T22:24:50.350+0000] {dagbag.py:538} INFO - Filling up the DagBag from /home/airflow/.local/lib/python3.7/site-packages/airflow/example_dags/example_branch_labels.py
[2023-02-01T22:24:50.361+0000] {processor.py:753} INFO - DAG(s) dict_keys(['example_branch_labels']) retrieved from /home/airflow/.local/lib/python3.7/site-packages/airflow/example_dags/example_branch_labels.py
[2023-02-01T22:24:50.387+0000] {logging_mixin.py:137} INFO - [2023-02-01T22:24:50.387+0000] {dag.py:2690} INFO - Sync 1 DAGs
[2023-02-01T22:24:50.407+0000] {logging_mixin.py:137} INFO - [2023-02-01T22:24:50.407+0000] {dag.py:3441} INFO - Setting next_dagrun for example_branch_labels to 2023-01-31T00:00:00+00:00, run_after=2023-02-01T00:00:00+00:00
[2023-02-01T22:24:50.421+0000] {processor.py:175} INFO - Processing /home/airflow/.local/lib/python3.7/site-packages/airflow/example_dags/example_branch_labels.py took 0.076 seconds
[2023-02-01T22:25:21.018+0000] {processor.py:153} INFO - Started process (PID=899) to work on /home/airflow/.local/lib/python3.7/site-packages/airflow/example_dags/example_branch_labels.py
[2023-02-01T22:25:21.021+0000] {processor.py:743} INFO - Processing file /home/airflow/.local/lib/python3.7/site-packages/airflow/example_dags/example_branch_labels.py for tasks to queue
[2023-02-01T22:25:21.022+0000] {logging_mixin.py:137} INFO - [2023-02-01T22:25:21.021+0000] {dagbag.py:538} INFO - Filling up the DagBag from /home/airflow/.local/lib/python3.7/site-packages/airflow/example_dags/example_branch_labels.py
[2023-02-01T22:25:21.033+0000] {processor.py:753} INFO - DAG(s) dict_keys(['example_branch_labels']) retrieved from /home/airflow/.local/lib/python3.7/site-packages/airflow/example_dags/example_branch_labels.py
[2023-02-01T22:25:21.055+0000] {logging_mixin.py:137} INFO - [2023-02-01T22:25:21.054+0000] {dag.py:2690} INFO - Sync 1 DAGs
[2023-02-01T22:25:21.069+0000] {logging_mixin.py:137} INFO - [2023-02-01T22:25:21.069+0000] {dag.py:3441} INFO - Setting next_dagrun for example_branch_labels to 2023-01-31T00:00:00+00:00, run_after=2023-02-01T00:00:00+00:00
[2023-02-01T22:25:21.081+0000] {processor.py:175} INFO - Processing /home/airflow/.local/lib/python3.7/site-packages/airflow/example_dags/example_branch_labels.py took 0.066 seconds
[2023-02-01T22:25:51.720+0000] {processor.py:153} INFO - Started process (PID=964) to work on /home/airflow/.local/lib/python3.7/site-packages/airflow/example_dags/example_branch_labels.py
[2023-02-01T22:25:51.722+0000] {processor.py:743} INFO - Processing file /home/airflow/.local/lib/python3.7/site-packages/airflow/example_dags/example_branch_labels.py for tasks to queue
[2023-02-01T22:25:51.723+0000] {logging_mixin.py:137} INFO - [2023-02-01T22:25:51.722+0000] {dagbag.py:538} INFO - Filling up the DagBag from /home/airflow/.local/lib/python3.7/site-packages/airflow/example_dags/example_branch_labels.py
[2023-02-01T22:25:51.734+0000] {processor.py:753} INFO - DAG(s) dict_keys(['example_branch_labels']) retrieved from /home/airflow/.local/lib/python3.7/site-packages/airflow/example_dags/example_branch_labels.py
[2023-02-01T22:25:51.758+0000] {logging_mixin.py:137} INFO - [2023-02-01T22:25:51.758+0000] {dag.py:2690} INFO - Sync 1 DAGs
[2023-02-01T22:25:51.781+0000] {logging_mixin.py:137} INFO - [2023-02-01T22:25:51.781+0000] {dag.py:3441} INFO - Setting next_dagrun for example_branch_labels to 2023-01-31T00:00:00+00:00, run_after=2023-02-01T00:00:00+00:00
[2023-02-01T22:25:51.797+0000] {processor.py:175} INFO - Processing /home/airflow/.local/lib/python3.7/site-packages/airflow/example_dags/example_branch_labels.py took 0.081 seconds
[2023-02-01T22:26:22.649+0000] {processor.py:153} INFO - Started process (PID=1040) to work on /home/airflow/.local/lib/python3.7/site-packages/airflow/example_dags/example_branch_labels.py
[2023-02-01T22:26:22.651+0000] {processor.py:743} INFO - Processing file /home/airflow/.local/lib/python3.7/site-packages/airflow/example_dags/example_branch_labels.py for tasks to queue
[2023-02-01T22:26:22.653+0000] {logging_mixin.py:137} INFO - [2023-02-01T22:26:22.653+0000] {dagbag.py:538} INFO - Filling up the DagBag from /home/airflow/.local/lib/python3.7/site-packages/airflow/example_dags/example_branch_labels.py
[2023-02-01T22:26:22.669+0000] {processor.py:753} INFO - DAG(s) dict_keys(['example_branch_labels']) retrieved from /home/airflow/.local/lib/python3.7/site-packages/airflow/example_dags/example_branch_labels.py
[2023-02-01T22:26:22.694+0000] {logging_mixin.py:137} INFO - [2023-02-01T22:26:22.694+0000] {dag.py:2690} INFO - Sync 1 DAGs
[2023-02-01T22:26:22.714+0000] {logging_mixin.py:137} INFO - [2023-02-01T22:26:22.714+0000] {dag.py:3441} INFO - Setting next_dagrun for example_branch_labels to 2023-01-31T00:00:00+00:00, run_after=2023-02-01T00:00:00+00:00
[2023-02-01T22:26:22.727+0000] {processor.py:175} INFO - Processing /home/airflow/.local/lib/python3.7/site-packages/airflow/example_dags/example_branch_labels.py took 0.085 seconds
[2023-02-01T22:26:53.618+0000] {processor.py:153} INFO - Started process (PID=1116) to work on /home/airflow/.local/lib/python3.7/site-packages/airflow/example_dags/example_branch_labels.py
[2023-02-01T22:26:53.621+0000] {processor.py:743} INFO - Processing file /home/airflow/.local/lib/python3.7/site-packages/airflow/example_dags/example_branch_labels.py for tasks to queue
[2023-02-01T22:26:53.622+0000] {logging_mixin.py:137} INFO - [2023-02-01T22:26:53.622+0000] {dagbag.py:538} INFO - Filling up the DagBag from /home/airflow/.local/lib/python3.7/site-packages/airflow/example_dags/example_branch_labels.py
[2023-02-01T22:26:53.635+0000] {processor.py:753} INFO - DAG(s) dict_keys(['example_branch_labels']) retrieved from /home/airflow/.local/lib/python3.7/site-packages/airflow/example_dags/example_branch_labels.py
[2023-02-01T22:26:53.655+0000] {logging_mixin.py:137} INFO - [2023-02-01T22:26:53.655+0000] {dag.py:2690} INFO - Sync 1 DAGs
[2023-02-01T22:26:53.672+0000] {logging_mixin.py:137} INFO - [2023-02-01T22:26:53.672+0000] {dag.py:3441} INFO - Setting next_dagrun for example_branch_labels to 2023-01-31T00:00:00+00:00, run_after=2023-02-01T00:00:00+00:00
[2023-02-01T22:26:53.682+0000] {processor.py:175} INFO - Processing /home/airflow/.local/lib/python3.7/site-packages/airflow/example_dags/example_branch_labels.py took 0.069 seconds
[2023-02-01T22:27:24.398+0000] {processor.py:153} INFO - Started process (PID=1180) to work on /home/airflow/.local/lib/python3.7/site-packages/airflow/example_dags/example_branch_labels.py
[2023-02-01T22:27:24.400+0000] {processor.py:743} INFO - Processing file /home/airflow/.local/lib/python3.7/site-packages/airflow/example_dags/example_branch_labels.py for tasks to queue
[2023-02-01T22:27:24.400+0000] {logging_mixin.py:137} INFO - [2023-02-01T22:27:24.400+0000] {dagbag.py:538} INFO - Filling up the DagBag from /home/airflow/.local/lib/python3.7/site-packages/airflow/example_dags/example_branch_labels.py
[2023-02-01T22:27:24.417+0000] {processor.py:753} INFO - DAG(s) dict_keys(['example_branch_labels']) retrieved from /home/airflow/.local/lib/python3.7/site-packages/airflow/example_dags/example_branch_labels.py
[2023-02-01T22:27:24.438+0000] {logging_mixin.py:137} INFO - [2023-02-01T22:27:24.438+0000] {dag.py:2690} INFO - Sync 1 DAGs
[2023-02-01T22:27:24.453+0000] {logging_mixin.py:137} INFO - [2023-02-01T22:27:24.453+0000] {dag.py:3441} INFO - Setting next_dagrun for example_branch_labels to 2023-01-31T00:00:00+00:00, run_after=2023-02-01T00:00:00+00:00
[2023-02-01T22:27:24.465+0000] {processor.py:175} INFO - Processing /home/airflow/.local/lib/python3.7/site-packages/airflow/example_dags/example_branch_labels.py took 0.070 seconds
[2023-02-01T22:27:55.169+0000] {processor.py:153} INFO - Started process (PID=1255) to work on /home/airflow/.local/lib/python3.7/site-packages/airflow/example_dags/example_branch_labels.py
[2023-02-01T22:27:55.170+0000] {processor.py:743} INFO - Processing file /home/airflow/.local/lib/python3.7/site-packages/airflow/example_dags/example_branch_labels.py for tasks to queue
[2023-02-01T22:27:55.170+0000] {logging_mixin.py:137} INFO - [2023-02-01T22:27:55.170+0000] {dagbag.py:538} INFO - Filling up the DagBag from /home/airflow/.local/lib/python3.7/site-packages/airflow/example_dags/example_branch_labels.py
[2023-02-01T22:27:55.181+0000] {processor.py:753} INFO - DAG(s) dict_keys(['example_branch_labels']) retrieved from /home/airflow/.local/lib/python3.7/site-packages/airflow/example_dags/example_branch_labels.py
[2023-02-01T22:27:55.205+0000] {logging_mixin.py:137} INFO - [2023-02-01T22:27:55.205+0000] {dag.py:2690} INFO - Sync 1 DAGs
[2023-02-01T22:27:55.222+0000] {logging_mixin.py:137} INFO - [2023-02-01T22:27:55.222+0000] {dag.py:3441} INFO - Setting next_dagrun for example_branch_labels to 2023-01-31T00:00:00+00:00, run_after=2023-02-01T00:00:00+00:00
[2023-02-01T22:27:55.233+0000] {processor.py:175} INFO - Processing /home/airflow/.local/lib/python3.7/site-packages/airflow/example_dags/example_branch_labels.py took 0.068 seconds
[2023-02-01T22:28:25.829+0000] {processor.py:153} INFO - Started process (PID=1326) to work on /home/airflow/.local/lib/python3.7/site-packages/airflow/example_dags/example_branch_labels.py
[2023-02-01T22:28:25.831+0000] {processor.py:743} INFO - Processing file /home/airflow/.local/lib/python3.7/site-packages/airflow/example_dags/example_branch_labels.py for tasks to queue
[2023-02-01T22:28:25.834+0000] {logging_mixin.py:137} INFO - [2023-02-01T22:28:25.833+0000] {dagbag.py:538} INFO - Filling up the DagBag from /home/airflow/.local/lib/python3.7/site-packages/airflow/example_dags/example_branch_labels.py
[2023-02-01T22:28:25.848+0000] {processor.py:753} INFO - DAG(s) dict_keys(['example_branch_labels']) retrieved from /home/airflow/.local/lib/python3.7/site-packages/airflow/example_dags/example_branch_labels.py
[2023-02-01T22:28:25.870+0000] {logging_mixin.py:137} INFO - [2023-02-01T22:28:25.870+0000] {dag.py:2690} INFO - Sync 1 DAGs
[2023-02-01T22:28:25.889+0000] {logging_mixin.py:137} INFO - [2023-02-01T22:28:25.889+0000] {dag.py:3441} INFO - Setting next_dagrun for example_branch_labels to 2023-01-31T00:00:00+00:00, run_after=2023-02-01T00:00:00+00:00
[2023-02-01T22:28:25.901+0000] {processor.py:175} INFO - Processing /home/airflow/.local/lib/python3.7/site-packages/airflow/example_dags/example_branch_labels.py took 0.075 seconds
[2023-02-01T22:28:56.572+0000] {processor.py:153} INFO - Started process (PID=1394) to work on /home/airflow/.local/lib/python3.7/site-packages/airflow/example_dags/example_branch_labels.py
[2023-02-01T22:28:56.573+0000] {processor.py:743} INFO - Processing file /home/airflow/.local/lib/python3.7/site-packages/airflow/example_dags/example_branch_labels.py for tasks to queue
[2023-02-01T22:28:56.574+0000] {logging_mixin.py:137} INFO - [2023-02-01T22:28:56.573+0000] {dagbag.py:538} INFO - Filling up the DagBag from /home/airflow/.local/lib/python3.7/site-packages/airflow/example_dags/example_branch_labels.py
[2023-02-01T22:28:56.584+0000] {processor.py:753} INFO - DAG(s) dict_keys(['example_branch_labels']) retrieved from /home/airflow/.local/lib/python3.7/site-packages/airflow/example_dags/example_branch_labels.py
[2023-02-01T22:28:56.604+0000] {logging_mixin.py:137} INFO - [2023-02-01T22:28:56.603+0000] {dag.py:2690} INFO - Sync 1 DAGs
[2023-02-01T22:28:56.619+0000] {logging_mixin.py:137} INFO - [2023-02-01T22:28:56.619+0000] {dag.py:3441} INFO - Setting next_dagrun for example_branch_labels to 2023-01-31T00:00:00+00:00, run_after=2023-02-01T00:00:00+00:00
[2023-02-01T22:28:56.629+0000] {processor.py:175} INFO - Processing /home/airflow/.local/lib/python3.7/site-packages/airflow/example_dags/example_branch_labels.py took 0.061 seconds
[2023-02-01T22:29:27.253+0000] {processor.py:153} INFO - Started process (PID=1470) to work on /home/airflow/.local/lib/python3.7/site-packages/airflow/example_dags/example_branch_labels.py
[2023-02-01T22:29:27.255+0000] {processor.py:743} INFO - Processing file /home/airflow/.local/lib/python3.7/site-packages/airflow/example_dags/example_branch_labels.py for tasks to queue
[2023-02-01T22:29:27.256+0000] {logging_mixin.py:137} INFO - [2023-02-01T22:29:27.255+0000] {dagbag.py:538} INFO - Filling up the DagBag from /home/airflow/.local/lib/python3.7/site-packages/airflow/example_dags/example_branch_labels.py
[2023-02-01T22:29:27.277+0000] {processor.py:753} INFO - DAG(s) dict_keys(['example_branch_labels']) retrieved from /home/airflow/.local/lib/python3.7/site-packages/airflow/example_dags/example_branch_labels.py
[2023-02-01T22:29:27.302+0000] {logging_mixin.py:137} INFO - [2023-02-01T22:29:27.302+0000] {dag.py:2690} INFO - Sync 1 DAGs
[2023-02-01T22:29:27.323+0000] {logging_mixin.py:137} INFO - [2023-02-01T22:29:27.323+0000] {dag.py:3441} INFO - Setting next_dagrun for example_branch_labels to 2023-01-31T00:00:00+00:00, run_after=2023-02-01T00:00:00+00:00
[2023-02-01T22:29:27.338+0000] {processor.py:175} INFO - Processing /home/airflow/.local/lib/python3.7/site-packages/airflow/example_dags/example_branch_labels.py took 0.097 seconds
[2023-02-01T22:29:58.008+0000] {processor.py:153} INFO - Started process (PID=1533) to work on /home/airflow/.local/lib/python3.7/site-packages/airflow/example_dags/example_branch_labels.py
[2023-02-01T22:29:58.009+0000] {processor.py:743} INFO - Processing file /home/airflow/.local/lib/python3.7/site-packages/airflow/example_dags/example_branch_labels.py for tasks to queue
[2023-02-01T22:29:58.011+0000] {logging_mixin.py:137} INFO - [2023-02-01T22:29:58.010+0000] {dagbag.py:538} INFO - Filling up the DagBag from /home/airflow/.local/lib/python3.7/site-packages/airflow/example_dags/example_branch_labels.py
[2023-02-01T22:29:58.020+0000] {processor.py:753} INFO - DAG(s) dict_keys(['example_branch_labels']) retrieved from /home/airflow/.local/lib/python3.7/site-packages/airflow/example_dags/example_branch_labels.py
[2023-02-01T22:29:58.040+0000] {logging_mixin.py:137} INFO - [2023-02-01T22:29:58.040+0000] {dag.py:2690} INFO - Sync 1 DAGs
[2023-02-01T22:29:58.054+0000] {logging_mixin.py:137} INFO - [2023-02-01T22:29:58.054+0000] {dag.py:3441} INFO - Setting next_dagrun for example_branch_labels to 2023-01-31T00:00:00+00:00, run_after=2023-02-01T00:00:00+00:00
[2023-02-01T22:29:58.064+0000] {processor.py:175} INFO - Processing /home/airflow/.local/lib/python3.7/site-packages/airflow/example_dags/example_branch_labels.py took 0.058 seconds
[2023-02-01T22:30:28.901+0000] {processor.py:153} INFO - Started process (PID=1609) to work on /home/airflow/.local/lib/python3.7/site-packages/airflow/example_dags/example_branch_labels.py
[2023-02-01T22:30:28.902+0000] {processor.py:743} INFO - Processing file /home/airflow/.local/lib/python3.7/site-packages/airflow/example_dags/example_branch_labels.py for tasks to queue
[2023-02-01T22:30:28.903+0000] {logging_mixin.py:137} INFO - [2023-02-01T22:30:28.903+0000] {dagbag.py:538} INFO - Filling up the DagBag from /home/airflow/.local/lib/python3.7/site-packages/airflow/example_dags/example_branch_labels.py
[2023-02-01T22:30:28.913+0000] {processor.py:753} INFO - DAG(s) dict_keys(['example_branch_labels']) retrieved from /home/airflow/.local/lib/python3.7/site-packages/airflow/example_dags/example_branch_labels.py
[2023-02-01T22:30:28.932+0000] {logging_mixin.py:137} INFO - [2023-02-01T22:30:28.932+0000] {dag.py:2690} INFO - Sync 1 DAGs
[2023-02-01T22:30:28.947+0000] {logging_mixin.py:137} INFO - [2023-02-01T22:30:28.947+0000] {dag.py:3441} INFO - Setting next_dagrun for example_branch_labels to 2023-01-31T00:00:00+00:00, run_after=2023-02-01T00:00:00+00:00
[2023-02-01T22:30:28.957+0000] {processor.py:175} INFO - Processing /home/airflow/.local/lib/python3.7/site-packages/airflow/example_dags/example_branch_labels.py took 0.059 seconds
[2023-02-01T22:30:59.272+0000] {processor.py:153} INFO - Started process (PID=1673) to work on /home/airflow/.local/lib/python3.7/site-packages/airflow/example_dags/example_branch_labels.py
[2023-02-01T22:30:59.273+0000] {processor.py:743} INFO - Processing file /home/airflow/.local/lib/python3.7/site-packages/airflow/example_dags/example_branch_labels.py for tasks to queue
[2023-02-01T22:30:59.274+0000] {logging_mixin.py:137} INFO - [2023-02-01T22:30:59.274+0000] {dagbag.py:538} INFO - Filling up the DagBag from /home/airflow/.local/lib/python3.7/site-packages/airflow/example_dags/example_branch_labels.py
[2023-02-01T22:30:59.284+0000] {processor.py:753} INFO - DAG(s) dict_keys(['example_branch_labels']) retrieved from /home/airflow/.local/lib/python3.7/site-packages/airflow/example_dags/example_branch_labels.py
[2023-02-01T22:30:59.303+0000] {logging_mixin.py:137} INFO - [2023-02-01T22:30:59.303+0000] {dag.py:2690} INFO - Sync 1 DAGs
[2023-02-01T22:30:59.317+0000] {logging_mixin.py:137} INFO - [2023-02-01T22:30:59.317+0000] {dag.py:3441} INFO - Setting next_dagrun for example_branch_labels to 2023-01-31T00:00:00+00:00, run_after=2023-02-01T00:00:00+00:00
[2023-02-01T22:30:59.328+0000] {processor.py:175} INFO - Processing /home/airflow/.local/lib/python3.7/site-packages/airflow/example_dags/example_branch_labels.py took 0.059 seconds
[2023-02-01T22:31:29.817+0000] {processor.py:153} INFO - Started process (PID=1749) to work on /home/airflow/.local/lib/python3.7/site-packages/airflow/example_dags/example_branch_labels.py
[2023-02-01T22:31:29.818+0000] {processor.py:743} INFO - Processing file /home/airflow/.local/lib/python3.7/site-packages/airflow/example_dags/example_branch_labels.py for tasks to queue
[2023-02-01T22:31:29.819+0000] {logging_mixin.py:137} INFO - [2023-02-01T22:31:29.819+0000] {dagbag.py:538} INFO - Filling up the DagBag from /home/airflow/.local/lib/python3.7/site-packages/airflow/example_dags/example_branch_labels.py
[2023-02-01T22:31:29.829+0000] {processor.py:753} INFO - DAG(s) dict_keys(['example_branch_labels']) retrieved from /home/airflow/.local/lib/python3.7/site-packages/airflow/example_dags/example_branch_labels.py
[2023-02-01T22:31:29.849+0000] {logging_mixin.py:137} INFO - [2023-02-01T22:31:29.848+0000] {dag.py:2690} INFO - Sync 1 DAGs
[2023-02-01T22:31:29.864+0000] {logging_mixin.py:137} INFO - [2023-02-01T22:31:29.864+0000] {dag.py:3441} INFO - Setting next_dagrun for example_branch_labels to 2023-01-31T00:00:00+00:00, run_after=2023-02-01T00:00:00+00:00
[2023-02-01T22:31:29.874+0000] {processor.py:175} INFO - Processing /home/airflow/.local/lib/python3.7/site-packages/airflow/example_dags/example_branch_labels.py took 0.060 seconds
[2023-02-01T22:32:00.250+0000] {processor.py:153} INFO - Started process (PID=1821) to work on /home/airflow/.local/lib/python3.7/site-packages/airflow/example_dags/example_branch_labels.py
[2023-02-01T22:32:00.252+0000] {processor.py:743} INFO - Processing file /home/airflow/.local/lib/python3.7/site-packages/airflow/example_dags/example_branch_labels.py for tasks to queue
[2023-02-01T22:32:00.253+0000] {logging_mixin.py:137} INFO - [2023-02-01T22:32:00.253+0000] {dagbag.py:538} INFO - Filling up the DagBag from /home/airflow/.local/lib/python3.7/site-packages/airflow/example_dags/example_branch_labels.py
[2023-02-01T22:32:00.265+0000] {processor.py:753} INFO - DAG(s) dict_keys(['example_branch_labels']) retrieved from /home/airflow/.local/lib/python3.7/site-packages/airflow/example_dags/example_branch_labels.py
[2023-02-01T22:32:00.286+0000] {logging_mixin.py:137} INFO - [2023-02-01T22:32:00.286+0000] {dag.py:2690} INFO - Sync 1 DAGs
[2023-02-01T22:32:00.320+0000] {logging_mixin.py:137} INFO - [2023-02-01T22:32:00.320+0000] {dag.py:3441} INFO - Setting next_dagrun for example_branch_labels to 2023-01-31T00:00:00+00:00, run_after=2023-02-01T00:00:00+00:00
[2023-02-01T22:32:00.346+0000] {processor.py:175} INFO - Processing /home/airflow/.local/lib/python3.7/site-packages/airflow/example_dags/example_branch_labels.py took 0.098 seconds
[2023-02-01T22:32:30.769+0000] {processor.py:153} INFO - Started process (PID=1889) to work on /home/airflow/.local/lib/python3.7/site-packages/airflow/example_dags/example_branch_labels.py
[2023-02-01T22:32:30.771+0000] {processor.py:743} INFO - Processing file /home/airflow/.local/lib/python3.7/site-packages/airflow/example_dags/example_branch_labels.py for tasks to queue
[2023-02-01T22:32:30.775+0000] {logging_mixin.py:137} INFO - [2023-02-01T22:32:30.775+0000] {dagbag.py:538} INFO - Filling up the DagBag from /home/airflow/.local/lib/python3.7/site-packages/airflow/example_dags/example_branch_labels.py
[2023-02-01T22:32:30.788+0000] {processor.py:753} INFO - DAG(s) dict_keys(['example_branch_labels']) retrieved from /home/airflow/.local/lib/python3.7/site-packages/airflow/example_dags/example_branch_labels.py
[2023-02-01T22:32:30.813+0000] {logging_mixin.py:137} INFO - [2023-02-01T22:32:30.813+0000] {dag.py:2690} INFO - Sync 1 DAGs
[2023-02-01T22:32:30.832+0000] {logging_mixin.py:137} INFO - [2023-02-01T22:32:30.832+0000] {dag.py:3441} INFO - Setting next_dagrun for example_branch_labels to 2023-01-31T00:00:00+00:00, run_after=2023-02-01T00:00:00+00:00
[2023-02-01T22:32:30.845+0000] {processor.py:175} INFO - Processing /home/airflow/.local/lib/python3.7/site-packages/airflow/example_dags/example_branch_labels.py took 0.079 seconds
[2023-02-01T22:33:01.385+0000] {processor.py:153} INFO - Started process (PID=1965) to work on /home/airflow/.local/lib/python3.7/site-packages/airflow/example_dags/example_branch_labels.py
[2023-02-01T22:33:01.388+0000] {processor.py:743} INFO - Processing file /home/airflow/.local/lib/python3.7/site-packages/airflow/example_dags/example_branch_labels.py for tasks to queue
[2023-02-01T22:33:01.389+0000] {logging_mixin.py:137} INFO - [2023-02-01T22:33:01.389+0000] {dagbag.py:538} INFO - Filling up the DagBag from /home/airflow/.local/lib/python3.7/site-packages/airflow/example_dags/example_branch_labels.py
[2023-02-01T22:33:01.400+0000] {processor.py:753} INFO - DAG(s) dict_keys(['example_branch_labels']) retrieved from /home/airflow/.local/lib/python3.7/site-packages/airflow/example_dags/example_branch_labels.py
[2023-02-01T22:33:01.421+0000] {logging_mixin.py:137} INFO - [2023-02-01T22:33:01.420+0000] {dag.py:2690} INFO - Sync 1 DAGs
[2023-02-01T22:33:01.438+0000] {logging_mixin.py:137} INFO - [2023-02-01T22:33:01.437+0000] {dag.py:3441} INFO - Setting next_dagrun for example_branch_labels to 2023-01-31T00:00:00+00:00, run_after=2023-02-01T00:00:00+00:00
[2023-02-01T22:33:01.458+0000] {processor.py:175} INFO - Processing /home/airflow/.local/lib/python3.7/site-packages/airflow/example_dags/example_branch_labels.py took 0.076 seconds
[2023-02-01T22:33:31.803+0000] {processor.py:153} INFO - Started process (PID=2029) to work on /home/airflow/.local/lib/python3.7/site-packages/airflow/example_dags/example_branch_labels.py
[2023-02-01T22:33:31.805+0000] {processor.py:743} INFO - Processing file /home/airflow/.local/lib/python3.7/site-packages/airflow/example_dags/example_branch_labels.py for tasks to queue
[2023-02-01T22:33:31.806+0000] {logging_mixin.py:137} INFO - [2023-02-01T22:33:31.805+0000] {dagbag.py:538} INFO - Filling up the DagBag from /home/airflow/.local/lib/python3.7/site-packages/airflow/example_dags/example_branch_labels.py
[2023-02-01T22:33:31.816+0000] {processor.py:753} INFO - DAG(s) dict_keys(['example_branch_labels']) retrieved from /home/airflow/.local/lib/python3.7/site-packages/airflow/example_dags/example_branch_labels.py
[2023-02-01T22:33:31.837+0000] {logging_mixin.py:137} INFO - [2023-02-01T22:33:31.837+0000] {dag.py:2690} INFO - Sync 1 DAGs
[2023-02-01T22:33:31.852+0000] {logging_mixin.py:137} INFO - [2023-02-01T22:33:31.852+0000] {dag.py:3441} INFO - Setting next_dagrun for example_branch_labels to 2023-01-31T00:00:00+00:00, run_after=2023-02-01T00:00:00+00:00
[2023-02-01T22:33:31.863+0000] {processor.py:175} INFO - Processing /home/airflow/.local/lib/python3.7/site-packages/airflow/example_dags/example_branch_labels.py took 0.066 seconds
[2023-02-01T22:34:02.691+0000] {processor.py:153} INFO - Started process (PID=2105) to work on /home/airflow/.local/lib/python3.7/site-packages/airflow/example_dags/example_branch_labels.py
[2023-02-01T22:34:02.693+0000] {processor.py:743} INFO - Processing file /home/airflow/.local/lib/python3.7/site-packages/airflow/example_dags/example_branch_labels.py for tasks to queue
[2023-02-01T22:34:02.693+0000] {logging_mixin.py:137} INFO - [2023-02-01T22:34:02.693+0000] {dagbag.py:538} INFO - Filling up the DagBag from /home/airflow/.local/lib/python3.7/site-packages/airflow/example_dags/example_branch_labels.py
[2023-02-01T22:34:02.704+0000] {processor.py:753} INFO - DAG(s) dict_keys(['example_branch_labels']) retrieved from /home/airflow/.local/lib/python3.7/site-packages/airflow/example_dags/example_branch_labels.py
[2023-02-01T22:34:02.725+0000] {logging_mixin.py:137} INFO - [2023-02-01T22:34:02.725+0000] {dag.py:2690} INFO - Sync 1 DAGs
[2023-02-01T22:34:02.742+0000] {logging_mixin.py:137} INFO - [2023-02-01T22:34:02.742+0000] {dag.py:3441} INFO - Setting next_dagrun for example_branch_labels to 2023-01-31T00:00:00+00:00, run_after=2023-02-01T00:00:00+00:00
[2023-02-01T22:34:02.757+0000] {processor.py:175} INFO - Processing /home/airflow/.local/lib/python3.7/site-packages/airflow/example_dags/example_branch_labels.py took 0.069 seconds
[2023-02-01T22:34:33.924+0000] {processor.py:153} INFO - Started process (PID=2180) to work on /home/airflow/.local/lib/python3.7/site-packages/airflow/example_dags/example_branch_labels.py
[2023-02-01T22:34:33.926+0000] {processor.py:743} INFO - Processing file /home/airflow/.local/lib/python3.7/site-packages/airflow/example_dags/example_branch_labels.py for tasks to queue
[2023-02-01T22:34:33.927+0000] {logging_mixin.py:137} INFO - [2023-02-01T22:34:33.927+0000] {dagbag.py:538} INFO - Filling up the DagBag from /home/airflow/.local/lib/python3.7/site-packages/airflow/example_dags/example_branch_labels.py
[2023-02-01T22:34:33.940+0000] {processor.py:753} INFO - DAG(s) dict_keys(['example_branch_labels']) retrieved from /home/airflow/.local/lib/python3.7/site-packages/airflow/example_dags/example_branch_labels.py
[2023-02-01T22:34:34.033+0000] {logging_mixin.py:137} INFO - [2023-02-01T22:34:34.033+0000] {dag.py:2690} INFO - Sync 1 DAGs
[2023-02-01T22:34:34.118+0000] {logging_mixin.py:137} INFO - [2023-02-01T22:34:34.118+0000] {dag.py:3441} INFO - Setting next_dagrun for example_branch_labels to 2023-01-31T00:00:00+00:00, run_after=2023-02-01T00:00:00+00:00
[2023-02-01T22:34:34.149+0000] {processor.py:175} INFO - Processing /home/airflow/.local/lib/python3.7/site-packages/airflow/example_dags/example_branch_labels.py took 0.230 seconds
[2023-02-01T22:35:04.292+0000] {processor.py:153} INFO - Started process (PID=2245) to work on /home/airflow/.local/lib/python3.7/site-packages/airflow/example_dags/example_branch_labels.py
[2023-02-01T22:35:04.293+0000] {processor.py:743} INFO - Processing file /home/airflow/.local/lib/python3.7/site-packages/airflow/example_dags/example_branch_labels.py for tasks to queue
[2023-02-01T22:35:04.294+0000] {logging_mixin.py:137} INFO - [2023-02-01T22:35:04.294+0000] {dagbag.py:538} INFO - Filling up the DagBag from /home/airflow/.local/lib/python3.7/site-packages/airflow/example_dags/example_branch_labels.py
[2023-02-01T22:35:04.305+0000] {processor.py:753} INFO - DAG(s) dict_keys(['example_branch_labels']) retrieved from /home/airflow/.local/lib/python3.7/site-packages/airflow/example_dags/example_branch_labels.py
[2023-02-01T22:35:04.326+0000] {logging_mixin.py:137} INFO - [2023-02-01T22:35:04.326+0000] {dag.py:2690} INFO - Sync 1 DAGs
[2023-02-01T22:35:04.343+0000] {logging_mixin.py:137} INFO - [2023-02-01T22:35:04.342+0000] {dag.py:3441} INFO - Setting next_dagrun for example_branch_labels to 2023-01-31T00:00:00+00:00, run_after=2023-02-01T00:00:00+00:00
[2023-02-01T22:35:04.355+0000] {processor.py:175} INFO - Processing /home/airflow/.local/lib/python3.7/site-packages/airflow/example_dags/example_branch_labels.py took 0.066 seconds
[2023-02-01T22:35:35.060+0000] {processor.py:153} INFO - Started process (PID=2321) to work on /home/airflow/.local/lib/python3.7/site-packages/airflow/example_dags/example_branch_labels.py
[2023-02-01T22:35:35.062+0000] {processor.py:743} INFO - Processing file /home/airflow/.local/lib/python3.7/site-packages/airflow/example_dags/example_branch_labels.py for tasks to queue
[2023-02-01T22:35:35.063+0000] {logging_mixin.py:137} INFO - [2023-02-01T22:35:35.063+0000] {dagbag.py:538} INFO - Filling up the DagBag from /home/airflow/.local/lib/python3.7/site-packages/airflow/example_dags/example_branch_labels.py
[2023-02-01T22:35:35.074+0000] {processor.py:753} INFO - DAG(s) dict_keys(['example_branch_labels']) retrieved from /home/airflow/.local/lib/python3.7/site-packages/airflow/example_dags/example_branch_labels.py
[2023-02-01T22:35:35.103+0000] {logging_mixin.py:137} INFO - [2023-02-01T22:35:35.103+0000] {dag.py:2690} INFO - Sync 1 DAGs
[2023-02-01T22:35:35.120+0000] {logging_mixin.py:137} INFO - [2023-02-01T22:35:35.120+0000] {dag.py:3441} INFO - Setting next_dagrun for example_branch_labels to 2023-01-31T00:00:00+00:00, run_after=2023-02-01T00:00:00+00:00
[2023-02-01T22:35:35.131+0000] {processor.py:175} INFO - Processing /home/airflow/.local/lib/python3.7/site-packages/airflow/example_dags/example_branch_labels.py took 0.074 seconds
[2023-02-01T22:36:05.744+0000] {processor.py:153} INFO - Started process (PID=2385) to work on /home/airflow/.local/lib/python3.7/site-packages/airflow/example_dags/example_branch_labels.py
[2023-02-01T22:36:05.745+0000] {processor.py:743} INFO - Processing file /home/airflow/.local/lib/python3.7/site-packages/airflow/example_dags/example_branch_labels.py for tasks to queue
[2023-02-01T22:36:05.746+0000] {logging_mixin.py:137} INFO - [2023-02-01T22:36:05.746+0000] {dagbag.py:538} INFO - Filling up the DagBag from /home/airflow/.local/lib/python3.7/site-packages/airflow/example_dags/example_branch_labels.py
[2023-02-01T22:36:05.758+0000] {processor.py:753} INFO - DAG(s) dict_keys(['example_branch_labels']) retrieved from /home/airflow/.local/lib/python3.7/site-packages/airflow/example_dags/example_branch_labels.py
[2023-02-01T22:36:05.777+0000] {logging_mixin.py:137} INFO - [2023-02-01T22:36:05.777+0000] {dag.py:2690} INFO - Sync 1 DAGs
[2023-02-01T22:36:05.792+0000] {logging_mixin.py:137} INFO - [2023-02-01T22:36:05.792+0000] {dag.py:3441} INFO - Setting next_dagrun for example_branch_labels to 2023-01-31T00:00:00+00:00, run_after=2023-02-01T00:00:00+00:00
[2023-02-01T22:36:05.802+0000] {processor.py:175} INFO - Processing /home/airflow/.local/lib/python3.7/site-packages/airflow/example_dags/example_branch_labels.py took 0.061 seconds
[2023-02-01T22:36:36.413+0000] {processor.py:153} INFO - Started process (PID=2461) to work on /home/airflow/.local/lib/python3.7/site-packages/airflow/example_dags/example_branch_labels.py
[2023-02-01T22:36:36.414+0000] {processor.py:743} INFO - Processing file /home/airflow/.local/lib/python3.7/site-packages/airflow/example_dags/example_branch_labels.py for tasks to queue
[2023-02-01T22:36:36.415+0000] {logging_mixin.py:137} INFO - [2023-02-01T22:36:36.415+0000] {dagbag.py:538} INFO - Filling up the DagBag from /home/airflow/.local/lib/python3.7/site-packages/airflow/example_dags/example_branch_labels.py
[2023-02-01T22:36:36.426+0000] {processor.py:753} INFO - DAG(s) dict_keys(['example_branch_labels']) retrieved from /home/airflow/.local/lib/python3.7/site-packages/airflow/example_dags/example_branch_labels.py
[2023-02-01T22:36:36.446+0000] {logging_mixin.py:137} INFO - [2023-02-01T22:36:36.446+0000] {dag.py:2690} INFO - Sync 1 DAGs
[2023-02-01T22:36:36.464+0000] {logging_mixin.py:137} INFO - [2023-02-01T22:36:36.464+0000] {dag.py:3441} INFO - Setting next_dagrun for example_branch_labels to 2023-01-31T00:00:00+00:00, run_after=2023-02-01T00:00:00+00:00
[2023-02-01T22:36:36.475+0000] {processor.py:175} INFO - Processing /home/airflow/.local/lib/python3.7/site-packages/airflow/example_dags/example_branch_labels.py took 0.066 seconds
