[2023-02-01T22:19:17.030+0000] {processor.py:153} INFO - Started process (PID=66) to work on /home/airflow/.local/lib/python3.7/site-packages/airflow/example_dags/example_bash_operator.py
[2023-02-01T22:19:17.047+0000] {processor.py:743} INFO - Processing file /home/airflow/.local/lib/python3.7/site-packages/airflow/example_dags/example_bash_operator.py for tasks to queue
[2023-02-01T22:19:17.051+0000] {logging_mixin.py:137} INFO - [2023-02-01T22:19:17.050+0000] {dagbag.py:538} INFO - Filling up the DagBag from /home/airflow/.local/lib/python3.7/site-packages/airflow/example_dags/example_bash_operator.py
[2023-02-01T22:19:17.280+0000] {processor.py:753} INFO - DAG(s) dict_keys(['example_bash_operator']) retrieved from /home/airflow/.local/lib/python3.7/site-packages/airflow/example_dags/example_bash_operator.py
[2023-02-01T22:19:17.360+0000] {logging_mixin.py:137} INFO - [2023-02-01T22:19:17.359+0000] {dag.py:2690} INFO - Sync 1 DAGs
[2023-02-01T22:19:17.454+0000] {logging_mixin.py:137} INFO - [2023-02-01T22:19:17.454+0000] {dag.py:3441} INFO - Setting next_dagrun for example_bash_operator to 2023-01-31T00:00:00+00:00, run_after=2023-02-01T00:00:00+00:00
[2023-02-01T22:19:17.535+0000] {processor.py:175} INFO - Processing /home/airflow/.local/lib/python3.7/site-packages/airflow/example_dags/example_bash_operator.py took 0.541 seconds
[2023-02-01T22:19:48.040+0000] {processor.py:153} INFO - Started process (PID=130) to work on /home/airflow/.local/lib/python3.7/site-packages/airflow/example_dags/example_bash_operator.py
[2023-02-01T22:19:48.042+0000] {processor.py:743} INFO - Processing file /home/airflow/.local/lib/python3.7/site-packages/airflow/example_dags/example_bash_operator.py for tasks to queue
[2023-02-01T22:19:48.043+0000] {logging_mixin.py:137} INFO - [2023-02-01T22:19:48.042+0000] {dagbag.py:538} INFO - Filling up the DagBag from /home/airflow/.local/lib/python3.7/site-packages/airflow/example_dags/example_bash_operator.py
[2023-02-01T22:19:48.061+0000] {processor.py:753} INFO - DAG(s) dict_keys(['example_bash_operator']) retrieved from /home/airflow/.local/lib/python3.7/site-packages/airflow/example_dags/example_bash_operator.py
[2023-02-01T22:19:48.084+0000] {logging_mixin.py:137} INFO - [2023-02-01T22:19:48.084+0000] {dag.py:2690} INFO - Sync 1 DAGs
[2023-02-01T22:19:48.100+0000] {logging_mixin.py:137} INFO - [2023-02-01T22:19:48.100+0000] {dag.py:3441} INFO - Setting next_dagrun for example_bash_operator to 2023-01-31T00:00:00+00:00, run_after=2023-02-01T00:00:00+00:00
[2023-02-01T22:19:48.110+0000] {processor.py:175} INFO - Processing /home/airflow/.local/lib/python3.7/site-packages/airflow/example_dags/example_bash_operator.py took 0.074 seconds
[2023-02-01T22:20:18.165+0000] {processor.py:153} INFO - Started process (PID=203) to work on /home/airflow/.local/lib/python3.7/site-packages/airflow/example_dags/example_bash_operator.py
[2023-02-01T22:20:18.166+0000] {processor.py:743} INFO - Processing file /home/airflow/.local/lib/python3.7/site-packages/airflow/example_dags/example_bash_operator.py for tasks to queue
[2023-02-01T22:20:18.167+0000] {logging_mixin.py:137} INFO - [2023-02-01T22:20:18.167+0000] {dagbag.py:538} INFO - Filling up the DagBag from /home/airflow/.local/lib/python3.7/site-packages/airflow/example_dags/example_bash_operator.py
[2023-02-01T22:20:18.184+0000] {processor.py:753} INFO - DAG(s) dict_keys(['example_bash_operator']) retrieved from /home/airflow/.local/lib/python3.7/site-packages/airflow/example_dags/example_bash_operator.py
[2023-02-01T22:20:18.211+0000] {logging_mixin.py:137} INFO - [2023-02-01T22:20:18.210+0000] {dag.py:2690} INFO - Sync 1 DAGs
[2023-02-01T22:20:18.228+0000] {logging_mixin.py:137} INFO - [2023-02-01T22:20:18.228+0000] {dag.py:3441} INFO - Setting next_dagrun for example_bash_operator to 2023-01-31T00:00:00+00:00, run_after=2023-02-01T00:00:00+00:00
[2023-02-01T22:20:18.241+0000] {processor.py:175} INFO - Processing /home/airflow/.local/lib/python3.7/site-packages/airflow/example_dags/example_bash_operator.py took 0.079 seconds
[2023-02-01T22:20:49.096+0000] {processor.py:153} INFO - Started process (PID=270) to work on /home/airflow/.local/lib/python3.7/site-packages/airflow/example_dags/example_bash_operator.py
[2023-02-01T22:20:49.099+0000] {processor.py:743} INFO - Processing file /home/airflow/.local/lib/python3.7/site-packages/airflow/example_dags/example_bash_operator.py for tasks to queue
[2023-02-01T22:20:49.100+0000] {logging_mixin.py:137} INFO - [2023-02-01T22:20:49.100+0000] {dagbag.py:538} INFO - Filling up the DagBag from /home/airflow/.local/lib/python3.7/site-packages/airflow/example_dags/example_bash_operator.py
[2023-02-01T22:20:49.122+0000] {processor.py:753} INFO - DAG(s) dict_keys(['example_bash_operator']) retrieved from /home/airflow/.local/lib/python3.7/site-packages/airflow/example_dags/example_bash_operator.py
[2023-02-01T22:20:49.155+0000] {logging_mixin.py:137} INFO - [2023-02-01T22:20:49.155+0000] {dag.py:2690} INFO - Sync 1 DAGs
[2023-02-01T22:20:49.197+0000] {logging_mixin.py:137} INFO - [2023-02-01T22:20:49.197+0000] {dag.py:3441} INFO - Setting next_dagrun for example_bash_operator to 2023-01-31T00:00:00+00:00, run_after=2023-02-01T00:00:00+00:00
[2023-02-01T22:20:49.223+0000] {processor.py:175} INFO - Processing /home/airflow/.local/lib/python3.7/site-packages/airflow/example_dags/example_bash_operator.py took 0.132 seconds
[2023-02-01T22:21:19.418+0000] {processor.py:153} INFO - Started process (PID=346) to work on /home/airflow/.local/lib/python3.7/site-packages/airflow/example_dags/example_bash_operator.py
[2023-02-01T22:21:19.419+0000] {processor.py:743} INFO - Processing file /home/airflow/.local/lib/python3.7/site-packages/airflow/example_dags/example_bash_operator.py for tasks to queue
[2023-02-01T22:21:19.420+0000] {logging_mixin.py:137} INFO - [2023-02-01T22:21:19.420+0000] {dagbag.py:538} INFO - Filling up the DagBag from /home/airflow/.local/lib/python3.7/site-packages/airflow/example_dags/example_bash_operator.py
[2023-02-01T22:21:19.439+0000] {processor.py:753} INFO - DAG(s) dict_keys(['example_bash_operator']) retrieved from /home/airflow/.local/lib/python3.7/site-packages/airflow/example_dags/example_bash_operator.py
[2023-02-01T22:21:19.467+0000] {logging_mixin.py:137} INFO - [2023-02-01T22:21:19.467+0000] {dag.py:2690} INFO - Sync 1 DAGs
[2023-02-01T22:21:19.484+0000] {logging_mixin.py:137} INFO - [2023-02-01T22:21:19.483+0000] {dag.py:3441} INFO - Setting next_dagrun for example_bash_operator to 2023-01-31T00:00:00+00:00, run_after=2023-02-01T00:00:00+00:00
[2023-02-01T22:21:19.495+0000] {processor.py:175} INFO - Processing /home/airflow/.local/lib/python3.7/site-packages/airflow/example_dags/example_bash_operator.py took 0.080 seconds
[2023-02-01T22:21:49.662+0000] {processor.py:153} INFO - Started process (PID=409) to work on /home/airflow/.local/lib/python3.7/site-packages/airflow/example_dags/example_bash_operator.py
[2023-02-01T22:21:49.663+0000] {processor.py:743} INFO - Processing file /home/airflow/.local/lib/python3.7/site-packages/airflow/example_dags/example_bash_operator.py for tasks to queue
[2023-02-01T22:21:49.664+0000] {logging_mixin.py:137} INFO - [2023-02-01T22:21:49.664+0000] {dagbag.py:538} INFO - Filling up the DagBag from /home/airflow/.local/lib/python3.7/site-packages/airflow/example_dags/example_bash_operator.py
[2023-02-01T22:21:49.688+0000] {processor.py:753} INFO - DAG(s) dict_keys(['example_bash_operator']) retrieved from /home/airflow/.local/lib/python3.7/site-packages/airflow/example_dags/example_bash_operator.py
[2023-02-01T22:21:49.712+0000] {logging_mixin.py:137} INFO - [2023-02-01T22:21:49.712+0000] {dag.py:2690} INFO - Sync 1 DAGs
[2023-02-01T22:21:49.729+0000] {logging_mixin.py:137} INFO - [2023-02-01T22:21:49.729+0000] {dag.py:3441} INFO - Setting next_dagrun for example_bash_operator to 2023-01-31T00:00:00+00:00, run_after=2023-02-01T00:00:00+00:00
[2023-02-01T22:21:49.741+0000] {processor.py:175} INFO - Processing /home/airflow/.local/lib/python3.7/site-packages/airflow/example_dags/example_bash_operator.py took 0.082 seconds
[2023-02-01T22:22:19.779+0000] {processor.py:153} INFO - Started process (PID=485) to work on /home/airflow/.local/lib/python3.7/site-packages/airflow/example_dags/example_bash_operator.py
[2023-02-01T22:22:19.781+0000] {processor.py:743} INFO - Processing file /home/airflow/.local/lib/python3.7/site-packages/airflow/example_dags/example_bash_operator.py for tasks to queue
[2023-02-01T22:22:19.782+0000] {logging_mixin.py:137} INFO - [2023-02-01T22:22:19.782+0000] {dagbag.py:538} INFO - Filling up the DagBag from /home/airflow/.local/lib/python3.7/site-packages/airflow/example_dags/example_bash_operator.py
[2023-02-01T22:22:19.797+0000] {processor.py:753} INFO - DAG(s) dict_keys(['example_bash_operator']) retrieved from /home/airflow/.local/lib/python3.7/site-packages/airflow/example_dags/example_bash_operator.py
[2023-02-01T22:22:19.820+0000] {logging_mixin.py:137} INFO - [2023-02-01T22:22:19.819+0000] {dag.py:2690} INFO - Sync 1 DAGs
[2023-02-01T22:22:19.836+0000] {logging_mixin.py:137} INFO - [2023-02-01T22:22:19.836+0000] {dag.py:3441} INFO - Setting next_dagrun for example_bash_operator to 2023-01-31T00:00:00+00:00, run_after=2023-02-01T00:00:00+00:00
[2023-02-01T22:22:19.851+0000] {processor.py:175} INFO - Processing /home/airflow/.local/lib/python3.7/site-packages/airflow/example_dags/example_bash_operator.py took 0.075 seconds
[2023-02-01T22:22:50.672+0000] {processor.py:153} INFO - Started process (PID=561) to work on /home/airflow/.local/lib/python3.7/site-packages/airflow/example_dags/example_bash_operator.py
[2023-02-01T22:22:50.674+0000] {processor.py:743} INFO - Processing file /home/airflow/.local/lib/python3.7/site-packages/airflow/example_dags/example_bash_operator.py for tasks to queue
[2023-02-01T22:22:50.674+0000] {logging_mixin.py:137} INFO - [2023-02-01T22:22:50.674+0000] {dagbag.py:538} INFO - Filling up the DagBag from /home/airflow/.local/lib/python3.7/site-packages/airflow/example_dags/example_bash_operator.py
[2023-02-01T22:22:50.692+0000] {processor.py:753} INFO - DAG(s) dict_keys(['example_bash_operator']) retrieved from /home/airflow/.local/lib/python3.7/site-packages/airflow/example_dags/example_bash_operator.py
[2023-02-01T22:22:50.719+0000] {logging_mixin.py:137} INFO - [2023-02-01T22:22:50.719+0000] {dag.py:2690} INFO - Sync 1 DAGs
[2023-02-01T22:22:50.737+0000] {logging_mixin.py:137} INFO - [2023-02-01T22:22:50.736+0000] {dag.py:3441} INFO - Setting next_dagrun for example_bash_operator to 2023-01-31T00:00:00+00:00, run_after=2023-02-01T00:00:00+00:00
[2023-02-01T22:22:50.748+0000] {processor.py:175} INFO - Processing /home/airflow/.local/lib/python3.7/site-packages/airflow/example_dags/example_bash_operator.py took 0.079 seconds
[2023-02-01T22:23:21.348+0000] {processor.py:153} INFO - Started process (PID=625) to work on /home/airflow/.local/lib/python3.7/site-packages/airflow/example_dags/example_bash_operator.py
[2023-02-01T22:23:21.350+0000] {processor.py:743} INFO - Processing file /home/airflow/.local/lib/python3.7/site-packages/airflow/example_dags/example_bash_operator.py for tasks to queue
[2023-02-01T22:23:21.351+0000] {logging_mixin.py:137} INFO - [2023-02-01T22:23:21.351+0000] {dagbag.py:538} INFO - Filling up the DagBag from /home/airflow/.local/lib/python3.7/site-packages/airflow/example_dags/example_bash_operator.py
[2023-02-01T22:23:21.367+0000] {processor.py:753} INFO - DAG(s) dict_keys(['example_bash_operator']) retrieved from /home/airflow/.local/lib/python3.7/site-packages/airflow/example_dags/example_bash_operator.py
[2023-02-01T22:23:21.393+0000] {logging_mixin.py:137} INFO - [2023-02-01T22:23:21.392+0000] {dag.py:2690} INFO - Sync 1 DAGs
[2023-02-01T22:23:21.412+0000] {logging_mixin.py:137} INFO - [2023-02-01T22:23:21.412+0000] {dag.py:3441} INFO - Setting next_dagrun for example_bash_operator to 2023-01-31T00:00:00+00:00, run_after=2023-02-01T00:00:00+00:00
[2023-02-01T22:23:21.426+0000] {processor.py:175} INFO - Processing /home/airflow/.local/lib/python3.7/site-packages/airflow/example_dags/example_bash_operator.py took 0.080 seconds
[2023-02-01T22:23:52.355+0000] {processor.py:153} INFO - Started process (PID=701) to work on /home/airflow/.local/lib/python3.7/site-packages/airflow/example_dags/example_bash_operator.py
[2023-02-01T22:23:52.356+0000] {processor.py:743} INFO - Processing file /home/airflow/.local/lib/python3.7/site-packages/airflow/example_dags/example_bash_operator.py for tasks to queue
[2023-02-01T22:23:52.357+0000] {logging_mixin.py:137} INFO - [2023-02-01T22:23:52.357+0000] {dagbag.py:538} INFO - Filling up the DagBag from /home/airflow/.local/lib/python3.7/site-packages/airflow/example_dags/example_bash_operator.py
[2023-02-01T22:23:52.372+0000] {processor.py:753} INFO - DAG(s) dict_keys(['example_bash_operator']) retrieved from /home/airflow/.local/lib/python3.7/site-packages/airflow/example_dags/example_bash_operator.py
[2023-02-01T22:23:52.403+0000] {logging_mixin.py:137} INFO - [2023-02-01T22:23:52.403+0000] {dag.py:2690} INFO - Sync 1 DAGs
[2023-02-01T22:23:52.427+0000] {logging_mixin.py:137} INFO - [2023-02-01T22:23:52.427+0000] {dag.py:3441} INFO - Setting next_dagrun for example_bash_operator to 2023-01-31T00:00:00+00:00, run_after=2023-02-01T00:00:00+00:00
[2023-02-01T22:23:52.439+0000] {processor.py:175} INFO - Processing /home/airflow/.local/lib/python3.7/site-packages/airflow/example_dags/example_bash_operator.py took 0.087 seconds
[2023-02-01T22:24:22.707+0000] {processor.py:153} INFO - Started process (PID=777) to work on /home/airflow/.local/lib/python3.7/site-packages/airflow/example_dags/example_bash_operator.py
[2023-02-01T22:24:22.708+0000] {processor.py:743} INFO - Processing file /home/airflow/.local/lib/python3.7/site-packages/airflow/example_dags/example_bash_operator.py for tasks to queue
[2023-02-01T22:24:22.709+0000] {logging_mixin.py:137} INFO - [2023-02-01T22:24:22.709+0000] {dagbag.py:538} INFO - Filling up the DagBag from /home/airflow/.local/lib/python3.7/site-packages/airflow/example_dags/example_bash_operator.py
[2023-02-01T22:24:22.728+0000] {processor.py:753} INFO - DAG(s) dict_keys(['example_bash_operator']) retrieved from /home/airflow/.local/lib/python3.7/site-packages/airflow/example_dags/example_bash_operator.py
[2023-02-01T22:24:22.757+0000] {logging_mixin.py:137} INFO - [2023-02-01T22:24:22.757+0000] {dag.py:2690} INFO - Sync 1 DAGs
[2023-02-01T22:24:22.774+0000] {logging_mixin.py:137} INFO - [2023-02-01T22:24:22.774+0000] {dag.py:3441} INFO - Setting next_dagrun for example_bash_operator to 2023-01-31T00:00:00+00:00, run_after=2023-02-01T00:00:00+00:00
[2023-02-01T22:24:22.784+0000] {processor.py:175} INFO - Processing /home/airflow/.local/lib/python3.7/site-packages/airflow/example_dags/example_bash_operator.py took 0.080 seconds
[2023-02-01T22:24:53.356+0000] {processor.py:153} INFO - Started process (PID=841) to work on /home/airflow/.local/lib/python3.7/site-packages/airflow/example_dags/example_bash_operator.py
[2023-02-01T22:24:53.357+0000] {processor.py:743} INFO - Processing file /home/airflow/.local/lib/python3.7/site-packages/airflow/example_dags/example_bash_operator.py for tasks to queue
[2023-02-01T22:24:53.358+0000] {logging_mixin.py:137} INFO - [2023-02-01T22:24:53.358+0000] {dagbag.py:538} INFO - Filling up the DagBag from /home/airflow/.local/lib/python3.7/site-packages/airflow/example_dags/example_bash_operator.py
[2023-02-01T22:24:53.373+0000] {processor.py:753} INFO - DAG(s) dict_keys(['example_bash_operator']) retrieved from /home/airflow/.local/lib/python3.7/site-packages/airflow/example_dags/example_bash_operator.py
[2023-02-01T22:24:53.397+0000] {logging_mixin.py:137} INFO - [2023-02-01T22:24:53.397+0000] {dag.py:2690} INFO - Sync 1 DAGs
[2023-02-01T22:24:53.412+0000] {logging_mixin.py:137} INFO - [2023-02-01T22:24:53.412+0000] {dag.py:3441} INFO - Setting next_dagrun for example_bash_operator to 2023-01-31T00:00:00+00:00, run_after=2023-02-01T00:00:00+00:00
[2023-02-01T22:24:53.422+0000] {processor.py:175} INFO - Processing /home/airflow/.local/lib/python3.7/site-packages/airflow/example_dags/example_bash_operator.py took 0.069 seconds
[2023-02-01T22:25:24.045+0000] {processor.py:153} INFO - Started process (PID=918) to work on /home/airflow/.local/lib/python3.7/site-packages/airflow/example_dags/example_bash_operator.py
[2023-02-01T22:25:24.049+0000] {processor.py:743} INFO - Processing file /home/airflow/.local/lib/python3.7/site-packages/airflow/example_dags/example_bash_operator.py for tasks to queue
[2023-02-01T22:25:24.051+0000] {logging_mixin.py:137} INFO - [2023-02-01T22:25:24.051+0000] {dagbag.py:538} INFO - Filling up the DagBag from /home/airflow/.local/lib/python3.7/site-packages/airflow/example_dags/example_bash_operator.py
[2023-02-01T22:25:24.073+0000] {processor.py:753} INFO - DAG(s) dict_keys(['example_bash_operator']) retrieved from /home/airflow/.local/lib/python3.7/site-packages/airflow/example_dags/example_bash_operator.py
[2023-02-01T22:25:24.106+0000] {logging_mixin.py:137} INFO - [2023-02-01T22:25:24.106+0000] {dag.py:2690} INFO - Sync 1 DAGs
[2023-02-01T22:25:24.124+0000] {logging_mixin.py:137} INFO - [2023-02-01T22:25:24.124+0000] {dag.py:3441} INFO - Setting next_dagrun for example_bash_operator to 2023-01-31T00:00:00+00:00, run_after=2023-02-01T00:00:00+00:00
[2023-02-01T22:25:24.135+0000] {processor.py:175} INFO - Processing /home/airflow/.local/lib/python3.7/site-packages/airflow/example_dags/example_bash_operator.py took 0.094 seconds
[2023-02-01T22:25:55.063+0000] {processor.py:153} INFO - Started process (PID=995) to work on /home/airflow/.local/lib/python3.7/site-packages/airflow/example_dags/example_bash_operator.py
[2023-02-01T22:25:55.065+0000] {processor.py:743} INFO - Processing file /home/airflow/.local/lib/python3.7/site-packages/airflow/example_dags/example_bash_operator.py for tasks to queue
[2023-02-01T22:25:55.065+0000] {logging_mixin.py:137} INFO - [2023-02-01T22:25:55.065+0000] {dagbag.py:538} INFO - Filling up the DagBag from /home/airflow/.local/lib/python3.7/site-packages/airflow/example_dags/example_bash_operator.py
[2023-02-01T22:25:55.081+0000] {processor.py:753} INFO - DAG(s) dict_keys(['example_bash_operator']) retrieved from /home/airflow/.local/lib/python3.7/site-packages/airflow/example_dags/example_bash_operator.py
[2023-02-01T22:25:55.121+0000] {logging_mixin.py:137} INFO - [2023-02-01T22:25:55.121+0000] {dag.py:2690} INFO - Sync 1 DAGs
[2023-02-01T22:25:55.147+0000] {logging_mixin.py:137} INFO - [2023-02-01T22:25:55.147+0000] {dag.py:3441} INFO - Setting next_dagrun for example_bash_operator to 2023-01-31T00:00:00+00:00, run_after=2023-02-01T00:00:00+00:00
[2023-02-01T22:25:55.159+0000] {processor.py:175} INFO - Processing /home/airflow/.local/lib/python3.7/site-packages/airflow/example_dags/example_bash_operator.py took 0.099 seconds
[2023-02-01T22:26:25.703+0000] {processor.py:153} INFO - Started process (PID=1059) to work on /home/airflow/.local/lib/python3.7/site-packages/airflow/example_dags/example_bash_operator.py
[2023-02-01T22:26:25.704+0000] {processor.py:743} INFO - Processing file /home/airflow/.local/lib/python3.7/site-packages/airflow/example_dags/example_bash_operator.py for tasks to queue
[2023-02-01T22:26:25.706+0000] {logging_mixin.py:137} INFO - [2023-02-01T22:26:25.705+0000] {dagbag.py:538} INFO - Filling up the DagBag from /home/airflow/.local/lib/python3.7/site-packages/airflow/example_dags/example_bash_operator.py
[2023-02-01T22:26:25.722+0000] {processor.py:753} INFO - DAG(s) dict_keys(['example_bash_operator']) retrieved from /home/airflow/.local/lib/python3.7/site-packages/airflow/example_dags/example_bash_operator.py
[2023-02-01T22:26:25.747+0000] {logging_mixin.py:137} INFO - [2023-02-01T22:26:25.747+0000] {dag.py:2690} INFO - Sync 1 DAGs
[2023-02-01T22:26:25.763+0000] {logging_mixin.py:137} INFO - [2023-02-01T22:26:25.762+0000] {dag.py:3441} INFO - Setting next_dagrun for example_bash_operator to 2023-01-31T00:00:00+00:00, run_after=2023-02-01T00:00:00+00:00
[2023-02-01T22:26:25.773+0000] {processor.py:175} INFO - Processing /home/airflow/.local/lib/python3.7/site-packages/airflow/example_dags/example_bash_operator.py took 0.074 seconds
[2023-02-01T22:26:56.650+0000] {processor.py:153} INFO - Started process (PID=1135) to work on /home/airflow/.local/lib/python3.7/site-packages/airflow/example_dags/example_bash_operator.py
[2023-02-01T22:26:56.652+0000] {processor.py:743} INFO - Processing file /home/airflow/.local/lib/python3.7/site-packages/airflow/example_dags/example_bash_operator.py for tasks to queue
[2023-02-01T22:26:56.652+0000] {logging_mixin.py:137} INFO - [2023-02-01T22:26:56.652+0000] {dagbag.py:538} INFO - Filling up the DagBag from /home/airflow/.local/lib/python3.7/site-packages/airflow/example_dags/example_bash_operator.py
[2023-02-01T22:26:56.667+0000] {processor.py:753} INFO - DAG(s) dict_keys(['example_bash_operator']) retrieved from /home/airflow/.local/lib/python3.7/site-packages/airflow/example_dags/example_bash_operator.py
[2023-02-01T22:26:56.691+0000] {logging_mixin.py:137} INFO - [2023-02-01T22:26:56.691+0000] {dag.py:2690} INFO - Sync 1 DAGs
[2023-02-01T22:26:56.706+0000] {logging_mixin.py:137} INFO - [2023-02-01T22:26:56.706+0000] {dag.py:3441} INFO - Setting next_dagrun for example_bash_operator to 2023-01-31T00:00:00+00:00, run_after=2023-02-01T00:00:00+00:00
[2023-02-01T22:26:56.717+0000] {processor.py:175} INFO - Processing /home/airflow/.local/lib/python3.7/site-packages/airflow/example_dags/example_bash_operator.py took 0.070 seconds
[2023-02-01T22:27:27.490+0000] {processor.py:153} INFO - Started process (PID=1208) to work on /home/airflow/.local/lib/python3.7/site-packages/airflow/example_dags/example_bash_operator.py
[2023-02-01T22:27:27.492+0000] {processor.py:743} INFO - Processing file /home/airflow/.local/lib/python3.7/site-packages/airflow/example_dags/example_bash_operator.py for tasks to queue
[2023-02-01T22:27:27.493+0000] {logging_mixin.py:137} INFO - [2023-02-01T22:27:27.493+0000] {dagbag.py:538} INFO - Filling up the DagBag from /home/airflow/.local/lib/python3.7/site-packages/airflow/example_dags/example_bash_operator.py
[2023-02-01T22:27:27.530+0000] {processor.py:753} INFO - DAG(s) dict_keys(['example_bash_operator']) retrieved from /home/airflow/.local/lib/python3.7/site-packages/airflow/example_dags/example_bash_operator.py
[2023-02-01T22:27:27.602+0000] {logging_mixin.py:137} INFO - [2023-02-01T22:27:27.602+0000] {dag.py:2690} INFO - Sync 1 DAGs
[2023-02-01T22:27:27.651+0000] {logging_mixin.py:137} INFO - [2023-02-01T22:27:27.651+0000] {dag.py:3441} INFO - Setting next_dagrun for example_bash_operator to 2023-01-31T00:00:00+00:00, run_after=2023-02-01T00:00:00+00:00
[2023-02-01T22:27:27.665+0000] {processor.py:175} INFO - Processing /home/airflow/.local/lib/python3.7/site-packages/airflow/example_dags/example_bash_operator.py took 0.181 seconds
[2023-02-01T22:27:58.192+0000] {processor.py:153} INFO - Started process (PID=1274) to work on /home/airflow/.local/lib/python3.7/site-packages/airflow/example_dags/example_bash_operator.py
[2023-02-01T22:27:58.194+0000] {processor.py:743} INFO - Processing file /home/airflow/.local/lib/python3.7/site-packages/airflow/example_dags/example_bash_operator.py for tasks to queue
[2023-02-01T22:27:58.195+0000] {logging_mixin.py:137} INFO - [2023-02-01T22:27:58.195+0000] {dagbag.py:538} INFO - Filling up the DagBag from /home/airflow/.local/lib/python3.7/site-packages/airflow/example_dags/example_bash_operator.py
[2023-02-01T22:27:58.211+0000] {processor.py:753} INFO - DAG(s) dict_keys(['example_bash_operator']) retrieved from /home/airflow/.local/lib/python3.7/site-packages/airflow/example_dags/example_bash_operator.py
[2023-02-01T22:27:58.239+0000] {logging_mixin.py:137} INFO - [2023-02-01T22:27:58.239+0000] {dag.py:2690} INFO - Sync 1 DAGs
[2023-02-01T22:27:58.257+0000] {logging_mixin.py:137} INFO - [2023-02-01T22:27:58.257+0000] {dag.py:3441} INFO - Setting next_dagrun for example_bash_operator to 2023-01-31T00:00:00+00:00, run_after=2023-02-01T00:00:00+00:00
[2023-02-01T22:27:58.271+0000] {processor.py:175} INFO - Processing /home/airflow/.local/lib/python3.7/site-packages/airflow/example_dags/example_bash_operator.py took 0.082 seconds
[2023-02-01T22:28:29.046+0000] {processor.py:153} INFO - Started process (PID=1350) to work on /home/airflow/.local/lib/python3.7/site-packages/airflow/example_dags/example_bash_operator.py
[2023-02-01T22:28:29.049+0000] {processor.py:743} INFO - Processing file /home/airflow/.local/lib/python3.7/site-packages/airflow/example_dags/example_bash_operator.py for tasks to queue
[2023-02-01T22:28:29.051+0000] {logging_mixin.py:137} INFO - [2023-02-01T22:28:29.051+0000] {dagbag.py:538} INFO - Filling up the DagBag from /home/airflow/.local/lib/python3.7/site-packages/airflow/example_dags/example_bash_operator.py
[2023-02-01T22:28:29.083+0000] {processor.py:753} INFO - DAG(s) dict_keys(['example_bash_operator']) retrieved from /home/airflow/.local/lib/python3.7/site-packages/airflow/example_dags/example_bash_operator.py
[2023-02-01T22:28:29.118+0000] {logging_mixin.py:137} INFO - [2023-02-01T22:28:29.118+0000] {dag.py:2690} INFO - Sync 1 DAGs
[2023-02-01T22:28:29.135+0000] {logging_mixin.py:137} INFO - [2023-02-01T22:28:29.135+0000] {dag.py:3441} INFO - Setting next_dagrun for example_bash_operator to 2023-01-31T00:00:00+00:00, run_after=2023-02-01T00:00:00+00:00
[2023-02-01T22:28:29.148+0000] {processor.py:175} INFO - Processing /home/airflow/.local/lib/python3.7/site-packages/airflow/example_dags/example_bash_operator.py took 0.106 seconds
[2023-02-01T22:28:59.639+0000] {processor.py:153} INFO - Started process (PID=1413) to work on /home/airflow/.local/lib/python3.7/site-packages/airflow/example_dags/example_bash_operator.py
[2023-02-01T22:28:59.640+0000] {processor.py:743} INFO - Processing file /home/airflow/.local/lib/python3.7/site-packages/airflow/example_dags/example_bash_operator.py for tasks to queue
[2023-02-01T22:28:59.641+0000] {logging_mixin.py:137} INFO - [2023-02-01T22:28:59.641+0000] {dagbag.py:538} INFO - Filling up the DagBag from /home/airflow/.local/lib/python3.7/site-packages/airflow/example_dags/example_bash_operator.py
[2023-02-01T22:28:59.658+0000] {processor.py:753} INFO - DAG(s) dict_keys(['example_bash_operator']) retrieved from /home/airflow/.local/lib/python3.7/site-packages/airflow/example_dags/example_bash_operator.py
[2023-02-01T22:28:59.684+0000] {logging_mixin.py:137} INFO - [2023-02-01T22:28:59.684+0000] {dag.py:2690} INFO - Sync 1 DAGs
[2023-02-01T22:28:59.699+0000] {logging_mixin.py:137} INFO - [2023-02-01T22:28:59.699+0000] {dag.py:3441} INFO - Setting next_dagrun for example_bash_operator to 2023-01-31T00:00:00+00:00, run_after=2023-02-01T00:00:00+00:00
[2023-02-01T22:28:59.710+0000] {processor.py:175} INFO - Processing /home/airflow/.local/lib/python3.7/site-packages/airflow/example_dags/example_bash_operator.py took 0.076 seconds
[2023-02-01T22:29:30.424+0000] {processor.py:153} INFO - Started process (PID=1489) to work on /home/airflow/.local/lib/python3.7/site-packages/airflow/example_dags/example_bash_operator.py
[2023-02-01T22:29:30.425+0000] {processor.py:743} INFO - Processing file /home/airflow/.local/lib/python3.7/site-packages/airflow/example_dags/example_bash_operator.py for tasks to queue
[2023-02-01T22:29:30.426+0000] {logging_mixin.py:137} INFO - [2023-02-01T22:29:30.426+0000] {dagbag.py:538} INFO - Filling up the DagBag from /home/airflow/.local/lib/python3.7/site-packages/airflow/example_dags/example_bash_operator.py
[2023-02-01T22:29:30.441+0000] {processor.py:753} INFO - DAG(s) dict_keys(['example_bash_operator']) retrieved from /home/airflow/.local/lib/python3.7/site-packages/airflow/example_dags/example_bash_operator.py
[2023-02-01T22:29:30.468+0000] {logging_mixin.py:137} INFO - [2023-02-01T22:29:30.468+0000] {dag.py:2690} INFO - Sync 1 DAGs
[2023-02-01T22:29:30.494+0000] {logging_mixin.py:137} INFO - [2023-02-01T22:29:30.494+0000] {dag.py:3441} INFO - Setting next_dagrun for example_bash_operator to 2023-01-31T00:00:00+00:00, run_after=2023-02-01T00:00:00+00:00
[2023-02-01T22:29:30.509+0000] {processor.py:175} INFO - Processing /home/airflow/.local/lib/python3.7/site-packages/airflow/example_dags/example_bash_operator.py took 0.089 seconds
[2023-02-01T22:30:01.192+0000] {processor.py:153} INFO - Started process (PID=1564) to work on /home/airflow/.local/lib/python3.7/site-packages/airflow/example_dags/example_bash_operator.py
[2023-02-01T22:30:01.194+0000] {processor.py:743} INFO - Processing file /home/airflow/.local/lib/python3.7/site-packages/airflow/example_dags/example_bash_operator.py for tasks to queue
[2023-02-01T22:30:01.195+0000] {logging_mixin.py:137} INFO - [2023-02-01T22:30:01.195+0000] {dagbag.py:538} INFO - Filling up the DagBag from /home/airflow/.local/lib/python3.7/site-packages/airflow/example_dags/example_bash_operator.py
[2023-02-01T22:30:01.220+0000] {processor.py:753} INFO - DAG(s) dict_keys(['example_bash_operator']) retrieved from /home/airflow/.local/lib/python3.7/site-packages/airflow/example_dags/example_bash_operator.py
[2023-02-01T22:30:01.267+0000] {logging_mixin.py:137} INFO - [2023-02-01T22:30:01.267+0000] {dag.py:2690} INFO - Sync 1 DAGs
[2023-02-01T22:30:01.295+0000] {logging_mixin.py:137} INFO - [2023-02-01T22:30:01.295+0000] {dag.py:3441} INFO - Setting next_dagrun for example_bash_operator to 2023-01-31T00:00:00+00:00, run_after=2023-02-01T00:00:00+00:00
[2023-02-01T22:30:01.311+0000] {processor.py:175} INFO - Processing /home/airflow/.local/lib/python3.7/site-packages/airflow/example_dags/example_bash_operator.py took 0.124 seconds
[2023-02-01T22:30:31.949+0000] {processor.py:153} INFO - Started process (PID=1628) to work on /home/airflow/.local/lib/python3.7/site-packages/airflow/example_dags/example_bash_operator.py
[2023-02-01T22:30:31.950+0000] {processor.py:743} INFO - Processing file /home/airflow/.local/lib/python3.7/site-packages/airflow/example_dags/example_bash_operator.py for tasks to queue
[2023-02-01T22:30:31.951+0000] {logging_mixin.py:137} INFO - [2023-02-01T22:30:31.951+0000] {dagbag.py:538} INFO - Filling up the DagBag from /home/airflow/.local/lib/python3.7/site-packages/airflow/example_dags/example_bash_operator.py
[2023-02-01T22:30:31.967+0000] {processor.py:753} INFO - DAG(s) dict_keys(['example_bash_operator']) retrieved from /home/airflow/.local/lib/python3.7/site-packages/airflow/example_dags/example_bash_operator.py
[2023-02-01T22:30:31.993+0000] {logging_mixin.py:137} INFO - [2023-02-01T22:30:31.993+0000] {dag.py:2690} INFO - Sync 1 DAGs
[2023-02-01T22:30:32.009+0000] {logging_mixin.py:137} INFO - [2023-02-01T22:30:32.009+0000] {dag.py:3441} INFO - Setting next_dagrun for example_bash_operator to 2023-01-31T00:00:00+00:00, run_after=2023-02-01T00:00:00+00:00
[2023-02-01T22:30:32.019+0000] {processor.py:175} INFO - Processing /home/airflow/.local/lib/python3.7/site-packages/airflow/example_dags/example_bash_operator.py took 0.074 seconds
[2023-02-01T22:31:02.427+0000] {processor.py:153} INFO - Started process (PID=1704) to work on /home/airflow/.local/lib/python3.7/site-packages/airflow/example_dags/example_bash_operator.py
[2023-02-01T22:31:02.429+0000] {processor.py:743} INFO - Processing file /home/airflow/.local/lib/python3.7/site-packages/airflow/example_dags/example_bash_operator.py for tasks to queue
[2023-02-01T22:31:02.430+0000] {logging_mixin.py:137} INFO - [2023-02-01T22:31:02.430+0000] {dagbag.py:538} INFO - Filling up the DagBag from /home/airflow/.local/lib/python3.7/site-packages/airflow/example_dags/example_bash_operator.py
[2023-02-01T22:31:02.444+0000] {processor.py:753} INFO - DAG(s) dict_keys(['example_bash_operator']) retrieved from /home/airflow/.local/lib/python3.7/site-packages/airflow/example_dags/example_bash_operator.py
[2023-02-01T22:31:02.471+0000] {logging_mixin.py:137} INFO - [2023-02-01T22:31:02.471+0000] {dag.py:2690} INFO - Sync 1 DAGs
[2023-02-01T22:31:02.490+0000] {logging_mixin.py:137} INFO - [2023-02-01T22:31:02.489+0000] {dag.py:3441} INFO - Setting next_dagrun for example_bash_operator to 2023-01-31T00:00:00+00:00, run_after=2023-02-01T00:00:00+00:00
[2023-02-01T22:31:02.505+0000] {processor.py:175} INFO - Processing /home/airflow/.local/lib/python3.7/site-packages/airflow/example_dags/example_bash_operator.py took 0.080 seconds
[2023-02-01T22:31:33.152+0000] {processor.py:153} INFO - Started process (PID=1768) to work on /home/airflow/.local/lib/python3.7/site-packages/airflow/example_dags/example_bash_operator.py
[2023-02-01T22:31:33.154+0000] {processor.py:743} INFO - Processing file /home/airflow/.local/lib/python3.7/site-packages/airflow/example_dags/example_bash_operator.py for tasks to queue
[2023-02-01T22:31:33.155+0000] {logging_mixin.py:137} INFO - [2023-02-01T22:31:33.155+0000] {dagbag.py:538} INFO - Filling up the DagBag from /home/airflow/.local/lib/python3.7/site-packages/airflow/example_dags/example_bash_operator.py
[2023-02-01T22:31:33.179+0000] {processor.py:753} INFO - DAG(s) dict_keys(['example_bash_operator']) retrieved from /home/airflow/.local/lib/python3.7/site-packages/airflow/example_dags/example_bash_operator.py
[2023-02-01T22:31:33.209+0000] {logging_mixin.py:137} INFO - [2023-02-01T22:31:33.208+0000] {dag.py:2690} INFO - Sync 1 DAGs
[2023-02-01T22:31:33.238+0000] {logging_mixin.py:137} INFO - [2023-02-01T22:31:33.238+0000] {dag.py:3441} INFO - Setting next_dagrun for example_bash_operator to 2023-01-31T00:00:00+00:00, run_after=2023-02-01T00:00:00+00:00
[2023-02-01T22:31:33.261+0000] {processor.py:175} INFO - Processing /home/airflow/.local/lib/python3.7/site-packages/airflow/example_dags/example_bash_operator.py took 0.113 seconds
[2023-02-01T22:32:03.450+0000] {processor.py:153} INFO - Started process (PID=1843) to work on /home/airflow/.local/lib/python3.7/site-packages/airflow/example_dags/example_bash_operator.py
[2023-02-01T22:32:03.452+0000] {processor.py:743} INFO - Processing file /home/airflow/.local/lib/python3.7/site-packages/airflow/example_dags/example_bash_operator.py for tasks to queue
[2023-02-01T22:32:03.453+0000] {logging_mixin.py:137} INFO - [2023-02-01T22:32:03.453+0000] {dagbag.py:538} INFO - Filling up the DagBag from /home/airflow/.local/lib/python3.7/site-packages/airflow/example_dags/example_bash_operator.py
[2023-02-01T22:32:03.467+0000] {processor.py:753} INFO - DAG(s) dict_keys(['example_bash_operator']) retrieved from /home/airflow/.local/lib/python3.7/site-packages/airflow/example_dags/example_bash_operator.py
[2023-02-01T22:32:03.491+0000] {logging_mixin.py:137} INFO - [2023-02-01T22:32:03.491+0000] {dag.py:2690} INFO - Sync 1 DAGs
[2023-02-01T22:32:03.514+0000] {logging_mixin.py:137} INFO - [2023-02-01T22:32:03.514+0000] {dag.py:3441} INFO - Setting next_dagrun for example_bash_operator to 2023-01-31T00:00:00+00:00, run_after=2023-02-01T00:00:00+00:00
[2023-02-01T22:32:03.547+0000] {processor.py:175} INFO - Processing /home/airflow/.local/lib/python3.7/site-packages/airflow/example_dags/example_bash_operator.py took 0.099 seconds
[2023-02-01T22:32:33.660+0000] {processor.py:153} INFO - Started process (PID=1908) to work on /home/airflow/.local/lib/python3.7/site-packages/airflow/example_dags/example_bash_operator.py
[2023-02-01T22:32:33.662+0000] {processor.py:743} INFO - Processing file /home/airflow/.local/lib/python3.7/site-packages/airflow/example_dags/example_bash_operator.py for tasks to queue
[2023-02-01T22:32:33.662+0000] {logging_mixin.py:137} INFO - [2023-02-01T22:32:33.662+0000] {dagbag.py:538} INFO - Filling up the DagBag from /home/airflow/.local/lib/python3.7/site-packages/airflow/example_dags/example_bash_operator.py
[2023-02-01T22:32:33.678+0000] {processor.py:753} INFO - DAG(s) dict_keys(['example_bash_operator']) retrieved from /home/airflow/.local/lib/python3.7/site-packages/airflow/example_dags/example_bash_operator.py
[2023-02-01T22:32:33.702+0000] {logging_mixin.py:137} INFO - [2023-02-01T22:32:33.702+0000] {dag.py:2690} INFO - Sync 1 DAGs
[2023-02-01T22:32:33.717+0000] {logging_mixin.py:137} INFO - [2023-02-01T22:32:33.717+0000] {dag.py:3441} INFO - Setting next_dagrun for example_bash_operator to 2023-01-31T00:00:00+00:00, run_after=2023-02-01T00:00:00+00:00
[2023-02-01T22:32:33.730+0000] {processor.py:175} INFO - Processing /home/airflow/.local/lib/python3.7/site-packages/airflow/example_dags/example_bash_operator.py took 0.073 seconds
[2023-02-01T22:33:04.389+0000] {processor.py:153} INFO - Started process (PID=1984) to work on /home/airflow/.local/lib/python3.7/site-packages/airflow/example_dags/example_bash_operator.py
[2023-02-01T22:33:04.391+0000] {processor.py:743} INFO - Processing file /home/airflow/.local/lib/python3.7/site-packages/airflow/example_dags/example_bash_operator.py for tasks to queue
[2023-02-01T22:33:04.392+0000] {logging_mixin.py:137} INFO - [2023-02-01T22:33:04.392+0000] {dagbag.py:538} INFO - Filling up the DagBag from /home/airflow/.local/lib/python3.7/site-packages/airflow/example_dags/example_bash_operator.py
[2023-02-01T22:33:04.406+0000] {processor.py:753} INFO - DAG(s) dict_keys(['example_bash_operator']) retrieved from /home/airflow/.local/lib/python3.7/site-packages/airflow/example_dags/example_bash_operator.py
[2023-02-01T22:33:04.431+0000] {logging_mixin.py:137} INFO - [2023-02-01T22:33:04.430+0000] {dag.py:2690} INFO - Sync 1 DAGs
[2023-02-01T22:33:04.446+0000] {logging_mixin.py:137} INFO - [2023-02-01T22:33:04.446+0000] {dag.py:3441} INFO - Setting next_dagrun for example_bash_operator to 2023-01-31T00:00:00+00:00, run_after=2023-02-01T00:00:00+00:00
[2023-02-01T22:33:04.457+0000] {processor.py:175} INFO - Processing /home/airflow/.local/lib/python3.7/site-packages/airflow/example_dags/example_bash_operator.py took 0.070 seconds
[2023-02-01T22:33:35.225+0000] {processor.py:153} INFO - Started process (PID=2060) to work on /home/airflow/.local/lib/python3.7/site-packages/airflow/example_dags/example_bash_operator.py
[2023-02-01T22:33:35.227+0000] {processor.py:743} INFO - Processing file /home/airflow/.local/lib/python3.7/site-packages/airflow/example_dags/example_bash_operator.py for tasks to queue
[2023-02-01T22:33:35.228+0000] {logging_mixin.py:137} INFO - [2023-02-01T22:33:35.228+0000] {dagbag.py:538} INFO - Filling up the DagBag from /home/airflow/.local/lib/python3.7/site-packages/airflow/example_dags/example_bash_operator.py
[2023-02-01T22:33:35.252+0000] {processor.py:753} INFO - DAG(s) dict_keys(['example_bash_operator']) retrieved from /home/airflow/.local/lib/python3.7/site-packages/airflow/example_dags/example_bash_operator.py
[2023-02-01T22:33:35.284+0000] {logging_mixin.py:137} INFO - [2023-02-01T22:33:35.284+0000] {dag.py:2690} INFO - Sync 1 DAGs
[2023-02-01T22:33:35.313+0000] {logging_mixin.py:137} INFO - [2023-02-01T22:33:35.313+0000] {dag.py:3441} INFO - Setting next_dagrun for example_bash_operator to 2023-01-31T00:00:00+00:00, run_after=2023-02-01T00:00:00+00:00
[2023-02-01T22:33:35.328+0000] {processor.py:175} INFO - Processing /home/airflow/.local/lib/python3.7/site-packages/airflow/example_dags/example_bash_operator.py took 0.111 seconds
[2023-02-01T22:34:05.725+0000] {processor.py:153} INFO - Started process (PID=2124) to work on /home/airflow/.local/lib/python3.7/site-packages/airflow/example_dags/example_bash_operator.py
[2023-02-01T22:34:05.728+0000] {processor.py:743} INFO - Processing file /home/airflow/.local/lib/python3.7/site-packages/airflow/example_dags/example_bash_operator.py for tasks to queue
[2023-02-01T22:34:05.729+0000] {logging_mixin.py:137} INFO - [2023-02-01T22:34:05.729+0000] {dagbag.py:538} INFO - Filling up the DagBag from /home/airflow/.local/lib/python3.7/site-packages/airflow/example_dags/example_bash_operator.py
[2023-02-01T22:34:05.758+0000] {processor.py:753} INFO - DAG(s) dict_keys(['example_bash_operator']) retrieved from /home/airflow/.local/lib/python3.7/site-packages/airflow/example_dags/example_bash_operator.py
[2023-02-01T22:34:05.801+0000] {logging_mixin.py:137} INFO - [2023-02-01T22:34:05.801+0000] {dag.py:2690} INFO - Sync 1 DAGs
[2023-02-01T22:34:05.822+0000] {logging_mixin.py:137} INFO - [2023-02-01T22:34:05.822+0000] {dag.py:3441} INFO - Setting next_dagrun for example_bash_operator to 2023-01-31T00:00:00+00:00, run_after=2023-02-01T00:00:00+00:00
[2023-02-01T22:34:05.834+0000] {processor.py:175} INFO - Processing /home/airflow/.local/lib/python3.7/site-packages/airflow/example_dags/example_bash_operator.py took 0.114 seconds
[2023-02-01T22:34:36.394+0000] {processor.py:153} INFO - Started process (PID=2199) to work on /home/airflow/.local/lib/python3.7/site-packages/airflow/example_dags/example_bash_operator.py
[2023-02-01T22:34:36.396+0000] {processor.py:743} INFO - Processing file /home/airflow/.local/lib/python3.7/site-packages/airflow/example_dags/example_bash_operator.py for tasks to queue
[2023-02-01T22:34:36.399+0000] {logging_mixin.py:137} INFO - [2023-02-01T22:34:36.399+0000] {dagbag.py:538} INFO - Filling up the DagBag from /home/airflow/.local/lib/python3.7/site-packages/airflow/example_dags/example_bash_operator.py
[2023-02-01T22:34:36.422+0000] {processor.py:753} INFO - DAG(s) dict_keys(['example_bash_operator']) retrieved from /home/airflow/.local/lib/python3.7/site-packages/airflow/example_dags/example_bash_operator.py
[2023-02-01T22:34:36.456+0000] {logging_mixin.py:137} INFO - [2023-02-01T22:34:36.456+0000] {dag.py:2690} INFO - Sync 1 DAGs
[2023-02-01T22:34:36.478+0000] {logging_mixin.py:137} INFO - [2023-02-01T22:34:36.478+0000] {dag.py:3441} INFO - Setting next_dagrun for example_bash_operator to 2023-01-31T00:00:00+00:00, run_after=2023-02-01T00:00:00+00:00
[2023-02-01T22:34:36.492+0000] {processor.py:175} INFO - Processing /home/airflow/.local/lib/python3.7/site-packages/airflow/example_dags/example_bash_operator.py took 0.101 seconds
[2023-02-01T22:35:07.419+0000] {processor.py:153} INFO - Started process (PID=2263) to work on /home/airflow/.local/lib/python3.7/site-packages/airflow/example_dags/example_bash_operator.py
[2023-02-01T22:35:07.420+0000] {processor.py:743} INFO - Processing file /home/airflow/.local/lib/python3.7/site-packages/airflow/example_dags/example_bash_operator.py for tasks to queue
[2023-02-01T22:35:07.421+0000] {logging_mixin.py:137} INFO - [2023-02-01T22:35:07.421+0000] {dagbag.py:538} INFO - Filling up the DagBag from /home/airflow/.local/lib/python3.7/site-packages/airflow/example_dags/example_bash_operator.py
[2023-02-01T22:35:07.437+0000] {processor.py:753} INFO - DAG(s) dict_keys(['example_bash_operator']) retrieved from /home/airflow/.local/lib/python3.7/site-packages/airflow/example_dags/example_bash_operator.py
[2023-02-01T22:35:07.461+0000] {logging_mixin.py:137} INFO - [2023-02-01T22:35:07.461+0000] {dag.py:2690} INFO - Sync 1 DAGs
[2023-02-01T22:35:07.478+0000] {logging_mixin.py:137} INFO - [2023-02-01T22:35:07.478+0000] {dag.py:3441} INFO - Setting next_dagrun for example_bash_operator to 2023-01-31T00:00:00+00:00, run_after=2023-02-01T00:00:00+00:00
[2023-02-01T22:35:07.490+0000] {processor.py:175} INFO - Processing /home/airflow/.local/lib/python3.7/site-packages/airflow/example_dags/example_bash_operator.py took 0.074 seconds
[2023-02-01T22:35:38.030+0000] {processor.py:153} INFO - Started process (PID=2340) to work on /home/airflow/.local/lib/python3.7/site-packages/airflow/example_dags/example_bash_operator.py
[2023-02-01T22:35:38.031+0000] {processor.py:743} INFO - Processing file /home/airflow/.local/lib/python3.7/site-packages/airflow/example_dags/example_bash_operator.py for tasks to queue
[2023-02-01T22:35:38.032+0000] {logging_mixin.py:137} INFO - [2023-02-01T22:35:38.032+0000] {dagbag.py:538} INFO - Filling up the DagBag from /home/airflow/.local/lib/python3.7/site-packages/airflow/example_dags/example_bash_operator.py
[2023-02-01T22:35:38.047+0000] {processor.py:753} INFO - DAG(s) dict_keys(['example_bash_operator']) retrieved from /home/airflow/.local/lib/python3.7/site-packages/airflow/example_dags/example_bash_operator.py
[2023-02-01T22:35:38.074+0000] {logging_mixin.py:137} INFO - [2023-02-01T22:35:38.074+0000] {dag.py:2690} INFO - Sync 1 DAGs
[2023-02-01T22:35:38.091+0000] {logging_mixin.py:137} INFO - [2023-02-01T22:35:38.091+0000] {dag.py:3441} INFO - Setting next_dagrun for example_bash_operator to 2023-01-31T00:00:00+00:00, run_after=2023-02-01T00:00:00+00:00
[2023-02-01T22:35:38.104+0000] {processor.py:175} INFO - Processing /home/airflow/.local/lib/python3.7/site-packages/airflow/example_dags/example_bash_operator.py took 0.077 seconds
[2023-02-01T22:36:09.032+0000] {processor.py:153} INFO - Started process (PID=2416) to work on /home/airflow/.local/lib/python3.7/site-packages/airflow/example_dags/example_bash_operator.py
[2023-02-01T22:36:09.033+0000] {processor.py:743} INFO - Processing file /home/airflow/.local/lib/python3.7/site-packages/airflow/example_dags/example_bash_operator.py for tasks to queue
[2023-02-01T22:36:09.034+0000] {logging_mixin.py:137} INFO - [2023-02-01T22:36:09.034+0000] {dagbag.py:538} INFO - Filling up the DagBag from /home/airflow/.local/lib/python3.7/site-packages/airflow/example_dags/example_bash_operator.py
[2023-02-01T22:36:09.049+0000] {processor.py:753} INFO - DAG(s) dict_keys(['example_bash_operator']) retrieved from /home/airflow/.local/lib/python3.7/site-packages/airflow/example_dags/example_bash_operator.py
[2023-02-01T22:36:09.075+0000] {logging_mixin.py:137} INFO - [2023-02-01T22:36:09.075+0000] {dag.py:2690} INFO - Sync 1 DAGs
[2023-02-01T22:36:09.091+0000] {logging_mixin.py:137} INFO - [2023-02-01T22:36:09.091+0000] {dag.py:3441} INFO - Setting next_dagrun for example_bash_operator to 2023-01-31T00:00:00+00:00, run_after=2023-02-01T00:00:00+00:00
[2023-02-01T22:36:09.104+0000] {processor.py:175} INFO - Processing /home/airflow/.local/lib/python3.7/site-packages/airflow/example_dags/example_bash_operator.py took 0.075 seconds
[2023-02-01T22:36:39.319+0000] {processor.py:153} INFO - Started process (PID=2480) to work on /home/airflow/.local/lib/python3.7/site-packages/airflow/example_dags/example_bash_operator.py
[2023-02-01T22:36:39.321+0000] {processor.py:743} INFO - Processing file /home/airflow/.local/lib/python3.7/site-packages/airflow/example_dags/example_bash_operator.py for tasks to queue
[2023-02-01T22:36:39.322+0000] {logging_mixin.py:137} INFO - [2023-02-01T22:36:39.322+0000] {dagbag.py:538} INFO - Filling up the DagBag from /home/airflow/.local/lib/python3.7/site-packages/airflow/example_dags/example_bash_operator.py
[2023-02-01T22:36:39.337+0000] {processor.py:753} INFO - DAG(s) dict_keys(['example_bash_operator']) retrieved from /home/airflow/.local/lib/python3.7/site-packages/airflow/example_dags/example_bash_operator.py
[2023-02-01T22:36:39.361+0000] {logging_mixin.py:137} INFO - [2023-02-01T22:36:39.361+0000] {dag.py:2690} INFO - Sync 1 DAGs
[2023-02-01T22:36:39.378+0000] {logging_mixin.py:137} INFO - [2023-02-01T22:36:39.378+0000] {dag.py:3441} INFO - Setting next_dagrun for example_bash_operator to 2023-01-31T00:00:00+00:00, run_after=2023-02-01T00:00:00+00:00
[2023-02-01T22:36:39.394+0000] {processor.py:175} INFO - Processing /home/airflow/.local/lib/python3.7/site-packages/airflow/example_dags/example_bash_operator.py took 0.078 seconds
