[2023-02-01T22:19:14.300+0000] {processor.py:153} INFO - Started process (PID=59) to work on /home/airflow/.local/lib/python3.7/site-packages/airflow/example_dags/example_branch_datetime_operator.py
[2023-02-01T22:19:14.385+0000] {processor.py:743} INFO - Processing file /home/airflow/.local/lib/python3.7/site-packages/airflow/example_dags/example_branch_datetime_operator.py for tasks to queue
[2023-02-01T22:19:14.429+0000] {logging_mixin.py:137} INFO - [2023-02-01T22:19:14.428+0000] {dagbag.py:538} INFO - Filling up the DagBag from /home/airflow/.local/lib/python3.7/site-packages/airflow/example_dags/example_branch_datetime_operator.py
[2023-02-01T22:19:14.647+0000] {processor.py:753} INFO - DAG(s) dict_keys(['example_branch_datetime_operator_2', 'example_branch_datetime_operator', 'example_branch_datetime_operator_3']) retrieved from /home/airflow/.local/lib/python3.7/site-packages/airflow/example_dags/example_branch_datetime_operator.py
[2023-02-01T22:19:14.758+0000] {logging_mixin.py:137} INFO - [2023-02-01T22:19:14.758+0000] {dag.py:2690} INFO - Sync 3 DAGs
[2023-02-01T22:19:14.896+0000] {logging_mixin.py:137} INFO - [2023-02-01T22:19:14.894+0000] {dag.py:3441} INFO - Setting next_dagrun for example_branch_datetime_operator to 2023-01-31T00:00:00+00:00, run_after=2023-02-01T00:00:00+00:00
[2023-02-01T22:19:14.982+0000] {logging_mixin.py:137} INFO - [2023-02-01T22:19:14.982+0000] {dag.py:3441} INFO - Setting next_dagrun for example_branch_datetime_operator_2 to 2023-01-31T00:00:00+00:00, run_after=2023-02-01T00:00:00+00:00
[2023-02-01T22:19:15.004+0000] {logging_mixin.py:137} INFO - [2023-02-01T22:19:15.004+0000] {dag.py:3441} INFO - Setting next_dagrun for example_branch_datetime_operator_3 to 2023-01-31T00:00:00+00:00, run_after=2023-02-01T00:00:00+00:00
[2023-02-01T22:19:15.444+0000] {processor.py:175} INFO - Processing /home/airflow/.local/lib/python3.7/site-packages/airflow/example_dags/example_branch_datetime_operator.py took 1.160 seconds
[2023-02-01T22:19:45.765+0000] {processor.py:153} INFO - Started process (PID=126) to work on /home/airflow/.local/lib/python3.7/site-packages/airflow/example_dags/example_branch_datetime_operator.py
[2023-02-01T22:19:45.767+0000] {processor.py:743} INFO - Processing file /home/airflow/.local/lib/python3.7/site-packages/airflow/example_dags/example_branch_datetime_operator.py for tasks to queue
[2023-02-01T22:19:45.768+0000] {logging_mixin.py:137} INFO - [2023-02-01T22:19:45.768+0000] {dagbag.py:538} INFO - Filling up the DagBag from /home/airflow/.local/lib/python3.7/site-packages/airflow/example_dags/example_branch_datetime_operator.py
[2023-02-01T22:19:45.783+0000] {processor.py:753} INFO - DAG(s) dict_keys(['example_branch_datetime_operator', 'example_branch_datetime_operator_3', 'example_branch_datetime_operator_2']) retrieved from /home/airflow/.local/lib/python3.7/site-packages/airflow/example_dags/example_branch_datetime_operator.py
[2023-02-01T22:19:45.807+0000] {logging_mixin.py:137} INFO - [2023-02-01T22:19:45.807+0000] {dag.py:2690} INFO - Sync 3 DAGs
[2023-02-01T22:19:45.826+0000] {logging_mixin.py:137} INFO - [2023-02-01T22:19:45.826+0000] {dag.py:3441} INFO - Setting next_dagrun for example_branch_datetime_operator to 2023-01-31T00:00:00+00:00, run_after=2023-02-01T00:00:00+00:00
[2023-02-01T22:19:45.830+0000] {logging_mixin.py:137} INFO - [2023-02-01T22:19:45.830+0000] {dag.py:3441} INFO - Setting next_dagrun for example_branch_datetime_operator_2 to 2023-01-31T00:00:00+00:00, run_after=2023-02-01T00:00:00+00:00
[2023-02-01T22:19:45.832+0000] {logging_mixin.py:137} INFO - [2023-02-01T22:19:45.832+0000] {dag.py:3441} INFO - Setting next_dagrun for example_branch_datetime_operator_3 to 2023-01-31T00:00:00+00:00, run_after=2023-02-01T00:00:00+00:00
[2023-02-01T22:19:45.842+0000] {processor.py:175} INFO - Processing /home/airflow/.local/lib/python3.7/site-packages/airflow/example_dags/example_branch_datetime_operator.py took 0.082 seconds
[2023-02-01T22:20:15.926+0000] {processor.py:153} INFO - Started process (PID=190) to work on /home/airflow/.local/lib/python3.7/site-packages/airflow/example_dags/example_branch_datetime_operator.py
[2023-02-01T22:20:15.929+0000] {processor.py:743} INFO - Processing file /home/airflow/.local/lib/python3.7/site-packages/airflow/example_dags/example_branch_datetime_operator.py for tasks to queue
[2023-02-01T22:20:15.931+0000] {logging_mixin.py:137} INFO - [2023-02-01T22:20:15.931+0000] {dagbag.py:538} INFO - Filling up the DagBag from /home/airflow/.local/lib/python3.7/site-packages/airflow/example_dags/example_branch_datetime_operator.py
[2023-02-01T22:20:15.955+0000] {processor.py:753} INFO - DAG(s) dict_keys(['example_branch_datetime_operator', 'example_branch_datetime_operator_2', 'example_branch_datetime_operator_3']) retrieved from /home/airflow/.local/lib/python3.7/site-packages/airflow/example_dags/example_branch_datetime_operator.py
[2023-02-01T22:20:15.987+0000] {logging_mixin.py:137} INFO - [2023-02-01T22:20:15.987+0000] {dag.py:2690} INFO - Sync 3 DAGs
[2023-02-01T22:20:16.005+0000] {logging_mixin.py:137} INFO - [2023-02-01T22:20:16.005+0000] {dag.py:3441} INFO - Setting next_dagrun for example_branch_datetime_operator to 2023-01-31T00:00:00+00:00, run_after=2023-02-01T00:00:00+00:00
[2023-02-01T22:20:16.013+0000] {logging_mixin.py:137} INFO - [2023-02-01T22:20:16.013+0000] {dag.py:3441} INFO - Setting next_dagrun for example_branch_datetime_operator_2 to 2023-01-31T00:00:00+00:00, run_after=2023-02-01T00:00:00+00:00
[2023-02-01T22:20:16.019+0000] {logging_mixin.py:137} INFO - [2023-02-01T22:20:16.019+0000] {dag.py:3441} INFO - Setting next_dagrun for example_branch_datetime_operator_3 to 2023-01-31T00:00:00+00:00, run_after=2023-02-01T00:00:00+00:00
[2023-02-01T22:20:16.031+0000] {processor.py:175} INFO - Processing /home/airflow/.local/lib/python3.7/site-packages/airflow/example_dags/example_branch_datetime_operator.py took 0.111 seconds
[2023-02-01T22:20:46.839+0000] {processor.py:153} INFO - Started process (PID=266) to work on /home/airflow/.local/lib/python3.7/site-packages/airflow/example_dags/example_branch_datetime_operator.py
[2023-02-01T22:20:46.841+0000] {processor.py:743} INFO - Processing file /home/airflow/.local/lib/python3.7/site-packages/airflow/example_dags/example_branch_datetime_operator.py for tasks to queue
[2023-02-01T22:20:46.842+0000] {logging_mixin.py:137} INFO - [2023-02-01T22:20:46.842+0000] {dagbag.py:538} INFO - Filling up the DagBag from /home/airflow/.local/lib/python3.7/site-packages/airflow/example_dags/example_branch_datetime_operator.py
[2023-02-01T22:20:46.872+0000] {processor.py:753} INFO - DAG(s) dict_keys(['example_branch_datetime_operator_2', 'example_branch_datetime_operator', 'example_branch_datetime_operator_3']) retrieved from /home/airflow/.local/lib/python3.7/site-packages/airflow/example_dags/example_branch_datetime_operator.py
[2023-02-01T22:20:46.918+0000] {logging_mixin.py:137} INFO - [2023-02-01T22:20:46.918+0000] {dag.py:2690} INFO - Sync 3 DAGs
[2023-02-01T22:20:46.945+0000] {logging_mixin.py:137} INFO - [2023-02-01T22:20:46.945+0000] {dag.py:3441} INFO - Setting next_dagrun for example_branch_datetime_operator to 2023-01-31T00:00:00+00:00, run_after=2023-02-01T00:00:00+00:00
[2023-02-01T22:20:46.949+0000] {logging_mixin.py:137} INFO - [2023-02-01T22:20:46.948+0000] {dag.py:3441} INFO - Setting next_dagrun for example_branch_datetime_operator_2 to 2023-01-31T00:00:00+00:00, run_after=2023-02-01T00:00:00+00:00
[2023-02-01T22:20:46.950+0000] {logging_mixin.py:137} INFO - [2023-02-01T22:20:46.950+0000] {dag.py:3441} INFO - Setting next_dagrun for example_branch_datetime_operator_3 to 2023-01-31T00:00:00+00:00, run_after=2023-02-01T00:00:00+00:00
[2023-02-01T22:20:46.962+0000] {processor.py:175} INFO - Processing /home/airflow/.local/lib/python3.7/site-packages/airflow/example_dags/example_branch_datetime_operator.py took 0.127 seconds
[2023-02-01T22:21:17.235+0000] {processor.py:153} INFO - Started process (PID=339) to work on /home/airflow/.local/lib/python3.7/site-packages/airflow/example_dags/example_branch_datetime_operator.py
[2023-02-01T22:21:17.240+0000] {processor.py:743} INFO - Processing file /home/airflow/.local/lib/python3.7/site-packages/airflow/example_dags/example_branch_datetime_operator.py for tasks to queue
[2023-02-01T22:21:17.246+0000] {logging_mixin.py:137} INFO - [2023-02-01T22:21:17.246+0000] {dagbag.py:538} INFO - Filling up the DagBag from /home/airflow/.local/lib/python3.7/site-packages/airflow/example_dags/example_branch_datetime_operator.py
[2023-02-01T22:21:17.292+0000] {processor.py:753} INFO - DAG(s) dict_keys(['example_branch_datetime_operator', 'example_branch_datetime_operator_3', 'example_branch_datetime_operator_2']) retrieved from /home/airflow/.local/lib/python3.7/site-packages/airflow/example_dags/example_branch_datetime_operator.py
[2023-02-01T22:21:17.335+0000] {logging_mixin.py:137} INFO - [2023-02-01T22:21:17.335+0000] {dag.py:2690} INFO - Sync 3 DAGs
[2023-02-01T22:21:17.357+0000] {logging_mixin.py:137} INFO - [2023-02-01T22:21:17.356+0000] {dag.py:3441} INFO - Setting next_dagrun for example_branch_datetime_operator to 2023-01-31T00:00:00+00:00, run_after=2023-02-01T00:00:00+00:00
[2023-02-01T22:21:17.362+0000] {logging_mixin.py:137} INFO - [2023-02-01T22:21:17.362+0000] {dag.py:3441} INFO - Setting next_dagrun for example_branch_datetime_operator_2 to 2023-01-31T00:00:00+00:00, run_after=2023-02-01T00:00:00+00:00
[2023-02-01T22:21:17.366+0000] {logging_mixin.py:137} INFO - [2023-02-01T22:21:17.366+0000] {dag.py:3441} INFO - Setting next_dagrun for example_branch_datetime_operator_3 to 2023-01-31T00:00:00+00:00, run_after=2023-02-01T00:00:00+00:00
[2023-02-01T22:21:17.379+0000] {processor.py:175} INFO - Processing /home/airflow/.local/lib/python3.7/site-packages/airflow/example_dags/example_branch_datetime_operator.py took 0.150 seconds
[2023-02-01T22:21:48.283+0000] {processor.py:153} INFO - Started process (PID=405) to work on /home/airflow/.local/lib/python3.7/site-packages/airflow/example_dags/example_branch_datetime_operator.py
[2023-02-01T22:21:48.285+0000] {processor.py:743} INFO - Processing file /home/airflow/.local/lib/python3.7/site-packages/airflow/example_dags/example_branch_datetime_operator.py for tasks to queue
[2023-02-01T22:21:48.286+0000] {logging_mixin.py:137} INFO - [2023-02-01T22:21:48.286+0000] {dagbag.py:538} INFO - Filling up the DagBag from /home/airflow/.local/lib/python3.7/site-packages/airflow/example_dags/example_branch_datetime_operator.py
[2023-02-01T22:21:48.304+0000] {processor.py:753} INFO - DAG(s) dict_keys(['example_branch_datetime_operator_2', 'example_branch_datetime_operator_3', 'example_branch_datetime_operator']) retrieved from /home/airflow/.local/lib/python3.7/site-packages/airflow/example_dags/example_branch_datetime_operator.py
[2023-02-01T22:21:48.327+0000] {logging_mixin.py:137} INFO - [2023-02-01T22:21:48.327+0000] {dag.py:2690} INFO - Sync 3 DAGs
[2023-02-01T22:21:48.343+0000] {logging_mixin.py:137} INFO - [2023-02-01T22:21:48.343+0000] {dag.py:3441} INFO - Setting next_dagrun for example_branch_datetime_operator to 2023-01-31T00:00:00+00:00, run_after=2023-02-01T00:00:00+00:00
[2023-02-01T22:21:48.347+0000] {logging_mixin.py:137} INFO - [2023-02-01T22:21:48.346+0000] {dag.py:3441} INFO - Setting next_dagrun for example_branch_datetime_operator_2 to 2023-01-31T00:00:00+00:00, run_after=2023-02-01T00:00:00+00:00
[2023-02-01T22:21:48.348+0000] {logging_mixin.py:137} INFO - [2023-02-01T22:21:48.348+0000] {dag.py:3441} INFO - Setting next_dagrun for example_branch_datetime_operator_3 to 2023-01-31T00:00:00+00:00, run_after=2023-02-01T00:00:00+00:00
[2023-02-01T22:21:48.358+0000] {processor.py:175} INFO - Processing /home/airflow/.local/lib/python3.7/site-packages/airflow/example_dags/example_branch_datetime_operator.py took 0.081 seconds
[2023-02-01T22:22:18.520+0000] {processor.py:153} INFO - Started process (PID=481) to work on /home/airflow/.local/lib/python3.7/site-packages/airflow/example_dags/example_branch_datetime_operator.py
[2023-02-01T22:22:18.522+0000] {processor.py:743} INFO - Processing file /home/airflow/.local/lib/python3.7/site-packages/airflow/example_dags/example_branch_datetime_operator.py for tasks to queue
[2023-02-01T22:22:18.524+0000] {logging_mixin.py:137} INFO - [2023-02-01T22:22:18.523+0000] {dagbag.py:538} INFO - Filling up the DagBag from /home/airflow/.local/lib/python3.7/site-packages/airflow/example_dags/example_branch_datetime_operator.py
[2023-02-01T22:22:18.549+0000] {processor.py:753} INFO - DAG(s) dict_keys(['example_branch_datetime_operator', 'example_branch_datetime_operator_3', 'example_branch_datetime_operator_2']) retrieved from /home/airflow/.local/lib/python3.7/site-packages/airflow/example_dags/example_branch_datetime_operator.py
[2023-02-01T22:22:18.589+0000] {logging_mixin.py:137} INFO - [2023-02-01T22:22:18.589+0000] {dag.py:2690} INFO - Sync 3 DAGs
[2023-02-01T22:22:18.609+0000] {logging_mixin.py:137} INFO - [2023-02-01T22:22:18.609+0000] {dag.py:3441} INFO - Setting next_dagrun for example_branch_datetime_operator to 2023-01-31T00:00:00+00:00, run_after=2023-02-01T00:00:00+00:00
[2023-02-01T22:22:18.612+0000] {logging_mixin.py:137} INFO - [2023-02-01T22:22:18.612+0000] {dag.py:3441} INFO - Setting next_dagrun for example_branch_datetime_operator_2 to 2023-01-31T00:00:00+00:00, run_after=2023-02-01T00:00:00+00:00
[2023-02-01T22:22:18.614+0000] {logging_mixin.py:137} INFO - [2023-02-01T22:22:18.614+0000] {dag.py:3441} INFO - Setting next_dagrun for example_branch_datetime_operator_3 to 2023-01-31T00:00:00+00:00, run_after=2023-02-01T00:00:00+00:00
[2023-02-01T22:22:18.624+0000] {processor.py:175} INFO - Processing /home/airflow/.local/lib/python3.7/site-packages/airflow/example_dags/example_branch_datetime_operator.py took 0.108 seconds
[2023-02-01T22:22:49.352+0000] {processor.py:153} INFO - Started process (PID=545) to work on /home/airflow/.local/lib/python3.7/site-packages/airflow/example_dags/example_branch_datetime_operator.py
[2023-02-01T22:22:49.354+0000] {processor.py:743} INFO - Processing file /home/airflow/.local/lib/python3.7/site-packages/airflow/example_dags/example_branch_datetime_operator.py for tasks to queue
[2023-02-01T22:22:49.359+0000] {logging_mixin.py:137} INFO - [2023-02-01T22:22:49.359+0000] {dagbag.py:538} INFO - Filling up the DagBag from /home/airflow/.local/lib/python3.7/site-packages/airflow/example_dags/example_branch_datetime_operator.py
[2023-02-01T22:22:49.398+0000] {processor.py:753} INFO - DAG(s) dict_keys(['example_branch_datetime_operator_2', 'example_branch_datetime_operator_3', 'example_branch_datetime_operator']) retrieved from /home/airflow/.local/lib/python3.7/site-packages/airflow/example_dags/example_branch_datetime_operator.py
[2023-02-01T22:22:49.473+0000] {logging_mixin.py:137} INFO - [2023-02-01T22:22:49.472+0000] {dag.py:2690} INFO - Sync 3 DAGs
[2023-02-01T22:22:49.548+0000] {logging_mixin.py:137} INFO - [2023-02-01T22:22:49.548+0000] {dag.py:3441} INFO - Setting next_dagrun for example_branch_datetime_operator to 2023-01-31T00:00:00+00:00, run_after=2023-02-01T00:00:00+00:00
[2023-02-01T22:22:49.563+0000] {logging_mixin.py:137} INFO - [2023-02-01T22:22:49.563+0000] {dag.py:3441} INFO - Setting next_dagrun for example_branch_datetime_operator_2 to 2023-01-31T00:00:00+00:00, run_after=2023-02-01T00:00:00+00:00
[2023-02-01T22:22:49.569+0000] {logging_mixin.py:137} INFO - [2023-02-01T22:22:49.569+0000] {dag.py:3441} INFO - Setting next_dagrun for example_branch_datetime_operator_3 to 2023-01-31T00:00:00+00:00, run_after=2023-02-01T00:00:00+00:00
[2023-02-01T22:22:49.589+0000] {processor.py:175} INFO - Processing /home/airflow/.local/lib/python3.7/site-packages/airflow/example_dags/example_branch_datetime_operator.py took 0.246 seconds
[2023-02-01T22:23:20.109+0000] {processor.py:153} INFO - Started process (PID=621) to work on /home/airflow/.local/lib/python3.7/site-packages/airflow/example_dags/example_branch_datetime_operator.py
[2023-02-01T22:23:20.112+0000] {processor.py:743} INFO - Processing file /home/airflow/.local/lib/python3.7/site-packages/airflow/example_dags/example_branch_datetime_operator.py for tasks to queue
[2023-02-01T22:23:20.114+0000] {logging_mixin.py:137} INFO - [2023-02-01T22:23:20.114+0000] {dagbag.py:538} INFO - Filling up the DagBag from /home/airflow/.local/lib/python3.7/site-packages/airflow/example_dags/example_branch_datetime_operator.py
[2023-02-01T22:23:20.135+0000] {processor.py:753} INFO - DAG(s) dict_keys(['example_branch_datetime_operator', 'example_branch_datetime_operator_3', 'example_branch_datetime_operator_2']) retrieved from /home/airflow/.local/lib/python3.7/site-packages/airflow/example_dags/example_branch_datetime_operator.py
[2023-02-01T22:23:20.160+0000] {logging_mixin.py:137} INFO - [2023-02-01T22:23:20.160+0000] {dag.py:2690} INFO - Sync 3 DAGs
[2023-02-01T22:23:20.176+0000] {logging_mixin.py:137} INFO - [2023-02-01T22:23:20.176+0000] {dag.py:3441} INFO - Setting next_dagrun for example_branch_datetime_operator to 2023-01-31T00:00:00+00:00, run_after=2023-02-01T00:00:00+00:00
[2023-02-01T22:23:20.179+0000] {logging_mixin.py:137} INFO - [2023-02-01T22:23:20.179+0000] {dag.py:3441} INFO - Setting next_dagrun for example_branch_datetime_operator_2 to 2023-01-31T00:00:00+00:00, run_after=2023-02-01T00:00:00+00:00
[2023-02-01T22:23:20.181+0000] {logging_mixin.py:137} INFO - [2023-02-01T22:23:20.181+0000] {dag.py:3441} INFO - Setting next_dagrun for example_branch_datetime_operator_3 to 2023-01-31T00:00:00+00:00, run_after=2023-02-01T00:00:00+00:00
[2023-02-01T22:23:20.191+0000] {processor.py:175} INFO - Processing /home/airflow/.local/lib/python3.7/site-packages/airflow/example_dags/example_branch_datetime_operator.py took 0.088 seconds
[2023-02-01T22:23:51.147+0000] {processor.py:153} INFO - Started process (PID=697) to work on /home/airflow/.local/lib/python3.7/site-packages/airflow/example_dags/example_branch_datetime_operator.py
[2023-02-01T22:23:51.150+0000] {processor.py:743} INFO - Processing file /home/airflow/.local/lib/python3.7/site-packages/airflow/example_dags/example_branch_datetime_operator.py for tasks to queue
[2023-02-01T22:23:51.151+0000] {logging_mixin.py:137} INFO - [2023-02-01T22:23:51.151+0000] {dagbag.py:538} INFO - Filling up the DagBag from /home/airflow/.local/lib/python3.7/site-packages/airflow/example_dags/example_branch_datetime_operator.py
[2023-02-01T22:23:51.174+0000] {processor.py:753} INFO - DAG(s) dict_keys(['example_branch_datetime_operator_2', 'example_branch_datetime_operator', 'example_branch_datetime_operator_3']) retrieved from /home/airflow/.local/lib/python3.7/site-packages/airflow/example_dags/example_branch_datetime_operator.py
[2023-02-01T22:23:51.204+0000] {logging_mixin.py:137} INFO - [2023-02-01T22:23:51.204+0000] {dag.py:2690} INFO - Sync 3 DAGs
[2023-02-01T22:23:51.227+0000] {logging_mixin.py:137} INFO - [2023-02-01T22:23:51.226+0000] {dag.py:3441} INFO - Setting next_dagrun for example_branch_datetime_operator to 2023-01-31T00:00:00+00:00, run_after=2023-02-01T00:00:00+00:00
[2023-02-01T22:23:51.230+0000] {logging_mixin.py:137} INFO - [2023-02-01T22:23:51.230+0000] {dag.py:3441} INFO - Setting next_dagrun for example_branch_datetime_operator_2 to 2023-01-31T00:00:00+00:00, run_after=2023-02-01T00:00:00+00:00
[2023-02-01T22:23:51.232+0000] {logging_mixin.py:137} INFO - [2023-02-01T22:23:51.232+0000] {dag.py:3441} INFO - Setting next_dagrun for example_branch_datetime_operator_3 to 2023-01-31T00:00:00+00:00, run_after=2023-02-01T00:00:00+00:00
[2023-02-01T22:23:51.245+0000] {processor.py:175} INFO - Processing /home/airflow/.local/lib/python3.7/site-packages/airflow/example_dags/example_branch_datetime_operator.py took 0.103 seconds
