[2023-02-01T22:19:18.288+0000] {processor.py:153} INFO - Started process (PID=69) to work on /home/airflow/.local/lib/python3.7/site-packages/airflow/example_dags/example_task_group_decorator.py
[2023-02-01T22:19:18.295+0000] {processor.py:743} INFO - Processing file /home/airflow/.local/lib/python3.7/site-packages/airflow/example_dags/example_task_group_decorator.py for tasks to queue
[2023-02-01T22:19:18.300+0000] {logging_mixin.py:137} INFO - [2023-02-01T22:19:18.299+0000] {dagbag.py:538} INFO - Filling up the DagBag from /home/airflow/.local/lib/python3.7/site-packages/airflow/example_dags/example_task_group_decorator.py
[2023-02-01T22:19:18.346+0000] {processor.py:753} INFO - DAG(s) dict_keys(['example_task_group_decorator']) retrieved from /home/airflow/.local/lib/python3.7/site-packages/airflow/example_dags/example_task_group_decorator.py
[2023-02-01T22:19:18.371+0000] {logging_mixin.py:137} INFO - [2023-02-01T22:19:18.371+0000] {dag.py:2690} INFO - Sync 1 DAGs
[2023-02-01T22:19:18.427+0000] {logging_mixin.py:137} INFO - [2023-02-01T22:19:18.427+0000] {dag.py:3441} INFO - Setting next_dagrun for example_task_group_decorator to 2023-01-31T22:19:18.426652+00:00, run_after=2023-02-01T22:19:18.426652+00:00
[2023-02-01T22:19:18.476+0000] {processor.py:175} INFO - Processing /home/airflow/.local/lib/python3.7/site-packages/airflow/example_dags/example_task_group_decorator.py took 0.200 seconds
[2023-02-01T22:19:49.208+0000] {processor.py:153} INFO - Started process (PID=133) to work on /home/airflow/.local/lib/python3.7/site-packages/airflow/example_dags/example_task_group_decorator.py
[2023-02-01T22:19:49.210+0000] {processor.py:743} INFO - Processing file /home/airflow/.local/lib/python3.7/site-packages/airflow/example_dags/example_task_group_decorator.py for tasks to queue
[2023-02-01T22:19:49.210+0000] {logging_mixin.py:137} INFO - [2023-02-01T22:19:49.210+0000] {dagbag.py:538} INFO - Filling up the DagBag from /home/airflow/.local/lib/python3.7/site-packages/airflow/example_dags/example_task_group_decorator.py
[2023-02-01T22:19:49.227+0000] {processor.py:753} INFO - DAG(s) dict_keys(['example_task_group_decorator']) retrieved from /home/airflow/.local/lib/python3.7/site-packages/airflow/example_dags/example_task_group_decorator.py
[2023-02-01T22:19:49.246+0000] {logging_mixin.py:137} INFO - [2023-02-01T22:19:49.246+0000] {dag.py:2690} INFO - Sync 1 DAGs
[2023-02-01T22:19:49.261+0000] {logging_mixin.py:137} INFO - [2023-02-01T22:19:49.260+0000] {dag.py:3441} INFO - Setting next_dagrun for example_task_group_decorator to 2023-01-31T22:19:49.260763+00:00, run_after=2023-02-01T22:19:49.260763+00:00
[2023-02-01T22:19:49.271+0000] {processor.py:175} INFO - Processing /home/airflow/.local/lib/python3.7/site-packages/airflow/example_dags/example_task_group_decorator.py took 0.065 seconds
[2023-02-01T22:20:19.408+0000] {processor.py:153} INFO - Started process (PID=209) to work on /home/airflow/.local/lib/python3.7/site-packages/airflow/example_dags/example_task_group_decorator.py
[2023-02-01T22:20:19.409+0000] {processor.py:743} INFO - Processing file /home/airflow/.local/lib/python3.7/site-packages/airflow/example_dags/example_task_group_decorator.py for tasks to queue
[2023-02-01T22:20:19.409+0000] {logging_mixin.py:137} INFO - [2023-02-01T22:20:19.409+0000] {dagbag.py:538} INFO - Filling up the DagBag from /home/airflow/.local/lib/python3.7/site-packages/airflow/example_dags/example_task_group_decorator.py
[2023-02-01T22:20:19.427+0000] {processor.py:753} INFO - DAG(s) dict_keys(['example_task_group_decorator']) retrieved from /home/airflow/.local/lib/python3.7/site-packages/airflow/example_dags/example_task_group_decorator.py
[2023-02-01T22:20:19.448+0000] {logging_mixin.py:137} INFO - [2023-02-01T22:20:19.448+0000] {dag.py:2690} INFO - Sync 1 DAGs
[2023-02-01T22:20:19.464+0000] {logging_mixin.py:137} INFO - [2023-02-01T22:20:19.464+0000] {dag.py:3441} INFO - Setting next_dagrun for example_task_group_decorator to 2023-01-31T22:20:19.463960+00:00, run_after=2023-02-01T22:20:19.463960+00:00
[2023-02-01T22:20:19.476+0000] {processor.py:175} INFO - Processing /home/airflow/.local/lib/python3.7/site-packages/airflow/example_dags/example_task_group_decorator.py took 0.070 seconds
[2023-02-01T22:20:50.440+0000] {processor.py:153} INFO - Started process (PID=273) to work on /home/airflow/.local/lib/python3.7/site-packages/airflow/example_dags/example_task_group_decorator.py
[2023-02-01T22:20:50.445+0000] {processor.py:743} INFO - Processing file /home/airflow/.local/lib/python3.7/site-packages/airflow/example_dags/example_task_group_decorator.py for tasks to queue
[2023-02-01T22:20:50.447+0000] {logging_mixin.py:137} INFO - [2023-02-01T22:20:50.446+0000] {dagbag.py:538} INFO - Filling up the DagBag from /home/airflow/.local/lib/python3.7/site-packages/airflow/example_dags/example_task_group_decorator.py
[2023-02-01T22:20:50.474+0000] {processor.py:753} INFO - DAG(s) dict_keys(['example_task_group_decorator']) retrieved from /home/airflow/.local/lib/python3.7/site-packages/airflow/example_dags/example_task_group_decorator.py
[2023-02-01T22:20:50.505+0000] {logging_mixin.py:137} INFO - [2023-02-01T22:20:50.504+0000] {dag.py:2690} INFO - Sync 1 DAGs
[2023-02-01T22:20:50.535+0000] {logging_mixin.py:137} INFO - [2023-02-01T22:20:50.535+0000] {dag.py:3441} INFO - Setting next_dagrun for example_task_group_decorator to 2023-01-31T22:20:50.534823+00:00, run_after=2023-02-01T22:20:50.534823+00:00
[2023-02-01T22:20:50.556+0000] {processor.py:175} INFO - Processing /home/airflow/.local/lib/python3.7/site-packages/airflow/example_dags/example_task_group_decorator.py took 0.120 seconds
[2023-02-01T22:21:20.644+0000] {processor.py:153} INFO - Started process (PID=349) to work on /home/airflow/.local/lib/python3.7/site-packages/airflow/example_dags/example_task_group_decorator.py
[2023-02-01T22:21:20.645+0000] {processor.py:743} INFO - Processing file /home/airflow/.local/lib/python3.7/site-packages/airflow/example_dags/example_task_group_decorator.py for tasks to queue
[2023-02-01T22:21:20.647+0000] {logging_mixin.py:137} INFO - [2023-02-01T22:21:20.647+0000] {dagbag.py:538} INFO - Filling up the DagBag from /home/airflow/.local/lib/python3.7/site-packages/airflow/example_dags/example_task_group_decorator.py
[2023-02-01T22:21:20.672+0000] {processor.py:753} INFO - DAG(s) dict_keys(['example_task_group_decorator']) retrieved from /home/airflow/.local/lib/python3.7/site-packages/airflow/example_dags/example_task_group_decorator.py
[2023-02-01T22:21:20.694+0000] {logging_mixin.py:137} INFO - [2023-02-01T22:21:20.693+0000] {dag.py:2690} INFO - Sync 1 DAGs
[2023-02-01T22:21:20.714+0000] {logging_mixin.py:137} INFO - [2023-02-01T22:21:20.714+0000] {dag.py:3441} INFO - Setting next_dagrun for example_task_group_decorator to 2023-01-31T22:21:20.714420+00:00, run_after=2023-02-01T22:21:20.714420+00:00
[2023-02-01T22:21:20.727+0000] {processor.py:175} INFO - Processing /home/airflow/.local/lib/python3.7/site-packages/airflow/example_dags/example_task_group_decorator.py took 0.086 seconds
[2023-02-01T22:21:50.843+0000] {processor.py:153} INFO - Started process (PID=412) to work on /home/airflow/.local/lib/python3.7/site-packages/airflow/example_dags/example_task_group_decorator.py
[2023-02-01T22:21:50.844+0000] {processor.py:743} INFO - Processing file /home/airflow/.local/lib/python3.7/site-packages/airflow/example_dags/example_task_group_decorator.py for tasks to queue
[2023-02-01T22:21:50.845+0000] {logging_mixin.py:137} INFO - [2023-02-01T22:21:50.845+0000] {dagbag.py:538} INFO - Filling up the DagBag from /home/airflow/.local/lib/python3.7/site-packages/airflow/example_dags/example_task_group_decorator.py
[2023-02-01T22:21:50.863+0000] {processor.py:753} INFO - DAG(s) dict_keys(['example_task_group_decorator']) retrieved from /home/airflow/.local/lib/python3.7/site-packages/airflow/example_dags/example_task_group_decorator.py
[2023-02-01T22:21:50.882+0000] {logging_mixin.py:137} INFO - [2023-02-01T22:21:50.882+0000] {dag.py:2690} INFO - Sync 1 DAGs
[2023-02-01T22:21:50.898+0000] {logging_mixin.py:137} INFO - [2023-02-01T22:21:50.897+0000] {dag.py:3441} INFO - Setting next_dagrun for example_task_group_decorator to 2023-01-31T22:21:50.897741+00:00, run_after=2023-02-01T22:21:50.897741+00:00
[2023-02-01T22:21:50.909+0000] {processor.py:175} INFO - Processing /home/airflow/.local/lib/python3.7/site-packages/airflow/example_dags/example_task_group_decorator.py took 0.069 seconds
[2023-02-01T22:22:21.020+0000] {processor.py:153} INFO - Started process (PID=488) to work on /home/airflow/.local/lib/python3.7/site-packages/airflow/example_dags/example_task_group_decorator.py
[2023-02-01T22:22:21.021+0000] {processor.py:743} INFO - Processing file /home/airflow/.local/lib/python3.7/site-packages/airflow/example_dags/example_task_group_decorator.py for tasks to queue
[2023-02-01T22:22:21.022+0000] {logging_mixin.py:137} INFO - [2023-02-01T22:22:21.022+0000] {dagbag.py:538} INFO - Filling up the DagBag from /home/airflow/.local/lib/python3.7/site-packages/airflow/example_dags/example_task_group_decorator.py
[2023-02-01T22:22:21.040+0000] {processor.py:753} INFO - DAG(s) dict_keys(['example_task_group_decorator']) retrieved from /home/airflow/.local/lib/python3.7/site-packages/airflow/example_dags/example_task_group_decorator.py
[2023-02-01T22:22:21.060+0000] {logging_mixin.py:137} INFO - [2023-02-01T22:22:21.060+0000] {dag.py:2690} INFO - Sync 1 DAGs
[2023-02-01T22:22:21.075+0000] {logging_mixin.py:137} INFO - [2023-02-01T22:22:21.075+0000] {dag.py:3441} INFO - Setting next_dagrun for example_task_group_decorator to 2023-01-31T22:22:21.074854+00:00, run_after=2023-02-01T22:22:21.074854+00:00
[2023-02-01T22:22:21.085+0000] {processor.py:175} INFO - Processing /home/airflow/.local/lib/python3.7/site-packages/airflow/example_dags/example_task_group_decorator.py took 0.067 seconds
[2023-02-01T22:22:51.871+0000] {processor.py:153} INFO - Started process (PID=564) to work on /home/airflow/.local/lib/python3.7/site-packages/airflow/example_dags/example_task_group_decorator.py
[2023-02-01T22:22:51.873+0000] {processor.py:743} INFO - Processing file /home/airflow/.local/lib/python3.7/site-packages/airflow/example_dags/example_task_group_decorator.py for tasks to queue
[2023-02-01T22:22:51.873+0000] {logging_mixin.py:137} INFO - [2023-02-01T22:22:51.873+0000] {dagbag.py:538} INFO - Filling up the DagBag from /home/airflow/.local/lib/python3.7/site-packages/airflow/example_dags/example_task_group_decorator.py
[2023-02-01T22:22:51.891+0000] {processor.py:753} INFO - DAG(s) dict_keys(['example_task_group_decorator']) retrieved from /home/airflow/.local/lib/python3.7/site-packages/airflow/example_dags/example_task_group_decorator.py
[2023-02-01T22:22:51.916+0000] {logging_mixin.py:137} INFO - [2023-02-01T22:22:51.916+0000] {dag.py:2690} INFO - Sync 1 DAGs
[2023-02-01T22:22:51.932+0000] {logging_mixin.py:137} INFO - [2023-02-01T22:22:51.931+0000] {dag.py:3441} INFO - Setting next_dagrun for example_task_group_decorator to 2023-01-31T22:22:51.931761+00:00, run_after=2023-02-01T22:22:51.931761+00:00
[2023-02-01T22:22:51.944+0000] {processor.py:175} INFO - Processing /home/airflow/.local/lib/python3.7/site-packages/airflow/example_dags/example_task_group_decorator.py took 0.077 seconds
[2023-02-01T22:23:22.622+0000] {processor.py:153} INFO - Started process (PID=628) to work on /home/airflow/.local/lib/python3.7/site-packages/airflow/example_dags/example_task_group_decorator.py
[2023-02-01T22:23:22.630+0000] {processor.py:743} INFO - Processing file /home/airflow/.local/lib/python3.7/site-packages/airflow/example_dags/example_task_group_decorator.py for tasks to queue
[2023-02-01T22:23:22.631+0000] {logging_mixin.py:137} INFO - [2023-02-01T22:23:22.631+0000] {dagbag.py:538} INFO - Filling up the DagBag from /home/airflow/.local/lib/python3.7/site-packages/airflow/example_dags/example_task_group_decorator.py
[2023-02-01T22:23:22.658+0000] {processor.py:753} INFO - DAG(s) dict_keys(['example_task_group_decorator']) retrieved from /home/airflow/.local/lib/python3.7/site-packages/airflow/example_dags/example_task_group_decorator.py
[2023-02-01T22:23:22.692+0000] {logging_mixin.py:137} INFO - [2023-02-01T22:23:22.692+0000] {dag.py:2690} INFO - Sync 1 DAGs
[2023-02-01T22:23:22.734+0000] {logging_mixin.py:137} INFO - [2023-02-01T22:23:22.734+0000] {dag.py:3441} INFO - Setting next_dagrun for example_task_group_decorator to 2023-01-31T22:23:22.733662+00:00, run_after=2023-02-01T22:23:22.733662+00:00
[2023-02-01T22:23:22.760+0000] {processor.py:175} INFO - Processing /home/airflow/.local/lib/python3.7/site-packages/airflow/example_dags/example_task_group_decorator.py took 0.144 seconds
[2023-02-01T22:23:53.621+0000] {processor.py:153} INFO - Started process (PID=704) to work on /home/airflow/.local/lib/python3.7/site-packages/airflow/example_dags/example_task_group_decorator.py
[2023-02-01T22:23:53.623+0000] {processor.py:743} INFO - Processing file /home/airflow/.local/lib/python3.7/site-packages/airflow/example_dags/example_task_group_decorator.py for tasks to queue
[2023-02-01T22:23:53.623+0000] {logging_mixin.py:137} INFO - [2023-02-01T22:23:53.623+0000] {dagbag.py:538} INFO - Filling up the DagBag from /home/airflow/.local/lib/python3.7/site-packages/airflow/example_dags/example_task_group_decorator.py
[2023-02-01T22:23:53.645+0000] {processor.py:753} INFO - DAG(s) dict_keys(['example_task_group_decorator']) retrieved from /home/airflow/.local/lib/python3.7/site-packages/airflow/example_dags/example_task_group_decorator.py
[2023-02-01T22:23:53.667+0000] {logging_mixin.py:137} INFO - [2023-02-01T22:23:53.667+0000] {dag.py:2690} INFO - Sync 1 DAGs
[2023-02-01T22:23:53.683+0000] {logging_mixin.py:137} INFO - [2023-02-01T22:23:53.683+0000] {dag.py:3441} INFO - Setting next_dagrun for example_task_group_decorator to 2023-01-31T22:23:53.683134+00:00, run_after=2023-02-01T22:23:53.683134+00:00
[2023-02-01T22:23:53.695+0000] {processor.py:175} INFO - Processing /home/airflow/.local/lib/python3.7/site-packages/airflow/example_dags/example_task_group_decorator.py took 0.076 seconds
[2023-02-01T22:24:24.003+0000] {processor.py:153} INFO - Started process (PID=780) to work on /home/airflow/.local/lib/python3.7/site-packages/airflow/example_dags/example_task_group_decorator.py
[2023-02-01T22:24:24.004+0000] {processor.py:743} INFO - Processing file /home/airflow/.local/lib/python3.7/site-packages/airflow/example_dags/example_task_group_decorator.py for tasks to queue
[2023-02-01T22:24:24.005+0000] {logging_mixin.py:137} INFO - [2023-02-01T22:24:24.005+0000] {dagbag.py:538} INFO - Filling up the DagBag from /home/airflow/.local/lib/python3.7/site-packages/airflow/example_dags/example_task_group_decorator.py
[2023-02-01T22:24:24.025+0000] {processor.py:753} INFO - DAG(s) dict_keys(['example_task_group_decorator']) retrieved from /home/airflow/.local/lib/python3.7/site-packages/airflow/example_dags/example_task_group_decorator.py
[2023-02-01T22:24:24.050+0000] {logging_mixin.py:137} INFO - [2023-02-01T22:24:24.050+0000] {dag.py:2690} INFO - Sync 1 DAGs
[2023-02-01T22:24:24.066+0000] {logging_mixin.py:137} INFO - [2023-02-01T22:24:24.065+0000] {dag.py:3441} INFO - Setting next_dagrun for example_task_group_decorator to 2023-01-31T22:24:24.065717+00:00, run_after=2023-02-01T22:24:24.065717+00:00
[2023-02-01T22:24:24.077+0000] {processor.py:175} INFO - Processing /home/airflow/.local/lib/python3.7/site-packages/airflow/example_dags/example_task_group_decorator.py took 0.078 seconds
[2023-02-01T22:24:54.559+0000] {processor.py:153} INFO - Started process (PID=844) to work on /home/airflow/.local/lib/python3.7/site-packages/airflow/example_dags/example_task_group_decorator.py
[2023-02-01T22:24:54.561+0000] {processor.py:743} INFO - Processing file /home/airflow/.local/lib/python3.7/site-packages/airflow/example_dags/example_task_group_decorator.py for tasks to queue
[2023-02-01T22:24:54.562+0000] {logging_mixin.py:137} INFO - [2023-02-01T22:24:54.562+0000] {dagbag.py:538} INFO - Filling up the DagBag from /home/airflow/.local/lib/python3.7/site-packages/airflow/example_dags/example_task_group_decorator.py
[2023-02-01T22:24:54.585+0000] {processor.py:753} INFO - DAG(s) dict_keys(['example_task_group_decorator']) retrieved from /home/airflow/.local/lib/python3.7/site-packages/airflow/example_dags/example_task_group_decorator.py
[2023-02-01T22:24:54.611+0000] {logging_mixin.py:137} INFO - [2023-02-01T22:24:54.611+0000] {dag.py:2690} INFO - Sync 1 DAGs
[2023-02-01T22:24:54.632+0000] {logging_mixin.py:137} INFO - [2023-02-01T22:24:54.632+0000] {dag.py:3441} INFO - Setting next_dagrun for example_task_group_decorator to 2023-01-31T22:24:54.631832+00:00, run_after=2023-02-01T22:24:54.631832+00:00
[2023-02-01T22:24:54.646+0000] {processor.py:175} INFO - Processing /home/airflow/.local/lib/python3.7/site-packages/airflow/example_dags/example_task_group_decorator.py took 0.091 seconds
[2023-02-01T22:25:25.287+0000] {processor.py:153} INFO - Started process (PID=921) to work on /home/airflow/.local/lib/python3.7/site-packages/airflow/example_dags/example_task_group_decorator.py
[2023-02-01T22:25:25.288+0000] {processor.py:743} INFO - Processing file /home/airflow/.local/lib/python3.7/site-packages/airflow/example_dags/example_task_group_decorator.py for tasks to queue
[2023-02-01T22:25:25.289+0000] {logging_mixin.py:137} INFO - [2023-02-01T22:25:25.289+0000] {dagbag.py:538} INFO - Filling up the DagBag from /home/airflow/.local/lib/python3.7/site-packages/airflow/example_dags/example_task_group_decorator.py
[2023-02-01T22:25:25.306+0000] {processor.py:753} INFO - DAG(s) dict_keys(['example_task_group_decorator']) retrieved from /home/airflow/.local/lib/python3.7/site-packages/airflow/example_dags/example_task_group_decorator.py
[2023-02-01T22:25:25.327+0000] {logging_mixin.py:137} INFO - [2023-02-01T22:25:25.326+0000] {dag.py:2690} INFO - Sync 1 DAGs
[2023-02-01T22:25:25.342+0000] {logging_mixin.py:137} INFO - [2023-02-01T22:25:25.342+0000] {dag.py:3441} INFO - Setting next_dagrun for example_task_group_decorator to 2023-01-31T22:25:25.342385+00:00, run_after=2023-02-01T22:25:25.342385+00:00
[2023-02-01T22:25:25.353+0000] {processor.py:175} INFO - Processing /home/airflow/.local/lib/python3.7/site-packages/airflow/example_dags/example_task_group_decorator.py took 0.068 seconds
[2023-02-01T22:25:56.282+0000] {processor.py:153} INFO - Started process (PID=998) to work on /home/airflow/.local/lib/python3.7/site-packages/airflow/example_dags/example_task_group_decorator.py
[2023-02-01T22:25:56.284+0000] {processor.py:743} INFO - Processing file /home/airflow/.local/lib/python3.7/site-packages/airflow/example_dags/example_task_group_decorator.py for tasks to queue
[2023-02-01T22:25:56.285+0000] {logging_mixin.py:137} INFO - [2023-02-01T22:25:56.285+0000] {dagbag.py:538} INFO - Filling up the DagBag from /home/airflow/.local/lib/python3.7/site-packages/airflow/example_dags/example_task_group_decorator.py
[2023-02-01T22:25:56.305+0000] {processor.py:753} INFO - DAG(s) dict_keys(['example_task_group_decorator']) retrieved from /home/airflow/.local/lib/python3.7/site-packages/airflow/example_dags/example_task_group_decorator.py
[2023-02-01T22:25:56.326+0000] {logging_mixin.py:137} INFO - [2023-02-01T22:25:56.326+0000] {dag.py:2690} INFO - Sync 1 DAGs
[2023-02-01T22:25:56.345+0000] {logging_mixin.py:137} INFO - [2023-02-01T22:25:56.345+0000] {dag.py:3441} INFO - Setting next_dagrun for example_task_group_decorator to 2023-01-31T22:25:56.345168+00:00, run_after=2023-02-01T22:25:56.345168+00:00
[2023-02-01T22:25:56.370+0000] {processor.py:175} INFO - Processing /home/airflow/.local/lib/python3.7/site-packages/airflow/example_dags/example_task_group_decorator.py took 0.090 seconds
[2023-02-01T22:26:26.988+0000] {processor.py:153} INFO - Started process (PID=1062) to work on /home/airflow/.local/lib/python3.7/site-packages/airflow/example_dags/example_task_group_decorator.py
[2023-02-01T22:26:26.990+0000] {processor.py:743} INFO - Processing file /home/airflow/.local/lib/python3.7/site-packages/airflow/example_dags/example_task_group_decorator.py for tasks to queue
[2023-02-01T22:26:26.991+0000] {logging_mixin.py:137} INFO - [2023-02-01T22:26:26.990+0000] {dagbag.py:538} INFO - Filling up the DagBag from /home/airflow/.local/lib/python3.7/site-packages/airflow/example_dags/example_task_group_decorator.py
[2023-02-01T22:26:27.016+0000] {processor.py:753} INFO - DAG(s) dict_keys(['example_task_group_decorator']) retrieved from /home/airflow/.local/lib/python3.7/site-packages/airflow/example_dags/example_task_group_decorator.py
[2023-02-01T22:26:27.036+0000] {logging_mixin.py:137} INFO - [2023-02-01T22:26:27.036+0000] {dag.py:2690} INFO - Sync 1 DAGs
[2023-02-01T22:26:27.052+0000] {logging_mixin.py:137} INFO - [2023-02-01T22:26:27.052+0000] {dag.py:3441} INFO - Setting next_dagrun for example_task_group_decorator to 2023-01-31T22:26:27.052538+00:00, run_after=2023-02-01T22:26:27.052538+00:00
[2023-02-01T22:26:27.066+0000] {processor.py:175} INFO - Processing /home/airflow/.local/lib/python3.7/site-packages/airflow/example_dags/example_task_group_decorator.py took 0.082 seconds
[2023-02-01T22:26:57.870+0000] {processor.py:153} INFO - Started process (PID=1138) to work on /home/airflow/.local/lib/python3.7/site-packages/airflow/example_dags/example_task_group_decorator.py
[2023-02-01T22:26:57.871+0000] {processor.py:743} INFO - Processing file /home/airflow/.local/lib/python3.7/site-packages/airflow/example_dags/example_task_group_decorator.py for tasks to queue
[2023-02-01T22:26:57.872+0000] {logging_mixin.py:137} INFO - [2023-02-01T22:26:57.872+0000] {dagbag.py:538} INFO - Filling up the DagBag from /home/airflow/.local/lib/python3.7/site-packages/airflow/example_dags/example_task_group_decorator.py
[2023-02-01T22:26:57.890+0000] {processor.py:753} INFO - DAG(s) dict_keys(['example_task_group_decorator']) retrieved from /home/airflow/.local/lib/python3.7/site-packages/airflow/example_dags/example_task_group_decorator.py
[2023-02-01T22:26:57.913+0000] {logging_mixin.py:137} INFO - [2023-02-01T22:26:57.913+0000] {dag.py:2690} INFO - Sync 1 DAGs
[2023-02-01T22:26:57.932+0000] {logging_mixin.py:137} INFO - [2023-02-01T22:26:57.932+0000] {dag.py:3441} INFO - Setting next_dagrun for example_task_group_decorator to 2023-01-31T22:26:57.931917+00:00, run_after=2023-02-01T22:26:57.931917+00:00
[2023-02-01T22:26:57.945+0000] {processor.py:175} INFO - Processing /home/airflow/.local/lib/python3.7/site-packages/airflow/example_dags/example_task_group_decorator.py took 0.078 seconds
[2023-02-01T22:27:28.877+0000] {processor.py:153} INFO - Started process (PID=1214) to work on /home/airflow/.local/lib/python3.7/site-packages/airflow/example_dags/example_task_group_decorator.py
[2023-02-01T22:27:28.878+0000] {processor.py:743} INFO - Processing file /home/airflow/.local/lib/python3.7/site-packages/airflow/example_dags/example_task_group_decorator.py for tasks to queue
[2023-02-01T22:27:28.878+0000] {logging_mixin.py:137} INFO - [2023-02-01T22:27:28.878+0000] {dagbag.py:538} INFO - Filling up the DagBag from /home/airflow/.local/lib/python3.7/site-packages/airflow/example_dags/example_task_group_decorator.py
[2023-02-01T22:27:28.897+0000] {processor.py:753} INFO - DAG(s) dict_keys(['example_task_group_decorator']) retrieved from /home/airflow/.local/lib/python3.7/site-packages/airflow/example_dags/example_task_group_decorator.py
[2023-02-01T22:27:28.923+0000] {logging_mixin.py:137} INFO - [2023-02-01T22:27:28.923+0000] {dag.py:2690} INFO - Sync 1 DAGs
[2023-02-01T22:27:28.940+0000] {logging_mixin.py:137} INFO - [2023-02-01T22:27:28.940+0000] {dag.py:3441} INFO - Setting next_dagrun for example_task_group_decorator to 2023-01-31T22:27:28.940106+00:00, run_after=2023-02-01T22:27:28.940106+00:00
[2023-02-01T22:27:28.959+0000] {processor.py:175} INFO - Processing /home/airflow/.local/lib/python3.7/site-packages/airflow/example_dags/example_task_group_decorator.py took 0.086 seconds
[2023-02-01T22:27:59.401+0000] {processor.py:153} INFO - Started process (PID=1277) to work on /home/airflow/.local/lib/python3.7/site-packages/airflow/example_dags/example_task_group_decorator.py
[2023-02-01T22:27:59.402+0000] {processor.py:743} INFO - Processing file /home/airflow/.local/lib/python3.7/site-packages/airflow/example_dags/example_task_group_decorator.py for tasks to queue
[2023-02-01T22:27:59.403+0000] {logging_mixin.py:137} INFO - [2023-02-01T22:27:59.403+0000] {dagbag.py:538} INFO - Filling up the DagBag from /home/airflow/.local/lib/python3.7/site-packages/airflow/example_dags/example_task_group_decorator.py
[2023-02-01T22:27:59.421+0000] {processor.py:753} INFO - DAG(s) dict_keys(['example_task_group_decorator']) retrieved from /home/airflow/.local/lib/python3.7/site-packages/airflow/example_dags/example_task_group_decorator.py
[2023-02-01T22:27:59.440+0000] {logging_mixin.py:137} INFO - [2023-02-01T22:27:59.440+0000] {dag.py:2690} INFO - Sync 1 DAGs
[2023-02-01T22:27:59.454+0000] {logging_mixin.py:137} INFO - [2023-02-01T22:27:59.454+0000] {dag.py:3441} INFO - Setting next_dagrun for example_task_group_decorator to 2023-01-31T22:27:59.453947+00:00, run_after=2023-02-01T22:27:59.453947+00:00
[2023-02-01T22:27:59.468+0000] {processor.py:175} INFO - Processing /home/airflow/.local/lib/python3.7/site-packages/airflow/example_dags/example_task_group_decorator.py took 0.069 seconds
[2023-02-01T22:28:30.251+0000] {processor.py:153} INFO - Started process (PID=1353) to work on /home/airflow/.local/lib/python3.7/site-packages/airflow/example_dags/example_task_group_decorator.py
[2023-02-01T22:28:30.253+0000] {processor.py:743} INFO - Processing file /home/airflow/.local/lib/python3.7/site-packages/airflow/example_dags/example_task_group_decorator.py for tasks to queue
[2023-02-01T22:28:30.253+0000] {logging_mixin.py:137} INFO - [2023-02-01T22:28:30.253+0000] {dagbag.py:538} INFO - Filling up the DagBag from /home/airflow/.local/lib/python3.7/site-packages/airflow/example_dags/example_task_group_decorator.py
[2023-02-01T22:28:30.272+0000] {processor.py:753} INFO - DAG(s) dict_keys(['example_task_group_decorator']) retrieved from /home/airflow/.local/lib/python3.7/site-packages/airflow/example_dags/example_task_group_decorator.py
[2023-02-01T22:28:30.293+0000] {logging_mixin.py:137} INFO - [2023-02-01T22:28:30.292+0000] {dag.py:2690} INFO - Sync 1 DAGs
[2023-02-01T22:28:30.310+0000] {logging_mixin.py:137} INFO - [2023-02-01T22:28:30.309+0000] {dag.py:3441} INFO - Setting next_dagrun for example_task_group_decorator to 2023-01-31T22:28:30.309806+00:00, run_after=2023-02-01T22:28:30.309806+00:00
[2023-02-01T22:28:30.322+0000] {processor.py:175} INFO - Processing /home/airflow/.local/lib/python3.7/site-packages/airflow/example_dags/example_task_group_decorator.py took 0.073 seconds
[2023-02-01T22:29:00.833+0000] {processor.py:153} INFO - Started process (PID=1416) to work on /home/airflow/.local/lib/python3.7/site-packages/airflow/example_dags/example_task_group_decorator.py
[2023-02-01T22:29:00.835+0000] {processor.py:743} INFO - Processing file /home/airflow/.local/lib/python3.7/site-packages/airflow/example_dags/example_task_group_decorator.py for tasks to queue
[2023-02-01T22:29:00.835+0000] {logging_mixin.py:137} INFO - [2023-02-01T22:29:00.835+0000] {dagbag.py:538} INFO - Filling up the DagBag from /home/airflow/.local/lib/python3.7/site-packages/airflow/example_dags/example_task_group_decorator.py
[2023-02-01T22:29:00.852+0000] {processor.py:753} INFO - DAG(s) dict_keys(['example_task_group_decorator']) retrieved from /home/airflow/.local/lib/python3.7/site-packages/airflow/example_dags/example_task_group_decorator.py
[2023-02-01T22:29:00.871+0000] {logging_mixin.py:137} INFO - [2023-02-01T22:29:00.871+0000] {dag.py:2690} INFO - Sync 1 DAGs
[2023-02-01T22:29:00.886+0000] {logging_mixin.py:137} INFO - [2023-02-01T22:29:00.886+0000] {dag.py:3441} INFO - Setting next_dagrun for example_task_group_decorator to 2023-01-31T22:29:00.885980+00:00, run_after=2023-02-01T22:29:00.885980+00:00
[2023-02-01T22:29:00.896+0000] {processor.py:175} INFO - Processing /home/airflow/.local/lib/python3.7/site-packages/airflow/example_dags/example_task_group_decorator.py took 0.066 seconds
[2023-02-01T22:29:31.683+0000] {processor.py:153} INFO - Started process (PID=1492) to work on /home/airflow/.local/lib/python3.7/site-packages/airflow/example_dags/example_task_group_decorator.py
[2023-02-01T22:29:31.684+0000] {processor.py:743} INFO - Processing file /home/airflow/.local/lib/python3.7/site-packages/airflow/example_dags/example_task_group_decorator.py for tasks to queue
[2023-02-01T22:29:31.685+0000] {logging_mixin.py:137} INFO - [2023-02-01T22:29:31.685+0000] {dagbag.py:538} INFO - Filling up the DagBag from /home/airflow/.local/lib/python3.7/site-packages/airflow/example_dags/example_task_group_decorator.py
[2023-02-01T22:29:31.702+0000] {processor.py:753} INFO - DAG(s) dict_keys(['example_task_group_decorator']) retrieved from /home/airflow/.local/lib/python3.7/site-packages/airflow/example_dags/example_task_group_decorator.py
[2023-02-01T22:29:31.723+0000] {logging_mixin.py:137} INFO - [2023-02-01T22:29:31.722+0000] {dag.py:2690} INFO - Sync 1 DAGs
[2023-02-01T22:29:31.737+0000] {logging_mixin.py:137} INFO - [2023-02-01T22:29:31.737+0000] {dag.py:3441} INFO - Setting next_dagrun for example_task_group_decorator to 2023-01-31T22:29:31.736975+00:00, run_after=2023-02-01T22:29:31.736975+00:00
[2023-02-01T22:29:31.747+0000] {processor.py:175} INFO - Processing /home/airflow/.local/lib/python3.7/site-packages/airflow/example_dags/example_task_group_decorator.py took 0.068 seconds
[2023-02-01T22:30:02.568+0000] {processor.py:153} INFO - Started process (PID=1567) to work on /home/airflow/.local/lib/python3.7/site-packages/airflow/example_dags/example_task_group_decorator.py
[2023-02-01T22:30:02.569+0000] {processor.py:743} INFO - Processing file /home/airflow/.local/lib/python3.7/site-packages/airflow/example_dags/example_task_group_decorator.py for tasks to queue
[2023-02-01T22:30:02.571+0000] {logging_mixin.py:137} INFO - [2023-02-01T22:30:02.571+0000] {dagbag.py:538} INFO - Filling up the DagBag from /home/airflow/.local/lib/python3.7/site-packages/airflow/example_dags/example_task_group_decorator.py
[2023-02-01T22:30:02.595+0000] {processor.py:753} INFO - DAG(s) dict_keys(['example_task_group_decorator']) retrieved from /home/airflow/.local/lib/python3.7/site-packages/airflow/example_dags/example_task_group_decorator.py
[2023-02-01T22:30:02.621+0000] {logging_mixin.py:137} INFO - [2023-02-01T22:30:02.620+0000] {dag.py:2690} INFO - Sync 1 DAGs
[2023-02-01T22:30:02.641+0000] {logging_mixin.py:137} INFO - [2023-02-01T22:30:02.641+0000] {dag.py:3441} INFO - Setting next_dagrun for example_task_group_decorator to 2023-01-31T22:30:02.641472+00:00, run_after=2023-02-01T22:30:02.641472+00:00
[2023-02-01T22:30:02.656+0000] {processor.py:175} INFO - Processing /home/airflow/.local/lib/python3.7/site-packages/airflow/example_dags/example_task_group_decorator.py took 0.091 seconds
[2023-02-01T22:30:33.143+0000] {processor.py:153} INFO - Started process (PID=1631) to work on /home/airflow/.local/lib/python3.7/site-packages/airflow/example_dags/example_task_group_decorator.py
[2023-02-01T22:30:33.144+0000] {processor.py:743} INFO - Processing file /home/airflow/.local/lib/python3.7/site-packages/airflow/example_dags/example_task_group_decorator.py for tasks to queue
[2023-02-01T22:30:33.145+0000] {logging_mixin.py:137} INFO - [2023-02-01T22:30:33.145+0000] {dagbag.py:538} INFO - Filling up the DagBag from /home/airflow/.local/lib/python3.7/site-packages/airflow/example_dags/example_task_group_decorator.py
[2023-02-01T22:30:33.163+0000] {processor.py:753} INFO - DAG(s) dict_keys(['example_task_group_decorator']) retrieved from /home/airflow/.local/lib/python3.7/site-packages/airflow/example_dags/example_task_group_decorator.py
[2023-02-01T22:30:33.183+0000] {logging_mixin.py:137} INFO - [2023-02-01T22:30:33.183+0000] {dag.py:2690} INFO - Sync 1 DAGs
[2023-02-01T22:30:33.198+0000] {logging_mixin.py:137} INFO - [2023-02-01T22:30:33.198+0000] {dag.py:3441} INFO - Setting next_dagrun for example_task_group_decorator to 2023-01-31T22:30:33.197834+00:00, run_after=2023-02-01T22:30:33.197834+00:00
[2023-02-01T22:30:33.209+0000] {processor.py:175} INFO - Processing /home/airflow/.local/lib/python3.7/site-packages/airflow/example_dags/example_task_group_decorator.py took 0.068 seconds
[2023-02-01T22:31:03.570+0000] {processor.py:153} INFO - Started process (PID=1707) to work on /home/airflow/.local/lib/python3.7/site-packages/airflow/example_dags/example_task_group_decorator.py
[2023-02-01T22:31:03.572+0000] {processor.py:743} INFO - Processing file /home/airflow/.local/lib/python3.7/site-packages/airflow/example_dags/example_task_group_decorator.py for tasks to queue
[2023-02-01T22:31:03.572+0000] {logging_mixin.py:137} INFO - [2023-02-01T22:31:03.572+0000] {dagbag.py:538} INFO - Filling up the DagBag from /home/airflow/.local/lib/python3.7/site-packages/airflow/example_dags/example_task_group_decorator.py
[2023-02-01T22:31:03.593+0000] {processor.py:753} INFO - DAG(s) dict_keys(['example_task_group_decorator']) retrieved from /home/airflow/.local/lib/python3.7/site-packages/airflow/example_dags/example_task_group_decorator.py
[2023-02-01T22:31:03.612+0000] {logging_mixin.py:137} INFO - [2023-02-01T22:31:03.612+0000] {dag.py:2690} INFO - Sync 1 DAGs
[2023-02-01T22:31:03.628+0000] {logging_mixin.py:137} INFO - [2023-02-01T22:31:03.628+0000] {dag.py:3441} INFO - Setting next_dagrun for example_task_group_decorator to 2023-01-31T22:31:03.628249+00:00, run_after=2023-02-01T22:31:03.628249+00:00
[2023-02-01T22:31:03.640+0000] {processor.py:175} INFO - Processing /home/airflow/.local/lib/python3.7/site-packages/airflow/example_dags/example_task_group_decorator.py took 0.073 seconds
[2023-02-01T22:31:34.436+0000] {processor.py:153} INFO - Started process (PID=1771) to work on /home/airflow/.local/lib/python3.7/site-packages/airflow/example_dags/example_task_group_decorator.py
[2023-02-01T22:31:34.438+0000] {processor.py:743} INFO - Processing file /home/airflow/.local/lib/python3.7/site-packages/airflow/example_dags/example_task_group_decorator.py for tasks to queue
[2023-02-01T22:31:34.438+0000] {logging_mixin.py:137} INFO - [2023-02-01T22:31:34.438+0000] {dagbag.py:538} INFO - Filling up the DagBag from /home/airflow/.local/lib/python3.7/site-packages/airflow/example_dags/example_task_group_decorator.py
[2023-02-01T22:31:34.456+0000] {processor.py:753} INFO - DAG(s) dict_keys(['example_task_group_decorator']) retrieved from /home/airflow/.local/lib/python3.7/site-packages/airflow/example_dags/example_task_group_decorator.py
[2023-02-01T22:31:34.478+0000] {logging_mixin.py:137} INFO - [2023-02-01T22:31:34.478+0000] {dag.py:2690} INFO - Sync 1 DAGs
[2023-02-01T22:31:34.494+0000] {logging_mixin.py:137} INFO - [2023-02-01T22:31:34.493+0000] {dag.py:3441} INFO - Setting next_dagrun for example_task_group_decorator to 2023-01-31T22:31:34.493646+00:00, run_after=2023-02-01T22:31:34.493646+00:00
[2023-02-01T22:31:34.505+0000] {processor.py:175} INFO - Processing /home/airflow/.local/lib/python3.7/site-packages/airflow/example_dags/example_task_group_decorator.py took 0.072 seconds
[2023-02-01T22:32:04.603+0000] {processor.py:153} INFO - Started process (PID=1846) to work on /home/airflow/.local/lib/python3.7/site-packages/airflow/example_dags/example_task_group_decorator.py
[2023-02-01T22:32:04.604+0000] {processor.py:743} INFO - Processing file /home/airflow/.local/lib/python3.7/site-packages/airflow/example_dags/example_task_group_decorator.py for tasks to queue
[2023-02-01T22:32:04.604+0000] {logging_mixin.py:137} INFO - [2023-02-01T22:32:04.604+0000] {dagbag.py:538} INFO - Filling up the DagBag from /home/airflow/.local/lib/python3.7/site-packages/airflow/example_dags/example_task_group_decorator.py
[2023-02-01T22:32:04.621+0000] {processor.py:753} INFO - DAG(s) dict_keys(['example_task_group_decorator']) retrieved from /home/airflow/.local/lib/python3.7/site-packages/airflow/example_dags/example_task_group_decorator.py
[2023-02-01T22:32:04.641+0000] {logging_mixin.py:137} INFO - [2023-02-01T22:32:04.641+0000] {dag.py:2690} INFO - Sync 1 DAGs
[2023-02-01T22:32:04.655+0000] {logging_mixin.py:137} INFO - [2023-02-01T22:32:04.655+0000] {dag.py:3441} INFO - Setting next_dagrun for example_task_group_decorator to 2023-01-31T22:32:04.655150+00:00, run_after=2023-02-01T22:32:04.655150+00:00
[2023-02-01T22:32:04.665+0000] {processor.py:175} INFO - Processing /home/airflow/.local/lib/python3.7/site-packages/airflow/example_dags/example_task_group_decorator.py took 0.065 seconds
[2023-02-01T22:32:34.957+0000] {processor.py:153} INFO - Started process (PID=1911) to work on /home/airflow/.local/lib/python3.7/site-packages/airflow/example_dags/example_task_group_decorator.py
[2023-02-01T22:32:34.960+0000] {processor.py:743} INFO - Processing file /home/airflow/.local/lib/python3.7/site-packages/airflow/example_dags/example_task_group_decorator.py for tasks to queue
[2023-02-01T22:32:34.962+0000] {logging_mixin.py:137} INFO - [2023-02-01T22:32:34.962+0000] {dagbag.py:538} INFO - Filling up the DagBag from /home/airflow/.local/lib/python3.7/site-packages/airflow/example_dags/example_task_group_decorator.py
[2023-02-01T22:32:34.986+0000] {processor.py:753} INFO - DAG(s) dict_keys(['example_task_group_decorator']) retrieved from /home/airflow/.local/lib/python3.7/site-packages/airflow/example_dags/example_task_group_decorator.py
[2023-02-01T22:32:35.008+0000] {logging_mixin.py:137} INFO - [2023-02-01T22:32:35.007+0000] {dag.py:2690} INFO - Sync 1 DAGs
[2023-02-01T22:32:35.051+0000] {logging_mixin.py:137} INFO - [2023-02-01T22:32:35.051+0000] {dag.py:3441} INFO - Setting next_dagrun for example_task_group_decorator to 2023-01-31T22:32:35.050627+00:00, run_after=2023-02-01T22:32:35.050627+00:00
[2023-02-01T22:32:35.071+0000] {processor.py:175} INFO - Processing /home/airflow/.local/lib/python3.7/site-packages/airflow/example_dags/example_task_group_decorator.py took 0.118 seconds
[2023-02-01T22:33:05.572+0000] {processor.py:153} INFO - Started process (PID=1987) to work on /home/airflow/.local/lib/python3.7/site-packages/airflow/example_dags/example_task_group_decorator.py
[2023-02-01T22:33:05.573+0000] {processor.py:743} INFO - Processing file /home/airflow/.local/lib/python3.7/site-packages/airflow/example_dags/example_task_group_decorator.py for tasks to queue
[2023-02-01T22:33:05.574+0000] {logging_mixin.py:137} INFO - [2023-02-01T22:33:05.574+0000] {dagbag.py:538} INFO - Filling up the DagBag from /home/airflow/.local/lib/python3.7/site-packages/airflow/example_dags/example_task_group_decorator.py
[2023-02-01T22:33:05.593+0000] {processor.py:753} INFO - DAG(s) dict_keys(['example_task_group_decorator']) retrieved from /home/airflow/.local/lib/python3.7/site-packages/airflow/example_dags/example_task_group_decorator.py
[2023-02-01T22:33:05.614+0000] {logging_mixin.py:137} INFO - [2023-02-01T22:33:05.614+0000] {dag.py:2690} INFO - Sync 1 DAGs
[2023-02-01T22:33:05.631+0000] {logging_mixin.py:137} INFO - [2023-02-01T22:33:05.631+0000] {dag.py:3441} INFO - Setting next_dagrun for example_task_group_decorator to 2023-01-31T22:33:05.631008+00:00, run_after=2023-02-01T22:33:05.631008+00:00
[2023-02-01T22:33:05.643+0000] {processor.py:175} INFO - Processing /home/airflow/.local/lib/python3.7/site-packages/airflow/example_dags/example_task_group_decorator.py took 0.075 seconds
[2023-02-01T22:33:36.367+0000] {processor.py:153} INFO - Started process (PID=2063) to work on /home/airflow/.local/lib/python3.7/site-packages/airflow/example_dags/example_task_group_decorator.py
[2023-02-01T22:33:36.368+0000] {processor.py:743} INFO - Processing file /home/airflow/.local/lib/python3.7/site-packages/airflow/example_dags/example_task_group_decorator.py for tasks to queue
[2023-02-01T22:33:36.368+0000] {logging_mixin.py:137} INFO - [2023-02-01T22:33:36.368+0000] {dagbag.py:538} INFO - Filling up the DagBag from /home/airflow/.local/lib/python3.7/site-packages/airflow/example_dags/example_task_group_decorator.py
[2023-02-01T22:33:36.386+0000] {processor.py:753} INFO - DAG(s) dict_keys(['example_task_group_decorator']) retrieved from /home/airflow/.local/lib/python3.7/site-packages/airflow/example_dags/example_task_group_decorator.py
[2023-02-01T22:33:36.406+0000] {logging_mixin.py:137} INFO - [2023-02-01T22:33:36.406+0000] {dag.py:2690} INFO - Sync 1 DAGs
[2023-02-01T22:33:36.426+0000] {logging_mixin.py:137} INFO - [2023-02-01T22:33:36.426+0000] {dag.py:3441} INFO - Setting next_dagrun for example_task_group_decorator to 2023-01-31T22:33:36.425985+00:00, run_after=2023-02-01T22:33:36.425985+00:00
[2023-02-01T22:33:36.438+0000] {processor.py:175} INFO - Processing /home/airflow/.local/lib/python3.7/site-packages/airflow/example_dags/example_task_group_decorator.py took 0.074 seconds
[2023-02-01T22:34:06.939+0000] {processor.py:153} INFO - Started process (PID=2127) to work on /home/airflow/.local/lib/python3.7/site-packages/airflow/example_dags/example_task_group_decorator.py
[2023-02-01T22:34:06.941+0000] {processor.py:743} INFO - Processing file /home/airflow/.local/lib/python3.7/site-packages/airflow/example_dags/example_task_group_decorator.py for tasks to queue
[2023-02-01T22:34:06.941+0000] {logging_mixin.py:137} INFO - [2023-02-01T22:34:06.941+0000] {dagbag.py:538} INFO - Filling up the DagBag from /home/airflow/.local/lib/python3.7/site-packages/airflow/example_dags/example_task_group_decorator.py
[2023-02-01T22:34:06.965+0000] {processor.py:753} INFO - DAG(s) dict_keys(['example_task_group_decorator']) retrieved from /home/airflow/.local/lib/python3.7/site-packages/airflow/example_dags/example_task_group_decorator.py
[2023-02-01T22:34:06.986+0000] {logging_mixin.py:137} INFO - [2023-02-01T22:34:06.986+0000] {dag.py:2690} INFO - Sync 1 DAGs
[2023-02-01T22:34:07.004+0000] {logging_mixin.py:137} INFO - [2023-02-01T22:34:07.004+0000] {dag.py:3441} INFO - Setting next_dagrun for example_task_group_decorator to 2023-01-31T22:34:07.004411+00:00, run_after=2023-02-01T22:34:07.004411+00:00
[2023-02-01T22:34:07.020+0000] {processor.py:175} INFO - Processing /home/airflow/.local/lib/python3.7/site-packages/airflow/example_dags/example_task_group_decorator.py took 0.083 seconds
[2023-02-01T22:34:37.631+0000] {processor.py:153} INFO - Started process (PID=2202) to work on /home/airflow/.local/lib/python3.7/site-packages/airflow/example_dags/example_task_group_decorator.py
[2023-02-01T22:34:37.633+0000] {processor.py:743} INFO - Processing file /home/airflow/.local/lib/python3.7/site-packages/airflow/example_dags/example_task_group_decorator.py for tasks to queue
[2023-02-01T22:34:37.633+0000] {logging_mixin.py:137} INFO - [2023-02-01T22:34:37.633+0000] {dagbag.py:538} INFO - Filling up the DagBag from /home/airflow/.local/lib/python3.7/site-packages/airflow/example_dags/example_task_group_decorator.py
[2023-02-01T22:34:37.654+0000] {processor.py:753} INFO - DAG(s) dict_keys(['example_task_group_decorator']) retrieved from /home/airflow/.local/lib/python3.7/site-packages/airflow/example_dags/example_task_group_decorator.py
[2023-02-01T22:34:37.694+0000] {logging_mixin.py:137} INFO - [2023-02-01T22:34:37.694+0000] {dag.py:2690} INFO - Sync 1 DAGs
[2023-02-01T22:34:37.717+0000] {logging_mixin.py:137} INFO - [2023-02-01T22:34:37.717+0000] {dag.py:3441} INFO - Setting next_dagrun for example_task_group_decorator to 2023-01-31T22:34:37.716856+00:00, run_after=2023-02-01T22:34:37.716856+00:00
[2023-02-01T22:34:37.736+0000] {processor.py:175} INFO - Processing /home/airflow/.local/lib/python3.7/site-packages/airflow/example_dags/example_task_group_decorator.py took 0.107 seconds
[2023-02-01T22:35:08.624+0000] {processor.py:153} INFO - Started process (PID=2275) to work on /home/airflow/.local/lib/python3.7/site-packages/airflow/example_dags/example_task_group_decorator.py
[2023-02-01T22:35:08.625+0000] {processor.py:743} INFO - Processing file /home/airflow/.local/lib/python3.7/site-packages/airflow/example_dags/example_task_group_decorator.py for tasks to queue
[2023-02-01T22:35:08.626+0000] {logging_mixin.py:137} INFO - [2023-02-01T22:35:08.626+0000] {dagbag.py:538} INFO - Filling up the DagBag from /home/airflow/.local/lib/python3.7/site-packages/airflow/example_dags/example_task_group_decorator.py
[2023-02-01T22:35:08.646+0000] {processor.py:753} INFO - DAG(s) dict_keys(['example_task_group_decorator']) retrieved from /home/airflow/.local/lib/python3.7/site-packages/airflow/example_dags/example_task_group_decorator.py
[2023-02-01T22:35:08.668+0000] {logging_mixin.py:137} INFO - [2023-02-01T22:35:08.668+0000] {dag.py:2690} INFO - Sync 1 DAGs
[2023-02-01T22:35:08.684+0000] {logging_mixin.py:137} INFO - [2023-02-01T22:35:08.684+0000] {dag.py:3441} INFO - Setting next_dagrun for example_task_group_decorator to 2023-01-31T22:35:08.684166+00:00, run_after=2023-02-01T22:35:08.684166+00:00
[2023-02-01T22:35:08.697+0000] {processor.py:175} INFO - Processing /home/airflow/.local/lib/python3.7/site-packages/airflow/example_dags/example_task_group_decorator.py took 0.076 seconds
[2023-02-01T22:35:39.295+0000] {processor.py:153} INFO - Started process (PID=2343) to work on /home/airflow/.local/lib/python3.7/site-packages/airflow/example_dags/example_task_group_decorator.py
[2023-02-01T22:35:39.297+0000] {processor.py:743} INFO - Processing file /home/airflow/.local/lib/python3.7/site-packages/airflow/example_dags/example_task_group_decorator.py for tasks to queue
[2023-02-01T22:35:39.298+0000] {logging_mixin.py:137} INFO - [2023-02-01T22:35:39.298+0000] {dagbag.py:538} INFO - Filling up the DagBag from /home/airflow/.local/lib/python3.7/site-packages/airflow/example_dags/example_task_group_decorator.py
[2023-02-01T22:35:39.329+0000] {processor.py:753} INFO - DAG(s) dict_keys(['example_task_group_decorator']) retrieved from /home/airflow/.local/lib/python3.7/site-packages/airflow/example_dags/example_task_group_decorator.py
[2023-02-01T22:35:39.367+0000] {logging_mixin.py:137} INFO - [2023-02-01T22:35:39.367+0000] {dag.py:2690} INFO - Sync 1 DAGs
[2023-02-01T22:35:39.390+0000] {logging_mixin.py:137} INFO - [2023-02-01T22:35:39.390+0000] {dag.py:3441} INFO - Setting next_dagrun for example_task_group_decorator to 2023-01-31T22:35:39.389979+00:00, run_after=2023-02-01T22:35:39.389979+00:00
[2023-02-01T22:35:39.406+0000] {processor.py:175} INFO - Processing /home/airflow/.local/lib/python3.7/site-packages/airflow/example_dags/example_task_group_decorator.py took 0.113 seconds
[2023-02-01T22:36:10.258+0000] {processor.py:153} INFO - Started process (PID=2419) to work on /home/airflow/.local/lib/python3.7/site-packages/airflow/example_dags/example_task_group_decorator.py
[2023-02-01T22:36:10.259+0000] {processor.py:743} INFO - Processing file /home/airflow/.local/lib/python3.7/site-packages/airflow/example_dags/example_task_group_decorator.py for tasks to queue
[2023-02-01T22:36:10.260+0000] {logging_mixin.py:137} INFO - [2023-02-01T22:36:10.260+0000] {dagbag.py:538} INFO - Filling up the DagBag from /home/airflow/.local/lib/python3.7/site-packages/airflow/example_dags/example_task_group_decorator.py
[2023-02-01T22:36:10.277+0000] {processor.py:753} INFO - DAG(s) dict_keys(['example_task_group_decorator']) retrieved from /home/airflow/.local/lib/python3.7/site-packages/airflow/example_dags/example_task_group_decorator.py
[2023-02-01T22:36:10.296+0000] {logging_mixin.py:137} INFO - [2023-02-01T22:36:10.295+0000] {dag.py:2690} INFO - Sync 1 DAGs
[2023-02-01T22:36:10.309+0000] {logging_mixin.py:137} INFO - [2023-02-01T22:36:10.309+0000] {dag.py:3441} INFO - Setting next_dagrun for example_task_group_decorator to 2023-01-31T22:36:10.309611+00:00, run_after=2023-02-01T22:36:10.309611+00:00
[2023-02-01T22:36:10.321+0000] {processor.py:175} INFO - Processing /home/airflow/.local/lib/python3.7/site-packages/airflow/example_dags/example_task_group_decorator.py took 0.065 seconds
