[2023-02-01T22:19:11.719+0000] {processor.py:153} INFO - Started process (PID=41) to work on /home/airflow/.local/lib/python3.7/site-packages/airflow/example_dags/example_short_circuit_operator.py
[2023-02-01T22:19:11.725+0000] {processor.py:743} INFO - Processing file /home/airflow/.local/lib/python3.7/site-packages/airflow/example_dags/example_short_circuit_operator.py for tasks to queue
[2023-02-01T22:19:11.727+0000] {logging_mixin.py:137} INFO - [2023-02-01T22:19:11.727+0000] {dagbag.py:538} INFO - Filling up the DagBag from /home/airflow/.local/lib/python3.7/site-packages/airflow/example_dags/example_short_circuit_operator.py
[2023-02-01T22:19:11.769+0000] {processor.py:753} INFO - DAG(s) dict_keys(['example_short_circuit_operator']) retrieved from /home/airflow/.local/lib/python3.7/site-packages/airflow/example_dags/example_short_circuit_operator.py
[2023-02-01T22:19:11.814+0000] {logging_mixin.py:137} INFO - [2023-02-01T22:19:11.813+0000] {dag.py:2690} INFO - Sync 1 DAGs
[2023-02-01T22:19:11.873+0000] {logging_mixin.py:137} INFO - [2023-02-01T22:19:11.872+0000] {dag.py:3441} INFO - Setting next_dagrun for example_short_circuit_operator to 2023-01-31T22:19:11.872408+00:00, run_after=2023-02-01T22:19:11.872408+00:00
[2023-02-01T22:19:11.922+0000] {processor.py:175} INFO - Processing /home/airflow/.local/lib/python3.7/site-packages/airflow/example_dags/example_short_circuit_operator.py took 0.209 seconds
[2023-02-01T22:19:42.741+0000] {processor.py:153} INFO - Started process (PID=114) to work on /home/airflow/.local/lib/python3.7/site-packages/airflow/example_dags/example_short_circuit_operator.py
[2023-02-01T22:19:42.752+0000] {processor.py:743} INFO - Processing file /home/airflow/.local/lib/python3.7/site-packages/airflow/example_dags/example_short_circuit_operator.py for tasks to queue
[2023-02-01T22:19:42.754+0000] {logging_mixin.py:137} INFO - [2023-02-01T22:19:42.754+0000] {dagbag.py:538} INFO - Filling up the DagBag from /home/airflow/.local/lib/python3.7/site-packages/airflow/example_dags/example_short_circuit_operator.py
[2023-02-01T22:19:42.794+0000] {processor.py:753} INFO - DAG(s) dict_keys(['example_short_circuit_operator']) retrieved from /home/airflow/.local/lib/python3.7/site-packages/airflow/example_dags/example_short_circuit_operator.py
[2023-02-01T22:19:42.866+0000] {logging_mixin.py:137} INFO - [2023-02-01T22:19:42.866+0000] {dag.py:2690} INFO - Sync 1 DAGs
[2023-02-01T22:19:42.920+0000] {logging_mixin.py:137} INFO - [2023-02-01T22:19:42.920+0000] {dag.py:3441} INFO - Setting next_dagrun for example_short_circuit_operator to 2023-01-31T22:19:42.918830+00:00, run_after=2023-02-01T22:19:42.918830+00:00
[2023-02-01T22:19:42.956+0000] {processor.py:175} INFO - Processing /home/airflow/.local/lib/python3.7/site-packages/airflow/example_dags/example_short_circuit_operator.py took 0.229 seconds
[2023-02-01T22:20:13.027+0000] {processor.py:153} INFO - Started process (PID=181) to work on /home/airflow/.local/lib/python3.7/site-packages/airflow/example_dags/example_short_circuit_operator.py
[2023-02-01T22:20:13.028+0000] {processor.py:743} INFO - Processing file /home/airflow/.local/lib/python3.7/site-packages/airflow/example_dags/example_short_circuit_operator.py for tasks to queue
[2023-02-01T22:20:13.029+0000] {logging_mixin.py:137} INFO - [2023-02-01T22:20:13.029+0000] {dagbag.py:538} INFO - Filling up the DagBag from /home/airflow/.local/lib/python3.7/site-packages/airflow/example_dags/example_short_circuit_operator.py
[2023-02-01T22:20:13.041+0000] {processor.py:753} INFO - DAG(s) dict_keys(['example_short_circuit_operator']) retrieved from /home/airflow/.local/lib/python3.7/site-packages/airflow/example_dags/example_short_circuit_operator.py
[2023-02-01T22:20:13.060+0000] {logging_mixin.py:137} INFO - [2023-02-01T22:20:13.060+0000] {dag.py:2690} INFO - Sync 1 DAGs
[2023-02-01T22:20:13.077+0000] {logging_mixin.py:137} INFO - [2023-02-01T22:20:13.077+0000] {dag.py:3441} INFO - Setting next_dagrun for example_short_circuit_operator to 2023-01-31T22:20:13.077048+00:00, run_after=2023-02-01T22:20:13.077048+00:00
[2023-02-01T22:20:13.093+0000] {processor.py:175} INFO - Processing /home/airflow/.local/lib/python3.7/site-packages/airflow/example_dags/example_short_circuit_operator.py took 0.068 seconds
[2023-02-01T22:20:44.095+0000] {processor.py:153} INFO - Started process (PID=257) to work on /home/airflow/.local/lib/python3.7/site-packages/airflow/example_dags/example_short_circuit_operator.py
[2023-02-01T22:20:44.096+0000] {processor.py:743} INFO - Processing file /home/airflow/.local/lib/python3.7/site-packages/airflow/example_dags/example_short_circuit_operator.py for tasks to queue
[2023-02-01T22:20:44.097+0000] {logging_mixin.py:137} INFO - [2023-02-01T22:20:44.097+0000] {dagbag.py:538} INFO - Filling up the DagBag from /home/airflow/.local/lib/python3.7/site-packages/airflow/example_dags/example_short_circuit_operator.py
[2023-02-01T22:20:44.108+0000] {processor.py:753} INFO - DAG(s) dict_keys(['example_short_circuit_operator']) retrieved from /home/airflow/.local/lib/python3.7/site-packages/airflow/example_dags/example_short_circuit_operator.py
[2023-02-01T22:20:44.128+0000] {logging_mixin.py:137} INFO - [2023-02-01T22:20:44.127+0000] {dag.py:2690} INFO - Sync 1 DAGs
[2023-02-01T22:20:44.142+0000] {logging_mixin.py:137} INFO - [2023-02-01T22:20:44.142+0000] {dag.py:3441} INFO - Setting next_dagrun for example_short_circuit_operator to 2023-01-31T22:20:44.142455+00:00, run_after=2023-02-01T22:20:44.142455+00:00
[2023-02-01T22:20:44.153+0000] {processor.py:175} INFO - Processing /home/airflow/.local/lib/python3.7/site-packages/airflow/example_dags/example_short_circuit_operator.py took 0.062 seconds
[2023-02-01T22:21:14.970+0000] {processor.py:153} INFO - Started process (PID=320) to work on /home/airflow/.local/lib/python3.7/site-packages/airflow/example_dags/example_short_circuit_operator.py
[2023-02-01T22:21:14.971+0000] {processor.py:743} INFO - Processing file /home/airflow/.local/lib/python3.7/site-packages/airflow/example_dags/example_short_circuit_operator.py for tasks to queue
[2023-02-01T22:21:14.972+0000] {logging_mixin.py:137} INFO - [2023-02-01T22:21:14.972+0000] {dagbag.py:538} INFO - Filling up the DagBag from /home/airflow/.local/lib/python3.7/site-packages/airflow/example_dags/example_short_circuit_operator.py
[2023-02-01T22:21:14.983+0000] {processor.py:753} INFO - DAG(s) dict_keys(['example_short_circuit_operator']) retrieved from /home/airflow/.local/lib/python3.7/site-packages/airflow/example_dags/example_short_circuit_operator.py
[2023-02-01T22:21:15.005+0000] {logging_mixin.py:137} INFO - [2023-02-01T22:21:15.005+0000] {dag.py:2690} INFO - Sync 1 DAGs
[2023-02-01T22:21:15.021+0000] {logging_mixin.py:137} INFO - [2023-02-01T22:21:15.021+0000] {dag.py:3441} INFO - Setting next_dagrun for example_short_circuit_operator to 2023-01-31T22:21:15.021637+00:00, run_after=2023-02-01T22:21:15.021637+00:00
[2023-02-01T22:21:15.033+0000] {processor.py:175} INFO - Processing /home/airflow/.local/lib/python3.7/site-packages/airflow/example_dags/example_short_circuit_operator.py took 0.065 seconds
[2023-02-01T22:21:45.820+0000] {processor.py:153} INFO - Started process (PID=396) to work on /home/airflow/.local/lib/python3.7/site-packages/airflow/example_dags/example_short_circuit_operator.py
[2023-02-01T22:21:45.821+0000] {processor.py:743} INFO - Processing file /home/airflow/.local/lib/python3.7/site-packages/airflow/example_dags/example_short_circuit_operator.py for tasks to queue
[2023-02-01T22:21:45.822+0000] {logging_mixin.py:137} INFO - [2023-02-01T22:21:45.822+0000] {dagbag.py:538} INFO - Filling up the DagBag from /home/airflow/.local/lib/python3.7/site-packages/airflow/example_dags/example_short_circuit_operator.py
[2023-02-01T22:21:45.833+0000] {processor.py:753} INFO - DAG(s) dict_keys(['example_short_circuit_operator']) retrieved from /home/airflow/.local/lib/python3.7/site-packages/airflow/example_dags/example_short_circuit_operator.py
[2023-02-01T22:21:45.854+0000] {logging_mixin.py:137} INFO - [2023-02-01T22:21:45.854+0000] {dag.py:2690} INFO - Sync 1 DAGs
[2023-02-01T22:21:45.871+0000] {logging_mixin.py:137} INFO - [2023-02-01T22:21:45.871+0000] {dag.py:3441} INFO - Setting next_dagrun for example_short_circuit_operator to 2023-01-31T22:21:45.871145+00:00, run_after=2023-02-01T22:21:45.871145+00:00
[2023-02-01T22:21:45.884+0000] {processor.py:175} INFO - Processing /home/airflow/.local/lib/python3.7/site-packages/airflow/example_dags/example_short_circuit_operator.py took 0.066 seconds
[2023-02-01T22:22:16.961+0000] {processor.py:153} INFO - Started process (PID=472) to work on /home/airflow/.local/lib/python3.7/site-packages/airflow/example_dags/example_short_circuit_operator.py
[2023-02-01T22:22:16.962+0000] {processor.py:743} INFO - Processing file /home/airflow/.local/lib/python3.7/site-packages/airflow/example_dags/example_short_circuit_operator.py for tasks to queue
[2023-02-01T22:22:16.963+0000] {logging_mixin.py:137} INFO - [2023-02-01T22:22:16.963+0000] {dagbag.py:538} INFO - Filling up the DagBag from /home/airflow/.local/lib/python3.7/site-packages/airflow/example_dags/example_short_circuit_operator.py
[2023-02-01T22:22:16.973+0000] {processor.py:753} INFO - DAG(s) dict_keys(['example_short_circuit_operator']) retrieved from /home/airflow/.local/lib/python3.7/site-packages/airflow/example_dags/example_short_circuit_operator.py
[2023-02-01T22:22:16.992+0000] {logging_mixin.py:137} INFO - [2023-02-01T22:22:16.992+0000] {dag.py:2690} INFO - Sync 1 DAGs
[2023-02-01T22:22:17.006+0000] {logging_mixin.py:137} INFO - [2023-02-01T22:22:17.006+0000] {dag.py:3441} INFO - Setting next_dagrun for example_short_circuit_operator to 2023-01-31T22:22:17.006620+00:00, run_after=2023-02-01T22:22:17.006620+00:00
[2023-02-01T22:22:17.017+0000] {processor.py:175} INFO - Processing /home/airflow/.local/lib/python3.7/site-packages/airflow/example_dags/example_short_circuit_operator.py took 0.058 seconds
[2023-02-01T22:22:47.887+0000] {processor.py:153} INFO - Started process (PID=536) to work on /home/airflow/.local/lib/python3.7/site-packages/airflow/example_dags/example_short_circuit_operator.py
[2023-02-01T22:22:47.889+0000] {processor.py:743} INFO - Processing file /home/airflow/.local/lib/python3.7/site-packages/airflow/example_dags/example_short_circuit_operator.py for tasks to queue
[2023-02-01T22:22:47.890+0000] {logging_mixin.py:137} INFO - [2023-02-01T22:22:47.890+0000] {dagbag.py:538} INFO - Filling up the DagBag from /home/airflow/.local/lib/python3.7/site-packages/airflow/example_dags/example_short_circuit_operator.py
[2023-02-01T22:22:47.902+0000] {processor.py:753} INFO - DAG(s) dict_keys(['example_short_circuit_operator']) retrieved from /home/airflow/.local/lib/python3.7/site-packages/airflow/example_dags/example_short_circuit_operator.py
[2023-02-01T22:22:47.924+0000] {logging_mixin.py:137} INFO - [2023-02-01T22:22:47.924+0000] {dag.py:2690} INFO - Sync 1 DAGs
[2023-02-01T22:22:47.943+0000] {logging_mixin.py:137} INFO - [2023-02-01T22:22:47.942+0000] {dag.py:3441} INFO - Setting next_dagrun for example_short_circuit_operator to 2023-01-31T22:22:47.942724+00:00, run_after=2023-02-01T22:22:47.942724+00:00
[2023-02-01T22:22:47.959+0000] {processor.py:175} INFO - Processing /home/airflow/.local/lib/python3.7/site-packages/airflow/example_dags/example_short_circuit_operator.py took 0.074 seconds
[2023-02-01T22:23:18.650+0000] {processor.py:153} INFO - Started process (PID=612) to work on /home/airflow/.local/lib/python3.7/site-packages/airflow/example_dags/example_short_circuit_operator.py
[2023-02-01T22:23:18.651+0000] {processor.py:743} INFO - Processing file /home/airflow/.local/lib/python3.7/site-packages/airflow/example_dags/example_short_circuit_operator.py for tasks to queue
[2023-02-01T22:23:18.652+0000] {logging_mixin.py:137} INFO - [2023-02-01T22:23:18.652+0000] {dagbag.py:538} INFO - Filling up the DagBag from /home/airflow/.local/lib/python3.7/site-packages/airflow/example_dags/example_short_circuit_operator.py
[2023-02-01T22:23:18.664+0000] {processor.py:753} INFO - DAG(s) dict_keys(['example_short_circuit_operator']) retrieved from /home/airflow/.local/lib/python3.7/site-packages/airflow/example_dags/example_short_circuit_operator.py
[2023-02-01T22:23:18.684+0000] {logging_mixin.py:137} INFO - [2023-02-01T22:23:18.684+0000] {dag.py:2690} INFO - Sync 1 DAGs
[2023-02-01T22:23:18.699+0000] {logging_mixin.py:137} INFO - [2023-02-01T22:23:18.699+0000] {dag.py:3441} INFO - Setting next_dagrun for example_short_circuit_operator to 2023-01-31T22:23:18.699486+00:00, run_after=2023-02-01T22:23:18.699486+00:00
[2023-02-01T22:23:18.710+0000] {processor.py:175} INFO - Processing /home/airflow/.local/lib/python3.7/site-packages/airflow/example_dags/example_short_circuit_operator.py took 0.063 seconds
[2023-02-01T22:23:49.616+0000] {processor.py:153} INFO - Started process (PID=688) to work on /home/airflow/.local/lib/python3.7/site-packages/airflow/example_dags/example_short_circuit_operator.py
[2023-02-01T22:23:49.618+0000] {processor.py:743} INFO - Processing file /home/airflow/.local/lib/python3.7/site-packages/airflow/example_dags/example_short_circuit_operator.py for tasks to queue
[2023-02-01T22:23:49.618+0000] {logging_mixin.py:137} INFO - [2023-02-01T22:23:49.618+0000] {dagbag.py:538} INFO - Filling up the DagBag from /home/airflow/.local/lib/python3.7/site-packages/airflow/example_dags/example_short_circuit_operator.py
[2023-02-01T22:23:49.629+0000] {processor.py:753} INFO - DAG(s) dict_keys(['example_short_circuit_operator']) retrieved from /home/airflow/.local/lib/python3.7/site-packages/airflow/example_dags/example_short_circuit_operator.py
[2023-02-01T22:23:49.647+0000] {logging_mixin.py:137} INFO - [2023-02-01T22:23:49.647+0000] {dag.py:2690} INFO - Sync 1 DAGs
[2023-02-01T22:23:49.662+0000] {logging_mixin.py:137} INFO - [2023-02-01T22:23:49.662+0000] {dag.py:3441} INFO - Setting next_dagrun for example_short_circuit_operator to 2023-01-31T22:23:49.662062+00:00, run_after=2023-02-01T22:23:49.662062+00:00
[2023-02-01T22:23:49.672+0000] {processor.py:175} INFO - Processing /home/airflow/.local/lib/python3.7/site-packages/airflow/example_dags/example_short_circuit_operator.py took 0.058 seconds
