[2023-02-01T22:19:15.902+0000] {processor.py:153} INFO - Started process (PID=61) to work on /home/airflow/.local/lib/python3.7/site-packages/airflow/example_dags/example_dag_decorator.py
[2023-02-01T22:19:15.909+0000] {processor.py:743} INFO - Processing file /home/airflow/.local/lib/python3.7/site-packages/airflow/example_dags/example_dag_decorator.py for tasks to queue
[2023-02-01T22:19:15.924+0000] {logging_mixin.py:137} INFO - [2023-02-01T22:19:15.923+0000] {dagbag.py:538} INFO - Filling up the DagBag from /home/airflow/.local/lib/python3.7/site-packages/airflow/example_dags/example_dag_decorator.py
[2023-02-01T22:19:16.136+0000] {logging_mixin.py:137} INFO - [2023-02-01T22:19:16.135+0000] {taskmixin.py:205} WARNING - Dependency <Task(_PythonDecoratedOperator): prepare_email>, send_email already registered for DAG: example_dag_decorator
[2023-02-01T22:19:16.138+0000] {logging_mixin.py:137} INFO - [2023-02-01T22:19:16.138+0000] {taskmixin.py:205} WARNING - Dependency <Task(EmailOperator): send_email>, prepare_email already registered for DAG: example_dag_decorator
[2023-02-01T22:19:16.458+0000] {processor.py:753} INFO - DAG(s) dict_keys(['example_dag_decorator']) retrieved from /home/airflow/.local/lib/python3.7/site-packages/airflow/example_dags/example_dag_decorator.py
[2023-02-01T22:19:16.581+0000] {logging_mixin.py:137} INFO - [2023-02-01T22:19:16.580+0000] {dag.py:2690} INFO - Sync 1 DAGs
[2023-02-01T22:19:16.671+0000] {logging_mixin.py:137} INFO - [2023-02-01T22:19:16.671+0000] {dag.py:3441} INFO - Setting next_dagrun for example_dag_decorator to None, run_after=None
[2023-02-01T22:19:16.741+0000] {processor.py:175} INFO - Processing /home/airflow/.local/lib/python3.7/site-packages/airflow/example_dags/example_dag_decorator.py took 0.908 seconds
[2023-02-01T22:19:47.920+0000] {processor.py:153} INFO - Started process (PID=128) to work on /home/airflow/.local/lib/python3.7/site-packages/airflow/example_dags/example_dag_decorator.py
[2023-02-01T22:19:47.923+0000] {processor.py:743} INFO - Processing file /home/airflow/.local/lib/python3.7/site-packages/airflow/example_dags/example_dag_decorator.py for tasks to queue
[2023-02-01T22:19:47.924+0000] {logging_mixin.py:137} INFO - [2023-02-01T22:19:47.924+0000] {dagbag.py:538} INFO - Filling up the DagBag from /home/airflow/.local/lib/python3.7/site-packages/airflow/example_dags/example_dag_decorator.py
[2023-02-01T22:19:47.945+0000] {logging_mixin.py:137} INFO - [2023-02-01T22:19:47.945+0000] {taskmixin.py:205} WARNING - Dependency <Task(_PythonDecoratedOperator): prepare_email>, send_email already registered for DAG: example_dag_decorator
[2023-02-01T22:19:47.946+0000] {logging_mixin.py:137} INFO - [2023-02-01T22:19:47.946+0000] {taskmixin.py:205} WARNING - Dependency <Task(EmailOperator): send_email>, prepare_email already registered for DAG: example_dag_decorator
[2023-02-01T22:19:47.959+0000] {processor.py:753} INFO - DAG(s) dict_keys(['example_dag_decorator']) retrieved from /home/airflow/.local/lib/python3.7/site-packages/airflow/example_dags/example_dag_decorator.py
[2023-02-01T22:19:48.012+0000] {logging_mixin.py:137} INFO - [2023-02-01T22:19:48.012+0000] {dag.py:2690} INFO - Sync 1 DAGs
[2023-02-01T22:19:48.029+0000] {logging_mixin.py:137} INFO - [2023-02-01T22:19:48.029+0000] {dag.py:3441} INFO - Setting next_dagrun for example_dag_decorator to None, run_after=None
[2023-02-01T22:19:48.047+0000] {processor.py:175} INFO - Processing /home/airflow/.local/lib/python3.7/site-packages/airflow/example_dags/example_dag_decorator.py took 0.135 seconds
[2023-02-01T22:20:18.160+0000] {processor.py:153} INFO - Started process (PID=202) to work on /home/airflow/.local/lib/python3.7/site-packages/airflow/example_dags/example_dag_decorator.py
[2023-02-01T22:20:18.161+0000] {processor.py:743} INFO - Processing file /home/airflow/.local/lib/python3.7/site-packages/airflow/example_dags/example_dag_decorator.py for tasks to queue
[2023-02-01T22:20:18.165+0000] {logging_mixin.py:137} INFO - [2023-02-01T22:20:18.165+0000] {dagbag.py:538} INFO - Filling up the DagBag from /home/airflow/.local/lib/python3.7/site-packages/airflow/example_dags/example_dag_decorator.py
[2023-02-01T22:20:18.179+0000] {logging_mixin.py:137} INFO - [2023-02-01T22:20:18.178+0000] {taskmixin.py:205} WARNING - Dependency <Task(_PythonDecoratedOperator): prepare_email>, send_email already registered for DAG: example_dag_decorator
[2023-02-01T22:20:18.179+0000] {logging_mixin.py:137} INFO - [2023-02-01T22:20:18.179+0000] {taskmixin.py:205} WARNING - Dependency <Task(EmailOperator): send_email>, prepare_email already registered for DAG: example_dag_decorator
[2023-02-01T22:20:18.189+0000] {processor.py:753} INFO - DAG(s) dict_keys(['example_dag_decorator']) retrieved from /home/airflow/.local/lib/python3.7/site-packages/airflow/example_dags/example_dag_decorator.py
[2023-02-01T22:20:18.233+0000] {logging_mixin.py:137} INFO - [2023-02-01T22:20:18.233+0000] {dag.py:2690} INFO - Sync 1 DAGs
[2023-02-01T22:20:18.248+0000] {logging_mixin.py:137} INFO - [2023-02-01T22:20:18.248+0000] {dag.py:3441} INFO - Setting next_dagrun for example_dag_decorator to None, run_after=None
[2023-02-01T22:20:18.263+0000] {processor.py:175} INFO - Processing /home/airflow/.local/lib/python3.7/site-packages/airflow/example_dags/example_dag_decorator.py took 0.107 seconds
[2023-02-01T22:20:48.901+0000] {processor.py:153} INFO - Started process (PID=268) to work on /home/airflow/.local/lib/python3.7/site-packages/airflow/example_dags/example_dag_decorator.py
[2023-02-01T22:20:48.903+0000] {processor.py:743} INFO - Processing file /home/airflow/.local/lib/python3.7/site-packages/airflow/example_dags/example_dag_decorator.py for tasks to queue
[2023-02-01T22:20:48.905+0000] {logging_mixin.py:137} INFO - [2023-02-01T22:20:48.905+0000] {dagbag.py:538} INFO - Filling up the DagBag from /home/airflow/.local/lib/python3.7/site-packages/airflow/example_dags/example_dag_decorator.py
[2023-02-01T22:20:48.931+0000] {logging_mixin.py:137} INFO - [2023-02-01T22:20:48.931+0000] {taskmixin.py:205} WARNING - Dependency <Task(_PythonDecoratedOperator): prepare_email>, send_email already registered for DAG: example_dag_decorator
[2023-02-01T22:20:48.932+0000] {logging_mixin.py:137} INFO - [2023-02-01T22:20:48.932+0000] {taskmixin.py:205} WARNING - Dependency <Task(EmailOperator): send_email>, prepare_email already registered for DAG: example_dag_decorator
[2023-02-01T22:20:48.951+0000] {processor.py:753} INFO - DAG(s) dict_keys(['example_dag_decorator']) retrieved from /home/airflow/.local/lib/python3.7/site-packages/airflow/example_dags/example_dag_decorator.py
[2023-02-01T22:20:49.051+0000] {logging_mixin.py:137} INFO - [2023-02-01T22:20:49.050+0000] {dag.py:2690} INFO - Sync 1 DAGs
[2023-02-01T22:20:49.075+0000] {logging_mixin.py:137} INFO - [2023-02-01T22:20:49.075+0000] {dag.py:3441} INFO - Setting next_dagrun for example_dag_decorator to None, run_after=None
[2023-02-01T22:20:49.094+0000] {processor.py:175} INFO - Processing /home/airflow/.local/lib/python3.7/site-packages/airflow/example_dags/example_dag_decorator.py took 0.203 seconds
[2023-02-01T22:21:19.285+0000] {processor.py:153} INFO - Started process (PID=344) to work on /home/airflow/.local/lib/python3.7/site-packages/airflow/example_dags/example_dag_decorator.py
[2023-02-01T22:21:19.287+0000] {processor.py:743} INFO - Processing file /home/airflow/.local/lib/python3.7/site-packages/airflow/example_dags/example_dag_decorator.py for tasks to queue
[2023-02-01T22:21:19.292+0000] {logging_mixin.py:137} INFO - [2023-02-01T22:21:19.291+0000] {dagbag.py:538} INFO - Filling up the DagBag from /home/airflow/.local/lib/python3.7/site-packages/airflow/example_dags/example_dag_decorator.py
[2023-02-01T22:21:19.320+0000] {logging_mixin.py:137} INFO - [2023-02-01T22:21:19.320+0000] {taskmixin.py:205} WARNING - Dependency <Task(_PythonDecoratedOperator): prepare_email>, send_email already registered for DAG: example_dag_decorator
[2023-02-01T22:21:19.321+0000] {logging_mixin.py:137} INFO - [2023-02-01T22:21:19.321+0000] {taskmixin.py:205} WARNING - Dependency <Task(EmailOperator): send_email>, prepare_email already registered for DAG: example_dag_decorator
[2023-02-01T22:21:19.335+0000] {processor.py:753} INFO - DAG(s) dict_keys(['example_dag_decorator']) retrieved from /home/airflow/.local/lib/python3.7/site-packages/airflow/example_dags/example_dag_decorator.py
[2023-02-01T22:21:19.395+0000] {logging_mixin.py:137} INFO - [2023-02-01T22:21:19.395+0000] {dag.py:2690} INFO - Sync 1 DAGs
[2023-02-01T22:21:19.413+0000] {logging_mixin.py:137} INFO - [2023-02-01T22:21:19.413+0000] {dag.py:3441} INFO - Setting next_dagrun for example_dag_decorator to None, run_after=None
[2023-02-01T22:21:19.426+0000] {processor.py:175} INFO - Processing /home/airflow/.local/lib/python3.7/site-packages/airflow/example_dags/example_dag_decorator.py took 0.147 seconds
[2023-02-01T22:21:49.508+0000] {processor.py:153} INFO - Started process (PID=407) to work on /home/airflow/.local/lib/python3.7/site-packages/airflow/example_dags/example_dag_decorator.py
[2023-02-01T22:21:49.509+0000] {processor.py:743} INFO - Processing file /home/airflow/.local/lib/python3.7/site-packages/airflow/example_dags/example_dag_decorator.py for tasks to queue
[2023-02-01T22:21:49.510+0000] {logging_mixin.py:137} INFO - [2023-02-01T22:21:49.510+0000] {dagbag.py:538} INFO - Filling up the DagBag from /home/airflow/.local/lib/python3.7/site-packages/airflow/example_dags/example_dag_decorator.py
[2023-02-01T22:21:49.526+0000] {logging_mixin.py:137} INFO - [2023-02-01T22:21:49.526+0000] {taskmixin.py:205} WARNING - Dependency <Task(_PythonDecoratedOperator): prepare_email>, send_email already registered for DAG: example_dag_decorator
[2023-02-01T22:21:49.527+0000] {logging_mixin.py:137} INFO - [2023-02-01T22:21:49.527+0000] {taskmixin.py:205} WARNING - Dependency <Task(EmailOperator): send_email>, prepare_email already registered for DAG: example_dag_decorator
[2023-02-01T22:21:49.541+0000] {processor.py:753} INFO - DAG(s) dict_keys(['example_dag_decorator']) retrieved from /home/airflow/.local/lib/python3.7/site-packages/airflow/example_dags/example_dag_decorator.py
[2023-02-01T22:21:49.621+0000] {logging_mixin.py:137} INFO - [2023-02-01T22:21:49.621+0000] {dag.py:2690} INFO - Sync 1 DAGs
[2023-02-01T22:21:49.651+0000] {logging_mixin.py:137} INFO - [2023-02-01T22:21:49.651+0000] {dag.py:3441} INFO - Setting next_dagrun for example_dag_decorator to None, run_after=None
[2023-02-01T22:21:49.669+0000] {processor.py:175} INFO - Processing /home/airflow/.local/lib/python3.7/site-packages/airflow/example_dags/example_dag_decorator.py took 0.164 seconds
[2023-02-01T22:22:19.770+0000] {processor.py:153} INFO - Started process (PID=484) to work on /home/airflow/.local/lib/python3.7/site-packages/airflow/example_dags/example_dag_decorator.py
[2023-02-01T22:22:19.771+0000] {processor.py:743} INFO - Processing file /home/airflow/.local/lib/python3.7/site-packages/airflow/example_dags/example_dag_decorator.py for tasks to queue
[2023-02-01T22:22:19.772+0000] {logging_mixin.py:137} INFO - [2023-02-01T22:22:19.772+0000] {dagbag.py:538} INFO - Filling up the DagBag from /home/airflow/.local/lib/python3.7/site-packages/airflow/example_dags/example_dag_decorator.py
[2023-02-01T22:22:19.785+0000] {logging_mixin.py:137} INFO - [2023-02-01T22:22:19.784+0000] {taskmixin.py:205} WARNING - Dependency <Task(_PythonDecoratedOperator): prepare_email>, send_email already registered for DAG: example_dag_decorator
[2023-02-01T22:22:19.785+0000] {logging_mixin.py:137} INFO - [2023-02-01T22:22:19.785+0000] {taskmixin.py:205} WARNING - Dependency <Task(EmailOperator): send_email>, prepare_email already registered for DAG: example_dag_decorator
[2023-02-01T22:22:19.795+0000] {processor.py:753} INFO - DAG(s) dict_keys(['example_dag_decorator']) retrieved from /home/airflow/.local/lib/python3.7/site-packages/airflow/example_dags/example_dag_decorator.py
[2023-02-01T22:22:19.837+0000] {logging_mixin.py:137} INFO - [2023-02-01T22:22:19.837+0000] {dag.py:2690} INFO - Sync 1 DAGs
[2023-02-01T22:22:19.860+0000] {logging_mixin.py:137} INFO - [2023-02-01T22:22:19.859+0000] {dag.py:3441} INFO - Setting next_dagrun for example_dag_decorator to None, run_after=None
[2023-02-01T22:22:19.874+0000] {processor.py:175} INFO - Processing /home/airflow/.local/lib/python3.7/site-packages/airflow/example_dags/example_dag_decorator.py took 0.107 seconds
[2023-02-01T22:22:50.435+0000] {processor.py:153} INFO - Started process (PID=559) to work on /home/airflow/.local/lib/python3.7/site-packages/airflow/example_dags/example_dag_decorator.py
[2023-02-01T22:22:50.436+0000] {processor.py:743} INFO - Processing file /home/airflow/.local/lib/python3.7/site-packages/airflow/example_dags/example_dag_decorator.py for tasks to queue
[2023-02-01T22:22:50.438+0000] {logging_mixin.py:137} INFO - [2023-02-01T22:22:50.437+0000] {dagbag.py:538} INFO - Filling up the DagBag from /home/airflow/.local/lib/python3.7/site-packages/airflow/example_dags/example_dag_decorator.py
[2023-02-01T22:22:50.461+0000] {logging_mixin.py:137} INFO - [2023-02-01T22:22:50.461+0000] {taskmixin.py:205} WARNING - Dependency <Task(_PythonDecoratedOperator): prepare_email>, send_email already registered for DAG: example_dag_decorator
[2023-02-01T22:22:50.462+0000] {logging_mixin.py:137} INFO - [2023-02-01T22:22:50.462+0000] {taskmixin.py:205} WARNING - Dependency <Task(EmailOperator): send_email>, prepare_email already registered for DAG: example_dag_decorator
[2023-02-01T22:22:50.485+0000] {processor.py:753} INFO - DAG(s) dict_keys(['example_dag_decorator']) retrieved from /home/airflow/.local/lib/python3.7/site-packages/airflow/example_dags/example_dag_decorator.py
[2023-02-01T22:22:50.564+0000] {logging_mixin.py:137} INFO - [2023-02-01T22:22:50.564+0000] {dag.py:2690} INFO - Sync 1 DAGs
[2023-02-01T22:22:50.598+0000] {logging_mixin.py:137} INFO - [2023-02-01T22:22:50.598+0000] {dag.py:3441} INFO - Setting next_dagrun for example_dag_decorator to None, run_after=None
[2023-02-01T22:22:50.622+0000] {processor.py:175} INFO - Processing /home/airflow/.local/lib/python3.7/site-packages/airflow/example_dags/example_dag_decorator.py took 0.192 seconds
[2023-02-01T22:23:21.195+0000] {processor.py:153} INFO - Started process (PID=623) to work on /home/airflow/.local/lib/python3.7/site-packages/airflow/example_dags/example_dag_decorator.py
[2023-02-01T22:23:21.196+0000] {processor.py:743} INFO - Processing file /home/airflow/.local/lib/python3.7/site-packages/airflow/example_dags/example_dag_decorator.py for tasks to queue
[2023-02-01T22:23:21.197+0000] {logging_mixin.py:137} INFO - [2023-02-01T22:23:21.197+0000] {dagbag.py:538} INFO - Filling up the DagBag from /home/airflow/.local/lib/python3.7/site-packages/airflow/example_dags/example_dag_decorator.py
[2023-02-01T22:23:21.214+0000] {logging_mixin.py:137} INFO - [2023-02-01T22:23:21.214+0000] {taskmixin.py:205} WARNING - Dependency <Task(_PythonDecoratedOperator): prepare_email>, send_email already registered for DAG: example_dag_decorator
[2023-02-01T22:23:21.215+0000] {logging_mixin.py:137} INFO - [2023-02-01T22:23:21.215+0000] {taskmixin.py:205} WARNING - Dependency <Task(EmailOperator): send_email>, prepare_email already registered for DAG: example_dag_decorator
[2023-02-01T22:23:21.228+0000] {processor.py:753} INFO - DAG(s) dict_keys(['example_dag_decorator']) retrieved from /home/airflow/.local/lib/python3.7/site-packages/airflow/example_dags/example_dag_decorator.py
[2023-02-01T22:23:21.286+0000] {logging_mixin.py:137} INFO - [2023-02-01T22:23:21.286+0000] {dag.py:2690} INFO - Sync 1 DAGs
[2023-02-01T22:23:21.304+0000] {logging_mixin.py:137} INFO - [2023-02-01T22:23:21.304+0000] {dag.py:3441} INFO - Setting next_dagrun for example_dag_decorator to None, run_after=None
[2023-02-01T22:23:21.320+0000] {processor.py:175} INFO - Processing /home/airflow/.local/lib/python3.7/site-packages/airflow/example_dags/example_dag_decorator.py took 0.131 seconds
[2023-02-01T22:23:52.212+0000] {processor.py:153} INFO - Started process (PID=699) to work on /home/airflow/.local/lib/python3.7/site-packages/airflow/example_dags/example_dag_decorator.py
[2023-02-01T22:23:52.214+0000] {processor.py:743} INFO - Processing file /home/airflow/.local/lib/python3.7/site-packages/airflow/example_dags/example_dag_decorator.py for tasks to queue
[2023-02-01T22:23:52.216+0000] {logging_mixin.py:137} INFO - [2023-02-01T22:23:52.216+0000] {dagbag.py:538} INFO - Filling up the DagBag from /home/airflow/.local/lib/python3.7/site-packages/airflow/example_dags/example_dag_decorator.py
[2023-02-01T22:23:52.238+0000] {logging_mixin.py:137} INFO - [2023-02-01T22:23:52.237+0000] {taskmixin.py:205} WARNING - Dependency <Task(_PythonDecoratedOperator): prepare_email>, send_email already registered for DAG: example_dag_decorator
[2023-02-01T22:23:52.238+0000] {logging_mixin.py:137} INFO - [2023-02-01T22:23:52.238+0000] {taskmixin.py:205} WARNING - Dependency <Task(EmailOperator): send_email>, prepare_email already registered for DAG: example_dag_decorator
[2023-02-01T22:23:52.251+0000] {processor.py:753} INFO - DAG(s) dict_keys(['example_dag_decorator']) retrieved from /home/airflow/.local/lib/python3.7/site-packages/airflow/example_dags/example_dag_decorator.py
[2023-02-01T22:23:52.302+0000] {logging_mixin.py:137} INFO - [2023-02-01T22:23:52.302+0000] {dag.py:2690} INFO - Sync 1 DAGs
[2023-02-01T22:23:52.317+0000] {logging_mixin.py:137} INFO - [2023-02-01T22:23:52.317+0000] {dag.py:3441} INFO - Setting next_dagrun for example_dag_decorator to None, run_after=None
[2023-02-01T22:23:52.330+0000] {processor.py:175} INFO - Processing /home/airflow/.local/lib/python3.7/site-packages/airflow/example_dags/example_dag_decorator.py took 0.124 seconds
[2023-02-01T22:24:22.571+0000] {processor.py:153} INFO - Started process (PID=775) to work on /home/airflow/.local/lib/python3.7/site-packages/airflow/example_dags/example_dag_decorator.py
[2023-02-01T22:24:22.572+0000] {processor.py:743} INFO - Processing file /home/airflow/.local/lib/python3.7/site-packages/airflow/example_dags/example_dag_decorator.py for tasks to queue
[2023-02-01T22:24:22.573+0000] {logging_mixin.py:137} INFO - [2023-02-01T22:24:22.573+0000] {dagbag.py:538} INFO - Filling up the DagBag from /home/airflow/.local/lib/python3.7/site-packages/airflow/example_dags/example_dag_decorator.py
[2023-02-01T22:24:22.586+0000] {logging_mixin.py:137} INFO - [2023-02-01T22:24:22.585+0000] {taskmixin.py:205} WARNING - Dependency <Task(_PythonDecoratedOperator): prepare_email>, send_email already registered for DAG: example_dag_decorator
[2023-02-01T22:24:22.586+0000] {logging_mixin.py:137} INFO - [2023-02-01T22:24:22.586+0000] {taskmixin.py:205} WARNING - Dependency <Task(EmailOperator): send_email>, prepare_email already registered for DAG: example_dag_decorator
[2023-02-01T22:24:22.598+0000] {processor.py:753} INFO - DAG(s) dict_keys(['example_dag_decorator']) retrieved from /home/airflow/.local/lib/python3.7/site-packages/airflow/example_dags/example_dag_decorator.py
[2023-02-01T22:24:22.648+0000] {logging_mixin.py:137} INFO - [2023-02-01T22:24:22.648+0000] {dag.py:2690} INFO - Sync 1 DAGs
[2023-02-01T22:24:22.666+0000] {logging_mixin.py:137} INFO - [2023-02-01T22:24:22.666+0000] {dag.py:3441} INFO - Setting next_dagrun for example_dag_decorator to None, run_after=None
[2023-02-01T22:24:22.680+0000] {processor.py:175} INFO - Processing /home/airflow/.local/lib/python3.7/site-packages/airflow/example_dags/example_dag_decorator.py took 0.112 seconds
[2023-02-01T22:24:53.231+0000] {processor.py:153} INFO - Started process (PID=839) to work on /home/airflow/.local/lib/python3.7/site-packages/airflow/example_dags/example_dag_decorator.py
[2023-02-01T22:24:53.232+0000] {processor.py:743} INFO - Processing file /home/airflow/.local/lib/python3.7/site-packages/airflow/example_dags/example_dag_decorator.py for tasks to queue
[2023-02-01T22:24:53.233+0000] {logging_mixin.py:137} INFO - [2023-02-01T22:24:53.233+0000] {dagbag.py:538} INFO - Filling up the DagBag from /home/airflow/.local/lib/python3.7/site-packages/airflow/example_dags/example_dag_decorator.py
[2023-02-01T22:24:53.249+0000] {logging_mixin.py:137} INFO - [2023-02-01T22:24:53.249+0000] {taskmixin.py:205} WARNING - Dependency <Task(_PythonDecoratedOperator): prepare_email>, send_email already registered for DAG: example_dag_decorator
[2023-02-01T22:24:53.250+0000] {logging_mixin.py:137} INFO - [2023-02-01T22:24:53.250+0000] {taskmixin.py:205} WARNING - Dependency <Task(EmailOperator): send_email>, prepare_email already registered for DAG: example_dag_decorator
[2023-02-01T22:24:53.262+0000] {processor.py:753} INFO - DAG(s) dict_keys(['example_dag_decorator']) retrieved from /home/airflow/.local/lib/python3.7/site-packages/airflow/example_dags/example_dag_decorator.py
[2023-02-01T22:24:53.303+0000] {logging_mixin.py:137} INFO - [2023-02-01T22:24:53.303+0000] {dag.py:2690} INFO - Sync 1 DAGs
[2023-02-01T22:24:53.319+0000] {logging_mixin.py:137} INFO - [2023-02-01T22:24:53.319+0000] {dag.py:3441} INFO - Setting next_dagrun for example_dag_decorator to None, run_after=None
[2023-02-01T22:24:53.331+0000] {processor.py:175} INFO - Processing /home/airflow/.local/lib/python3.7/site-packages/airflow/example_dags/example_dag_decorator.py took 0.104 seconds
[2023-02-01T22:25:23.890+0000] {processor.py:153} INFO - Started process (PID=916) to work on /home/airflow/.local/lib/python3.7/site-packages/airflow/example_dags/example_dag_decorator.py
[2023-02-01T22:25:23.892+0000] {processor.py:743} INFO - Processing file /home/airflow/.local/lib/python3.7/site-packages/airflow/example_dags/example_dag_decorator.py for tasks to queue
[2023-02-01T22:25:23.894+0000] {logging_mixin.py:137} INFO - [2023-02-01T22:25:23.894+0000] {dagbag.py:538} INFO - Filling up the DagBag from /home/airflow/.local/lib/python3.7/site-packages/airflow/example_dags/example_dag_decorator.py
[2023-02-01T22:25:23.909+0000] {logging_mixin.py:137} INFO - [2023-02-01T22:25:23.908+0000] {taskmixin.py:205} WARNING - Dependency <Task(_PythonDecoratedOperator): prepare_email>, send_email already registered for DAG: example_dag_decorator
[2023-02-01T22:25:23.909+0000] {logging_mixin.py:137} INFO - [2023-02-01T22:25:23.909+0000] {taskmixin.py:205} WARNING - Dependency <Task(EmailOperator): send_email>, prepare_email already registered for DAG: example_dag_decorator
[2023-02-01T22:25:23.921+0000] {processor.py:753} INFO - DAG(s) dict_keys(['example_dag_decorator']) retrieved from /home/airflow/.local/lib/python3.7/site-packages/airflow/example_dags/example_dag_decorator.py
[2023-02-01T22:25:23.973+0000] {logging_mixin.py:137} INFO - [2023-02-01T22:25:23.973+0000] {dag.py:2690} INFO - Sync 1 DAGs
[2023-02-01T22:25:23.992+0000] {logging_mixin.py:137} INFO - [2023-02-01T22:25:23.992+0000] {dag.py:3441} INFO - Setting next_dagrun for example_dag_decorator to None, run_after=None
[2023-02-01T22:25:24.005+0000] {processor.py:175} INFO - Processing /home/airflow/.local/lib/python3.7/site-packages/airflow/example_dags/example_dag_decorator.py took 0.122 seconds
[2023-02-01T22:25:54.848+0000] {processor.py:153} INFO - Started process (PID=993) to work on /home/airflow/.local/lib/python3.7/site-packages/airflow/example_dags/example_dag_decorator.py
[2023-02-01T22:25:54.849+0000] {processor.py:743} INFO - Processing file /home/airflow/.local/lib/python3.7/site-packages/airflow/example_dags/example_dag_decorator.py for tasks to queue
[2023-02-01T22:25:54.851+0000] {logging_mixin.py:137} INFO - [2023-02-01T22:25:54.850+0000] {dagbag.py:538} INFO - Filling up the DagBag from /home/airflow/.local/lib/python3.7/site-packages/airflow/example_dags/example_dag_decorator.py
[2023-02-01T22:25:54.892+0000] {logging_mixin.py:137} INFO - [2023-02-01T22:25:54.891+0000] {taskmixin.py:205} WARNING - Dependency <Task(_PythonDecoratedOperator): prepare_email>, send_email already registered for DAG: example_dag_decorator
[2023-02-01T22:25:54.894+0000] {logging_mixin.py:137} INFO - [2023-02-01T22:25:54.894+0000] {taskmixin.py:205} WARNING - Dependency <Task(EmailOperator): send_email>, prepare_email already registered for DAG: example_dag_decorator
[2023-02-01T22:25:54.927+0000] {processor.py:753} INFO - DAG(s) dict_keys(['example_dag_decorator']) retrieved from /home/airflow/.local/lib/python3.7/site-packages/airflow/example_dags/example_dag_decorator.py
[2023-02-01T22:25:54.989+0000] {logging_mixin.py:137} INFO - [2023-02-01T22:25:54.989+0000] {dag.py:2690} INFO - Sync 1 DAGs
[2023-02-01T22:25:55.009+0000] {logging_mixin.py:137} INFO - [2023-02-01T22:25:55.009+0000] {dag.py:3441} INFO - Setting next_dagrun for example_dag_decorator to None, run_after=None
[2023-02-01T22:25:55.034+0000] {processor.py:175} INFO - Processing /home/airflow/.local/lib/python3.7/site-packages/airflow/example_dags/example_dag_decorator.py took 0.189 seconds
[2023-02-01T22:26:25.542+0000] {processor.py:153} INFO - Started process (PID=1057) to work on /home/airflow/.local/lib/python3.7/site-packages/airflow/example_dags/example_dag_decorator.py
[2023-02-01T22:26:25.545+0000] {processor.py:743} INFO - Processing file /home/airflow/.local/lib/python3.7/site-packages/airflow/example_dags/example_dag_decorator.py for tasks to queue
[2023-02-01T22:26:25.546+0000] {logging_mixin.py:137} INFO - [2023-02-01T22:26:25.546+0000] {dagbag.py:538} INFO - Filling up the DagBag from /home/airflow/.local/lib/python3.7/site-packages/airflow/example_dags/example_dag_decorator.py
[2023-02-01T22:26:25.582+0000] {logging_mixin.py:137} INFO - [2023-02-01T22:26:25.582+0000] {taskmixin.py:205} WARNING - Dependency <Task(_PythonDecoratedOperator): prepare_email>, send_email already registered for DAG: example_dag_decorator
[2023-02-01T22:26:25.583+0000] {logging_mixin.py:137} INFO - [2023-02-01T22:26:25.583+0000] {taskmixin.py:205} WARNING - Dependency <Task(EmailOperator): send_email>, prepare_email already registered for DAG: example_dag_decorator
[2023-02-01T22:26:25.595+0000] {processor.py:753} INFO - DAG(s) dict_keys(['example_dag_decorator']) retrieved from /home/airflow/.local/lib/python3.7/site-packages/airflow/example_dags/example_dag_decorator.py
[2023-02-01T22:26:25.645+0000] {logging_mixin.py:137} INFO - [2023-02-01T22:26:25.645+0000] {dag.py:2690} INFO - Sync 1 DAGs
[2023-02-01T22:26:25.663+0000] {logging_mixin.py:137} INFO - [2023-02-01T22:26:25.663+0000] {dag.py:3441} INFO - Setting next_dagrun for example_dag_decorator to None, run_after=None
[2023-02-01T22:26:25.675+0000] {processor.py:175} INFO - Processing /home/airflow/.local/lib/python3.7/site-packages/airflow/example_dags/example_dag_decorator.py took 0.138 seconds
[2023-02-01T22:26:56.496+0000] {processor.py:153} INFO - Started process (PID=1133) to work on /home/airflow/.local/lib/python3.7/site-packages/airflow/example_dags/example_dag_decorator.py
[2023-02-01T22:26:56.499+0000] {processor.py:743} INFO - Processing file /home/airflow/.local/lib/python3.7/site-packages/airflow/example_dags/example_dag_decorator.py for tasks to queue
[2023-02-01T22:26:56.501+0000] {logging_mixin.py:137} INFO - [2023-02-01T22:26:56.500+0000] {dagbag.py:538} INFO - Filling up the DagBag from /home/airflow/.local/lib/python3.7/site-packages/airflow/example_dags/example_dag_decorator.py
[2023-02-01T22:26:56.519+0000] {logging_mixin.py:137} INFO - [2023-02-01T22:26:56.519+0000] {taskmixin.py:205} WARNING - Dependency <Task(_PythonDecoratedOperator): prepare_email>, send_email already registered for DAG: example_dag_decorator
[2023-02-01T22:26:56.520+0000] {logging_mixin.py:137} INFO - [2023-02-01T22:26:56.520+0000] {taskmixin.py:205} WARNING - Dependency <Task(EmailOperator): send_email>, prepare_email already registered for DAG: example_dag_decorator
[2023-02-01T22:26:56.536+0000] {processor.py:753} INFO - DAG(s) dict_keys(['example_dag_decorator']) retrieved from /home/airflow/.local/lib/python3.7/site-packages/airflow/example_dags/example_dag_decorator.py
[2023-02-01T22:26:56.589+0000] {logging_mixin.py:137} INFO - [2023-02-01T22:26:56.589+0000] {dag.py:2690} INFO - Sync 1 DAGs
[2023-02-01T22:26:56.608+0000] {logging_mixin.py:137} INFO - [2023-02-01T22:26:56.608+0000] {dag.py:3441} INFO - Setting next_dagrun for example_dag_decorator to None, run_after=None
[2023-02-01T22:26:56.623+0000] {processor.py:175} INFO - Processing /home/airflow/.local/lib/python3.7/site-packages/airflow/example_dags/example_dag_decorator.py took 0.133 seconds
[2023-02-01T22:27:27.268+0000] {processor.py:153} INFO - Started process (PID=1206) to work on /home/airflow/.local/lib/python3.7/site-packages/airflow/example_dags/example_dag_decorator.py
[2023-02-01T22:27:27.270+0000] {processor.py:743} INFO - Processing file /home/airflow/.local/lib/python3.7/site-packages/airflow/example_dags/example_dag_decorator.py for tasks to queue
[2023-02-01T22:27:27.271+0000] {logging_mixin.py:137} INFO - [2023-02-01T22:27:27.271+0000] {dagbag.py:538} INFO - Filling up the DagBag from /home/airflow/.local/lib/python3.7/site-packages/airflow/example_dags/example_dag_decorator.py
[2023-02-01T22:27:27.312+0000] {logging_mixin.py:137} INFO - [2023-02-01T22:27:27.312+0000] {taskmixin.py:205} WARNING - Dependency <Task(_PythonDecoratedOperator): prepare_email>, send_email already registered for DAG: example_dag_decorator
[2023-02-01T22:27:27.314+0000] {logging_mixin.py:137} INFO - [2023-02-01T22:27:27.314+0000] {taskmixin.py:205} WARNING - Dependency <Task(EmailOperator): send_email>, prepare_email already registered for DAG: example_dag_decorator
[2023-02-01T22:27:27.337+0000] {processor.py:753} INFO - DAG(s) dict_keys(['example_dag_decorator']) retrieved from /home/airflow/.local/lib/python3.7/site-packages/airflow/example_dags/example_dag_decorator.py
[2023-02-01T22:27:27.412+0000] {logging_mixin.py:137} INFO - [2023-02-01T22:27:27.412+0000] {dag.py:2690} INFO - Sync 1 DAGs
[2023-02-01T22:27:27.435+0000] {logging_mixin.py:137} INFO - [2023-02-01T22:27:27.434+0000] {dag.py:3441} INFO - Setting next_dagrun for example_dag_decorator to None, run_after=None
[2023-02-01T22:27:27.451+0000] {processor.py:175} INFO - Processing /home/airflow/.local/lib/python3.7/site-packages/airflow/example_dags/example_dag_decorator.py took 0.189 seconds
[2023-02-01T22:27:57.996+0000] {processor.py:153} INFO - Started process (PID=1272) to work on /home/airflow/.local/lib/python3.7/site-packages/airflow/example_dags/example_dag_decorator.py
[2023-02-01T22:27:58.002+0000] {processor.py:743} INFO - Processing file /home/airflow/.local/lib/python3.7/site-packages/airflow/example_dags/example_dag_decorator.py for tasks to queue
[2023-02-01T22:27:58.004+0000] {logging_mixin.py:137} INFO - [2023-02-01T22:27:58.003+0000] {dagbag.py:538} INFO - Filling up the DagBag from /home/airflow/.local/lib/python3.7/site-packages/airflow/example_dags/example_dag_decorator.py
[2023-02-01T22:27:58.030+0000] {logging_mixin.py:137} INFO - [2023-02-01T22:27:58.030+0000] {taskmixin.py:205} WARNING - Dependency <Task(_PythonDecoratedOperator): prepare_email>, send_email already registered for DAG: example_dag_decorator
[2023-02-01T22:27:58.031+0000] {logging_mixin.py:137} INFO - [2023-02-01T22:27:58.031+0000] {taskmixin.py:205} WARNING - Dependency <Task(EmailOperator): send_email>, prepare_email already registered for DAG: example_dag_decorator
[2023-02-01T22:27:58.052+0000] {processor.py:753} INFO - DAG(s) dict_keys(['example_dag_decorator']) retrieved from /home/airflow/.local/lib/python3.7/site-packages/airflow/example_dags/example_dag_decorator.py
[2023-02-01T22:27:58.127+0000] {logging_mixin.py:137} INFO - [2023-02-01T22:27:58.127+0000] {dag.py:2690} INFO - Sync 1 DAGs
[2023-02-01T22:27:58.146+0000] {logging_mixin.py:137} INFO - [2023-02-01T22:27:58.146+0000] {dag.py:3441} INFO - Setting next_dagrun for example_dag_decorator to None, run_after=None
[2023-02-01T22:27:58.162+0000] {processor.py:175} INFO - Processing /home/airflow/.local/lib/python3.7/site-packages/airflow/example_dags/example_dag_decorator.py took 0.171 seconds
[2023-02-01T22:28:28.876+0000] {processor.py:153} INFO - Started process (PID=1348) to work on /home/airflow/.local/lib/python3.7/site-packages/airflow/example_dags/example_dag_decorator.py
[2023-02-01T22:28:28.878+0000] {processor.py:743} INFO - Processing file /home/airflow/.local/lib/python3.7/site-packages/airflow/example_dags/example_dag_decorator.py for tasks to queue
[2023-02-01T22:28:28.879+0000] {logging_mixin.py:137} INFO - [2023-02-01T22:28:28.879+0000] {dagbag.py:538} INFO - Filling up the DagBag from /home/airflow/.local/lib/python3.7/site-packages/airflow/example_dags/example_dag_decorator.py
[2023-02-01T22:28:28.896+0000] {logging_mixin.py:137} INFO - [2023-02-01T22:28:28.896+0000] {taskmixin.py:205} WARNING - Dependency <Task(_PythonDecoratedOperator): prepare_email>, send_email already registered for DAG: example_dag_decorator
[2023-02-01T22:28:28.897+0000] {logging_mixin.py:137} INFO - [2023-02-01T22:28:28.896+0000] {taskmixin.py:205} WARNING - Dependency <Task(EmailOperator): send_email>, prepare_email already registered for DAG: example_dag_decorator
[2023-02-01T22:28:28.908+0000] {processor.py:753} INFO - DAG(s) dict_keys(['example_dag_decorator']) retrieved from /home/airflow/.local/lib/python3.7/site-packages/airflow/example_dags/example_dag_decorator.py
[2023-02-01T22:28:28.960+0000] {logging_mixin.py:137} INFO - [2023-02-01T22:28:28.960+0000] {dag.py:2690} INFO - Sync 1 DAGs
[2023-02-01T22:28:28.982+0000] {logging_mixin.py:137} INFO - [2023-02-01T22:28:28.982+0000] {dag.py:3441} INFO - Setting next_dagrun for example_dag_decorator to None, run_after=None
[2023-02-01T22:28:29.006+0000] {processor.py:175} INFO - Processing /home/airflow/.local/lib/python3.7/site-packages/airflow/example_dags/example_dag_decorator.py took 0.135 seconds
[2023-02-01T22:28:59.456+0000] {processor.py:153} INFO - Started process (PID=1411) to work on /home/airflow/.local/lib/python3.7/site-packages/airflow/example_dags/example_dag_decorator.py
[2023-02-01T22:28:59.459+0000] {processor.py:743} INFO - Processing file /home/airflow/.local/lib/python3.7/site-packages/airflow/example_dags/example_dag_decorator.py for tasks to queue
[2023-02-01T22:28:59.460+0000] {logging_mixin.py:137} INFO - [2023-02-01T22:28:59.460+0000] {dagbag.py:538} INFO - Filling up the DagBag from /home/airflow/.local/lib/python3.7/site-packages/airflow/example_dags/example_dag_decorator.py
[2023-02-01T22:28:59.476+0000] {logging_mixin.py:137} INFO - [2023-02-01T22:28:59.476+0000] {taskmixin.py:205} WARNING - Dependency <Task(_PythonDecoratedOperator): prepare_email>, send_email already registered for DAG: example_dag_decorator
[2023-02-01T22:28:59.477+0000] {logging_mixin.py:137} INFO - [2023-02-01T22:28:59.477+0000] {taskmixin.py:205} WARNING - Dependency <Task(EmailOperator): send_email>, prepare_email already registered for DAG: example_dag_decorator
[2023-02-01T22:28:59.498+0000] {processor.py:753} INFO - DAG(s) dict_keys(['example_dag_decorator']) retrieved from /home/airflow/.local/lib/python3.7/site-packages/airflow/example_dags/example_dag_decorator.py
[2023-02-01T22:28:59.568+0000] {logging_mixin.py:137} INFO - [2023-02-01T22:28:59.568+0000] {dag.py:2690} INFO - Sync 1 DAGs
[2023-02-01T22:28:59.589+0000] {logging_mixin.py:137} INFO - [2023-02-01T22:28:59.589+0000] {dag.py:3441} INFO - Setting next_dagrun for example_dag_decorator to None, run_after=None
[2023-02-01T22:28:59.606+0000] {processor.py:175} INFO - Processing /home/airflow/.local/lib/python3.7/site-packages/airflow/example_dags/example_dag_decorator.py took 0.155 seconds
[2023-02-01T22:29:30.253+0000] {processor.py:153} INFO - Started process (PID=1487) to work on /home/airflow/.local/lib/python3.7/site-packages/airflow/example_dags/example_dag_decorator.py
[2023-02-01T22:29:30.254+0000] {processor.py:743} INFO - Processing file /home/airflow/.local/lib/python3.7/site-packages/airflow/example_dags/example_dag_decorator.py for tasks to queue
[2023-02-01T22:29:30.255+0000] {logging_mixin.py:137} INFO - [2023-02-01T22:29:30.255+0000] {dagbag.py:538} INFO - Filling up the DagBag from /home/airflow/.local/lib/python3.7/site-packages/airflow/example_dags/example_dag_decorator.py
[2023-02-01T22:29:30.281+0000] {logging_mixin.py:137} INFO - [2023-02-01T22:29:30.281+0000] {taskmixin.py:205} WARNING - Dependency <Task(_PythonDecoratedOperator): prepare_email>, send_email already registered for DAG: example_dag_decorator
[2023-02-01T22:29:30.282+0000] {logging_mixin.py:137} INFO - [2023-02-01T22:29:30.282+0000] {taskmixin.py:205} WARNING - Dependency <Task(EmailOperator): send_email>, prepare_email already registered for DAG: example_dag_decorator
[2023-02-01T22:29:30.301+0000] {processor.py:753} INFO - DAG(s) dict_keys(['example_dag_decorator']) retrieved from /home/airflow/.local/lib/python3.7/site-packages/airflow/example_dags/example_dag_decorator.py
[2023-02-01T22:29:30.358+0000] {logging_mixin.py:137} INFO - [2023-02-01T22:29:30.358+0000] {dag.py:2690} INFO - Sync 1 DAGs
[2023-02-01T22:29:30.377+0000] {logging_mixin.py:137} INFO - [2023-02-01T22:29:30.377+0000] {dag.py:3441} INFO - Setting next_dagrun for example_dag_decorator to None, run_after=None
[2023-02-01T22:29:30.392+0000] {processor.py:175} INFO - Processing /home/airflow/.local/lib/python3.7/site-packages/airflow/example_dags/example_dag_decorator.py took 0.144 seconds
[2023-02-01T22:30:00.883+0000] {processor.py:153} INFO - Started process (PID=1562) to work on /home/airflow/.local/lib/python3.7/site-packages/airflow/example_dags/example_dag_decorator.py
[2023-02-01T22:30:00.885+0000] {processor.py:743} INFO - Processing file /home/airflow/.local/lib/python3.7/site-packages/airflow/example_dags/example_dag_decorator.py for tasks to queue
[2023-02-01T22:30:00.886+0000] {logging_mixin.py:137} INFO - [2023-02-01T22:30:00.886+0000] {dagbag.py:538} INFO - Filling up the DagBag from /home/airflow/.local/lib/python3.7/site-packages/airflow/example_dags/example_dag_decorator.py
[2023-02-01T22:30:00.931+0000] {logging_mixin.py:137} INFO - [2023-02-01T22:30:00.931+0000] {taskmixin.py:205} WARNING - Dependency <Task(_PythonDecoratedOperator): prepare_email>, send_email already registered for DAG: example_dag_decorator
[2023-02-01T22:30:00.938+0000] {logging_mixin.py:137} INFO - [2023-02-01T22:30:00.938+0000] {taskmixin.py:205} WARNING - Dependency <Task(EmailOperator): send_email>, prepare_email already registered for DAG: example_dag_decorator
[2023-02-01T22:30:00.981+0000] {processor.py:753} INFO - DAG(s) dict_keys(['example_dag_decorator']) retrieved from /home/airflow/.local/lib/python3.7/site-packages/airflow/example_dags/example_dag_decorator.py
[2023-02-01T22:30:01.084+0000] {logging_mixin.py:137} INFO - [2023-02-01T22:30:01.084+0000] {dag.py:2690} INFO - Sync 1 DAGs
[2023-02-01T22:30:01.119+0000] {logging_mixin.py:137} INFO - [2023-02-01T22:30:01.119+0000] {dag.py:3441} INFO - Setting next_dagrun for example_dag_decorator to None, run_after=None
[2023-02-01T22:30:01.142+0000] {processor.py:175} INFO - Processing /home/airflow/.local/lib/python3.7/site-packages/airflow/example_dags/example_dag_decorator.py took 0.267 seconds
[2023-02-01T22:30:31.789+0000] {processor.py:153} INFO - Started process (PID=1626) to work on /home/airflow/.local/lib/python3.7/site-packages/airflow/example_dags/example_dag_decorator.py
[2023-02-01T22:30:31.790+0000] {processor.py:743} INFO - Processing file /home/airflow/.local/lib/python3.7/site-packages/airflow/example_dags/example_dag_decorator.py for tasks to queue
[2023-02-01T22:30:31.792+0000] {logging_mixin.py:137} INFO - [2023-02-01T22:30:31.792+0000] {dagbag.py:538} INFO - Filling up the DagBag from /home/airflow/.local/lib/python3.7/site-packages/airflow/example_dags/example_dag_decorator.py
[2023-02-01T22:30:31.809+0000] {logging_mixin.py:137} INFO - [2023-02-01T22:30:31.809+0000] {taskmixin.py:205} WARNING - Dependency <Task(_PythonDecoratedOperator): prepare_email>, send_email already registered for DAG: example_dag_decorator
[2023-02-01T22:30:31.810+0000] {logging_mixin.py:137} INFO - [2023-02-01T22:30:31.810+0000] {taskmixin.py:205} WARNING - Dependency <Task(EmailOperator): send_email>, prepare_email already registered for DAG: example_dag_decorator
[2023-02-01T22:30:31.823+0000] {processor.py:753} INFO - DAG(s) dict_keys(['example_dag_decorator']) retrieved from /home/airflow/.local/lib/python3.7/site-packages/airflow/example_dags/example_dag_decorator.py
[2023-02-01T22:30:31.882+0000] {logging_mixin.py:137} INFO - [2023-02-01T22:30:31.882+0000] {dag.py:2690} INFO - Sync 1 DAGs
[2023-02-01T22:30:31.904+0000] {logging_mixin.py:137} INFO - [2023-02-01T22:30:31.904+0000] {dag.py:3441} INFO - Setting next_dagrun for example_dag_decorator to None, run_after=None
[2023-02-01T22:30:31.920+0000] {processor.py:175} INFO - Processing /home/airflow/.local/lib/python3.7/site-packages/airflow/example_dags/example_dag_decorator.py took 0.135 seconds
[2023-02-01T22:31:02.310+0000] {processor.py:153} INFO - Started process (PID=1702) to work on /home/airflow/.local/lib/python3.7/site-packages/airflow/example_dags/example_dag_decorator.py
[2023-02-01T22:31:02.311+0000] {processor.py:743} INFO - Processing file /home/airflow/.local/lib/python3.7/site-packages/airflow/example_dags/example_dag_decorator.py for tasks to queue
[2023-02-01T22:31:02.312+0000] {logging_mixin.py:137} INFO - [2023-02-01T22:31:02.312+0000] {dagbag.py:538} INFO - Filling up the DagBag from /home/airflow/.local/lib/python3.7/site-packages/airflow/example_dags/example_dag_decorator.py
[2023-02-01T22:31:02.327+0000] {logging_mixin.py:137} INFO - [2023-02-01T22:31:02.327+0000] {taskmixin.py:205} WARNING - Dependency <Task(_PythonDecoratedOperator): prepare_email>, send_email already registered for DAG: example_dag_decorator
[2023-02-01T22:31:02.328+0000] {logging_mixin.py:137} INFO - [2023-02-01T22:31:02.328+0000] {taskmixin.py:205} WARNING - Dependency <Task(EmailOperator): send_email>, prepare_email already registered for DAG: example_dag_decorator
[2023-02-01T22:31:02.339+0000] {processor.py:753} INFO - DAG(s) dict_keys(['example_dag_decorator']) retrieved from /home/airflow/.local/lib/python3.7/site-packages/airflow/example_dags/example_dag_decorator.py
[2023-02-01T22:31:02.391+0000] {logging_mixin.py:137} INFO - [2023-02-01T22:31:02.391+0000] {dag.py:2690} INFO - Sync 1 DAGs
[2023-02-01T22:31:02.404+0000] {logging_mixin.py:137} INFO - [2023-02-01T22:31:02.404+0000] {dag.py:3441} INFO - Setting next_dagrun for example_dag_decorator to None, run_after=None
[2023-02-01T22:31:02.417+0000] {processor.py:175} INFO - Processing /home/airflow/.local/lib/python3.7/site-packages/airflow/example_dags/example_dag_decorator.py took 0.111 seconds
[2023-02-01T22:31:33.011+0000] {processor.py:153} INFO - Started process (PID=1766) to work on /home/airflow/.local/lib/python3.7/site-packages/airflow/example_dags/example_dag_decorator.py
[2023-02-01T22:31:33.015+0000] {processor.py:743} INFO - Processing file /home/airflow/.local/lib/python3.7/site-packages/airflow/example_dags/example_dag_decorator.py for tasks to queue
[2023-02-01T22:31:33.016+0000] {logging_mixin.py:137} INFO - [2023-02-01T22:31:33.016+0000] {dagbag.py:538} INFO - Filling up the DagBag from /home/airflow/.local/lib/python3.7/site-packages/airflow/example_dags/example_dag_decorator.py
[2023-02-01T22:31:33.035+0000] {logging_mixin.py:137} INFO - [2023-02-01T22:31:33.034+0000] {taskmixin.py:205} WARNING - Dependency <Task(_PythonDecoratedOperator): prepare_email>, send_email already registered for DAG: example_dag_decorator
[2023-02-01T22:31:33.036+0000] {logging_mixin.py:137} INFO - [2023-02-01T22:31:33.036+0000] {taskmixin.py:205} WARNING - Dependency <Task(EmailOperator): send_email>, prepare_email already registered for DAG: example_dag_decorator
[2023-02-01T22:31:33.051+0000] {processor.py:753} INFO - DAG(s) dict_keys(['example_dag_decorator']) retrieved from /home/airflow/.local/lib/python3.7/site-packages/airflow/example_dags/example_dag_decorator.py
[2023-02-01T22:31:33.107+0000] {logging_mixin.py:137} INFO - [2023-02-01T22:31:33.106+0000] {dag.py:2690} INFO - Sync 1 DAGs
[2023-02-01T22:31:33.125+0000] {logging_mixin.py:137} INFO - [2023-02-01T22:31:33.125+0000] {dag.py:3441} INFO - Setting next_dagrun for example_dag_decorator to None, run_after=None
[2023-02-01T22:31:33.149+0000] {processor.py:175} INFO - Processing /home/airflow/.local/lib/python3.7/site-packages/airflow/example_dags/example_dag_decorator.py took 0.143 seconds
[2023-02-01T22:32:03.429+0000] {processor.py:153} INFO - Started process (PID=1842) to work on /home/airflow/.local/lib/python3.7/site-packages/airflow/example_dags/example_dag_decorator.py
[2023-02-01T22:32:03.431+0000] {processor.py:743} INFO - Processing file /home/airflow/.local/lib/python3.7/site-packages/airflow/example_dags/example_dag_decorator.py for tasks to queue
[2023-02-01T22:32:03.432+0000] {logging_mixin.py:137} INFO - [2023-02-01T22:32:03.432+0000] {dagbag.py:538} INFO - Filling up the DagBag from /home/airflow/.local/lib/python3.7/site-packages/airflow/example_dags/example_dag_decorator.py
[2023-02-01T22:32:03.444+0000] {logging_mixin.py:137} INFO - [2023-02-01T22:32:03.444+0000] {taskmixin.py:205} WARNING - Dependency <Task(_PythonDecoratedOperator): prepare_email>, send_email already registered for DAG: example_dag_decorator
[2023-02-01T22:32:03.445+0000] {logging_mixin.py:137} INFO - [2023-02-01T22:32:03.445+0000] {taskmixin.py:205} WARNING - Dependency <Task(EmailOperator): send_email>, prepare_email already registered for DAG: example_dag_decorator
[2023-02-01T22:32:03.456+0000] {processor.py:753} INFO - DAG(s) dict_keys(['example_dag_decorator']) retrieved from /home/airflow/.local/lib/python3.7/site-packages/airflow/example_dags/example_dag_decorator.py
[2023-02-01T22:32:03.498+0000] {logging_mixin.py:137} INFO - [2023-02-01T22:32:03.498+0000] {dag.py:2690} INFO - Sync 1 DAGs
[2023-02-01T22:32:03.518+0000] {logging_mixin.py:137} INFO - [2023-02-01T22:32:03.518+0000] {dag.py:3441} INFO - Setting next_dagrun for example_dag_decorator to None, run_after=None
[2023-02-01T22:32:03.547+0000] {processor.py:175} INFO - Processing /home/airflow/.local/lib/python3.7/site-packages/airflow/example_dags/example_dag_decorator.py took 0.121 seconds
[2023-02-01T22:32:33.642+0000] {processor.py:153} INFO - Started process (PID=1907) to work on /home/airflow/.local/lib/python3.7/site-packages/airflow/example_dags/example_dag_decorator.py
[2023-02-01T22:32:33.644+0000] {processor.py:743} INFO - Processing file /home/airflow/.local/lib/python3.7/site-packages/airflow/example_dags/example_dag_decorator.py for tasks to queue
[2023-02-01T22:32:33.644+0000] {logging_mixin.py:137} INFO - [2023-02-01T22:32:33.644+0000] {dagbag.py:538} INFO - Filling up the DagBag from /home/airflow/.local/lib/python3.7/site-packages/airflow/example_dags/example_dag_decorator.py
[2023-02-01T22:32:33.657+0000] {logging_mixin.py:137} INFO - [2023-02-01T22:32:33.657+0000] {taskmixin.py:205} WARNING - Dependency <Task(_PythonDecoratedOperator): prepare_email>, send_email already registered for DAG: example_dag_decorator
[2023-02-01T22:32:33.657+0000] {logging_mixin.py:137} INFO - [2023-02-01T22:32:33.657+0000] {taskmixin.py:205} WARNING - Dependency <Task(EmailOperator): send_email>, prepare_email already registered for DAG: example_dag_decorator
[2023-02-01T22:32:33.669+0000] {processor.py:753} INFO - DAG(s) dict_keys(['example_dag_decorator']) retrieved from /home/airflow/.local/lib/python3.7/site-packages/airflow/example_dags/example_dag_decorator.py
[2023-02-01T22:32:33.711+0000] {logging_mixin.py:137} INFO - [2023-02-01T22:32:33.711+0000] {dag.py:2690} INFO - Sync 1 DAGs
[2023-02-01T22:32:33.725+0000] {logging_mixin.py:137} INFO - [2023-02-01T22:32:33.725+0000] {dag.py:3441} INFO - Setting next_dagrun for example_dag_decorator to None, run_after=None
[2023-02-01T22:32:33.737+0000] {processor.py:175} INFO - Processing /home/airflow/.local/lib/python3.7/site-packages/airflow/example_dags/example_dag_decorator.py took 0.098 seconds
[2023-02-01T22:33:04.272+0000] {processor.py:153} INFO - Started process (PID=1982) to work on /home/airflow/.local/lib/python3.7/site-packages/airflow/example_dags/example_dag_decorator.py
[2023-02-01T22:33:04.273+0000] {processor.py:743} INFO - Processing file /home/airflow/.local/lib/python3.7/site-packages/airflow/example_dags/example_dag_decorator.py for tasks to queue
[2023-02-01T22:33:04.274+0000] {logging_mixin.py:137} INFO - [2023-02-01T22:33:04.274+0000] {dagbag.py:538} INFO - Filling up the DagBag from /home/airflow/.local/lib/python3.7/site-packages/airflow/example_dags/example_dag_decorator.py
[2023-02-01T22:33:04.285+0000] {logging_mixin.py:137} INFO - [2023-02-01T22:33:04.285+0000] {taskmixin.py:205} WARNING - Dependency <Task(_PythonDecoratedOperator): prepare_email>, send_email already registered for DAG: example_dag_decorator
[2023-02-01T22:33:04.286+0000] {logging_mixin.py:137} INFO - [2023-02-01T22:33:04.286+0000] {taskmixin.py:205} WARNING - Dependency <Task(EmailOperator): send_email>, prepare_email already registered for DAG: example_dag_decorator
[2023-02-01T22:33:04.296+0000] {processor.py:753} INFO - DAG(s) dict_keys(['example_dag_decorator']) retrieved from /home/airflow/.local/lib/python3.7/site-packages/airflow/example_dags/example_dag_decorator.py
[2023-02-01T22:33:04.338+0000] {logging_mixin.py:137} INFO - [2023-02-01T22:33:04.338+0000] {dag.py:2690} INFO - Sync 1 DAGs
[2023-02-01T22:33:04.352+0000] {logging_mixin.py:137} INFO - [2023-02-01T22:33:04.352+0000] {dag.py:3441} INFO - Setting next_dagrun for example_dag_decorator to None, run_after=None
[2023-02-01T22:33:04.364+0000] {processor.py:175} INFO - Processing /home/airflow/.local/lib/python3.7/site-packages/airflow/example_dags/example_dag_decorator.py took 0.095 seconds
[2023-02-01T22:33:35.002+0000] {processor.py:153} INFO - Started process (PID=2058) to work on /home/airflow/.local/lib/python3.7/site-packages/airflow/example_dags/example_dag_decorator.py
[2023-02-01T22:33:35.004+0000] {processor.py:743} INFO - Processing file /home/airflow/.local/lib/python3.7/site-packages/airflow/example_dags/example_dag_decorator.py for tasks to queue
[2023-02-01T22:33:35.005+0000] {logging_mixin.py:137} INFO - [2023-02-01T22:33:35.005+0000] {dagbag.py:538} INFO - Filling up the DagBag from /home/airflow/.local/lib/python3.7/site-packages/airflow/example_dags/example_dag_decorator.py
[2023-02-01T22:33:35.022+0000] {logging_mixin.py:137} INFO - [2023-02-01T22:33:35.022+0000] {taskmixin.py:205} WARNING - Dependency <Task(_PythonDecoratedOperator): prepare_email>, send_email already registered for DAG: example_dag_decorator
[2023-02-01T22:33:35.023+0000] {logging_mixin.py:137} INFO - [2023-02-01T22:33:35.023+0000] {taskmixin.py:205} WARNING - Dependency <Task(EmailOperator): send_email>, prepare_email already registered for DAG: example_dag_decorator
[2023-02-01T22:33:35.034+0000] {processor.py:753} INFO - DAG(s) dict_keys(['example_dag_decorator']) retrieved from /home/airflow/.local/lib/python3.7/site-packages/airflow/example_dags/example_dag_decorator.py
[2023-02-01T22:33:35.110+0000] {logging_mixin.py:137} INFO - [2023-02-01T22:33:35.110+0000] {dag.py:2690} INFO - Sync 1 DAGs
[2023-02-01T22:33:35.151+0000] {logging_mixin.py:137} INFO - [2023-02-01T22:33:35.151+0000] {dag.py:3441} INFO - Setting next_dagrun for example_dag_decorator to None, run_after=None
[2023-02-01T22:33:35.170+0000] {processor.py:175} INFO - Processing /home/airflow/.local/lib/python3.7/site-packages/airflow/example_dags/example_dag_decorator.py took 0.171 seconds
[2023-02-01T22:34:05.573+0000] {processor.py:153} INFO - Started process (PID=2122) to work on /home/airflow/.local/lib/python3.7/site-packages/airflow/example_dags/example_dag_decorator.py
[2023-02-01T22:34:05.574+0000] {processor.py:743} INFO - Processing file /home/airflow/.local/lib/python3.7/site-packages/airflow/example_dags/example_dag_decorator.py for tasks to queue
[2023-02-01T22:34:05.575+0000] {logging_mixin.py:137} INFO - [2023-02-01T22:34:05.575+0000] {dagbag.py:538} INFO - Filling up the DagBag from /home/airflow/.local/lib/python3.7/site-packages/airflow/example_dags/example_dag_decorator.py
[2023-02-01T22:34:05.586+0000] {logging_mixin.py:137} INFO - [2023-02-01T22:34:05.586+0000] {taskmixin.py:205} WARNING - Dependency <Task(_PythonDecoratedOperator): prepare_email>, send_email already registered for DAG: example_dag_decorator
[2023-02-01T22:34:05.587+0000] {logging_mixin.py:137} INFO - [2023-02-01T22:34:05.587+0000] {taskmixin.py:205} WARNING - Dependency <Task(EmailOperator): send_email>, prepare_email already registered for DAG: example_dag_decorator
[2023-02-01T22:34:05.601+0000] {processor.py:753} INFO - DAG(s) dict_keys(['example_dag_decorator']) retrieved from /home/airflow/.local/lib/python3.7/site-packages/airflow/example_dags/example_dag_decorator.py
[2023-02-01T22:34:05.647+0000] {logging_mixin.py:137} INFO - [2023-02-01T22:34:05.647+0000] {dag.py:2690} INFO - Sync 1 DAGs
[2023-02-01T22:34:05.663+0000] {logging_mixin.py:137} INFO - [2023-02-01T22:34:05.663+0000] {dag.py:3441} INFO - Setting next_dagrun for example_dag_decorator to None, run_after=None
[2023-02-01T22:34:05.677+0000] {processor.py:175} INFO - Processing /home/airflow/.local/lib/python3.7/site-packages/airflow/example_dags/example_dag_decorator.py took 0.108 seconds
[2023-02-01T22:34:36.215+0000] {processor.py:153} INFO - Started process (PID=2197) to work on /home/airflow/.local/lib/python3.7/site-packages/airflow/example_dags/example_dag_decorator.py
[2023-02-01T22:34:36.216+0000] {processor.py:743} INFO - Processing file /home/airflow/.local/lib/python3.7/site-packages/airflow/example_dags/example_dag_decorator.py for tasks to queue
[2023-02-01T22:34:36.217+0000] {logging_mixin.py:137} INFO - [2023-02-01T22:34:36.217+0000] {dagbag.py:538} INFO - Filling up the DagBag from /home/airflow/.local/lib/python3.7/site-packages/airflow/example_dags/example_dag_decorator.py
[2023-02-01T22:34:36.233+0000] {logging_mixin.py:137} INFO - [2023-02-01T22:34:36.233+0000] {taskmixin.py:205} WARNING - Dependency <Task(_PythonDecoratedOperator): prepare_email>, send_email already registered for DAG: example_dag_decorator
[2023-02-01T22:34:36.234+0000] {logging_mixin.py:137} INFO - [2023-02-01T22:34:36.234+0000] {taskmixin.py:205} WARNING - Dependency <Task(EmailOperator): send_email>, prepare_email already registered for DAG: example_dag_decorator
[2023-02-01T22:34:36.244+0000] {processor.py:753} INFO - DAG(s) dict_keys(['example_dag_decorator']) retrieved from /home/airflow/.local/lib/python3.7/site-packages/airflow/example_dags/example_dag_decorator.py
[2023-02-01T22:34:36.302+0000] {logging_mixin.py:137} INFO - [2023-02-01T22:34:36.302+0000] {dag.py:2690} INFO - Sync 1 DAGs
[2023-02-01T22:34:36.324+0000] {logging_mixin.py:137} INFO - [2023-02-01T22:34:36.324+0000] {dag.py:3441} INFO - Setting next_dagrun for example_dag_decorator to None, run_after=None
[2023-02-01T22:34:36.341+0000] {processor.py:175} INFO - Processing /home/airflow/.local/lib/python3.7/site-packages/airflow/example_dags/example_dag_decorator.py took 0.130 seconds
[2023-02-01T22:35:07.319+0000] {processor.py:153} INFO - Started process (PID=2261) to work on /home/airflow/.local/lib/python3.7/site-packages/airflow/example_dags/example_dag_decorator.py
[2023-02-01T22:35:07.320+0000] {processor.py:743} INFO - Processing file /home/airflow/.local/lib/python3.7/site-packages/airflow/example_dags/example_dag_decorator.py for tasks to queue
[2023-02-01T22:35:07.321+0000] {logging_mixin.py:137} INFO - [2023-02-01T22:35:07.321+0000] {dagbag.py:538} INFO - Filling up the DagBag from /home/airflow/.local/lib/python3.7/site-packages/airflow/example_dags/example_dag_decorator.py
[2023-02-01T22:35:07.334+0000] {logging_mixin.py:137} INFO - [2023-02-01T22:35:07.334+0000] {taskmixin.py:205} WARNING - Dependency <Task(_PythonDecoratedOperator): prepare_email>, send_email already registered for DAG: example_dag_decorator
[2023-02-01T22:35:07.335+0000] {logging_mixin.py:137} INFO - [2023-02-01T22:35:07.335+0000] {taskmixin.py:205} WARNING - Dependency <Task(EmailOperator): send_email>, prepare_email already registered for DAG: example_dag_decorator
[2023-02-01T22:35:07.345+0000] {processor.py:753} INFO - DAG(s) dict_keys(['example_dag_decorator']) retrieved from /home/airflow/.local/lib/python3.7/site-packages/airflow/example_dags/example_dag_decorator.py
[2023-02-01T22:35:07.388+0000] {logging_mixin.py:137} INFO - [2023-02-01T22:35:07.388+0000] {dag.py:2690} INFO - Sync 1 DAGs
[2023-02-01T22:35:07.406+0000] {logging_mixin.py:137} INFO - [2023-02-01T22:35:07.406+0000] {dag.py:3441} INFO - Setting next_dagrun for example_dag_decorator to None, run_after=None
[2023-02-01T22:35:07.419+0000] {processor.py:175} INFO - Processing /home/airflow/.local/lib/python3.7/site-packages/airflow/example_dags/example_dag_decorator.py took 0.103 seconds
[2023-02-01T22:35:38.012+0000] {processor.py:153} INFO - Started process (PID=2339) to work on /home/airflow/.local/lib/python3.7/site-packages/airflow/example_dags/example_dag_decorator.py
[2023-02-01T22:35:38.014+0000] {processor.py:743} INFO - Processing file /home/airflow/.local/lib/python3.7/site-packages/airflow/example_dags/example_dag_decorator.py for tasks to queue
[2023-02-01T22:35:38.015+0000] {logging_mixin.py:137} INFO - [2023-02-01T22:35:38.015+0000] {dagbag.py:538} INFO - Filling up the DagBag from /home/airflow/.local/lib/python3.7/site-packages/airflow/example_dags/example_dag_decorator.py
[2023-02-01T22:35:38.027+0000] {logging_mixin.py:137} INFO - [2023-02-01T22:35:38.027+0000] {taskmixin.py:205} WARNING - Dependency <Task(_PythonDecoratedOperator): prepare_email>, send_email already registered for DAG: example_dag_decorator
[2023-02-01T22:35:38.028+0000] {logging_mixin.py:137} INFO - [2023-02-01T22:35:38.028+0000] {taskmixin.py:205} WARNING - Dependency <Task(EmailOperator): send_email>, prepare_email already registered for DAG: example_dag_decorator
[2023-02-01T22:35:38.038+0000] {processor.py:753} INFO - DAG(s) dict_keys(['example_dag_decorator']) retrieved from /home/airflow/.local/lib/python3.7/site-packages/airflow/example_dags/example_dag_decorator.py
[2023-02-01T22:35:38.082+0000] {logging_mixin.py:137} INFO - [2023-02-01T22:35:38.082+0000] {dag.py:2690} INFO - Sync 1 DAGs
[2023-02-01T22:35:38.099+0000] {logging_mixin.py:137} INFO - [2023-02-01T22:35:38.099+0000] {dag.py:3441} INFO - Setting next_dagrun for example_dag_decorator to None, run_after=None
[2023-02-01T22:35:38.120+0000] {processor.py:175} INFO - Processing /home/airflow/.local/lib/python3.7/site-packages/airflow/example_dags/example_dag_decorator.py took 0.111 seconds
[2023-02-01T22:36:08.992+0000] {processor.py:153} INFO - Started process (PID=2415) to work on /home/airflow/.local/lib/python3.7/site-packages/airflow/example_dags/example_dag_decorator.py
[2023-02-01T22:36:08.993+0000] {processor.py:743} INFO - Processing file /home/airflow/.local/lib/python3.7/site-packages/airflow/example_dags/example_dag_decorator.py for tasks to queue
[2023-02-01T22:36:08.994+0000] {logging_mixin.py:137} INFO - [2023-02-01T22:36:08.994+0000] {dagbag.py:538} INFO - Filling up the DagBag from /home/airflow/.local/lib/python3.7/site-packages/airflow/example_dags/example_dag_decorator.py
[2023-02-01T22:36:09.007+0000] {logging_mixin.py:137} INFO - [2023-02-01T22:36:09.006+0000] {taskmixin.py:205} WARNING - Dependency <Task(_PythonDecoratedOperator): prepare_email>, send_email already registered for DAG: example_dag_decorator
[2023-02-01T22:36:09.007+0000] {logging_mixin.py:137} INFO - [2023-02-01T22:36:09.007+0000] {taskmixin.py:205} WARNING - Dependency <Task(EmailOperator): send_email>, prepare_email already registered for DAG: example_dag_decorator
[2023-02-01T22:36:09.019+0000] {processor.py:753} INFO - DAG(s) dict_keys(['example_dag_decorator']) retrieved from /home/airflow/.local/lib/python3.7/site-packages/airflow/example_dags/example_dag_decorator.py
[2023-02-01T22:36:09.062+0000] {logging_mixin.py:137} INFO - [2023-02-01T22:36:09.061+0000] {dag.py:2690} INFO - Sync 1 DAGs
[2023-02-01T22:36:09.077+0000] {logging_mixin.py:137} INFO - [2023-02-01T22:36:09.077+0000] {dag.py:3441} INFO - Setting next_dagrun for example_dag_decorator to None, run_after=None
[2023-02-01T22:36:09.088+0000] {processor.py:175} INFO - Processing /home/airflow/.local/lib/python3.7/site-packages/airflow/example_dags/example_dag_decorator.py took 0.099 seconds
[2023-02-01T22:36:39.302+0000] {processor.py:153} INFO - Started process (PID=2479) to work on /home/airflow/.local/lib/python3.7/site-packages/airflow/example_dags/example_dag_decorator.py
[2023-02-01T22:36:39.304+0000] {processor.py:743} INFO - Processing file /home/airflow/.local/lib/python3.7/site-packages/airflow/example_dags/example_dag_decorator.py for tasks to queue
[2023-02-01T22:36:39.304+0000] {logging_mixin.py:137} INFO - [2023-02-01T22:36:39.304+0000] {dagbag.py:538} INFO - Filling up the DagBag from /home/airflow/.local/lib/python3.7/site-packages/airflow/example_dags/example_dag_decorator.py
[2023-02-01T22:36:39.317+0000] {logging_mixin.py:137} INFO - [2023-02-01T22:36:39.316+0000] {taskmixin.py:205} WARNING - Dependency <Task(_PythonDecoratedOperator): prepare_email>, send_email already registered for DAG: example_dag_decorator
[2023-02-01T22:36:39.318+0000] {logging_mixin.py:137} INFO - [2023-02-01T22:36:39.317+0000] {taskmixin.py:205} WARNING - Dependency <Task(EmailOperator): send_email>, prepare_email already registered for DAG: example_dag_decorator
[2023-02-01T22:36:39.328+0000] {processor.py:753} INFO - DAG(s) dict_keys(['example_dag_decorator']) retrieved from /home/airflow/.local/lib/python3.7/site-packages/airflow/example_dags/example_dag_decorator.py
[2023-02-01T22:36:39.369+0000] {logging_mixin.py:137} INFO - [2023-02-01T22:36:39.369+0000] {dag.py:2690} INFO - Sync 1 DAGs
[2023-02-01T22:36:39.387+0000] {logging_mixin.py:137} INFO - [2023-02-01T22:36:39.387+0000] {dag.py:3441} INFO - Setting next_dagrun for example_dag_decorator to None, run_after=None
[2023-02-01T22:36:39.404+0000] {processor.py:175} INFO - Processing /home/airflow/.local/lib/python3.7/site-packages/airflow/example_dags/example_dag_decorator.py took 0.104 seconds
