[2023-02-01T22:19:10.875+0000] {processor.py:153} INFO - Started process (PID=37) to work on /home/airflow/.local/lib/python3.7/site-packages/airflow/example_dags/example_nested_branch_dag.py
[2023-02-01T22:19:10.877+0000] {processor.py:743} INFO - Processing file /home/airflow/.local/lib/python3.7/site-packages/airflow/example_dags/example_nested_branch_dag.py for tasks to queue
[2023-02-01T22:19:10.881+0000] {logging_mixin.py:137} INFO - [2023-02-01T22:19:10.881+0000] {dagbag.py:538} INFO - Filling up the DagBag from /home/airflow/.local/lib/python3.7/site-packages/airflow/example_dags/example_nested_branch_dag.py
[2023-02-01T22:19:11.026+0000] {processor.py:753} INFO - DAG(s) dict_keys(['example_nested_branch_dag']) retrieved from /home/airflow/.local/lib/python3.7/site-packages/airflow/example_dags/example_nested_branch_dag.py
[2023-02-01T22:19:11.087+0000] {logging_mixin.py:137} INFO - [2023-02-01T22:19:11.086+0000] {dag.py:2690} INFO - Sync 1 DAGs
[2023-02-01T22:19:11.130+0000] {logging_mixin.py:137} INFO - [2023-02-01T22:19:11.130+0000] {dag.py:3441} INFO - Setting next_dagrun for example_nested_branch_dag to 2023-01-31T00:00:00+00:00, run_after=2023-02-01T00:00:00+00:00
[2023-02-01T22:19:11.153+0000] {processor.py:175} INFO - Processing /home/airflow/.local/lib/python3.7/site-packages/airflow/example_dags/example_nested_branch_dag.py took 0.292 seconds
[2023-02-01T22:19:41.514+0000] {processor.py:153} INFO - Started process (PID=101) to work on /home/airflow/.local/lib/python3.7/site-packages/airflow/example_dags/example_nested_branch_dag.py
[2023-02-01T22:19:41.516+0000] {processor.py:743} INFO - Processing file /home/airflow/.local/lib/python3.7/site-packages/airflow/example_dags/example_nested_branch_dag.py for tasks to queue
[2023-02-01T22:19:41.517+0000] {logging_mixin.py:137} INFO - [2023-02-01T22:19:41.517+0000] {dagbag.py:538} INFO - Filling up the DagBag from /home/airflow/.local/lib/python3.7/site-packages/airflow/example_dags/example_nested_branch_dag.py
[2023-02-01T22:19:41.537+0000] {processor.py:753} INFO - DAG(s) dict_keys(['example_nested_branch_dag']) retrieved from /home/airflow/.local/lib/python3.7/site-packages/airflow/example_dags/example_nested_branch_dag.py
[2023-02-01T22:19:41.556+0000] {logging_mixin.py:137} INFO - [2023-02-01T22:19:41.556+0000] {dag.py:2690} INFO - Sync 1 DAGs
[2023-02-01T22:19:41.572+0000] {logging_mixin.py:137} INFO - [2023-02-01T22:19:41.572+0000] {dag.py:3441} INFO - Setting next_dagrun for example_nested_branch_dag to 2023-01-31T00:00:00+00:00, run_after=2023-02-01T00:00:00+00:00
[2023-02-01T22:19:41.584+0000] {processor.py:175} INFO - Processing /home/airflow/.local/lib/python3.7/site-packages/airflow/example_dags/example_nested_branch_dag.py took 0.072 seconds
[2023-02-01T22:20:12.724+0000] {processor.py:153} INFO - Started process (PID=177) to work on /home/airflow/.local/lib/python3.7/site-packages/airflow/example_dags/example_nested_branch_dag.py
[2023-02-01T22:20:12.728+0000] {processor.py:743} INFO - Processing file /home/airflow/.local/lib/python3.7/site-packages/airflow/example_dags/example_nested_branch_dag.py for tasks to queue
[2023-02-01T22:20:12.729+0000] {logging_mixin.py:137} INFO - [2023-02-01T22:20:12.729+0000] {dagbag.py:538} INFO - Filling up the DagBag from /home/airflow/.local/lib/python3.7/site-packages/airflow/example_dags/example_nested_branch_dag.py
[2023-02-01T22:20:12.748+0000] {processor.py:753} INFO - DAG(s) dict_keys(['example_nested_branch_dag']) retrieved from /home/airflow/.local/lib/python3.7/site-packages/airflow/example_dags/example_nested_branch_dag.py
[2023-02-01T22:20:12.769+0000] {logging_mixin.py:137} INFO - [2023-02-01T22:20:12.769+0000] {dag.py:2690} INFO - Sync 1 DAGs
[2023-02-01T22:20:12.794+0000] {logging_mixin.py:137} INFO - [2023-02-01T22:20:12.794+0000] {dag.py:3441} INFO - Setting next_dagrun for example_nested_branch_dag to 2023-01-31T00:00:00+00:00, run_after=2023-02-01T00:00:00+00:00
[2023-02-01T22:20:12.811+0000] {processor.py:175} INFO - Processing /home/airflow/.local/lib/python3.7/site-packages/airflow/example_dags/example_nested_branch_dag.py took 0.092 seconds
[2023-02-01T22:20:43.816+0000] {processor.py:153} INFO - Started process (PID=253) to work on /home/airflow/.local/lib/python3.7/site-packages/airflow/example_dags/example_nested_branch_dag.py
[2023-02-01T22:20:43.817+0000] {processor.py:743} INFO - Processing file /home/airflow/.local/lib/python3.7/site-packages/airflow/example_dags/example_nested_branch_dag.py for tasks to queue
[2023-02-01T22:20:43.819+0000] {logging_mixin.py:137} INFO - [2023-02-01T22:20:43.818+0000] {dagbag.py:538} INFO - Filling up the DagBag from /home/airflow/.local/lib/python3.7/site-packages/airflow/example_dags/example_nested_branch_dag.py
[2023-02-01T22:20:43.840+0000] {processor.py:753} INFO - DAG(s) dict_keys(['example_nested_branch_dag']) retrieved from /home/airflow/.local/lib/python3.7/site-packages/airflow/example_dags/example_nested_branch_dag.py
[2023-02-01T22:20:43.861+0000] {logging_mixin.py:137} INFO - [2023-02-01T22:20:43.860+0000] {dag.py:2690} INFO - Sync 1 DAGs
[2023-02-01T22:20:43.877+0000] {logging_mixin.py:137} INFO - [2023-02-01T22:20:43.877+0000] {dag.py:3441} INFO - Setting next_dagrun for example_nested_branch_dag to 2023-01-31T00:00:00+00:00, run_after=2023-02-01T00:00:00+00:00
[2023-02-01T22:20:43.891+0000] {processor.py:175} INFO - Processing /home/airflow/.local/lib/python3.7/site-packages/airflow/example_dags/example_nested_branch_dag.py took 0.078 seconds
[2023-02-01T22:21:14.610+0000] {processor.py:153} INFO - Started process (PID=316) to work on /home/airflow/.local/lib/python3.7/site-packages/airflow/example_dags/example_nested_branch_dag.py
[2023-02-01T22:21:14.612+0000] {processor.py:743} INFO - Processing file /home/airflow/.local/lib/python3.7/site-packages/airflow/example_dags/example_nested_branch_dag.py for tasks to queue
[2023-02-01T22:21:14.613+0000] {logging_mixin.py:137} INFO - [2023-02-01T22:21:14.613+0000] {dagbag.py:538} INFO - Filling up the DagBag from /home/airflow/.local/lib/python3.7/site-packages/airflow/example_dags/example_nested_branch_dag.py
[2023-02-01T22:21:14.638+0000] {processor.py:753} INFO - DAG(s) dict_keys(['example_nested_branch_dag']) retrieved from /home/airflow/.local/lib/python3.7/site-packages/airflow/example_dags/example_nested_branch_dag.py
[2023-02-01T22:21:14.662+0000] {logging_mixin.py:137} INFO - [2023-02-01T22:21:14.662+0000] {dag.py:2690} INFO - Sync 1 DAGs
[2023-02-01T22:21:14.682+0000] {logging_mixin.py:137} INFO - [2023-02-01T22:21:14.682+0000] {dag.py:3441} INFO - Setting next_dagrun for example_nested_branch_dag to 2023-01-31T00:00:00+00:00, run_after=2023-02-01T00:00:00+00:00
[2023-02-01T22:21:14.700+0000] {processor.py:175} INFO - Processing /home/airflow/.local/lib/python3.7/site-packages/airflow/example_dags/example_nested_branch_dag.py took 0.094 seconds
[2023-02-01T22:21:45.613+0000] {processor.py:153} INFO - Started process (PID=392) to work on /home/airflow/.local/lib/python3.7/site-packages/airflow/example_dags/example_nested_branch_dag.py
[2023-02-01T22:21:45.615+0000] {processor.py:743} INFO - Processing file /home/airflow/.local/lib/python3.7/site-packages/airflow/example_dags/example_nested_branch_dag.py for tasks to queue
[2023-02-01T22:21:45.616+0000] {logging_mixin.py:137} INFO - [2023-02-01T22:21:45.616+0000] {dagbag.py:538} INFO - Filling up the DagBag from /home/airflow/.local/lib/python3.7/site-packages/airflow/example_dags/example_nested_branch_dag.py
[2023-02-01T22:21:45.636+0000] {processor.py:753} INFO - DAG(s) dict_keys(['example_nested_branch_dag']) retrieved from /home/airflow/.local/lib/python3.7/site-packages/airflow/example_dags/example_nested_branch_dag.py
[2023-02-01T22:21:45.656+0000] {logging_mixin.py:137} INFO - [2023-02-01T22:21:45.656+0000] {dag.py:2690} INFO - Sync 1 DAGs
[2023-02-01T22:21:45.673+0000] {logging_mixin.py:137} INFO - [2023-02-01T22:21:45.673+0000] {dag.py:3441} INFO - Setting next_dagrun for example_nested_branch_dag to 2023-01-31T00:00:00+00:00, run_after=2023-02-01T00:00:00+00:00
[2023-02-01T22:21:45.688+0000] {processor.py:175} INFO - Processing /home/airflow/.local/lib/python3.7/site-packages/airflow/example_dags/example_nested_branch_dag.py took 0.078 seconds
[2023-02-01T22:22:16.741+0000] {processor.py:153} INFO - Started process (PID=468) to work on /home/airflow/.local/lib/python3.7/site-packages/airflow/example_dags/example_nested_branch_dag.py
[2023-02-01T22:22:16.743+0000] {processor.py:743} INFO - Processing file /home/airflow/.local/lib/python3.7/site-packages/airflow/example_dags/example_nested_branch_dag.py for tasks to queue
[2023-02-01T22:22:16.744+0000] {logging_mixin.py:137} INFO - [2023-02-01T22:22:16.743+0000] {dagbag.py:538} INFO - Filling up the DagBag from /home/airflow/.local/lib/python3.7/site-packages/airflow/example_dags/example_nested_branch_dag.py
[2023-02-01T22:22:16.765+0000] {processor.py:753} INFO - DAG(s) dict_keys(['example_nested_branch_dag']) retrieved from /home/airflow/.local/lib/python3.7/site-packages/airflow/example_dags/example_nested_branch_dag.py
[2023-02-01T22:22:16.789+0000] {logging_mixin.py:137} INFO - [2023-02-01T22:22:16.789+0000] {dag.py:2690} INFO - Sync 1 DAGs
[2023-02-01T22:22:16.806+0000] {logging_mixin.py:137} INFO - [2023-02-01T22:22:16.806+0000] {dag.py:3441} INFO - Setting next_dagrun for example_nested_branch_dag to 2023-01-31T00:00:00+00:00, run_after=2023-02-01T00:00:00+00:00
[2023-02-01T22:22:16.820+0000] {processor.py:175} INFO - Processing /home/airflow/.local/lib/python3.7/site-packages/airflow/example_dags/example_nested_branch_dag.py took 0.081 seconds
[2023-02-01T22:22:47.538+0000] {processor.py:153} INFO - Started process (PID=532) to work on /home/airflow/.local/lib/python3.7/site-packages/airflow/example_dags/example_nested_branch_dag.py
[2023-02-01T22:22:47.540+0000] {processor.py:743} INFO - Processing file /home/airflow/.local/lib/python3.7/site-packages/airflow/example_dags/example_nested_branch_dag.py for tasks to queue
[2023-02-01T22:22:47.541+0000] {logging_mixin.py:137} INFO - [2023-02-01T22:22:47.541+0000] {dagbag.py:538} INFO - Filling up the DagBag from /home/airflow/.local/lib/python3.7/site-packages/airflow/example_dags/example_nested_branch_dag.py
[2023-02-01T22:22:47.559+0000] {processor.py:753} INFO - DAG(s) dict_keys(['example_nested_branch_dag']) retrieved from /home/airflow/.local/lib/python3.7/site-packages/airflow/example_dags/example_nested_branch_dag.py
[2023-02-01T22:22:47.580+0000] {logging_mixin.py:137} INFO - [2023-02-01T22:22:47.579+0000] {dag.py:2690} INFO - Sync 1 DAGs
[2023-02-01T22:22:47.600+0000] {logging_mixin.py:137} INFO - [2023-02-01T22:22:47.600+0000] {dag.py:3441} INFO - Setting next_dagrun for example_nested_branch_dag to 2023-01-31T00:00:00+00:00, run_after=2023-02-01T00:00:00+00:00
[2023-02-01T22:22:47.618+0000] {processor.py:175} INFO - Processing /home/airflow/.local/lib/python3.7/site-packages/airflow/example_dags/example_nested_branch_dag.py took 0.084 seconds
[2023-02-01T22:23:18.398+0000] {processor.py:153} INFO - Started process (PID=608) to work on /home/airflow/.local/lib/python3.7/site-packages/airflow/example_dags/example_nested_branch_dag.py
[2023-02-01T22:23:18.400+0000] {processor.py:743} INFO - Processing file /home/airflow/.local/lib/python3.7/site-packages/airflow/example_dags/example_nested_branch_dag.py for tasks to queue
[2023-02-01T22:23:18.400+0000] {logging_mixin.py:137} INFO - [2023-02-01T22:23:18.400+0000] {dagbag.py:538} INFO - Filling up the DagBag from /home/airflow/.local/lib/python3.7/site-packages/airflow/example_dags/example_nested_branch_dag.py
[2023-02-01T22:23:18.416+0000] {processor.py:753} INFO - DAG(s) dict_keys(['example_nested_branch_dag']) retrieved from /home/airflow/.local/lib/python3.7/site-packages/airflow/example_dags/example_nested_branch_dag.py
[2023-02-01T22:23:18.435+0000] {logging_mixin.py:137} INFO - [2023-02-01T22:23:18.435+0000] {dag.py:2690} INFO - Sync 1 DAGs
[2023-02-01T22:23:18.450+0000] {logging_mixin.py:137} INFO - [2023-02-01T22:23:18.450+0000] {dag.py:3441} INFO - Setting next_dagrun for example_nested_branch_dag to 2023-01-31T00:00:00+00:00, run_after=2023-02-01T00:00:00+00:00
[2023-02-01T22:23:18.463+0000] {processor.py:175} INFO - Processing /home/airflow/.local/lib/python3.7/site-packages/airflow/example_dags/example_nested_branch_dag.py took 0.067 seconds
[2023-02-01T22:23:49.436+0000] {processor.py:153} INFO - Started process (PID=684) to work on /home/airflow/.local/lib/python3.7/site-packages/airflow/example_dags/example_nested_branch_dag.py
[2023-02-01T22:23:49.437+0000] {processor.py:743} INFO - Processing file /home/airflow/.local/lib/python3.7/site-packages/airflow/example_dags/example_nested_branch_dag.py for tasks to queue
[2023-02-01T22:23:49.438+0000] {logging_mixin.py:137} INFO - [2023-02-01T22:23:49.438+0000] {dagbag.py:538} INFO - Filling up the DagBag from /home/airflow/.local/lib/python3.7/site-packages/airflow/example_dags/example_nested_branch_dag.py
[2023-02-01T22:23:49.455+0000] {processor.py:753} INFO - DAG(s) dict_keys(['example_nested_branch_dag']) retrieved from /home/airflow/.local/lib/python3.7/site-packages/airflow/example_dags/example_nested_branch_dag.py
[2023-02-01T22:23:49.474+0000] {logging_mixin.py:137} INFO - [2023-02-01T22:23:49.474+0000] {dag.py:2690} INFO - Sync 1 DAGs
[2023-02-01T22:23:49.491+0000] {logging_mixin.py:137} INFO - [2023-02-01T22:23:49.491+0000] {dag.py:3441} INFO - Setting next_dagrun for example_nested_branch_dag to 2023-01-31T00:00:00+00:00, run_after=2023-02-01T00:00:00+00:00
[2023-02-01T22:23:49.503+0000] {processor.py:175} INFO - Processing /home/airflow/.local/lib/python3.7/site-packages/airflow/example_dags/example_nested_branch_dag.py took 0.070 seconds
