[2023-02-01T22:19:18.445+0000] {processor.py:153} INFO - Started process (PID=70) to work on /home/airflow/.local/lib/python3.7/site-packages/airflow/example_dags/example_latest_only_with_trigger.py
[2023-02-01T22:19:18.448+0000] {processor.py:743} INFO - Processing file /home/airflow/.local/lib/python3.7/site-packages/airflow/example_dags/example_latest_only_with_trigger.py for tasks to queue
[2023-02-01T22:19:18.450+0000] {logging_mixin.py:137} INFO - [2023-02-01T22:19:18.450+0000] {dagbag.py:538} INFO - Filling up the DagBag from /home/airflow/.local/lib/python3.7/site-packages/airflow/example_dags/example_latest_only_with_trigger.py
[2023-02-01T22:19:18.595+0000] {processor.py:753} INFO - DAG(s) dict_keys(['latest_only_with_trigger']) retrieved from /home/airflow/.local/lib/python3.7/site-packages/airflow/example_dags/example_latest_only_with_trigger.py
[2023-02-01T22:19:18.807+0000] {logging_mixin.py:137} INFO - [2023-02-01T22:19:18.806+0000] {dag.py:2690} INFO - Sync 1 DAGs
[2023-02-01T22:19:18.989+0000] {logging_mixin.py:137} INFO - [2023-02-01T22:19:18.989+0000] {dag.py:3441} INFO - Setting next_dagrun for latest_only_with_trigger to 2023-02-01T18:19:18.973416+00:00, run_after=2023-02-01T22:19:18.973416+00:00
[2023-02-01T22:19:19.204+0000] {processor.py:175} INFO - Processing /home/airflow/.local/lib/python3.7/site-packages/airflow/example_dags/example_latest_only_with_trigger.py took 0.778 seconds
[2023-02-01T22:19:49.387+0000] {processor.py:153} INFO - Started process (PID=135) to work on /home/airflow/.local/lib/python3.7/site-packages/airflow/example_dags/example_latest_only_with_trigger.py
[2023-02-01T22:19:49.389+0000] {processor.py:743} INFO - Processing file /home/airflow/.local/lib/python3.7/site-packages/airflow/example_dags/example_latest_only_with_trigger.py for tasks to queue
[2023-02-01T22:19:49.390+0000] {logging_mixin.py:137} INFO - [2023-02-01T22:19:49.390+0000] {dagbag.py:538} INFO - Filling up the DagBag from /home/airflow/.local/lib/python3.7/site-packages/airflow/example_dags/example_latest_only_with_trigger.py
[2023-02-01T22:19:49.401+0000] {processor.py:753} INFO - DAG(s) dict_keys(['latest_only_with_trigger']) retrieved from /home/airflow/.local/lib/python3.7/site-packages/airflow/example_dags/example_latest_only_with_trigger.py
[2023-02-01T22:19:49.419+0000] {logging_mixin.py:137} INFO - [2023-02-01T22:19:49.419+0000] {dag.py:2690} INFO - Sync 1 DAGs
[2023-02-01T22:19:49.434+0000] {logging_mixin.py:137} INFO - [2023-02-01T22:19:49.434+0000] {dag.py:3441} INFO - Setting next_dagrun for latest_only_with_trigger to 2023-02-01T18:19:49.433892+00:00, run_after=2023-02-01T22:19:49.433892+00:00
[2023-02-01T22:19:49.445+0000] {processor.py:175} INFO - Processing /home/airflow/.local/lib/python3.7/site-packages/airflow/example_dags/example_latest_only_with_trigger.py took 0.060 seconds
[2023-02-01T22:20:19.499+0000] {processor.py:153} INFO - Started process (PID=210) to work on /home/airflow/.local/lib/python3.7/site-packages/airflow/example_dags/example_latest_only_with_trigger.py
[2023-02-01T22:20:19.501+0000] {processor.py:743} INFO - Processing file /home/airflow/.local/lib/python3.7/site-packages/airflow/example_dags/example_latest_only_with_trigger.py for tasks to queue
[2023-02-01T22:20:19.502+0000] {logging_mixin.py:137} INFO - [2023-02-01T22:20:19.501+0000] {dagbag.py:538} INFO - Filling up the DagBag from /home/airflow/.local/lib/python3.7/site-packages/airflow/example_dags/example_latest_only_with_trigger.py
[2023-02-01T22:20:19.512+0000] {processor.py:753} INFO - DAG(s) dict_keys(['latest_only_with_trigger']) retrieved from /home/airflow/.local/lib/python3.7/site-packages/airflow/example_dags/example_latest_only_with_trigger.py
[2023-02-01T22:20:19.536+0000] {logging_mixin.py:137} INFO - [2023-02-01T22:20:19.536+0000] {dag.py:2690} INFO - Sync 1 DAGs
[2023-02-01T22:20:19.553+0000] {logging_mixin.py:137} INFO - [2023-02-01T22:20:19.553+0000] {dag.py:3441} INFO - Setting next_dagrun for latest_only_with_trigger to 2023-02-01T18:20:19.553474+00:00, run_after=2023-02-01T22:20:19.553474+00:00
[2023-02-01T22:20:19.565+0000] {processor.py:175} INFO - Processing /home/airflow/.local/lib/python3.7/site-packages/airflow/example_dags/example_latest_only_with_trigger.py took 0.069 seconds
[2023-02-01T22:20:50.581+0000] {processor.py:153} INFO - Started process (PID=274) to work on /home/airflow/.local/lib/python3.7/site-packages/airflow/example_dags/example_latest_only_with_trigger.py
[2023-02-01T22:20:50.582+0000] {processor.py:743} INFO - Processing file /home/airflow/.local/lib/python3.7/site-packages/airflow/example_dags/example_latest_only_with_trigger.py for tasks to queue
[2023-02-01T22:20:50.586+0000] {logging_mixin.py:137} INFO - [2023-02-01T22:20:50.586+0000] {dagbag.py:538} INFO - Filling up the DagBag from /home/airflow/.local/lib/python3.7/site-packages/airflow/example_dags/example_latest_only_with_trigger.py
[2023-02-01T22:20:50.601+0000] {processor.py:753} INFO - DAG(s) dict_keys(['latest_only_with_trigger']) retrieved from /home/airflow/.local/lib/python3.7/site-packages/airflow/example_dags/example_latest_only_with_trigger.py
[2023-02-01T22:20:50.639+0000] {logging_mixin.py:137} INFO - [2023-02-01T22:20:50.639+0000] {dag.py:2690} INFO - Sync 1 DAGs
[2023-02-01T22:20:50.674+0000] {logging_mixin.py:137} INFO - [2023-02-01T22:20:50.673+0000] {dag.py:3441} INFO - Setting next_dagrun for latest_only_with_trigger to 2023-02-01T18:20:50.673291+00:00, run_after=2023-02-01T22:20:50.673291+00:00
[2023-02-01T22:20:50.693+0000] {processor.py:175} INFO - Processing /home/airflow/.local/lib/python3.7/site-packages/airflow/example_dags/example_latest_only_with_trigger.py took 0.115 seconds
[2023-02-01T22:21:20.751+0000] {processor.py:153} INFO - Started process (PID=350) to work on /home/airflow/.local/lib/python3.7/site-packages/airflow/example_dags/example_latest_only_with_trigger.py
[2023-02-01T22:21:20.752+0000] {processor.py:743} INFO - Processing file /home/airflow/.local/lib/python3.7/site-packages/airflow/example_dags/example_latest_only_with_trigger.py for tasks to queue
[2023-02-01T22:21:20.753+0000] {logging_mixin.py:137} INFO - [2023-02-01T22:21:20.753+0000] {dagbag.py:538} INFO - Filling up the DagBag from /home/airflow/.local/lib/python3.7/site-packages/airflow/example_dags/example_latest_only_with_trigger.py
[2023-02-01T22:21:20.765+0000] {processor.py:753} INFO - DAG(s) dict_keys(['latest_only_with_trigger']) retrieved from /home/airflow/.local/lib/python3.7/site-packages/airflow/example_dags/example_latest_only_with_trigger.py
[2023-02-01T22:21:20.788+0000] {logging_mixin.py:137} INFO - [2023-02-01T22:21:20.788+0000] {dag.py:2690} INFO - Sync 1 DAGs
[2023-02-01T22:21:20.809+0000] {logging_mixin.py:137} INFO - [2023-02-01T22:21:20.809+0000] {dag.py:3441} INFO - Setting next_dagrun for latest_only_with_trigger to 2023-02-01T18:21:20.808799+00:00, run_after=2023-02-01T22:21:20.808799+00:00
[2023-02-01T22:21:20.823+0000] {processor.py:175} INFO - Processing /home/airflow/.local/lib/python3.7/site-packages/airflow/example_dags/example_latest_only_with_trigger.py took 0.075 seconds
[2023-02-01T22:21:50.852+0000] {processor.py:153} INFO - Started process (PID=413) to work on /home/airflow/.local/lib/python3.7/site-packages/airflow/example_dags/example_latest_only_with_trigger.py
[2023-02-01T22:21:50.854+0000] {processor.py:743} INFO - Processing file /home/airflow/.local/lib/python3.7/site-packages/airflow/example_dags/example_latest_only_with_trigger.py for tasks to queue
[2023-02-01T22:21:50.854+0000] {logging_mixin.py:137} INFO - [2023-02-01T22:21:50.854+0000] {dagbag.py:538} INFO - Filling up the DagBag from /home/airflow/.local/lib/python3.7/site-packages/airflow/example_dags/example_latest_only_with_trigger.py
[2023-02-01T22:21:50.864+0000] {processor.py:753} INFO - DAG(s) dict_keys(['latest_only_with_trigger']) retrieved from /home/airflow/.local/lib/python3.7/site-packages/airflow/example_dags/example_latest_only_with_trigger.py
[2023-02-01T22:21:50.882+0000] {logging_mixin.py:137} INFO - [2023-02-01T22:21:50.882+0000] {dag.py:2690} INFO - Sync 1 DAGs
[2023-02-01T22:21:50.898+0000] {logging_mixin.py:137} INFO - [2023-02-01T22:21:50.898+0000] {dag.py:3441} INFO - Setting next_dagrun for latest_only_with_trigger to 2023-02-01T18:21:50.898056+00:00, run_after=2023-02-01T22:21:50.898056+00:00
[2023-02-01T22:21:50.909+0000] {processor.py:175} INFO - Processing /home/airflow/.local/lib/python3.7/site-packages/airflow/example_dags/example_latest_only_with_trigger.py took 0.060 seconds
[2023-02-01T22:22:21.108+0000] {processor.py:153} INFO - Started process (PID=489) to work on /home/airflow/.local/lib/python3.7/site-packages/airflow/example_dags/example_latest_only_with_trigger.py
[2023-02-01T22:22:21.110+0000] {processor.py:743} INFO - Processing file /home/airflow/.local/lib/python3.7/site-packages/airflow/example_dags/example_latest_only_with_trigger.py for tasks to queue
[2023-02-01T22:22:21.111+0000] {logging_mixin.py:137} INFO - [2023-02-01T22:22:21.110+0000] {dagbag.py:538} INFO - Filling up the DagBag from /home/airflow/.local/lib/python3.7/site-packages/airflow/example_dags/example_latest_only_with_trigger.py
[2023-02-01T22:22:21.122+0000] {processor.py:753} INFO - DAG(s) dict_keys(['latest_only_with_trigger']) retrieved from /home/airflow/.local/lib/python3.7/site-packages/airflow/example_dags/example_latest_only_with_trigger.py
[2023-02-01T22:22:21.143+0000] {logging_mixin.py:137} INFO - [2023-02-01T22:22:21.142+0000] {dag.py:2690} INFO - Sync 1 DAGs
[2023-02-01T22:22:21.159+0000] {logging_mixin.py:137} INFO - [2023-02-01T22:22:21.158+0000] {dag.py:3441} INFO - Setting next_dagrun for latest_only_with_trigger to 2023-02-01T18:22:21.158739+00:00, run_after=2023-02-01T22:22:21.158739+00:00
[2023-02-01T22:22:21.170+0000] {processor.py:175} INFO - Processing /home/airflow/.local/lib/python3.7/site-packages/airflow/example_dags/example_latest_only_with_trigger.py took 0.065 seconds
[2023-02-01T22:22:51.968+0000] {processor.py:153} INFO - Started process (PID=565) to work on /home/airflow/.local/lib/python3.7/site-packages/airflow/example_dags/example_latest_only_with_trigger.py
[2023-02-01T22:22:51.969+0000] {processor.py:743} INFO - Processing file /home/airflow/.local/lib/python3.7/site-packages/airflow/example_dags/example_latest_only_with_trigger.py for tasks to queue
[2023-02-01T22:22:51.970+0000] {logging_mixin.py:137} INFO - [2023-02-01T22:22:51.970+0000] {dagbag.py:538} INFO - Filling up the DagBag from /home/airflow/.local/lib/python3.7/site-packages/airflow/example_dags/example_latest_only_with_trigger.py
[2023-02-01T22:22:51.994+0000] {processor.py:753} INFO - DAG(s) dict_keys(['latest_only_with_trigger']) retrieved from /home/airflow/.local/lib/python3.7/site-packages/airflow/example_dags/example_latest_only_with_trigger.py
[2023-02-01T22:22:52.016+0000] {logging_mixin.py:137} INFO - [2023-02-01T22:22:52.016+0000] {dag.py:2690} INFO - Sync 1 DAGs
[2023-02-01T22:22:52.035+0000] {logging_mixin.py:137} INFO - [2023-02-01T22:22:52.035+0000] {dag.py:3441} INFO - Setting next_dagrun for latest_only_with_trigger to 2023-02-01T18:22:52.034790+00:00, run_after=2023-02-01T22:22:52.034790+00:00
[2023-02-01T22:22:52.049+0000] {processor.py:175} INFO - Processing /home/airflow/.local/lib/python3.7/site-packages/airflow/example_dags/example_latest_only_with_trigger.py took 0.084 seconds
[2023-02-01T22:23:22.795+0000] {processor.py:153} INFO - Started process (PID=629) to work on /home/airflow/.local/lib/python3.7/site-packages/airflow/example_dags/example_latest_only_with_trigger.py
[2023-02-01T22:23:22.800+0000] {processor.py:743} INFO - Processing file /home/airflow/.local/lib/python3.7/site-packages/airflow/example_dags/example_latest_only_with_trigger.py for tasks to queue
[2023-02-01T22:23:22.814+0000] {logging_mixin.py:137} INFO - [2023-02-01T22:23:22.811+0000] {dagbag.py:538} INFO - Filling up the DagBag from /home/airflow/.local/lib/python3.7/site-packages/airflow/example_dags/example_latest_only_with_trigger.py
[2023-02-01T22:23:22.840+0000] {processor.py:753} INFO - DAG(s) dict_keys(['latest_only_with_trigger']) retrieved from /home/airflow/.local/lib/python3.7/site-packages/airflow/example_dags/example_latest_only_with_trigger.py
[2023-02-01T22:23:22.865+0000] {logging_mixin.py:137} INFO - [2023-02-01T22:23:22.864+0000] {dag.py:2690} INFO - Sync 1 DAGs
[2023-02-01T22:23:22.888+0000] {logging_mixin.py:137} INFO - [2023-02-01T22:23:22.888+0000] {dag.py:3441} INFO - Setting next_dagrun for latest_only_with_trigger to 2023-02-01T18:23:22.888236+00:00, run_after=2023-02-01T22:23:22.888236+00:00
[2023-02-01T22:23:22.909+0000] {processor.py:175} INFO - Processing /home/airflow/.local/lib/python3.7/site-packages/airflow/example_dags/example_latest_only_with_trigger.py took 0.120 seconds
[2023-02-01T22:23:53.718+0000] {processor.py:153} INFO - Started process (PID=705) to work on /home/airflow/.local/lib/python3.7/site-packages/airflow/example_dags/example_latest_only_with_trigger.py
[2023-02-01T22:23:53.719+0000] {processor.py:743} INFO - Processing file /home/airflow/.local/lib/python3.7/site-packages/airflow/example_dags/example_latest_only_with_trigger.py for tasks to queue
[2023-02-01T22:23:53.721+0000] {logging_mixin.py:137} INFO - [2023-02-01T22:23:53.721+0000] {dagbag.py:538} INFO - Filling up the DagBag from /home/airflow/.local/lib/python3.7/site-packages/airflow/example_dags/example_latest_only_with_trigger.py
[2023-02-01T22:23:53.732+0000] {processor.py:753} INFO - DAG(s) dict_keys(['latest_only_with_trigger']) retrieved from /home/airflow/.local/lib/python3.7/site-packages/airflow/example_dags/example_latest_only_with_trigger.py
[2023-02-01T22:23:53.752+0000] {logging_mixin.py:137} INFO - [2023-02-01T22:23:53.752+0000] {dag.py:2690} INFO - Sync 1 DAGs
[2023-02-01T22:23:53.772+0000] {logging_mixin.py:137} INFO - [2023-02-01T22:23:53.771+0000] {dag.py:3441} INFO - Setting next_dagrun for latest_only_with_trigger to 2023-02-01T18:23:53.771603+00:00, run_after=2023-02-01T22:23:53.771603+00:00
[2023-02-01T22:23:53.785+0000] {processor.py:175} INFO - Processing /home/airflow/.local/lib/python3.7/site-packages/airflow/example_dags/example_latest_only_with_trigger.py took 0.070 seconds
[2023-02-01T22:24:24.102+0000] {processor.py:153} INFO - Started process (PID=781) to work on /home/airflow/.local/lib/python3.7/site-packages/airflow/example_dags/example_latest_only_with_trigger.py
[2023-02-01T22:24:24.103+0000] {processor.py:743} INFO - Processing file /home/airflow/.local/lib/python3.7/site-packages/airflow/example_dags/example_latest_only_with_trigger.py for tasks to queue
[2023-02-01T22:24:24.103+0000] {logging_mixin.py:137} INFO - [2023-02-01T22:24:24.103+0000] {dagbag.py:538} INFO - Filling up the DagBag from /home/airflow/.local/lib/python3.7/site-packages/airflow/example_dags/example_latest_only_with_trigger.py
[2023-02-01T22:24:24.114+0000] {processor.py:753} INFO - DAG(s) dict_keys(['latest_only_with_trigger']) retrieved from /home/airflow/.local/lib/python3.7/site-packages/airflow/example_dags/example_latest_only_with_trigger.py
[2023-02-01T22:24:24.136+0000] {logging_mixin.py:137} INFO - [2023-02-01T22:24:24.136+0000] {dag.py:2690} INFO - Sync 1 DAGs
[2023-02-01T22:24:24.152+0000] {logging_mixin.py:137} INFO - [2023-02-01T22:24:24.152+0000] {dag.py:3441} INFO - Setting next_dagrun for latest_only_with_trigger to 2023-02-01T18:24:24.152637+00:00, run_after=2023-02-01T22:24:24.152637+00:00
[2023-02-01T22:24:24.167+0000] {processor.py:175} INFO - Processing /home/airflow/.local/lib/python3.7/site-packages/airflow/example_dags/example_latest_only_with_trigger.py took 0.068 seconds
[2023-02-01T22:24:54.673+0000] {processor.py:153} INFO - Started process (PID=845) to work on /home/airflow/.local/lib/python3.7/site-packages/airflow/example_dags/example_latest_only_with_trigger.py
[2023-02-01T22:24:54.674+0000] {processor.py:743} INFO - Processing file /home/airflow/.local/lib/python3.7/site-packages/airflow/example_dags/example_latest_only_with_trigger.py for tasks to queue
[2023-02-01T22:24:54.675+0000] {logging_mixin.py:137} INFO - [2023-02-01T22:24:54.675+0000] {dagbag.py:538} INFO - Filling up the DagBag from /home/airflow/.local/lib/python3.7/site-packages/airflow/example_dags/example_latest_only_with_trigger.py
[2023-02-01T22:24:54.686+0000] {processor.py:753} INFO - DAG(s) dict_keys(['latest_only_with_trigger']) retrieved from /home/airflow/.local/lib/python3.7/site-packages/airflow/example_dags/example_latest_only_with_trigger.py
[2023-02-01T22:24:54.707+0000] {logging_mixin.py:137} INFO - [2023-02-01T22:24:54.707+0000] {dag.py:2690} INFO - Sync 1 DAGs
[2023-02-01T22:24:54.730+0000] {logging_mixin.py:137} INFO - [2023-02-01T22:24:54.730+0000] {dag.py:3441} INFO - Setting next_dagrun for latest_only_with_trigger to 2023-02-01T18:24:54.730448+00:00, run_after=2023-02-01T22:24:54.730448+00:00
[2023-02-01T22:24:54.745+0000] {processor.py:175} INFO - Processing /home/airflow/.local/lib/python3.7/site-packages/airflow/example_dags/example_latest_only_with_trigger.py took 0.075 seconds
[2023-02-01T22:25:25.377+0000] {processor.py:153} INFO - Started process (PID=922) to work on /home/airflow/.local/lib/python3.7/site-packages/airflow/example_dags/example_latest_only_with_trigger.py
[2023-02-01T22:25:25.379+0000] {processor.py:743} INFO - Processing file /home/airflow/.local/lib/python3.7/site-packages/airflow/example_dags/example_latest_only_with_trigger.py for tasks to queue
[2023-02-01T22:25:25.381+0000] {logging_mixin.py:137} INFO - [2023-02-01T22:25:25.381+0000] {dagbag.py:538} INFO - Filling up the DagBag from /home/airflow/.local/lib/python3.7/site-packages/airflow/example_dags/example_latest_only_with_trigger.py
[2023-02-01T22:25:25.392+0000] {processor.py:753} INFO - DAG(s) dict_keys(['latest_only_with_trigger']) retrieved from /home/airflow/.local/lib/python3.7/site-packages/airflow/example_dags/example_latest_only_with_trigger.py
[2023-02-01T22:25:25.415+0000] {logging_mixin.py:137} INFO - [2023-02-01T22:25:25.415+0000] {dag.py:2690} INFO - Sync 1 DAGs
[2023-02-01T22:25:25.431+0000] {logging_mixin.py:137} INFO - [2023-02-01T22:25:25.431+0000] {dag.py:3441} INFO - Setting next_dagrun for latest_only_with_trigger to 2023-02-01T18:25:25.431351+00:00, run_after=2023-02-01T22:25:25.431351+00:00
[2023-02-01T22:25:25.475+0000] {processor.py:175} INFO - Processing /home/airflow/.local/lib/python3.7/site-packages/airflow/example_dags/example_latest_only_with_trigger.py took 0.101 seconds
[2023-02-01T22:25:56.292+0000] {processor.py:153} INFO - Started process (PID=999) to work on /home/airflow/.local/lib/python3.7/site-packages/airflow/example_dags/example_latest_only_with_trigger.py
[2023-02-01T22:25:56.293+0000] {processor.py:743} INFO - Processing file /home/airflow/.local/lib/python3.7/site-packages/airflow/example_dags/example_latest_only_with_trigger.py for tasks to queue
[2023-02-01T22:25:56.294+0000] {logging_mixin.py:137} INFO - [2023-02-01T22:25:56.294+0000] {dagbag.py:538} INFO - Filling up the DagBag from /home/airflow/.local/lib/python3.7/site-packages/airflow/example_dags/example_latest_only_with_trigger.py
[2023-02-01T22:25:56.305+0000] {processor.py:753} INFO - DAG(s) dict_keys(['latest_only_with_trigger']) retrieved from /home/airflow/.local/lib/python3.7/site-packages/airflow/example_dags/example_latest_only_with_trigger.py
[2023-02-01T22:25:56.325+0000] {logging_mixin.py:137} INFO - [2023-02-01T22:25:56.325+0000] {dag.py:2690} INFO - Sync 1 DAGs
[2023-02-01T22:25:56.345+0000] {logging_mixin.py:137} INFO - [2023-02-01T22:25:56.345+0000] {dag.py:3441} INFO - Setting next_dagrun for latest_only_with_trigger to 2023-02-01T18:25:56.345188+00:00, run_after=2023-02-01T22:25:56.345188+00:00
[2023-02-01T22:25:56.370+0000] {processor.py:175} INFO - Processing /home/airflow/.local/lib/python3.7/site-packages/airflow/example_dags/example_latest_only_with_trigger.py took 0.081 seconds
[2023-02-01T22:26:27.089+0000] {processor.py:153} INFO - Started process (PID=1063) to work on /home/airflow/.local/lib/python3.7/site-packages/airflow/example_dags/example_latest_only_with_trigger.py
[2023-02-01T22:26:27.090+0000] {processor.py:743} INFO - Processing file /home/airflow/.local/lib/python3.7/site-packages/airflow/example_dags/example_latest_only_with_trigger.py for tasks to queue
[2023-02-01T22:26:27.091+0000] {logging_mixin.py:137} INFO - [2023-02-01T22:26:27.091+0000] {dagbag.py:538} INFO - Filling up the DagBag from /home/airflow/.local/lib/python3.7/site-packages/airflow/example_dags/example_latest_only_with_trigger.py
[2023-02-01T22:26:27.103+0000] {processor.py:753} INFO - DAG(s) dict_keys(['latest_only_with_trigger']) retrieved from /home/airflow/.local/lib/python3.7/site-packages/airflow/example_dags/example_latest_only_with_trigger.py
[2023-02-01T22:26:27.135+0000] {logging_mixin.py:137} INFO - [2023-02-01T22:26:27.135+0000] {dag.py:2690} INFO - Sync 1 DAGs
[2023-02-01T22:26:27.159+0000] {logging_mixin.py:137} INFO - [2023-02-01T22:26:27.159+0000] {dag.py:3441} INFO - Setting next_dagrun for latest_only_with_trigger to 2023-02-01T18:26:27.159287+00:00, run_after=2023-02-01T22:26:27.159287+00:00
[2023-02-01T22:26:27.179+0000] {processor.py:175} INFO - Processing /home/airflow/.local/lib/python3.7/site-packages/airflow/example_dags/example_latest_only_with_trigger.py took 0.093 seconds
[2023-02-01T22:26:57.971+0000] {processor.py:153} INFO - Started process (PID=1139) to work on /home/airflow/.local/lib/python3.7/site-packages/airflow/example_dags/example_latest_only_with_trigger.py
[2023-02-01T22:26:57.972+0000] {processor.py:743} INFO - Processing file /home/airflow/.local/lib/python3.7/site-packages/airflow/example_dags/example_latest_only_with_trigger.py for tasks to queue
[2023-02-01T22:26:57.973+0000] {logging_mixin.py:137} INFO - [2023-02-01T22:26:57.973+0000] {dagbag.py:538} INFO - Filling up the DagBag from /home/airflow/.local/lib/python3.7/site-packages/airflow/example_dags/example_latest_only_with_trigger.py
[2023-02-01T22:26:57.984+0000] {processor.py:753} INFO - DAG(s) dict_keys(['latest_only_with_trigger']) retrieved from /home/airflow/.local/lib/python3.7/site-packages/airflow/example_dags/example_latest_only_with_trigger.py
[2023-02-01T22:26:58.005+0000] {logging_mixin.py:137} INFO - [2023-02-01T22:26:58.005+0000] {dag.py:2690} INFO - Sync 1 DAGs
[2023-02-01T22:26:58.021+0000] {logging_mixin.py:137} INFO - [2023-02-01T22:26:58.021+0000] {dag.py:3441} INFO - Setting next_dagrun for latest_only_with_trigger to 2023-02-01T18:26:58.020828+00:00, run_after=2023-02-01T22:26:58.020828+00:00
[2023-02-01T22:26:58.032+0000] {processor.py:175} INFO - Processing /home/airflow/.local/lib/python3.7/site-packages/airflow/example_dags/example_latest_only_with_trigger.py took 0.065 seconds
[2023-02-01T22:27:28.880+0000] {processor.py:153} INFO - Started process (PID=1215) to work on /home/airflow/.local/lib/python3.7/site-packages/airflow/example_dags/example_latest_only_with_trigger.py
[2023-02-01T22:27:28.881+0000] {processor.py:743} INFO - Processing file /home/airflow/.local/lib/python3.7/site-packages/airflow/example_dags/example_latest_only_with_trigger.py for tasks to queue
[2023-02-01T22:27:28.882+0000] {logging_mixin.py:137} INFO - [2023-02-01T22:27:28.882+0000] {dagbag.py:538} INFO - Filling up the DagBag from /home/airflow/.local/lib/python3.7/site-packages/airflow/example_dags/example_latest_only_with_trigger.py
[2023-02-01T22:27:28.892+0000] {processor.py:753} INFO - DAG(s) dict_keys(['latest_only_with_trigger']) retrieved from /home/airflow/.local/lib/python3.7/site-packages/airflow/example_dags/example_latest_only_with_trigger.py
[2023-02-01T22:27:28.917+0000] {logging_mixin.py:137} INFO - [2023-02-01T22:27:28.917+0000] {dag.py:2690} INFO - Sync 1 DAGs
[2023-02-01T22:27:28.934+0000] {logging_mixin.py:137} INFO - [2023-02-01T22:27:28.934+0000] {dag.py:3441} INFO - Setting next_dagrun for latest_only_with_trigger to 2023-02-01T18:27:28.934467+00:00, run_after=2023-02-01T22:27:28.934467+00:00
[2023-02-01T22:27:28.950+0000] {processor.py:175} INFO - Processing /home/airflow/.local/lib/python3.7/site-packages/airflow/example_dags/example_latest_only_with_trigger.py took 0.073 seconds
[2023-02-01T22:27:59.407+0000] {processor.py:153} INFO - Started process (PID=1278) to work on /home/airflow/.local/lib/python3.7/site-packages/airflow/example_dags/example_latest_only_with_trigger.py
[2023-02-01T22:27:59.408+0000] {processor.py:743} INFO - Processing file /home/airflow/.local/lib/python3.7/site-packages/airflow/example_dags/example_latest_only_with_trigger.py for tasks to queue
[2023-02-01T22:27:59.409+0000] {logging_mixin.py:137} INFO - [2023-02-01T22:27:59.409+0000] {dagbag.py:538} INFO - Filling up the DagBag from /home/airflow/.local/lib/python3.7/site-packages/airflow/example_dags/example_latest_only_with_trigger.py
[2023-02-01T22:27:59.419+0000] {processor.py:753} INFO - DAG(s) dict_keys(['latest_only_with_trigger']) retrieved from /home/airflow/.local/lib/python3.7/site-packages/airflow/example_dags/example_latest_only_with_trigger.py
[2023-02-01T22:27:59.438+0000] {logging_mixin.py:137} INFO - [2023-02-01T22:27:59.438+0000] {dag.py:2690} INFO - Sync 1 DAGs
[2023-02-01T22:27:59.454+0000] {logging_mixin.py:137} INFO - [2023-02-01T22:27:59.454+0000] {dag.py:3441} INFO - Setting next_dagrun for latest_only_with_trigger to 2023-02-01T18:27:59.453947+00:00, run_after=2023-02-01T22:27:59.453947+00:00
[2023-02-01T22:27:59.468+0000] {processor.py:175} INFO - Processing /home/airflow/.local/lib/python3.7/site-packages/airflow/example_dags/example_latest_only_with_trigger.py took 0.064 seconds
[2023-02-01T22:28:30.255+0000] {processor.py:153} INFO - Started process (PID=1354) to work on /home/airflow/.local/lib/python3.7/site-packages/airflow/example_dags/example_latest_only_with_trigger.py
[2023-02-01T22:28:30.256+0000] {processor.py:743} INFO - Processing file /home/airflow/.local/lib/python3.7/site-packages/airflow/example_dags/example_latest_only_with_trigger.py for tasks to queue
[2023-02-01T22:28:30.257+0000] {logging_mixin.py:137} INFO - [2023-02-01T22:28:30.257+0000] {dagbag.py:538} INFO - Filling up the DagBag from /home/airflow/.local/lib/python3.7/site-packages/airflow/example_dags/example_latest_only_with_trigger.py
[2023-02-01T22:28:30.267+0000] {processor.py:753} INFO - DAG(s) dict_keys(['latest_only_with_trigger']) retrieved from /home/airflow/.local/lib/python3.7/site-packages/airflow/example_dags/example_latest_only_with_trigger.py
[2023-02-01T22:28:30.286+0000] {logging_mixin.py:137} INFO - [2023-02-01T22:28:30.286+0000] {dag.py:2690} INFO - Sync 1 DAGs
[2023-02-01T22:28:30.305+0000] {logging_mixin.py:137} INFO - [2023-02-01T22:28:30.305+0000] {dag.py:3441} INFO - Setting next_dagrun for latest_only_with_trigger to 2023-02-01T18:28:30.304760+00:00, run_after=2023-02-01T22:28:30.304760+00:00
[2023-02-01T22:28:30.316+0000] {processor.py:175} INFO - Processing /home/airflow/.local/lib/python3.7/site-packages/airflow/example_dags/example_latest_only_with_trigger.py took 0.064 seconds
[2023-02-01T22:29:00.919+0000] {processor.py:153} INFO - Started process (PID=1417) to work on /home/airflow/.local/lib/python3.7/site-packages/airflow/example_dags/example_latest_only_with_trigger.py
[2023-02-01T22:29:00.920+0000] {processor.py:743} INFO - Processing file /home/airflow/.local/lib/python3.7/site-packages/airflow/example_dags/example_latest_only_with_trigger.py for tasks to queue
[2023-02-01T22:29:00.921+0000] {logging_mixin.py:137} INFO - [2023-02-01T22:29:00.921+0000] {dagbag.py:538} INFO - Filling up the DagBag from /home/airflow/.local/lib/python3.7/site-packages/airflow/example_dags/example_latest_only_with_trigger.py
[2023-02-01T22:29:00.932+0000] {processor.py:753} INFO - DAG(s) dict_keys(['latest_only_with_trigger']) retrieved from /home/airflow/.local/lib/python3.7/site-packages/airflow/example_dags/example_latest_only_with_trigger.py
[2023-02-01T22:29:00.954+0000] {logging_mixin.py:137} INFO - [2023-02-01T22:29:00.954+0000] {dag.py:2690} INFO - Sync 1 DAGs
[2023-02-01T22:29:00.971+0000] {logging_mixin.py:137} INFO - [2023-02-01T22:29:00.971+0000] {dag.py:3441} INFO - Setting next_dagrun for latest_only_with_trigger to 2023-02-01T18:29:00.971135+00:00, run_after=2023-02-01T22:29:00.971135+00:00
[2023-02-01T22:29:00.988+0000] {processor.py:175} INFO - Processing /home/airflow/.local/lib/python3.7/site-packages/airflow/example_dags/example_latest_only_with_trigger.py took 0.073 seconds
[2023-02-01T22:29:31.773+0000] {processor.py:153} INFO - Started process (PID=1493) to work on /home/airflow/.local/lib/python3.7/site-packages/airflow/example_dags/example_latest_only_with_trigger.py
[2023-02-01T22:29:31.774+0000] {processor.py:743} INFO - Processing file /home/airflow/.local/lib/python3.7/site-packages/airflow/example_dags/example_latest_only_with_trigger.py for tasks to queue
[2023-02-01T22:29:31.775+0000] {logging_mixin.py:137} INFO - [2023-02-01T22:29:31.775+0000] {dagbag.py:538} INFO - Filling up the DagBag from /home/airflow/.local/lib/python3.7/site-packages/airflow/example_dags/example_latest_only_with_trigger.py
[2023-02-01T22:29:31.787+0000] {processor.py:753} INFO - DAG(s) dict_keys(['latest_only_with_trigger']) retrieved from /home/airflow/.local/lib/python3.7/site-packages/airflow/example_dags/example_latest_only_with_trigger.py
[2023-02-01T22:29:31.810+0000] {logging_mixin.py:137} INFO - [2023-02-01T22:29:31.810+0000] {dag.py:2690} INFO - Sync 1 DAGs
[2023-02-01T22:29:31.833+0000] {logging_mixin.py:137} INFO - [2023-02-01T22:29:31.832+0000] {dag.py:3441} INFO - Setting next_dagrun for latest_only_with_trigger to 2023-02-01T18:29:31.832673+00:00, run_after=2023-02-01T22:29:31.832673+00:00
[2023-02-01T22:29:31.849+0000] {processor.py:175} INFO - Processing /home/airflow/.local/lib/python3.7/site-packages/airflow/example_dags/example_latest_only_with_trigger.py took 0.079 seconds
[2023-02-01T22:30:02.689+0000] {processor.py:153} INFO - Started process (PID=1568) to work on /home/airflow/.local/lib/python3.7/site-packages/airflow/example_dags/example_latest_only_with_trigger.py
[2023-02-01T22:30:02.692+0000] {processor.py:743} INFO - Processing file /home/airflow/.local/lib/python3.7/site-packages/airflow/example_dags/example_latest_only_with_trigger.py for tasks to queue
[2023-02-01T22:30:02.693+0000] {logging_mixin.py:137} INFO - [2023-02-01T22:30:02.693+0000] {dagbag.py:538} INFO - Filling up the DagBag from /home/airflow/.local/lib/python3.7/site-packages/airflow/example_dags/example_latest_only_with_trigger.py
[2023-02-01T22:30:02.705+0000] {processor.py:753} INFO - DAG(s) dict_keys(['latest_only_with_trigger']) retrieved from /home/airflow/.local/lib/python3.7/site-packages/airflow/example_dags/example_latest_only_with_trigger.py
[2023-02-01T22:30:02.730+0000] {logging_mixin.py:137} INFO - [2023-02-01T22:30:02.730+0000] {dag.py:2690} INFO - Sync 1 DAGs
[2023-02-01T22:30:02.752+0000] {logging_mixin.py:137} INFO - [2023-02-01T22:30:02.752+0000] {dag.py:3441} INFO - Setting next_dagrun for latest_only_with_trigger to 2023-02-01T18:30:02.751781+00:00, run_after=2023-02-01T22:30:02.751781+00:00
[2023-02-01T22:30:02.767+0000] {processor.py:175} INFO - Processing /home/airflow/.local/lib/python3.7/site-packages/airflow/example_dags/example_latest_only_with_trigger.py took 0.083 seconds
[2023-02-01T22:30:33.152+0000] {processor.py:153} INFO - Started process (PID=1632) to work on /home/airflow/.local/lib/python3.7/site-packages/airflow/example_dags/example_latest_only_with_trigger.py
[2023-02-01T22:30:33.154+0000] {processor.py:743} INFO - Processing file /home/airflow/.local/lib/python3.7/site-packages/airflow/example_dags/example_latest_only_with_trigger.py for tasks to queue
[2023-02-01T22:30:33.154+0000] {logging_mixin.py:137} INFO - [2023-02-01T22:30:33.154+0000] {dagbag.py:538} INFO - Filling up the DagBag from /home/airflow/.local/lib/python3.7/site-packages/airflow/example_dags/example_latest_only_with_trigger.py
[2023-02-01T22:30:33.164+0000] {processor.py:753} INFO - DAG(s) dict_keys(['latest_only_with_trigger']) retrieved from /home/airflow/.local/lib/python3.7/site-packages/airflow/example_dags/example_latest_only_with_trigger.py
[2023-02-01T22:30:33.183+0000] {logging_mixin.py:137} INFO - [2023-02-01T22:30:33.182+0000] {dag.py:2690} INFO - Sync 1 DAGs
[2023-02-01T22:30:33.198+0000] {logging_mixin.py:137} INFO - [2023-02-01T22:30:33.198+0000] {dag.py:3441} INFO - Setting next_dagrun for latest_only_with_trigger to 2023-02-01T18:30:33.197845+00:00, run_after=2023-02-01T22:30:33.197845+00:00
[2023-02-01T22:30:33.209+0000] {processor.py:175} INFO - Processing /home/airflow/.local/lib/python3.7/site-packages/airflow/example_dags/example_latest_only_with_trigger.py took 0.059 seconds
[2023-02-01T22:31:03.589+0000] {processor.py:153} INFO - Started process (PID=1708) to work on /home/airflow/.local/lib/python3.7/site-packages/airflow/example_dags/example_latest_only_with_trigger.py
[2023-02-01T22:31:03.590+0000] {processor.py:743} INFO - Processing file /home/airflow/.local/lib/python3.7/site-packages/airflow/example_dags/example_latest_only_with_trigger.py for tasks to queue
[2023-02-01T22:31:03.591+0000] {logging_mixin.py:137} INFO - [2023-02-01T22:31:03.591+0000] {dagbag.py:538} INFO - Filling up the DagBag from /home/airflow/.local/lib/python3.7/site-packages/airflow/example_dags/example_latest_only_with_trigger.py
[2023-02-01T22:31:03.602+0000] {processor.py:753} INFO - DAG(s) dict_keys(['latest_only_with_trigger']) retrieved from /home/airflow/.local/lib/python3.7/site-packages/airflow/example_dags/example_latest_only_with_trigger.py
[2023-02-01T22:31:03.621+0000] {logging_mixin.py:137} INFO - [2023-02-01T22:31:03.620+0000] {dag.py:2690} INFO - Sync 1 DAGs
[2023-02-01T22:31:03.637+0000] {logging_mixin.py:137} INFO - [2023-02-01T22:31:03.637+0000] {dag.py:3441} INFO - Setting next_dagrun for latest_only_with_trigger to 2023-02-01T18:31:03.637378+00:00, run_after=2023-02-01T22:31:03.637378+00:00
[2023-02-01T22:31:03.650+0000] {processor.py:175} INFO - Processing /home/airflow/.local/lib/python3.7/site-packages/airflow/example_dags/example_latest_only_with_trigger.py took 0.064 seconds
[2023-02-01T22:31:34.528+0000] {processor.py:153} INFO - Started process (PID=1772) to work on /home/airflow/.local/lib/python3.7/site-packages/airflow/example_dags/example_latest_only_with_trigger.py
[2023-02-01T22:31:34.529+0000] {processor.py:743} INFO - Processing file /home/airflow/.local/lib/python3.7/site-packages/airflow/example_dags/example_latest_only_with_trigger.py for tasks to queue
[2023-02-01T22:31:34.530+0000] {logging_mixin.py:137} INFO - [2023-02-01T22:31:34.530+0000] {dagbag.py:538} INFO - Filling up the DagBag from /home/airflow/.local/lib/python3.7/site-packages/airflow/example_dags/example_latest_only_with_trigger.py
[2023-02-01T22:31:34.542+0000] {processor.py:753} INFO - DAG(s) dict_keys(['latest_only_with_trigger']) retrieved from /home/airflow/.local/lib/python3.7/site-packages/airflow/example_dags/example_latest_only_with_trigger.py
[2023-02-01T22:31:34.564+0000] {logging_mixin.py:137} INFO - [2023-02-01T22:31:34.564+0000] {dag.py:2690} INFO - Sync 1 DAGs
[2023-02-01T22:31:34.583+0000] {logging_mixin.py:137} INFO - [2023-02-01T22:31:34.582+0000] {dag.py:3441} INFO - Setting next_dagrun for latest_only_with_trigger to 2023-02-01T18:31:34.582740+00:00, run_after=2023-02-01T22:31:34.582740+00:00
[2023-02-01T22:31:34.595+0000] {processor.py:175} INFO - Processing /home/airflow/.local/lib/python3.7/site-packages/airflow/example_dags/example_latest_only_with_trigger.py took 0.070 seconds
[2023-02-01T22:32:04.688+0000] {processor.py:153} INFO - Started process (PID=1847) to work on /home/airflow/.local/lib/python3.7/site-packages/airflow/example_dags/example_latest_only_with_trigger.py
[2023-02-01T22:32:04.689+0000] {processor.py:743} INFO - Processing file /home/airflow/.local/lib/python3.7/site-packages/airflow/example_dags/example_latest_only_with_trigger.py for tasks to queue
[2023-02-01T22:32:04.690+0000] {logging_mixin.py:137} INFO - [2023-02-01T22:32:04.690+0000] {dagbag.py:538} INFO - Filling up the DagBag from /home/airflow/.local/lib/python3.7/site-packages/airflow/example_dags/example_latest_only_with_trigger.py
[2023-02-01T22:32:04.700+0000] {processor.py:753} INFO - DAG(s) dict_keys(['latest_only_with_trigger']) retrieved from /home/airflow/.local/lib/python3.7/site-packages/airflow/example_dags/example_latest_only_with_trigger.py
[2023-02-01T22:32:04.721+0000] {logging_mixin.py:137} INFO - [2023-02-01T22:32:04.721+0000] {dag.py:2690} INFO - Sync 1 DAGs
[2023-02-01T22:32:04.736+0000] {logging_mixin.py:137} INFO - [2023-02-01T22:32:04.736+0000] {dag.py:3441} INFO - Setting next_dagrun for latest_only_with_trigger to 2023-02-01T18:32:04.736684+00:00, run_after=2023-02-01T22:32:04.736684+00:00
[2023-02-01T22:32:04.749+0000] {processor.py:175} INFO - Processing /home/airflow/.local/lib/python3.7/site-packages/airflow/example_dags/example_latest_only_with_trigger.py took 0.064 seconds
[2023-02-01T22:32:34.974+0000] {processor.py:153} INFO - Started process (PID=1912) to work on /home/airflow/.local/lib/python3.7/site-packages/airflow/example_dags/example_latest_only_with_trigger.py
[2023-02-01T22:32:34.975+0000] {processor.py:743} INFO - Processing file /home/airflow/.local/lib/python3.7/site-packages/airflow/example_dags/example_latest_only_with_trigger.py for tasks to queue
[2023-02-01T22:32:34.976+0000] {logging_mixin.py:137} INFO - [2023-02-01T22:32:34.976+0000] {dagbag.py:538} INFO - Filling up the DagBag from /home/airflow/.local/lib/python3.7/site-packages/airflow/example_dags/example_latest_only_with_trigger.py
[2023-02-01T22:32:34.988+0000] {processor.py:753} INFO - DAG(s) dict_keys(['latest_only_with_trigger']) retrieved from /home/airflow/.local/lib/python3.7/site-packages/airflow/example_dags/example_latest_only_with_trigger.py
[2023-02-01T22:32:35.018+0000] {logging_mixin.py:137} INFO - [2023-02-01T22:32:35.018+0000] {dag.py:2690} INFO - Sync 1 DAGs
[2023-02-01T22:32:35.057+0000] {logging_mixin.py:137} INFO - [2023-02-01T22:32:35.057+0000] {dag.py:3441} INFO - Setting next_dagrun for latest_only_with_trigger to 2023-02-01T18:32:35.056627+00:00, run_after=2023-02-01T22:32:35.056627+00:00
[2023-02-01T22:32:35.081+0000] {processor.py:175} INFO - Processing /home/airflow/.local/lib/python3.7/site-packages/airflow/example_dags/example_latest_only_with_trigger.py took 0.110 seconds
[2023-02-01T22:33:05.574+0000] {processor.py:153} INFO - Started process (PID=1988) to work on /home/airflow/.local/lib/python3.7/site-packages/airflow/example_dags/example_latest_only_with_trigger.py
[2023-02-01T22:33:05.575+0000] {processor.py:743} INFO - Processing file /home/airflow/.local/lib/python3.7/site-packages/airflow/example_dags/example_latest_only_with_trigger.py for tasks to queue
[2023-02-01T22:33:05.576+0000] {logging_mixin.py:137} INFO - [2023-02-01T22:33:05.576+0000] {dagbag.py:538} INFO - Filling up the DagBag from /home/airflow/.local/lib/python3.7/site-packages/airflow/example_dags/example_latest_only_with_trigger.py
[2023-02-01T22:33:05.585+0000] {processor.py:753} INFO - DAG(s) dict_keys(['latest_only_with_trigger']) retrieved from /home/airflow/.local/lib/python3.7/site-packages/airflow/example_dags/example_latest_only_with_trigger.py
[2023-02-01T22:33:05.605+0000] {logging_mixin.py:137} INFO - [2023-02-01T22:33:05.605+0000] {dag.py:2690} INFO - Sync 1 DAGs
[2023-02-01T22:33:05.624+0000] {logging_mixin.py:137} INFO - [2023-02-01T22:33:05.624+0000] {dag.py:3441} INFO - Setting next_dagrun for latest_only_with_trigger to 2023-02-01T18:33:05.624362+00:00, run_after=2023-02-01T22:33:05.624362+00:00
[2023-02-01T22:33:05.636+0000] {processor.py:175} INFO - Processing /home/airflow/.local/lib/python3.7/site-packages/airflow/example_dags/example_latest_only_with_trigger.py took 0.065 seconds
[2023-02-01T22:33:36.463+0000] {processor.py:153} INFO - Started process (PID=2064) to work on /home/airflow/.local/lib/python3.7/site-packages/airflow/example_dags/example_latest_only_with_trigger.py
[2023-02-01T22:33:36.464+0000] {processor.py:743} INFO - Processing file /home/airflow/.local/lib/python3.7/site-packages/airflow/example_dags/example_latest_only_with_trigger.py for tasks to queue
[2023-02-01T22:33:36.465+0000] {logging_mixin.py:137} INFO - [2023-02-01T22:33:36.464+0000] {dagbag.py:538} INFO - Filling up the DagBag from /home/airflow/.local/lib/python3.7/site-packages/airflow/example_dags/example_latest_only_with_trigger.py
[2023-02-01T22:33:36.475+0000] {processor.py:753} INFO - DAG(s) dict_keys(['latest_only_with_trigger']) retrieved from /home/airflow/.local/lib/python3.7/site-packages/airflow/example_dags/example_latest_only_with_trigger.py
[2023-02-01T22:33:36.495+0000] {logging_mixin.py:137} INFO - [2023-02-01T22:33:36.495+0000] {dag.py:2690} INFO - Sync 1 DAGs
[2023-02-01T22:33:36.511+0000] {logging_mixin.py:137} INFO - [2023-02-01T22:33:36.511+0000] {dag.py:3441} INFO - Setting next_dagrun for latest_only_with_trigger to 2023-02-01T18:33:36.511342+00:00, run_after=2023-02-01T22:33:36.511342+00:00
[2023-02-01T22:33:36.522+0000] {processor.py:175} INFO - Processing /home/airflow/.local/lib/python3.7/site-packages/airflow/example_dags/example_latest_only_with_trigger.py took 0.062 seconds
[2023-02-01T22:34:06.951+0000] {processor.py:153} INFO - Started process (PID=2128) to work on /home/airflow/.local/lib/python3.7/site-packages/airflow/example_dags/example_latest_only_with_trigger.py
[2023-02-01T22:34:06.955+0000] {processor.py:743} INFO - Processing file /home/airflow/.local/lib/python3.7/site-packages/airflow/example_dags/example_latest_only_with_trigger.py for tasks to queue
[2023-02-01T22:34:06.958+0000] {logging_mixin.py:137} INFO - [2023-02-01T22:34:06.957+0000] {dagbag.py:538} INFO - Filling up the DagBag from /home/airflow/.local/lib/python3.7/site-packages/airflow/example_dags/example_latest_only_with_trigger.py
[2023-02-01T22:34:06.971+0000] {processor.py:753} INFO - DAG(s) dict_keys(['latest_only_with_trigger']) retrieved from /home/airflow/.local/lib/python3.7/site-packages/airflow/example_dags/example_latest_only_with_trigger.py
[2023-02-01T22:34:06.992+0000] {logging_mixin.py:137} INFO - [2023-02-01T22:34:06.992+0000] {dag.py:2690} INFO - Sync 1 DAGs
[2023-02-01T22:34:07.010+0000] {logging_mixin.py:137} INFO - [2023-02-01T22:34:07.010+0000] {dag.py:3441} INFO - Setting next_dagrun for latest_only_with_trigger to 2023-02-01T18:34:07.010127+00:00, run_after=2023-02-01T22:34:07.010127+00:00
[2023-02-01T22:34:07.027+0000] {processor.py:175} INFO - Processing /home/airflow/.local/lib/python3.7/site-packages/airflow/example_dags/example_latest_only_with_trigger.py took 0.079 seconds
[2023-02-01T22:34:37.764+0000] {processor.py:153} INFO - Started process (PID=2203) to work on /home/airflow/.local/lib/python3.7/site-packages/airflow/example_dags/example_latest_only_with_trigger.py
[2023-02-01T22:34:37.765+0000] {processor.py:743} INFO - Processing file /home/airflow/.local/lib/python3.7/site-packages/airflow/example_dags/example_latest_only_with_trigger.py for tasks to queue
[2023-02-01T22:34:37.766+0000] {logging_mixin.py:137} INFO - [2023-02-01T22:34:37.766+0000] {dagbag.py:538} INFO - Filling up the DagBag from /home/airflow/.local/lib/python3.7/site-packages/airflow/example_dags/example_latest_only_with_trigger.py
[2023-02-01T22:34:37.777+0000] {processor.py:753} INFO - DAG(s) dict_keys(['latest_only_with_trigger']) retrieved from /home/airflow/.local/lib/python3.7/site-packages/airflow/example_dags/example_latest_only_with_trigger.py
[2023-02-01T22:34:37.798+0000] {logging_mixin.py:137} INFO - [2023-02-01T22:34:37.798+0000] {dag.py:2690} INFO - Sync 1 DAGs
[2023-02-01T22:34:37.818+0000] {logging_mixin.py:137} INFO - [2023-02-01T22:34:37.818+0000] {dag.py:3441} INFO - Setting next_dagrun for latest_only_with_trigger to 2023-02-01T18:34:37.818349+00:00, run_after=2023-02-01T22:34:37.818349+00:00
[2023-02-01T22:34:37.833+0000] {processor.py:175} INFO - Processing /home/airflow/.local/lib/python3.7/site-packages/airflow/example_dags/example_latest_only_with_trigger.py took 0.072 seconds
[2023-02-01T22:35:08.728+0000] {processor.py:153} INFO - Started process (PID=2276) to work on /home/airflow/.local/lib/python3.7/site-packages/airflow/example_dags/example_latest_only_with_trigger.py
[2023-02-01T22:35:08.729+0000] {processor.py:743} INFO - Processing file /home/airflow/.local/lib/python3.7/site-packages/airflow/example_dags/example_latest_only_with_trigger.py for tasks to queue
[2023-02-01T22:35:08.730+0000] {logging_mixin.py:137} INFO - [2023-02-01T22:35:08.730+0000] {dagbag.py:538} INFO - Filling up the DagBag from /home/airflow/.local/lib/python3.7/site-packages/airflow/example_dags/example_latest_only_with_trigger.py
[2023-02-01T22:35:08.741+0000] {processor.py:753} INFO - DAG(s) dict_keys(['latest_only_with_trigger']) retrieved from /home/airflow/.local/lib/python3.7/site-packages/airflow/example_dags/example_latest_only_with_trigger.py
[2023-02-01T22:35:08.784+0000] {logging_mixin.py:137} INFO - [2023-02-01T22:35:08.784+0000] {dag.py:2690} INFO - Sync 1 DAGs
[2023-02-01T22:35:08.826+0000] {logging_mixin.py:137} INFO - [2023-02-01T22:35:08.826+0000] {dag.py:3441} INFO - Setting next_dagrun for latest_only_with_trigger to 2023-02-01T18:35:08.825658+00:00, run_after=2023-02-01T22:35:08.825658+00:00
[2023-02-01T22:35:08.852+0000] {processor.py:175} INFO - Processing /home/airflow/.local/lib/python3.7/site-packages/airflow/example_dags/example_latest_only_with_trigger.py took 0.128 seconds
[2023-02-01T22:35:39.438+0000] {processor.py:153} INFO - Started process (PID=2344) to work on /home/airflow/.local/lib/python3.7/site-packages/airflow/example_dags/example_latest_only_with_trigger.py
[2023-02-01T22:35:39.440+0000] {processor.py:743} INFO - Processing file /home/airflow/.local/lib/python3.7/site-packages/airflow/example_dags/example_latest_only_with_trigger.py for tasks to queue
[2023-02-01T22:35:39.445+0000] {logging_mixin.py:137} INFO - [2023-02-01T22:35:39.445+0000] {dagbag.py:538} INFO - Filling up the DagBag from /home/airflow/.local/lib/python3.7/site-packages/airflow/example_dags/example_latest_only_with_trigger.py
[2023-02-01T22:35:39.460+0000] {processor.py:753} INFO - DAG(s) dict_keys(['latest_only_with_trigger']) retrieved from /home/airflow/.local/lib/python3.7/site-packages/airflow/example_dags/example_latest_only_with_trigger.py
[2023-02-01T22:35:39.483+0000] {logging_mixin.py:137} INFO - [2023-02-01T22:35:39.483+0000] {dag.py:2690} INFO - Sync 1 DAGs
[2023-02-01T22:35:39.499+0000] {logging_mixin.py:137} INFO - [2023-02-01T22:35:39.499+0000] {dag.py:3441} INFO - Setting next_dagrun for latest_only_with_trigger to 2023-02-01T18:35:39.499502+00:00, run_after=2023-02-01T22:35:39.499502+00:00
[2023-02-01T22:35:39.513+0000] {processor.py:175} INFO - Processing /home/airflow/.local/lib/python3.7/site-packages/airflow/example_dags/example_latest_only_with_trigger.py took 0.079 seconds
[2023-02-01T22:36:10.343+0000] {processor.py:153} INFO - Started process (PID=2420) to work on /home/airflow/.local/lib/python3.7/site-packages/airflow/example_dags/example_latest_only_with_trigger.py
[2023-02-01T22:36:10.345+0000] {processor.py:743} INFO - Processing file /home/airflow/.local/lib/python3.7/site-packages/airflow/example_dags/example_latest_only_with_trigger.py for tasks to queue
[2023-02-01T22:36:10.346+0000] {logging_mixin.py:137} INFO - [2023-02-01T22:36:10.346+0000] {dagbag.py:538} INFO - Filling up the DagBag from /home/airflow/.local/lib/python3.7/site-packages/airflow/example_dags/example_latest_only_with_trigger.py
[2023-02-01T22:36:10.357+0000] {processor.py:753} INFO - DAG(s) dict_keys(['latest_only_with_trigger']) retrieved from /home/airflow/.local/lib/python3.7/site-packages/airflow/example_dags/example_latest_only_with_trigger.py
[2023-02-01T22:36:10.376+0000] {logging_mixin.py:137} INFO - [2023-02-01T22:36:10.376+0000] {dag.py:2690} INFO - Sync 1 DAGs
[2023-02-01T22:36:10.391+0000] {logging_mixin.py:137} INFO - [2023-02-01T22:36:10.391+0000] {dag.py:3441} INFO - Setting next_dagrun for latest_only_with_trigger to 2023-02-01T18:36:10.391175+00:00, run_after=2023-02-01T22:36:10.391175+00:00
[2023-02-01T22:36:10.403+0000] {processor.py:175} INFO - Processing /home/airflow/.local/lib/python3.7/site-packages/airflow/example_dags/example_latest_only_with_trigger.py took 0.062 seconds
