[2023-02-01T22:19:20.908+0000] {processor.py:153} INFO - Started process (PID=75) to work on /home/airflow/.local/lib/python3.7/site-packages/airflow/example_dags/example_complex.py
[2023-02-01T22:19:20.910+0000] {processor.py:743} INFO - Processing file /home/airflow/.local/lib/python3.7/site-packages/airflow/example_dags/example_complex.py for tasks to queue
[2023-02-01T22:19:20.912+0000] {logging_mixin.py:137} INFO - [2023-02-01T22:19:20.912+0000] {dagbag.py:538} INFO - Filling up the DagBag from /home/airflow/.local/lib/python3.7/site-packages/airflow/example_dags/example_complex.py
[2023-02-01T22:19:20.933+0000] {logging_mixin.py:137} INFO - [2023-02-01T22:19:20.933+0000] {taskmixin.py:205} WARNING - Dependency <Task(BashOperator): create_entry_group>, delete_entry_group already registered for DAG: example_complex
[2023-02-01T22:19:20.937+0000] {logging_mixin.py:137} INFO - [2023-02-01T22:19:20.935+0000] {taskmixin.py:205} WARNING - Dependency <Task(BashOperator): delete_entry_group>, create_entry_group already registered for DAG: example_complex
[2023-02-01T22:19:20.944+0000] {logging_mixin.py:137} INFO - [2023-02-01T22:19:20.943+0000] {taskmixin.py:205} WARNING - Dependency <Task(BashOperator): create_entry_gcs>, delete_entry already registered for DAG: example_complex
[2023-02-01T22:19:20.946+0000] {logging_mixin.py:137} INFO - [2023-02-01T22:19:20.945+0000] {taskmixin.py:205} WARNING - Dependency <Task(BashOperator): delete_entry>, create_entry_gcs already registered for DAG: example_complex
[2023-02-01T22:19:20.948+0000] {logging_mixin.py:137} INFO - [2023-02-01T22:19:20.948+0000] {taskmixin.py:205} WARNING - Dependency <Task(BashOperator): create_tag>, delete_tag already registered for DAG: example_complex
[2023-02-01T22:19:20.949+0000] {logging_mixin.py:137} INFO - [2023-02-01T22:19:20.949+0000] {taskmixin.py:205} WARNING - Dependency <Task(BashOperator): delete_tag>, create_tag already registered for DAG: example_complex
[2023-02-01T22:19:20.958+0000] {processor.py:753} INFO - DAG(s) dict_keys(['example_complex']) retrieved from /home/airflow/.local/lib/python3.7/site-packages/airflow/example_dags/example_complex.py
[2023-02-01T22:19:20.983+0000] {logging_mixin.py:137} INFO - [2023-02-01T22:19:20.982+0000] {dag.py:2690} INFO - Sync 1 DAGs
[2023-02-01T22:19:21.041+0000] {logging_mixin.py:137} INFO - [2023-02-01T22:19:21.041+0000] {dag.py:3441} INFO - Setting next_dagrun for example_complex to None, run_after=None
[2023-02-01T22:19:21.077+0000] {processor.py:175} INFO - Processing /home/airflow/.local/lib/python3.7/site-packages/airflow/example_dags/example_complex.py took 0.175 seconds
[2023-02-01T22:19:51.630+0000] {processor.py:153} INFO - Started process (PID=139) to work on /home/airflow/.local/lib/python3.7/site-packages/airflow/example_dags/example_complex.py
[2023-02-01T22:19:51.631+0000] {processor.py:743} INFO - Processing file /home/airflow/.local/lib/python3.7/site-packages/airflow/example_dags/example_complex.py for tasks to queue
[2023-02-01T22:19:51.632+0000] {logging_mixin.py:137} INFO - [2023-02-01T22:19:51.632+0000] {dagbag.py:538} INFO - Filling up the DagBag from /home/airflow/.local/lib/python3.7/site-packages/airflow/example_dags/example_complex.py
[2023-02-01T22:19:51.641+0000] {logging_mixin.py:137} INFO - [2023-02-01T22:19:51.641+0000] {taskmixin.py:205} WARNING - Dependency <Task(BashOperator): create_entry_group>, delete_entry_group already registered for DAG: example_complex
[2023-02-01T22:19:51.642+0000] {logging_mixin.py:137} INFO - [2023-02-01T22:19:51.642+0000] {taskmixin.py:205} WARNING - Dependency <Task(BashOperator): delete_entry_group>, create_entry_group already registered for DAG: example_complex
[2023-02-01T22:19:51.642+0000] {logging_mixin.py:137} INFO - [2023-02-01T22:19:51.642+0000] {taskmixin.py:205} WARNING - Dependency <Task(BashOperator): create_entry_gcs>, delete_entry already registered for DAG: example_complex
[2023-02-01T22:19:51.643+0000] {logging_mixin.py:137} INFO - [2023-02-01T22:19:51.643+0000] {taskmixin.py:205} WARNING - Dependency <Task(BashOperator): delete_entry>, create_entry_gcs already registered for DAG: example_complex
[2023-02-01T22:19:51.644+0000] {logging_mixin.py:137} INFO - [2023-02-01T22:19:51.644+0000] {taskmixin.py:205} WARNING - Dependency <Task(BashOperator): create_tag>, delete_tag already registered for DAG: example_complex
[2023-02-01T22:19:51.645+0000] {logging_mixin.py:137} INFO - [2023-02-01T22:19:51.645+0000] {taskmixin.py:205} WARNING - Dependency <Task(BashOperator): delete_tag>, create_tag already registered for DAG: example_complex
[2023-02-01T22:19:51.650+0000] {processor.py:753} INFO - DAG(s) dict_keys(['example_complex']) retrieved from /home/airflow/.local/lib/python3.7/site-packages/airflow/example_dags/example_complex.py
[2023-02-01T22:19:51.678+0000] {logging_mixin.py:137} INFO - [2023-02-01T22:19:51.678+0000] {dag.py:2690} INFO - Sync 1 DAGs
[2023-02-01T22:19:51.698+0000] {logging_mixin.py:137} INFO - [2023-02-01T22:19:51.698+0000] {dag.py:3441} INFO - Setting next_dagrun for example_complex to None, run_after=None
[2023-02-01T22:19:51.714+0000] {processor.py:175} INFO - Processing /home/airflow/.local/lib/python3.7/site-packages/airflow/example_dags/example_complex.py took 0.086 seconds
[2023-02-01T22:20:21.792+0000] {processor.py:153} INFO - Started process (PID=215) to work on /home/airflow/.local/lib/python3.7/site-packages/airflow/example_dags/example_complex.py
[2023-02-01T22:20:21.793+0000] {processor.py:743} INFO - Processing file /home/airflow/.local/lib/python3.7/site-packages/airflow/example_dags/example_complex.py for tasks to queue
[2023-02-01T22:20:21.794+0000] {logging_mixin.py:137} INFO - [2023-02-01T22:20:21.794+0000] {dagbag.py:538} INFO - Filling up the DagBag from /home/airflow/.local/lib/python3.7/site-packages/airflow/example_dags/example_complex.py
[2023-02-01T22:20:21.802+0000] {logging_mixin.py:137} INFO - [2023-02-01T22:20:21.802+0000] {taskmixin.py:205} WARNING - Dependency <Task(BashOperator): create_entry_group>, delete_entry_group already registered for DAG: example_complex
[2023-02-01T22:20:21.803+0000] {logging_mixin.py:137} INFO - [2023-02-01T22:20:21.803+0000] {taskmixin.py:205} WARNING - Dependency <Task(BashOperator): delete_entry_group>, create_entry_group already registered for DAG: example_complex
[2023-02-01T22:20:21.803+0000] {logging_mixin.py:137} INFO - [2023-02-01T22:20:21.803+0000] {taskmixin.py:205} WARNING - Dependency <Task(BashOperator): create_entry_gcs>, delete_entry already registered for DAG: example_complex
[2023-02-01T22:20:21.803+0000] {logging_mixin.py:137} INFO - [2023-02-01T22:20:21.803+0000] {taskmixin.py:205} WARNING - Dependency <Task(BashOperator): delete_entry>, create_entry_gcs already registered for DAG: example_complex
[2023-02-01T22:20:21.804+0000] {logging_mixin.py:137} INFO - [2023-02-01T22:20:21.804+0000] {taskmixin.py:205} WARNING - Dependency <Task(BashOperator): create_tag>, delete_tag already registered for DAG: example_complex
[2023-02-01T22:20:21.804+0000] {logging_mixin.py:137} INFO - [2023-02-01T22:20:21.804+0000] {taskmixin.py:205} WARNING - Dependency <Task(BashOperator): delete_tag>, create_tag already registered for DAG: example_complex
[2023-02-01T22:20:21.810+0000] {processor.py:753} INFO - DAG(s) dict_keys(['example_complex']) retrieved from /home/airflow/.local/lib/python3.7/site-packages/airflow/example_dags/example_complex.py
[2023-02-01T22:20:21.841+0000] {logging_mixin.py:137} INFO - [2023-02-01T22:20:21.841+0000] {dag.py:2690} INFO - Sync 1 DAGs
[2023-02-01T22:20:21.860+0000] {logging_mixin.py:137} INFO - [2023-02-01T22:20:21.859+0000] {dag.py:3441} INFO - Setting next_dagrun for example_complex to None, run_after=None
[2023-02-01T22:20:21.871+0000] {processor.py:175} INFO - Processing /home/airflow/.local/lib/python3.7/site-packages/airflow/example_dags/example_complex.py took 0.082 seconds
[2023-02-01T22:20:52.078+0000] {processor.py:153} INFO - Started process (PID=279) to work on /home/airflow/.local/lib/python3.7/site-packages/airflow/example_dags/example_complex.py
[2023-02-01T22:20:52.080+0000] {processor.py:743} INFO - Processing file /home/airflow/.local/lib/python3.7/site-packages/airflow/example_dags/example_complex.py for tasks to queue
[2023-02-01T22:20:52.082+0000] {logging_mixin.py:137} INFO - [2023-02-01T22:20:52.082+0000] {dagbag.py:538} INFO - Filling up the DagBag from /home/airflow/.local/lib/python3.7/site-packages/airflow/example_dags/example_complex.py
[2023-02-01T22:20:52.093+0000] {logging_mixin.py:137} INFO - [2023-02-01T22:20:52.092+0000] {taskmixin.py:205} WARNING - Dependency <Task(BashOperator): create_entry_group>, delete_entry_group already registered for DAG: example_complex
[2023-02-01T22:20:52.093+0000] {logging_mixin.py:137} INFO - [2023-02-01T22:20:52.093+0000] {taskmixin.py:205} WARNING - Dependency <Task(BashOperator): delete_entry_group>, create_entry_group already registered for DAG: example_complex
[2023-02-01T22:20:52.094+0000] {logging_mixin.py:137} INFO - [2023-02-01T22:20:52.094+0000] {taskmixin.py:205} WARNING - Dependency <Task(BashOperator): create_entry_gcs>, delete_entry already registered for DAG: example_complex
[2023-02-01T22:20:52.094+0000] {logging_mixin.py:137} INFO - [2023-02-01T22:20:52.094+0000] {taskmixin.py:205} WARNING - Dependency <Task(BashOperator): delete_entry>, create_entry_gcs already registered for DAG: example_complex
[2023-02-01T22:20:52.099+0000] {logging_mixin.py:137} INFO - [2023-02-01T22:20:52.099+0000] {taskmixin.py:205} WARNING - Dependency <Task(BashOperator): create_tag>, delete_tag already registered for DAG: example_complex
[2023-02-01T22:20:52.100+0000] {logging_mixin.py:137} INFO - [2023-02-01T22:20:52.100+0000] {taskmixin.py:205} WARNING - Dependency <Task(BashOperator): delete_tag>, create_tag already registered for DAG: example_complex
[2023-02-01T22:20:52.106+0000] {processor.py:753} INFO - DAG(s) dict_keys(['example_complex']) retrieved from /home/airflow/.local/lib/python3.7/site-packages/airflow/example_dags/example_complex.py
[2023-02-01T22:20:52.134+0000] {logging_mixin.py:137} INFO - [2023-02-01T22:20:52.134+0000] {dag.py:2690} INFO - Sync 1 DAGs
[2023-02-01T22:20:52.157+0000] {logging_mixin.py:137} INFO - [2023-02-01T22:20:52.157+0000] {dag.py:3441} INFO - Setting next_dagrun for example_complex to None, run_after=None
[2023-02-01T22:20:52.183+0000] {processor.py:175} INFO - Processing /home/airflow/.local/lib/python3.7/site-packages/airflow/example_dags/example_complex.py took 0.107 seconds
[2023-02-01T22:21:23.094+0000] {processor.py:153} INFO - Started process (PID=355) to work on /home/airflow/.local/lib/python3.7/site-packages/airflow/example_dags/example_complex.py
[2023-02-01T22:21:23.095+0000] {processor.py:743} INFO - Processing file /home/airflow/.local/lib/python3.7/site-packages/airflow/example_dags/example_complex.py for tasks to queue
[2023-02-01T22:21:23.097+0000] {logging_mixin.py:137} INFO - [2023-02-01T22:21:23.097+0000] {dagbag.py:538} INFO - Filling up the DagBag from /home/airflow/.local/lib/python3.7/site-packages/airflow/example_dags/example_complex.py
[2023-02-01T22:21:23.111+0000] {logging_mixin.py:137} INFO - [2023-02-01T22:21:23.111+0000] {taskmixin.py:205} WARNING - Dependency <Task(BashOperator): create_entry_group>, delete_entry_group already registered for DAG: example_complex
[2023-02-01T22:21:23.112+0000] {logging_mixin.py:137} INFO - [2023-02-01T22:21:23.111+0000] {taskmixin.py:205} WARNING - Dependency <Task(BashOperator): delete_entry_group>, create_entry_group already registered for DAG: example_complex
[2023-02-01T22:21:23.113+0000] {logging_mixin.py:137} INFO - [2023-02-01T22:21:23.112+0000] {taskmixin.py:205} WARNING - Dependency <Task(BashOperator): create_entry_gcs>, delete_entry already registered for DAG: example_complex
[2023-02-01T22:21:23.113+0000] {logging_mixin.py:137} INFO - [2023-02-01T22:21:23.113+0000] {taskmixin.py:205} WARNING - Dependency <Task(BashOperator): delete_entry>, create_entry_gcs already registered for DAG: example_complex
[2023-02-01T22:21:23.114+0000] {logging_mixin.py:137} INFO - [2023-02-01T22:21:23.114+0000] {taskmixin.py:205} WARNING - Dependency <Task(BashOperator): create_tag>, delete_tag already registered for DAG: example_complex
[2023-02-01T22:21:23.114+0000] {logging_mixin.py:137} INFO - [2023-02-01T22:21:23.114+0000] {taskmixin.py:205} WARNING - Dependency <Task(BashOperator): delete_tag>, create_tag already registered for DAG: example_complex
[2023-02-01T22:21:23.122+0000] {processor.py:753} INFO - DAG(s) dict_keys(['example_complex']) retrieved from /home/airflow/.local/lib/python3.7/site-packages/airflow/example_dags/example_complex.py
[2023-02-01T22:21:23.155+0000] {logging_mixin.py:137} INFO - [2023-02-01T22:21:23.155+0000] {dag.py:2690} INFO - Sync 1 DAGs
[2023-02-01T22:21:23.181+0000] {logging_mixin.py:137} INFO - [2023-02-01T22:21:23.181+0000] {dag.py:3441} INFO - Setting next_dagrun for example_complex to None, run_after=None
[2023-02-01T22:21:23.195+0000] {processor.py:175} INFO - Processing /home/airflow/.local/lib/python3.7/site-packages/airflow/example_dags/example_complex.py took 0.104 seconds
[2023-02-01T22:21:53.333+0000] {processor.py:153} INFO - Started process (PID=430) to work on /home/airflow/.local/lib/python3.7/site-packages/airflow/example_dags/example_complex.py
[2023-02-01T22:21:53.335+0000] {processor.py:743} INFO - Processing file /home/airflow/.local/lib/python3.7/site-packages/airflow/example_dags/example_complex.py for tasks to queue
[2023-02-01T22:21:53.337+0000] {logging_mixin.py:137} INFO - [2023-02-01T22:21:53.336+0000] {dagbag.py:538} INFO - Filling up the DagBag from /home/airflow/.local/lib/python3.7/site-packages/airflow/example_dags/example_complex.py
[2023-02-01T22:21:53.346+0000] {logging_mixin.py:137} INFO - [2023-02-01T22:21:53.345+0000] {taskmixin.py:205} WARNING - Dependency <Task(BashOperator): create_entry_group>, delete_entry_group already registered for DAG: example_complex
[2023-02-01T22:21:53.346+0000] {logging_mixin.py:137} INFO - [2023-02-01T22:21:53.346+0000] {taskmixin.py:205} WARNING - Dependency <Task(BashOperator): delete_entry_group>, create_entry_group already registered for DAG: example_complex
[2023-02-01T22:21:53.347+0000] {logging_mixin.py:137} INFO - [2023-02-01T22:21:53.347+0000] {taskmixin.py:205} WARNING - Dependency <Task(BashOperator): create_entry_gcs>, delete_entry already registered for DAG: example_complex
[2023-02-01T22:21:53.347+0000] {logging_mixin.py:137} INFO - [2023-02-01T22:21:53.347+0000] {taskmixin.py:205} WARNING - Dependency <Task(BashOperator): delete_entry>, create_entry_gcs already registered for DAG: example_complex
[2023-02-01T22:21:53.348+0000] {logging_mixin.py:137} INFO - [2023-02-01T22:21:53.348+0000] {taskmixin.py:205} WARNING - Dependency <Task(BashOperator): create_tag>, delete_tag already registered for DAG: example_complex
[2023-02-01T22:21:53.348+0000] {logging_mixin.py:137} INFO - [2023-02-01T22:21:53.348+0000] {taskmixin.py:205} WARNING - Dependency <Task(BashOperator): delete_tag>, create_tag already registered for DAG: example_complex
[2023-02-01T22:21:53.354+0000] {processor.py:753} INFO - DAG(s) dict_keys(['example_complex']) retrieved from /home/airflow/.local/lib/python3.7/site-packages/airflow/example_dags/example_complex.py
[2023-02-01T22:21:53.386+0000] {logging_mixin.py:137} INFO - [2023-02-01T22:21:53.386+0000] {dag.py:2690} INFO - Sync 1 DAGs
[2023-02-01T22:21:53.410+0000] {logging_mixin.py:137} INFO - [2023-02-01T22:21:53.410+0000] {dag.py:3441} INFO - Setting next_dagrun for example_complex to None, run_after=None
[2023-02-01T22:21:53.425+0000] {processor.py:175} INFO - Processing /home/airflow/.local/lib/python3.7/site-packages/airflow/example_dags/example_complex.py took 0.095 seconds
[2023-02-01T22:22:23.497+0000] {processor.py:153} INFO - Started process (PID=495) to work on /home/airflow/.local/lib/python3.7/site-packages/airflow/example_dags/example_complex.py
[2023-02-01T22:22:23.498+0000] {processor.py:743} INFO - Processing file /home/airflow/.local/lib/python3.7/site-packages/airflow/example_dags/example_complex.py for tasks to queue
[2023-02-01T22:22:23.499+0000] {logging_mixin.py:137} INFO - [2023-02-01T22:22:23.499+0000] {dagbag.py:538} INFO - Filling up the DagBag from /home/airflow/.local/lib/python3.7/site-packages/airflow/example_dags/example_complex.py
[2023-02-01T22:22:23.518+0000] {logging_mixin.py:137} INFO - [2023-02-01T22:22:23.517+0000] {taskmixin.py:205} WARNING - Dependency <Task(BashOperator): create_entry_group>, delete_entry_group already registered for DAG: example_complex
[2023-02-01T22:22:23.518+0000] {logging_mixin.py:137} INFO - [2023-02-01T22:22:23.518+0000] {taskmixin.py:205} WARNING - Dependency <Task(BashOperator): delete_entry_group>, create_entry_group already registered for DAG: example_complex
[2023-02-01T22:22:23.519+0000] {logging_mixin.py:137} INFO - [2023-02-01T22:22:23.519+0000] {taskmixin.py:205} WARNING - Dependency <Task(BashOperator): create_entry_gcs>, delete_entry already registered for DAG: example_complex
[2023-02-01T22:22:23.520+0000] {logging_mixin.py:137} INFO - [2023-02-01T22:22:23.520+0000] {taskmixin.py:205} WARNING - Dependency <Task(BashOperator): delete_entry>, create_entry_gcs already registered for DAG: example_complex
[2023-02-01T22:22:23.521+0000] {logging_mixin.py:137} INFO - [2023-02-01T22:22:23.521+0000] {taskmixin.py:205} WARNING - Dependency <Task(BashOperator): create_tag>, delete_tag already registered for DAG: example_complex
[2023-02-01T22:22:23.522+0000] {logging_mixin.py:137} INFO - [2023-02-01T22:22:23.521+0000] {taskmixin.py:205} WARNING - Dependency <Task(BashOperator): delete_tag>, create_tag already registered for DAG: example_complex
[2023-02-01T22:22:23.528+0000] {processor.py:753} INFO - DAG(s) dict_keys(['example_complex']) retrieved from /home/airflow/.local/lib/python3.7/site-packages/airflow/example_dags/example_complex.py
[2023-02-01T22:22:23.559+0000] {logging_mixin.py:137} INFO - [2023-02-01T22:22:23.559+0000] {dag.py:2690} INFO - Sync 1 DAGs
[2023-02-01T22:22:23.577+0000] {logging_mixin.py:137} INFO - [2023-02-01T22:22:23.577+0000] {dag.py:3441} INFO - Setting next_dagrun for example_complex to None, run_after=None
[2023-02-01T22:22:23.589+0000] {processor.py:175} INFO - Processing /home/airflow/.local/lib/python3.7/site-packages/airflow/example_dags/example_complex.py took 0.095 seconds
[2023-02-01T22:22:54.351+0000] {processor.py:153} INFO - Started process (PID=570) to work on /home/airflow/.local/lib/python3.7/site-packages/airflow/example_dags/example_complex.py
[2023-02-01T22:22:54.352+0000] {processor.py:743} INFO - Processing file /home/airflow/.local/lib/python3.7/site-packages/airflow/example_dags/example_complex.py for tasks to queue
[2023-02-01T22:22:54.353+0000] {logging_mixin.py:137} INFO - [2023-02-01T22:22:54.353+0000] {dagbag.py:538} INFO - Filling up the DagBag from /home/airflow/.local/lib/python3.7/site-packages/airflow/example_dags/example_complex.py
[2023-02-01T22:22:54.361+0000] {logging_mixin.py:137} INFO - [2023-02-01T22:22:54.361+0000] {taskmixin.py:205} WARNING - Dependency <Task(BashOperator): create_entry_group>, delete_entry_group already registered for DAG: example_complex
[2023-02-01T22:22:54.362+0000] {logging_mixin.py:137} INFO - [2023-02-01T22:22:54.362+0000] {taskmixin.py:205} WARNING - Dependency <Task(BashOperator): delete_entry_group>, create_entry_group already registered for DAG: example_complex
[2023-02-01T22:22:54.362+0000] {logging_mixin.py:137} INFO - [2023-02-01T22:22:54.362+0000] {taskmixin.py:205} WARNING - Dependency <Task(BashOperator): create_entry_gcs>, delete_entry already registered for DAG: example_complex
[2023-02-01T22:22:54.363+0000] {logging_mixin.py:137} INFO - [2023-02-01T22:22:54.363+0000] {taskmixin.py:205} WARNING - Dependency <Task(BashOperator): delete_entry>, create_entry_gcs already registered for DAG: example_complex
[2023-02-01T22:22:54.363+0000] {logging_mixin.py:137} INFO - [2023-02-01T22:22:54.363+0000] {taskmixin.py:205} WARNING - Dependency <Task(BashOperator): create_tag>, delete_tag already registered for DAG: example_complex
[2023-02-01T22:22:54.364+0000] {logging_mixin.py:137} INFO - [2023-02-01T22:22:54.364+0000] {taskmixin.py:205} WARNING - Dependency <Task(BashOperator): delete_tag>, create_tag already registered for DAG: example_complex
[2023-02-01T22:22:54.369+0000] {processor.py:753} INFO - DAG(s) dict_keys(['example_complex']) retrieved from /home/airflow/.local/lib/python3.7/site-packages/airflow/example_dags/example_complex.py
[2023-02-01T22:22:54.392+0000] {logging_mixin.py:137} INFO - [2023-02-01T22:22:54.391+0000] {dag.py:2690} INFO - Sync 1 DAGs
[2023-02-01T22:22:54.407+0000] {logging_mixin.py:137} INFO - [2023-02-01T22:22:54.407+0000] {dag.py:3441} INFO - Setting next_dagrun for example_complex to None, run_after=None
[2023-02-01T22:22:54.418+0000] {processor.py:175} INFO - Processing /home/airflow/.local/lib/python3.7/site-packages/airflow/example_dags/example_complex.py took 0.070 seconds
[2023-02-01T22:23:25.105+0000] {processor.py:153} INFO - Started process (PID=643) to work on /home/airflow/.local/lib/python3.7/site-packages/airflow/example_dags/example_complex.py
[2023-02-01T22:23:25.107+0000] {processor.py:743} INFO - Processing file /home/airflow/.local/lib/python3.7/site-packages/airflow/example_dags/example_complex.py for tasks to queue
[2023-02-01T22:23:25.108+0000] {logging_mixin.py:137} INFO - [2023-02-01T22:23:25.107+0000] {dagbag.py:538} INFO - Filling up the DagBag from /home/airflow/.local/lib/python3.7/site-packages/airflow/example_dags/example_complex.py
[2023-02-01T22:23:25.116+0000] {logging_mixin.py:137} INFO - [2023-02-01T22:23:25.116+0000] {taskmixin.py:205} WARNING - Dependency <Task(BashOperator): create_entry_group>, delete_entry_group already registered for DAG: example_complex
[2023-02-01T22:23:25.116+0000] {logging_mixin.py:137} INFO - [2023-02-01T22:23:25.116+0000] {taskmixin.py:205} WARNING - Dependency <Task(BashOperator): delete_entry_group>, create_entry_group already registered for DAG: example_complex
[2023-02-01T22:23:25.117+0000] {logging_mixin.py:137} INFO - [2023-02-01T22:23:25.117+0000] {taskmixin.py:205} WARNING - Dependency <Task(BashOperator): create_entry_gcs>, delete_entry already registered for DAG: example_complex
[2023-02-01T22:23:25.117+0000] {logging_mixin.py:137} INFO - [2023-02-01T22:23:25.117+0000] {taskmixin.py:205} WARNING - Dependency <Task(BashOperator): delete_entry>, create_entry_gcs already registered for DAG: example_complex
[2023-02-01T22:23:25.118+0000] {logging_mixin.py:137} INFO - [2023-02-01T22:23:25.118+0000] {taskmixin.py:205} WARNING - Dependency <Task(BashOperator): create_tag>, delete_tag already registered for DAG: example_complex
[2023-02-01T22:23:25.118+0000] {logging_mixin.py:137} INFO - [2023-02-01T22:23:25.118+0000] {taskmixin.py:205} WARNING - Dependency <Task(BashOperator): delete_tag>, create_tag already registered for DAG: example_complex
[2023-02-01T22:23:25.123+0000] {processor.py:753} INFO - DAG(s) dict_keys(['example_complex']) retrieved from /home/airflow/.local/lib/python3.7/site-packages/airflow/example_dags/example_complex.py
[2023-02-01T22:23:25.152+0000] {logging_mixin.py:137} INFO - [2023-02-01T22:23:25.151+0000] {dag.py:2690} INFO - Sync 1 DAGs
[2023-02-01T22:23:25.174+0000] {logging_mixin.py:137} INFO - [2023-02-01T22:23:25.174+0000] {dag.py:3441} INFO - Setting next_dagrun for example_complex to None, run_after=None
[2023-02-01T22:23:25.208+0000] {processor.py:175} INFO - Processing /home/airflow/.local/lib/python3.7/site-packages/airflow/example_dags/example_complex.py took 0.106 seconds
[2023-02-01T22:23:56.033+0000] {processor.py:153} INFO - Started process (PID=710) to work on /home/airflow/.local/lib/python3.7/site-packages/airflow/example_dags/example_complex.py
[2023-02-01T22:23:56.035+0000] {processor.py:743} INFO - Processing file /home/airflow/.local/lib/python3.7/site-packages/airflow/example_dags/example_complex.py for tasks to queue
[2023-02-01T22:23:56.035+0000] {logging_mixin.py:137} INFO - [2023-02-01T22:23:56.035+0000] {dagbag.py:538} INFO - Filling up the DagBag from /home/airflow/.local/lib/python3.7/site-packages/airflow/example_dags/example_complex.py
[2023-02-01T22:23:56.043+0000] {logging_mixin.py:137} INFO - [2023-02-01T22:23:56.043+0000] {taskmixin.py:205} WARNING - Dependency <Task(BashOperator): create_entry_group>, delete_entry_group already registered for DAG: example_complex
[2023-02-01T22:23:56.044+0000] {logging_mixin.py:137} INFO - [2023-02-01T22:23:56.044+0000] {taskmixin.py:205} WARNING - Dependency <Task(BashOperator): delete_entry_group>, create_entry_group already registered for DAG: example_complex
[2023-02-01T22:23:56.044+0000] {logging_mixin.py:137} INFO - [2023-02-01T22:23:56.044+0000] {taskmixin.py:205} WARNING - Dependency <Task(BashOperator): create_entry_gcs>, delete_entry already registered for DAG: example_complex
[2023-02-01T22:23:56.045+0000] {logging_mixin.py:137} INFO - [2023-02-01T22:23:56.045+0000] {taskmixin.py:205} WARNING - Dependency <Task(BashOperator): delete_entry>, create_entry_gcs already registered for DAG: example_complex
[2023-02-01T22:23:56.045+0000] {logging_mixin.py:137} INFO - [2023-02-01T22:23:56.045+0000] {taskmixin.py:205} WARNING - Dependency <Task(BashOperator): create_tag>, delete_tag already registered for DAG: example_complex
[2023-02-01T22:23:56.045+0000] {logging_mixin.py:137} INFO - [2023-02-01T22:23:56.045+0000] {taskmixin.py:205} WARNING - Dependency <Task(BashOperator): delete_tag>, create_tag already registered for DAG: example_complex
[2023-02-01T22:23:56.050+0000] {processor.py:753} INFO - DAG(s) dict_keys(['example_complex']) retrieved from /home/airflow/.local/lib/python3.7/site-packages/airflow/example_dags/example_complex.py
[2023-02-01T22:23:56.078+0000] {logging_mixin.py:137} INFO - [2023-02-01T22:23:56.078+0000] {dag.py:2690} INFO - Sync 1 DAGs
[2023-02-01T22:23:56.093+0000] {logging_mixin.py:137} INFO - [2023-02-01T22:23:56.093+0000] {dag.py:3441} INFO - Setting next_dagrun for example_complex to None, run_after=None
[2023-02-01T22:23:56.105+0000] {processor.py:175} INFO - Processing /home/airflow/.local/lib/python3.7/site-packages/airflow/example_dags/example_complex.py took 0.074 seconds
