[2023-02-01T22:19:20.925+0000] {processor.py:153} INFO - Started process (PID=76) to work on /home/airflow/.local/lib/python3.7/site-packages/airflow/example_dags/example_branch_python_dop_operator_3.py
[2023-02-01T22:19:20.934+0000] {processor.py:743} INFO - Processing file /home/airflow/.local/lib/python3.7/site-packages/airflow/example_dags/example_branch_python_dop_operator_3.py for tasks to queue
[2023-02-01T22:19:20.936+0000] {logging_mixin.py:137} INFO - [2023-02-01T22:19:20.935+0000] {dagbag.py:538} INFO - Filling up the DagBag from /home/airflow/.local/lib/python3.7/site-packages/airflow/example_dags/example_branch_python_dop_operator_3.py
[2023-02-01T22:19:20.990+0000] {processor.py:753} INFO - DAG(s) dict_keys(['example_branch_dop_operator_v3']) retrieved from /home/airflow/.local/lib/python3.7/site-packages/airflow/example_dags/example_branch_python_dop_operator_3.py
[2023-02-01T22:19:21.013+0000] {logging_mixin.py:137} INFO - [2023-02-01T22:19:21.012+0000] {dag.py:2690} INFO - Sync 1 DAGs
[2023-02-01T22:19:21.063+0000] {logging_mixin.py:137} INFO - [2023-02-01T22:19:21.062+0000] {dag.py:3441} INFO - Setting next_dagrun for example_branch_dop_operator_v3 to 2023-02-01T22:18:00+00:00, run_after=2023-02-01T22:19:00+00:00
[2023-02-01T22:19:21.093+0000] {processor.py:175} INFO - Processing /home/airflow/.local/lib/python3.7/site-packages/airflow/example_dags/example_branch_python_dop_operator_3.py took 0.172 seconds
[2023-02-01T22:19:51.644+0000] {processor.py:153} INFO - Started process (PID=140) to work on /home/airflow/.local/lib/python3.7/site-packages/airflow/example_dags/example_branch_python_dop_operator_3.py
[2023-02-01T22:19:51.645+0000] {processor.py:743} INFO - Processing file /home/airflow/.local/lib/python3.7/site-packages/airflow/example_dags/example_branch_python_dop_operator_3.py for tasks to queue
[2023-02-01T22:19:51.646+0000] {logging_mixin.py:137} INFO - [2023-02-01T22:19:51.646+0000] {dagbag.py:538} INFO - Filling up the DagBag from /home/airflow/.local/lib/python3.7/site-packages/airflow/example_dags/example_branch_python_dop_operator_3.py
[2023-02-01T22:19:51.664+0000] {processor.py:753} INFO - DAG(s) dict_keys(['example_branch_dop_operator_v3']) retrieved from /home/airflow/.local/lib/python3.7/site-packages/airflow/example_dags/example_branch_python_dop_operator_3.py
[2023-02-01T22:19:51.689+0000] {logging_mixin.py:137} INFO - [2023-02-01T22:19:51.689+0000] {dag.py:2690} INFO - Sync 1 DAGs
[2023-02-01T22:19:51.712+0000] {logging_mixin.py:137} INFO - [2023-02-01T22:19:51.712+0000] {dag.py:3441} INFO - Setting next_dagrun for example_branch_dop_operator_v3 to 2023-02-01T22:18:00+00:00, run_after=2023-02-01T22:19:00+00:00
[2023-02-01T22:19:51.734+0000] {processor.py:175} INFO - Processing /home/airflow/.local/lib/python3.7/site-packages/airflow/example_dags/example_branch_python_dop_operator_3.py took 0.093 seconds
[2023-02-01T22:20:21.858+0000] {processor.py:153} INFO - Started process (PID=216) to work on /home/airflow/.local/lib/python3.7/site-packages/airflow/example_dags/example_branch_python_dop_operator_3.py
[2023-02-01T22:20:21.860+0000] {processor.py:743} INFO - Processing file /home/airflow/.local/lib/python3.7/site-packages/airflow/example_dags/example_branch_python_dop_operator_3.py for tasks to queue
[2023-02-01T22:20:21.862+0000] {logging_mixin.py:137} INFO - [2023-02-01T22:20:21.862+0000] {dagbag.py:538} INFO - Filling up the DagBag from /home/airflow/.local/lib/python3.7/site-packages/airflow/example_dags/example_branch_python_dop_operator_3.py
[2023-02-01T22:20:21.878+0000] {processor.py:753} INFO - DAG(s) dict_keys(['example_branch_dop_operator_v3']) retrieved from /home/airflow/.local/lib/python3.7/site-packages/airflow/example_dags/example_branch_python_dop_operator_3.py
[2023-02-01T22:20:21.898+0000] {logging_mixin.py:137} INFO - [2023-02-01T22:20:21.898+0000] {dag.py:2690} INFO - Sync 1 DAGs
[2023-02-01T22:20:21.917+0000] {logging_mixin.py:137} INFO - [2023-02-01T22:20:21.917+0000] {dag.py:3441} INFO - Setting next_dagrun for example_branch_dop_operator_v3 to 2023-02-01T22:19:00+00:00, run_after=2023-02-01T22:20:00+00:00
[2023-02-01T22:20:21.930+0000] {processor.py:175} INFO - Processing /home/airflow/.local/lib/python3.7/site-packages/airflow/example_dags/example_branch_python_dop_operator_3.py took 0.075 seconds
[2023-02-01T22:20:52.092+0000] {processor.py:153} INFO - Started process (PID=280) to work on /home/airflow/.local/lib/python3.7/site-packages/airflow/example_dags/example_branch_python_dop_operator_3.py
[2023-02-01T22:20:52.093+0000] {processor.py:743} INFO - Processing file /home/airflow/.local/lib/python3.7/site-packages/airflow/example_dags/example_branch_python_dop_operator_3.py for tasks to queue
[2023-02-01T22:20:52.094+0000] {logging_mixin.py:137} INFO - [2023-02-01T22:20:52.094+0000] {dagbag.py:538} INFO - Filling up the DagBag from /home/airflow/.local/lib/python3.7/site-packages/airflow/example_dags/example_branch_python_dop_operator_3.py
[2023-02-01T22:20:52.112+0000] {processor.py:753} INFO - DAG(s) dict_keys(['example_branch_dop_operator_v3']) retrieved from /home/airflow/.local/lib/python3.7/site-packages/airflow/example_dags/example_branch_python_dop_operator_3.py
[2023-02-01T22:20:52.136+0000] {logging_mixin.py:137} INFO - [2023-02-01T22:20:52.136+0000] {dag.py:2690} INFO - Sync 1 DAGs
[2023-02-01T22:20:52.160+0000] {logging_mixin.py:137} INFO - [2023-02-01T22:20:52.160+0000] {dag.py:3441} INFO - Setting next_dagrun for example_branch_dop_operator_v3 to 2023-02-01T22:19:00+00:00, run_after=2023-02-01T22:20:00+00:00
[2023-02-01T22:20:52.186+0000] {processor.py:175} INFO - Processing /home/airflow/.local/lib/python3.7/site-packages/airflow/example_dags/example_branch_python_dop_operator_3.py took 0.098 seconds
[2023-02-01T22:21:23.109+0000] {processor.py:153} INFO - Started process (PID=356) to work on /home/airflow/.local/lib/python3.7/site-packages/airflow/example_dags/example_branch_python_dop_operator_3.py
[2023-02-01T22:21:23.111+0000] {processor.py:743} INFO - Processing file /home/airflow/.local/lib/python3.7/site-packages/airflow/example_dags/example_branch_python_dop_operator_3.py for tasks to queue
[2023-02-01T22:21:23.112+0000] {logging_mixin.py:137} INFO - [2023-02-01T22:21:23.112+0000] {dagbag.py:538} INFO - Filling up the DagBag from /home/airflow/.local/lib/python3.7/site-packages/airflow/example_dags/example_branch_python_dop_operator_3.py
[2023-02-01T22:21:23.138+0000] {processor.py:753} INFO - DAG(s) dict_keys(['example_branch_dop_operator_v3']) retrieved from /home/airflow/.local/lib/python3.7/site-packages/airflow/example_dags/example_branch_python_dop_operator_3.py
[2023-02-01T22:21:23.167+0000] {logging_mixin.py:137} INFO - [2023-02-01T22:21:23.167+0000] {dag.py:2690} INFO - Sync 1 DAGs
[2023-02-01T22:21:23.190+0000] {logging_mixin.py:137} INFO - [2023-02-01T22:21:23.190+0000] {dag.py:3441} INFO - Setting next_dagrun for example_branch_dop_operator_v3 to 2023-02-01T22:20:00+00:00, run_after=2023-02-01T22:21:00+00:00
[2023-02-01T22:21:23.204+0000] {processor.py:175} INFO - Processing /home/airflow/.local/lib/python3.7/site-packages/airflow/example_dags/example_branch_python_dop_operator_3.py took 0.098 seconds
[2023-02-01T22:21:53.339+0000] {processor.py:153} INFO - Started process (PID=431) to work on /home/airflow/.local/lib/python3.7/site-packages/airflow/example_dags/example_branch_python_dop_operator_3.py
[2023-02-01T22:21:53.341+0000] {processor.py:743} INFO - Processing file /home/airflow/.local/lib/python3.7/site-packages/airflow/example_dags/example_branch_python_dop_operator_3.py for tasks to queue
[2023-02-01T22:21:53.342+0000] {logging_mixin.py:137} INFO - [2023-02-01T22:21:53.342+0000] {dagbag.py:538} INFO - Filling up the DagBag from /home/airflow/.local/lib/python3.7/site-packages/airflow/example_dags/example_branch_python_dop_operator_3.py
[2023-02-01T22:21:53.361+0000] {processor.py:753} INFO - DAG(s) dict_keys(['example_branch_dop_operator_v3']) retrieved from /home/airflow/.local/lib/python3.7/site-packages/airflow/example_dags/example_branch_python_dop_operator_3.py
[2023-02-01T22:21:53.388+0000] {logging_mixin.py:137} INFO - [2023-02-01T22:21:53.387+0000] {dag.py:2690} INFO - Sync 1 DAGs
[2023-02-01T22:21:53.414+0000] {logging_mixin.py:137} INFO - [2023-02-01T22:21:53.414+0000] {dag.py:3441} INFO - Setting next_dagrun for example_branch_dop_operator_v3 to 2023-02-01T22:20:00+00:00, run_after=2023-02-01T22:21:00+00:00
[2023-02-01T22:21:53.427+0000] {processor.py:175} INFO - Processing /home/airflow/.local/lib/python3.7/site-packages/airflow/example_dags/example_branch_python_dop_operator_3.py took 0.092 seconds
[2023-02-01T22:22:23.471+0000] {processor.py:153} INFO - Started process (PID=494) to work on /home/airflow/.local/lib/python3.7/site-packages/airflow/example_dags/example_branch_python_dop_operator_3.py
[2023-02-01T22:22:23.473+0000] {processor.py:743} INFO - Processing file /home/airflow/.local/lib/python3.7/site-packages/airflow/example_dags/example_branch_python_dop_operator_3.py for tasks to queue
[2023-02-01T22:22:23.475+0000] {logging_mixin.py:137} INFO - [2023-02-01T22:22:23.474+0000] {dagbag.py:538} INFO - Filling up the DagBag from /home/airflow/.local/lib/python3.7/site-packages/airflow/example_dags/example_branch_python_dop_operator_3.py
[2023-02-01T22:22:23.494+0000] {processor.py:753} INFO - DAG(s) dict_keys(['example_branch_dop_operator_v3']) retrieved from /home/airflow/.local/lib/python3.7/site-packages/airflow/example_dags/example_branch_python_dop_operator_3.py
[2023-02-01T22:22:23.528+0000] {logging_mixin.py:137} INFO - [2023-02-01T22:22:23.528+0000] {dag.py:2690} INFO - Sync 1 DAGs
[2023-02-01T22:22:23.550+0000] {logging_mixin.py:137} INFO - [2023-02-01T22:22:23.550+0000] {dag.py:3441} INFO - Setting next_dagrun for example_branch_dop_operator_v3 to 2023-02-01T22:21:00+00:00, run_after=2023-02-01T22:22:00+00:00
[2023-02-01T22:22:23.563+0000] {processor.py:175} INFO - Processing /home/airflow/.local/lib/python3.7/site-packages/airflow/example_dags/example_branch_python_dop_operator_3.py took 0.096 seconds
[2023-02-01T22:22:54.360+0000] {processor.py:153} INFO - Started process (PID=571) to work on /home/airflow/.local/lib/python3.7/site-packages/airflow/example_dags/example_branch_python_dop_operator_3.py
[2023-02-01T22:22:54.362+0000] {processor.py:743} INFO - Processing file /home/airflow/.local/lib/python3.7/site-packages/airflow/example_dags/example_branch_python_dop_operator_3.py for tasks to queue
[2023-02-01T22:22:54.363+0000] {logging_mixin.py:137} INFO - [2023-02-01T22:22:54.363+0000] {dagbag.py:538} INFO - Filling up the DagBag from /home/airflow/.local/lib/python3.7/site-packages/airflow/example_dags/example_branch_python_dop_operator_3.py
[2023-02-01T22:22:54.380+0000] {processor.py:753} INFO - DAG(s) dict_keys(['example_branch_dop_operator_v3']) retrieved from /home/airflow/.local/lib/python3.7/site-packages/airflow/example_dags/example_branch_python_dop_operator_3.py
[2023-02-01T22:22:54.399+0000] {logging_mixin.py:137} INFO - [2023-02-01T22:22:54.399+0000] {dag.py:2690} INFO - Sync 1 DAGs
[2023-02-01T22:22:54.417+0000] {logging_mixin.py:137} INFO - [2023-02-01T22:22:54.417+0000] {dag.py:3441} INFO - Setting next_dagrun for example_branch_dop_operator_v3 to 2023-02-01T22:21:00+00:00, run_after=2023-02-01T22:22:00+00:00
[2023-02-01T22:22:54.429+0000] {processor.py:175} INFO - Processing /home/airflow/.local/lib/python3.7/site-packages/airflow/example_dags/example_branch_python_dop_operator_3.py took 0.072 seconds
[2023-02-01T22:23:25.249+0000] {processor.py:153} INFO - Started process (PID=647) to work on /home/airflow/.local/lib/python3.7/site-packages/airflow/example_dags/example_branch_python_dop_operator_3.py
[2023-02-01T22:23:25.252+0000] {processor.py:743} INFO - Processing file /home/airflow/.local/lib/python3.7/site-packages/airflow/example_dags/example_branch_python_dop_operator_3.py for tasks to queue
[2023-02-01T22:23:25.253+0000] {logging_mixin.py:137} INFO - [2023-02-01T22:23:25.253+0000] {dagbag.py:538} INFO - Filling up the DagBag from /home/airflow/.local/lib/python3.7/site-packages/airflow/example_dags/example_branch_python_dop_operator_3.py
[2023-02-01T22:23:25.304+0000] {processor.py:753} INFO - DAG(s) dict_keys(['example_branch_dop_operator_v3']) retrieved from /home/airflow/.local/lib/python3.7/site-packages/airflow/example_dags/example_branch_python_dop_operator_3.py
[2023-02-01T22:23:25.361+0000] {logging_mixin.py:137} INFO - [2023-02-01T22:23:25.361+0000] {dag.py:2690} INFO - Sync 1 DAGs
[2023-02-01T22:23:25.402+0000] {logging_mixin.py:137} INFO - [2023-02-01T22:23:25.402+0000] {dag.py:3441} INFO - Setting next_dagrun for example_branch_dop_operator_v3 to 2023-02-01T22:22:00+00:00, run_after=2023-02-01T22:23:00+00:00
[2023-02-01T22:23:25.448+0000] {processor.py:175} INFO - Processing /home/airflow/.local/lib/python3.7/site-packages/airflow/example_dags/example_branch_python_dop_operator_3.py took 0.202 seconds
[2023-02-01T22:23:56.042+0000] {processor.py:153} INFO - Started process (PID=711) to work on /home/airflow/.local/lib/python3.7/site-packages/airflow/example_dags/example_branch_python_dop_operator_3.py
[2023-02-01T22:23:56.044+0000] {processor.py:743} INFO - Processing file /home/airflow/.local/lib/python3.7/site-packages/airflow/example_dags/example_branch_python_dop_operator_3.py for tasks to queue
[2023-02-01T22:23:56.044+0000] {logging_mixin.py:137} INFO - [2023-02-01T22:23:56.044+0000] {dagbag.py:538} INFO - Filling up the DagBag from /home/airflow/.local/lib/python3.7/site-packages/airflow/example_dags/example_branch_python_dop_operator_3.py
[2023-02-01T22:23:56.062+0000] {processor.py:753} INFO - DAG(s) dict_keys(['example_branch_dop_operator_v3']) retrieved from /home/airflow/.local/lib/python3.7/site-packages/airflow/example_dags/example_branch_python_dop_operator_3.py
[2023-02-01T22:23:56.082+0000] {logging_mixin.py:137} INFO - [2023-02-01T22:23:56.082+0000] {dag.py:2690} INFO - Sync 1 DAGs
[2023-02-01T22:23:56.100+0000] {logging_mixin.py:137} INFO - [2023-02-01T22:23:56.100+0000] {dag.py:3441} INFO - Setting next_dagrun for example_branch_dop_operator_v3 to 2023-02-01T22:22:00+00:00, run_after=2023-02-01T22:23:00+00:00
[2023-02-01T22:23:56.115+0000] {processor.py:175} INFO - Processing /home/airflow/.local/lib/python3.7/site-packages/airflow/example_dags/example_branch_python_dop_operator_3.py took 0.075 seconds
