[2023-02-01T22:19:14.773+0000] {processor.py:153} INFO - Started process (PID=60) to work on /home/airflow/.local/lib/python3.7/site-packages/airflow/example_dags/example_sla_dag.py
[2023-02-01T22:19:14.786+0000] {processor.py:743} INFO - Processing file /home/airflow/.local/lib/python3.7/site-packages/airflow/example_dags/example_sla_dag.py for tasks to queue
[2023-02-01T22:19:14.790+0000] {logging_mixin.py:137} INFO - [2023-02-01T22:19:14.789+0000] {dagbag.py:538} INFO - Filling up the DagBag from /home/airflow/.local/lib/python3.7/site-packages/airflow/example_dags/example_sla_dag.py
[2023-02-01T22:19:15.023+0000] {processor.py:753} INFO - DAG(s) dict_keys(['example_sla_dag']) retrieved from /home/airflow/.local/lib/python3.7/site-packages/airflow/example_dags/example_sla_dag.py
[2023-02-01T22:19:15.339+0000] {logging_mixin.py:137} INFO - [2023-02-01T22:19:15.338+0000] {dag.py:2690} INFO - Sync 1 DAGs
[2023-02-01T22:19:15.687+0000] {logging_mixin.py:137} INFO - [2023-02-01T22:19:15.686+0000] {dag.py:3441} INFO - Setting next_dagrun for example_sla_dag to 2023-02-01T22:16:00+00:00, run_after=2023-02-01T22:18:00+00:00
[2023-02-01T22:19:15.842+0000] {processor.py:175} INFO - Processing /home/airflow/.local/lib/python3.7/site-packages/airflow/example_dags/example_sla_dag.py took 1.091 seconds
[2023-02-01T22:19:46.798+0000] {processor.py:153} INFO - Started process (PID=127) to work on /home/airflow/.local/lib/python3.7/site-packages/airflow/example_dags/example_sla_dag.py
[2023-02-01T22:19:46.801+0000] {processor.py:743} INFO - Processing file /home/airflow/.local/lib/python3.7/site-packages/airflow/example_dags/example_sla_dag.py for tasks to queue
[2023-02-01T22:19:46.802+0000] {logging_mixin.py:137} INFO - [2023-02-01T22:19:46.802+0000] {dagbag.py:538} INFO - Filling up the DagBag from /home/airflow/.local/lib/python3.7/site-packages/airflow/example_dags/example_sla_dag.py
[2023-02-01T22:19:46.826+0000] {processor.py:753} INFO - DAG(s) dict_keys(['example_sla_dag']) retrieved from /home/airflow/.local/lib/python3.7/site-packages/airflow/example_dags/example_sla_dag.py
[2023-02-01T22:19:46.855+0000] {logging_mixin.py:137} INFO - [2023-02-01T22:19:46.854+0000] {dag.py:2690} INFO - Sync 1 DAGs
[2023-02-01T22:19:46.880+0000] {logging_mixin.py:137} INFO - [2023-02-01T22:19:46.880+0000] {dag.py:3441} INFO - Setting next_dagrun for example_sla_dag to 2023-02-01T22:16:00+00:00, run_after=2023-02-01T22:18:00+00:00
[2023-02-01T22:19:46.891+0000] {processor.py:175} INFO - Processing /home/airflow/.local/lib/python3.7/site-packages/airflow/example_dags/example_sla_dag.py took 0.098 seconds
[2023-02-01T22:20:16.932+0000] {processor.py:153} INFO - Started process (PID=191) to work on /home/airflow/.local/lib/python3.7/site-packages/airflow/example_dags/example_sla_dag.py
[2023-02-01T22:20:16.934+0000] {processor.py:743} INFO - Processing file /home/airflow/.local/lib/python3.7/site-packages/airflow/example_dags/example_sla_dag.py for tasks to queue
[2023-02-01T22:20:16.935+0000] {logging_mixin.py:137} INFO - [2023-02-01T22:20:16.934+0000] {dagbag.py:538} INFO - Filling up the DagBag from /home/airflow/.local/lib/python3.7/site-packages/airflow/example_dags/example_sla_dag.py
[2023-02-01T22:20:16.958+0000] {processor.py:753} INFO - DAG(s) dict_keys(['example_sla_dag']) retrieved from /home/airflow/.local/lib/python3.7/site-packages/airflow/example_dags/example_sla_dag.py
[2023-02-01T22:20:16.983+0000] {logging_mixin.py:137} INFO - [2023-02-01T22:20:16.983+0000] {dag.py:2690} INFO - Sync 1 DAGs
[2023-02-01T22:20:17.002+0000] {logging_mixin.py:137} INFO - [2023-02-01T22:20:17.001+0000] {dag.py:3441} INFO - Setting next_dagrun for example_sla_dag to 2023-02-01T22:18:00+00:00, run_after=2023-02-01T22:20:00+00:00
[2023-02-01T22:20:17.014+0000] {processor.py:175} INFO - Processing /home/airflow/.local/lib/python3.7/site-packages/airflow/example_dags/example_sla_dag.py took 0.086 seconds
[2023-02-01T22:20:47.857+0000] {processor.py:153} INFO - Started process (PID=267) to work on /home/airflow/.local/lib/python3.7/site-packages/airflow/example_dags/example_sla_dag.py
[2023-02-01T22:20:47.859+0000] {processor.py:743} INFO - Processing file /home/airflow/.local/lib/python3.7/site-packages/airflow/example_dags/example_sla_dag.py for tasks to queue
[2023-02-01T22:20:47.860+0000] {logging_mixin.py:137} INFO - [2023-02-01T22:20:47.860+0000] {dagbag.py:538} INFO - Filling up the DagBag from /home/airflow/.local/lib/python3.7/site-packages/airflow/example_dags/example_sla_dag.py
[2023-02-01T22:20:47.886+0000] {processor.py:753} INFO - DAG(s) dict_keys(['example_sla_dag']) retrieved from /home/airflow/.local/lib/python3.7/site-packages/airflow/example_dags/example_sla_dag.py
[2023-02-01T22:20:47.913+0000] {logging_mixin.py:137} INFO - [2023-02-01T22:20:47.912+0000] {dag.py:2690} INFO - Sync 1 DAGs
[2023-02-01T22:20:47.935+0000] {logging_mixin.py:137} INFO - [2023-02-01T22:20:47.935+0000] {dag.py:3441} INFO - Setting next_dagrun for example_sla_dag to 2023-02-01T22:18:00+00:00, run_after=2023-02-01T22:20:00+00:00
[2023-02-01T22:20:47.955+0000] {processor.py:175} INFO - Processing /home/airflow/.local/lib/python3.7/site-packages/airflow/example_dags/example_sla_dag.py took 0.102 seconds
[2023-02-01T22:21:18.247+0000] {processor.py:153} INFO - Started process (PID=343) to work on /home/airflow/.local/lib/python3.7/site-packages/airflow/example_dags/example_sla_dag.py
[2023-02-01T22:21:18.249+0000] {processor.py:743} INFO - Processing file /home/airflow/.local/lib/python3.7/site-packages/airflow/example_dags/example_sla_dag.py for tasks to queue
[2023-02-01T22:21:18.250+0000] {logging_mixin.py:137} INFO - [2023-02-01T22:21:18.250+0000] {dagbag.py:538} INFO - Filling up the DagBag from /home/airflow/.local/lib/python3.7/site-packages/airflow/example_dags/example_sla_dag.py
[2023-02-01T22:21:18.290+0000] {processor.py:753} INFO - DAG(s) dict_keys(['example_sla_dag']) retrieved from /home/airflow/.local/lib/python3.7/site-packages/airflow/example_dags/example_sla_dag.py
[2023-02-01T22:21:18.337+0000] {logging_mixin.py:137} INFO - [2023-02-01T22:21:18.337+0000] {dag.py:2690} INFO - Sync 1 DAGs
[2023-02-01T22:21:18.373+0000] {logging_mixin.py:137} INFO - [2023-02-01T22:21:18.373+0000] {dag.py:3441} INFO - Setting next_dagrun for example_sla_dag to 2023-02-01T22:18:00+00:00, run_after=2023-02-01T22:20:00+00:00
[2023-02-01T22:21:18.390+0000] {processor.py:175} INFO - Processing /home/airflow/.local/lib/python3.7/site-packages/airflow/example_dags/example_sla_dag.py took 0.154 seconds
[2023-02-01T22:21:49.355+0000] {processor.py:153} INFO - Started process (PID=406) to work on /home/airflow/.local/lib/python3.7/site-packages/airflow/example_dags/example_sla_dag.py
[2023-02-01T22:21:49.357+0000] {processor.py:743} INFO - Processing file /home/airflow/.local/lib/python3.7/site-packages/airflow/example_dags/example_sla_dag.py for tasks to queue
[2023-02-01T22:21:49.358+0000] {logging_mixin.py:137} INFO - [2023-02-01T22:21:49.358+0000] {dagbag.py:538} INFO - Filling up the DagBag from /home/airflow/.local/lib/python3.7/site-packages/airflow/example_dags/example_sla_dag.py
[2023-02-01T22:21:49.388+0000] {processor.py:753} INFO - DAG(s) dict_keys(['example_sla_dag']) retrieved from /home/airflow/.local/lib/python3.7/site-packages/airflow/example_dags/example_sla_dag.py
[2023-02-01T22:21:49.427+0000] {logging_mixin.py:137} INFO - [2023-02-01T22:21:49.427+0000] {dag.py:2690} INFO - Sync 1 DAGs
[2023-02-01T22:21:49.461+0000] {logging_mixin.py:137} INFO - [2023-02-01T22:21:49.461+0000] {dag.py:3441} INFO - Setting next_dagrun for example_sla_dag to 2023-02-01T22:18:00+00:00, run_after=2023-02-01T22:20:00+00:00
[2023-02-01T22:21:49.477+0000] {processor.py:175} INFO - Processing /home/airflow/.local/lib/python3.7/site-packages/airflow/example_dags/example_sla_dag.py took 0.125 seconds
[2023-02-01T22:22:19.645+0000] {processor.py:153} INFO - Started process (PID=482) to work on /home/airflow/.local/lib/python3.7/site-packages/airflow/example_dags/example_sla_dag.py
[2023-02-01T22:22:19.647+0000] {processor.py:743} INFO - Processing file /home/airflow/.local/lib/python3.7/site-packages/airflow/example_dags/example_sla_dag.py for tasks to queue
[2023-02-01T22:22:19.649+0000] {logging_mixin.py:137} INFO - [2023-02-01T22:22:19.648+0000] {dagbag.py:538} INFO - Filling up the DagBag from /home/airflow/.local/lib/python3.7/site-packages/airflow/example_dags/example_sla_dag.py
[2023-02-01T22:22:19.677+0000] {processor.py:753} INFO - DAG(s) dict_keys(['example_sla_dag']) retrieved from /home/airflow/.local/lib/python3.7/site-packages/airflow/example_dags/example_sla_dag.py
[2023-02-01T22:22:19.704+0000] {logging_mixin.py:137} INFO - [2023-02-01T22:22:19.704+0000] {dag.py:2690} INFO - Sync 1 DAGs
[2023-02-01T22:22:19.729+0000] {logging_mixin.py:137} INFO - [2023-02-01T22:22:19.729+0000] {dag.py:3441} INFO - Setting next_dagrun for example_sla_dag to 2023-02-01T22:20:00+00:00, run_after=2023-02-01T22:22:00+00:00
[2023-02-01T22:22:19.743+0000] {processor.py:175} INFO - Processing /home/airflow/.local/lib/python3.7/site-packages/airflow/example_dags/example_sla_dag.py took 0.102 seconds
[2023-02-01T22:22:50.430+0000] {processor.py:153} INFO - Started process (PID=558) to work on /home/airflow/.local/lib/python3.7/site-packages/airflow/example_dags/example_sla_dag.py
[2023-02-01T22:22:50.432+0000] {processor.py:743} INFO - Processing file /home/airflow/.local/lib/python3.7/site-packages/airflow/example_dags/example_sla_dag.py for tasks to queue
[2023-02-01T22:22:50.434+0000] {logging_mixin.py:137} INFO - [2023-02-01T22:22:50.433+0000] {dagbag.py:538} INFO - Filling up the DagBag from /home/airflow/.local/lib/python3.7/site-packages/airflow/example_dags/example_sla_dag.py
[2023-02-01T22:22:50.468+0000] {processor.py:753} INFO - DAG(s) dict_keys(['example_sla_dag']) retrieved from /home/airflow/.local/lib/python3.7/site-packages/airflow/example_dags/example_sla_dag.py
[2023-02-01T22:22:50.518+0000] {logging_mixin.py:137} INFO - [2023-02-01T22:22:50.518+0000] {dag.py:2690} INFO - Sync 1 DAGs
[2023-02-01T22:22:50.550+0000] {logging_mixin.py:137} INFO - [2023-02-01T22:22:50.550+0000] {dag.py:3441} INFO - Setting next_dagrun for example_sla_dag to 2023-02-01T22:20:00+00:00, run_after=2023-02-01T22:22:00+00:00
[2023-02-01T22:22:50.569+0000] {processor.py:175} INFO - Processing /home/airflow/.local/lib/python3.7/site-packages/airflow/example_dags/example_sla_dag.py took 0.146 seconds
[2023-02-01T22:23:21.190+0000] {processor.py:153} INFO - Started process (PID=622) to work on /home/airflow/.local/lib/python3.7/site-packages/airflow/example_dags/example_sla_dag.py
[2023-02-01T22:23:21.192+0000] {processor.py:743} INFO - Processing file /home/airflow/.local/lib/python3.7/site-packages/airflow/example_dags/example_sla_dag.py for tasks to queue
[2023-02-01T22:23:21.195+0000] {logging_mixin.py:137} INFO - [2023-02-01T22:23:21.194+0000] {dagbag.py:538} INFO - Filling up the DagBag from /home/airflow/.local/lib/python3.7/site-packages/airflow/example_dags/example_sla_dag.py
[2023-02-01T22:23:21.218+0000] {processor.py:753} INFO - DAG(s) dict_keys(['example_sla_dag']) retrieved from /home/airflow/.local/lib/python3.7/site-packages/airflow/example_dags/example_sla_dag.py
[2023-02-01T22:23:21.247+0000] {logging_mixin.py:137} INFO - [2023-02-01T22:23:21.246+0000] {dag.py:2690} INFO - Sync 1 DAGs
[2023-02-01T22:23:21.270+0000] {logging_mixin.py:137} INFO - [2023-02-01T22:23:21.270+0000] {dag.py:3441} INFO - Setting next_dagrun for example_sla_dag to 2023-02-01T22:20:00+00:00, run_after=2023-02-01T22:22:00+00:00
[2023-02-01T22:23:21.288+0000] {processor.py:175} INFO - Processing /home/airflow/.local/lib/python3.7/site-packages/airflow/example_dags/example_sla_dag.py took 0.105 seconds
[2023-02-01T22:23:52.203+0000] {processor.py:153} INFO - Started process (PID=698) to work on /home/airflow/.local/lib/python3.7/site-packages/airflow/example_dags/example_sla_dag.py
[2023-02-01T22:23:52.205+0000] {processor.py:743} INFO - Processing file /home/airflow/.local/lib/python3.7/site-packages/airflow/example_dags/example_sla_dag.py for tasks to queue
[2023-02-01T22:23:52.207+0000] {logging_mixin.py:137} INFO - [2023-02-01T22:23:52.207+0000] {dagbag.py:538} INFO - Filling up the DagBag from /home/airflow/.local/lib/python3.7/site-packages/airflow/example_dags/example_sla_dag.py
[2023-02-01T22:23:52.241+0000] {processor.py:753} INFO - DAG(s) dict_keys(['example_sla_dag']) retrieved from /home/airflow/.local/lib/python3.7/site-packages/airflow/example_dags/example_sla_dag.py
[2023-02-01T22:23:52.269+0000] {logging_mixin.py:137} INFO - [2023-02-01T22:23:52.269+0000] {dag.py:2690} INFO - Sync 1 DAGs
[2023-02-01T22:23:52.289+0000] {logging_mixin.py:137} INFO - [2023-02-01T22:23:52.289+0000] {dag.py:3441} INFO - Setting next_dagrun for example_sla_dag to 2023-02-01T22:20:00+00:00, run_after=2023-02-01T22:22:00+00:00
[2023-02-01T22:23:52.301+0000] {processor.py:175} INFO - Processing /home/airflow/.local/lib/python3.7/site-packages/airflow/example_dags/example_sla_dag.py took 0.106 seconds
