[2023-02-01T22:19:20.411+0000] {processor.py:153} INFO - Started process (PID=74) to work on /home/airflow/.local/lib/python3.7/site-packages/airflow/example_dags/example_subdag_operator.py
[2023-02-01T22:19:20.416+0000] {processor.py:743} INFO - Processing file /home/airflow/.local/lib/python3.7/site-packages/airflow/example_dags/example_subdag_operator.py for tasks to queue
[2023-02-01T22:19:20.435+0000] {logging_mixin.py:137} INFO - [2023-02-01T22:19:20.434+0000] {dagbag.py:538} INFO - Filling up the DagBag from /home/airflow/.local/lib/python3.7/site-packages/airflow/example_dags/example_subdag_operator.py
[2023-02-01T22:19:20.690+0000] {processor.py:753} INFO - DAG(s) dict_keys(['example_subdag_operator.section-1', 'example_subdag_operator.section-2', 'example_subdag_operator']) retrieved from /home/airflow/.local/lib/python3.7/site-packages/airflow/example_dags/example_subdag_operator.py
[2023-02-01T22:19:20.696+0000] {logging_mixin.py:137} INFO - [2023-02-01T22:19:20.696+0000] {dag.py:2690} INFO - Sync 3 DAGs
[2023-02-01T22:19:20.736+0000] {logging_mixin.py:137} INFO - [2023-02-01T22:19:20.735+0000] {dag.py:3441} INFO - Setting next_dagrun for example_subdag_operator to 2022-01-01T00:00:00+00:00, run_after=2022-01-01T00:00:00+00:00
[2023-02-01T22:19:20.749+0000] {logging_mixin.py:137} INFO - [2023-02-01T22:19:20.749+0000] {dag.py:3441} INFO - Setting next_dagrun for example_subdag_operator.section-1 to None, run_after=None
[2023-02-01T22:19:20.753+0000] {logging_mixin.py:137} INFO - [2023-02-01T22:19:20.753+0000] {dag.py:3441} INFO - Setting next_dagrun for example_subdag_operator.section-2 to None, run_after=None
[2023-02-01T22:19:20.774+0000] {logging_mixin.py:137} INFO - [2023-02-01T22:19:20.774+0000] {dag.py:2690} INFO - Sync 2 DAGs
[2023-02-01T22:19:20.790+0000] {logging_mixin.py:137} INFO - [2023-02-01T22:19:20.790+0000] {dag.py:3441} INFO - Setting next_dagrun for example_subdag_operator.section-1 to None, run_after=None
[2023-02-01T22:19:20.792+0000] {logging_mixin.py:137} INFO - [2023-02-01T22:19:20.792+0000] {dag.py:3441} INFO - Setting next_dagrun for example_subdag_operator.section-2 to None, run_after=None
[2023-02-01T22:19:20.816+0000] {processor.py:175} INFO - Processing /home/airflow/.local/lib/python3.7/site-packages/airflow/example_dags/example_subdag_operator.py took 0.436 seconds
[2023-02-01T22:19:51.499+0000] {processor.py:153} INFO - Started process (PID=138) to work on /home/airflow/.local/lib/python3.7/site-packages/airflow/example_dags/example_subdag_operator.py
[2023-02-01T22:19:51.505+0000] {processor.py:743} INFO - Processing file /home/airflow/.local/lib/python3.7/site-packages/airflow/example_dags/example_subdag_operator.py for tasks to queue
[2023-02-01T22:19:51.506+0000] {logging_mixin.py:137} INFO - [2023-02-01T22:19:51.506+0000] {dagbag.py:538} INFO - Filling up the DagBag from /home/airflow/.local/lib/python3.7/site-packages/airflow/example_dags/example_subdag_operator.py
[2023-02-01T22:19:51.547+0000] {processor.py:753} INFO - DAG(s) dict_keys(['example_subdag_operator.section-1', 'example_subdag_operator.section-2', 'example_subdag_operator']) retrieved from /home/airflow/.local/lib/python3.7/site-packages/airflow/example_dags/example_subdag_operator.py
[2023-02-01T22:19:51.565+0000] {logging_mixin.py:137} INFO - [2023-02-01T22:19:51.565+0000] {dag.py:2690} INFO - Sync 3 DAGs
[2023-02-01T22:19:51.586+0000] {logging_mixin.py:137} INFO - [2023-02-01T22:19:51.586+0000] {dag.py:3441} INFO - Setting next_dagrun for example_subdag_operator to 2022-01-01T00:00:00+00:00, run_after=2022-01-01T00:00:00+00:00
[2023-02-01T22:19:51.590+0000] {logging_mixin.py:137} INFO - [2023-02-01T22:19:51.590+0000] {dag.py:3441} INFO - Setting next_dagrun for example_subdag_operator.section-1 to None, run_after=None
[2023-02-01T22:19:51.592+0000] {logging_mixin.py:137} INFO - [2023-02-01T22:19:51.592+0000] {dag.py:3441} INFO - Setting next_dagrun for example_subdag_operator.section-2 to None, run_after=None
[2023-02-01T22:19:51.599+0000] {logging_mixin.py:137} INFO - [2023-02-01T22:19:51.599+0000] {dag.py:2690} INFO - Sync 2 DAGs
[2023-02-01T22:19:51.606+0000] {logging_mixin.py:137} INFO - [2023-02-01T22:19:51.606+0000] {dag.py:3441} INFO - Setting next_dagrun for example_subdag_operator.section-1 to None, run_after=None
[2023-02-01T22:19:51.607+0000] {logging_mixin.py:137} INFO - [2023-02-01T22:19:51.607+0000] {dag.py:3441} INFO - Setting next_dagrun for example_subdag_operator.section-2 to None, run_after=None
[2023-02-01T22:19:51.616+0000] {processor.py:175} INFO - Processing /home/airflow/.local/lib/python3.7/site-packages/airflow/example_dags/example_subdag_operator.py took 0.121 seconds
[2023-02-01T22:20:21.740+0000] {processor.py:153} INFO - Started process (PID=214) to work on /home/airflow/.local/lib/python3.7/site-packages/airflow/example_dags/example_subdag_operator.py
[2023-02-01T22:20:21.743+0000] {processor.py:743} INFO - Processing file /home/airflow/.local/lib/python3.7/site-packages/airflow/example_dags/example_subdag_operator.py for tasks to queue
[2023-02-01T22:20:21.745+0000] {logging_mixin.py:137} INFO - [2023-02-01T22:20:21.744+0000] {dagbag.py:538} INFO - Filling up the DagBag from /home/airflow/.local/lib/python3.7/site-packages/airflow/example_dags/example_subdag_operator.py
[2023-02-01T22:20:21.778+0000] {processor.py:753} INFO - DAG(s) dict_keys(['example_subdag_operator.section-1', 'example_subdag_operator.section-2', 'example_subdag_operator']) retrieved from /home/airflow/.local/lib/python3.7/site-packages/airflow/example_dags/example_subdag_operator.py
[2023-02-01T22:20:21.791+0000] {logging_mixin.py:137} INFO - [2023-02-01T22:20:21.791+0000] {dag.py:2690} INFO - Sync 3 DAGs
[2023-02-01T22:20:21.808+0000] {logging_mixin.py:137} INFO - [2023-02-01T22:20:21.808+0000] {dag.py:3441} INFO - Setting next_dagrun for example_subdag_operator to 2022-01-01T00:00:00+00:00, run_after=2022-01-01T00:00:00+00:00
[2023-02-01T22:20:21.812+0000] {logging_mixin.py:137} INFO - [2023-02-01T22:20:21.812+0000] {dag.py:3441} INFO - Setting next_dagrun for example_subdag_operator.section-1 to None, run_after=None
[2023-02-01T22:20:21.813+0000] {logging_mixin.py:137} INFO - [2023-02-01T22:20:21.813+0000] {dag.py:3441} INFO - Setting next_dagrun for example_subdag_operator.section-2 to None, run_after=None
[2023-02-01T22:20:21.819+0000] {logging_mixin.py:137} INFO - [2023-02-01T22:20:21.819+0000] {dag.py:2690} INFO - Sync 2 DAGs
[2023-02-01T22:20:21.823+0000] {logging_mixin.py:137} INFO - [2023-02-01T22:20:21.823+0000] {dag.py:3441} INFO - Setting next_dagrun for example_subdag_operator.section-1 to None, run_after=None
[2023-02-01T22:20:21.825+0000] {logging_mixin.py:137} INFO - [2023-02-01T22:20:21.825+0000] {dag.py:3441} INFO - Setting next_dagrun for example_subdag_operator.section-2 to None, run_after=None
[2023-02-01T22:20:21.833+0000] {processor.py:175} INFO - Processing /home/airflow/.local/lib/python3.7/site-packages/airflow/example_dags/example_subdag_operator.py took 0.097 seconds
[2023-02-01T22:20:51.900+0000] {processor.py:153} INFO - Started process (PID=278) to work on /home/airflow/.local/lib/python3.7/site-packages/airflow/example_dags/example_subdag_operator.py
[2023-02-01T22:20:51.902+0000] {processor.py:743} INFO - Processing file /home/airflow/.local/lib/python3.7/site-packages/airflow/example_dags/example_subdag_operator.py for tasks to queue
[2023-02-01T22:20:51.903+0000] {logging_mixin.py:137} INFO - [2023-02-01T22:20:51.903+0000] {dagbag.py:538} INFO - Filling up the DagBag from /home/airflow/.local/lib/python3.7/site-packages/airflow/example_dags/example_subdag_operator.py
[2023-02-01T22:20:51.968+0000] {processor.py:753} INFO - DAG(s) dict_keys(['example_subdag_operator.section-1', 'example_subdag_operator.section-2', 'example_subdag_operator']) retrieved from /home/airflow/.local/lib/python3.7/site-packages/airflow/example_dags/example_subdag_operator.py
[2023-02-01T22:20:51.990+0000] {logging_mixin.py:137} INFO - [2023-02-01T22:20:51.990+0000] {dag.py:2690} INFO - Sync 3 DAGs
[2023-02-01T22:20:52.016+0000] {logging_mixin.py:137} INFO - [2023-02-01T22:20:52.015+0000] {dag.py:3441} INFO - Setting next_dagrun for example_subdag_operator to 2022-01-01T00:00:00+00:00, run_after=2022-01-01T00:00:00+00:00
[2023-02-01T22:20:52.026+0000] {logging_mixin.py:137} INFO - [2023-02-01T22:20:52.025+0000] {dag.py:3441} INFO - Setting next_dagrun for example_subdag_operator.section-1 to None, run_after=None
[2023-02-01T22:20:52.027+0000] {logging_mixin.py:137} INFO - [2023-02-01T22:20:52.027+0000] {dag.py:3441} INFO - Setting next_dagrun for example_subdag_operator.section-2 to None, run_after=None
[2023-02-01T22:20:52.037+0000] {logging_mixin.py:137} INFO - [2023-02-01T22:20:52.037+0000] {dag.py:2690} INFO - Sync 2 DAGs
[2023-02-01T22:20:52.042+0000] {logging_mixin.py:137} INFO - [2023-02-01T22:20:52.042+0000] {dag.py:3441} INFO - Setting next_dagrun for example_subdag_operator.section-1 to None, run_after=None
[2023-02-01T22:20:52.043+0000] {logging_mixin.py:137} INFO - [2023-02-01T22:20:52.043+0000] {dag.py:3441} INFO - Setting next_dagrun for example_subdag_operator.section-2 to None, run_after=None
[2023-02-01T22:20:52.055+0000] {processor.py:175} INFO - Processing /home/airflow/.local/lib/python3.7/site-packages/airflow/example_dags/example_subdag_operator.py took 0.159 seconds
[2023-02-01T22:21:22.966+0000] {processor.py:153} INFO - Started process (PID=354) to work on /home/airflow/.local/lib/python3.7/site-packages/airflow/example_dags/example_subdag_operator.py
[2023-02-01T22:21:22.968+0000] {processor.py:743} INFO - Processing file /home/airflow/.local/lib/python3.7/site-packages/airflow/example_dags/example_subdag_operator.py for tasks to queue
[2023-02-01T22:21:22.970+0000] {logging_mixin.py:137} INFO - [2023-02-01T22:21:22.969+0000] {dagbag.py:538} INFO - Filling up the DagBag from /home/airflow/.local/lib/python3.7/site-packages/airflow/example_dags/example_subdag_operator.py
[2023-02-01T22:21:23.014+0000] {processor.py:753} INFO - DAG(s) dict_keys(['example_subdag_operator.section-1', 'example_subdag_operator.section-2', 'example_subdag_operator']) retrieved from /home/airflow/.local/lib/python3.7/site-packages/airflow/example_dags/example_subdag_operator.py
[2023-02-01T22:21:23.028+0000] {logging_mixin.py:137} INFO - [2023-02-01T22:21:23.028+0000] {dag.py:2690} INFO - Sync 3 DAGs
[2023-02-01T22:21:23.047+0000] {logging_mixin.py:137} INFO - [2023-02-01T22:21:23.047+0000] {dag.py:3441} INFO - Setting next_dagrun for example_subdag_operator to 2022-01-01T00:00:00+00:00, run_after=2022-01-01T00:00:00+00:00
[2023-02-01T22:21:23.052+0000] {logging_mixin.py:137} INFO - [2023-02-01T22:21:23.052+0000] {dag.py:3441} INFO - Setting next_dagrun for example_subdag_operator.section-1 to None, run_after=None
[2023-02-01T22:21:23.053+0000] {logging_mixin.py:137} INFO - [2023-02-01T22:21:23.053+0000] {dag.py:3441} INFO - Setting next_dagrun for example_subdag_operator.section-2 to None, run_after=None
[2023-02-01T22:21:23.061+0000] {logging_mixin.py:137} INFO - [2023-02-01T22:21:23.061+0000] {dag.py:2690} INFO - Sync 2 DAGs
[2023-02-01T22:21:23.066+0000] {logging_mixin.py:137} INFO - [2023-02-01T22:21:23.066+0000] {dag.py:3441} INFO - Setting next_dagrun for example_subdag_operator.section-1 to None, run_after=None
[2023-02-01T22:21:23.067+0000] {logging_mixin.py:137} INFO - [2023-02-01T22:21:23.067+0000] {dag.py:3441} INFO - Setting next_dagrun for example_subdag_operator.section-2 to None, run_after=None
[2023-02-01T22:21:23.077+0000] {processor.py:175} INFO - Processing /home/airflow/.local/lib/python3.7/site-packages/airflow/example_dags/example_subdag_operator.py took 0.117 seconds
[2023-02-01T22:21:53.160+0000] {processor.py:153} INFO - Started process (PID=429) to work on /home/airflow/.local/lib/python3.7/site-packages/airflow/example_dags/example_subdag_operator.py
[2023-02-01T22:21:53.162+0000] {processor.py:743} INFO - Processing file /home/airflow/.local/lib/python3.7/site-packages/airflow/example_dags/example_subdag_operator.py for tasks to queue
[2023-02-01T22:21:53.163+0000] {logging_mixin.py:137} INFO - [2023-02-01T22:21:53.163+0000] {dagbag.py:538} INFO - Filling up the DagBag from /home/airflow/.local/lib/python3.7/site-packages/airflow/example_dags/example_subdag_operator.py
[2023-02-01T22:21:53.202+0000] {processor.py:753} INFO - DAG(s) dict_keys(['example_subdag_operator.section-1', 'example_subdag_operator.section-2', 'example_subdag_operator']) retrieved from /home/airflow/.local/lib/python3.7/site-packages/airflow/example_dags/example_subdag_operator.py
[2023-02-01T22:21:53.224+0000] {logging_mixin.py:137} INFO - [2023-02-01T22:21:53.224+0000] {dag.py:2690} INFO - Sync 3 DAGs
[2023-02-01T22:21:53.256+0000] {logging_mixin.py:137} INFO - [2023-02-01T22:21:53.256+0000] {dag.py:3441} INFO - Setting next_dagrun for example_subdag_operator to 2022-01-01T00:00:00+00:00, run_after=2022-01-01T00:00:00+00:00
[2023-02-01T22:21:53.264+0000] {logging_mixin.py:137} INFO - [2023-02-01T22:21:53.264+0000] {dag.py:3441} INFO - Setting next_dagrun for example_subdag_operator.section-1 to None, run_after=None
[2023-02-01T22:21:53.266+0000] {logging_mixin.py:137} INFO - [2023-02-01T22:21:53.266+0000] {dag.py:3441} INFO - Setting next_dagrun for example_subdag_operator.section-2 to None, run_after=None
[2023-02-01T22:21:53.275+0000] {logging_mixin.py:137} INFO - [2023-02-01T22:21:53.275+0000] {dag.py:2690} INFO - Sync 2 DAGs
[2023-02-01T22:21:53.281+0000] {logging_mixin.py:137} INFO - [2023-02-01T22:21:53.281+0000] {dag.py:3441} INFO - Setting next_dagrun for example_subdag_operator.section-1 to None, run_after=None
[2023-02-01T22:21:53.283+0000] {logging_mixin.py:137} INFO - [2023-02-01T22:21:53.283+0000] {dag.py:3441} INFO - Setting next_dagrun for example_subdag_operator.section-2 to None, run_after=None
[2023-02-01T22:21:53.297+0000] {processor.py:175} INFO - Processing /home/airflow/.local/lib/python3.7/site-packages/airflow/example_dags/example_subdag_operator.py took 0.142 seconds
[2023-02-01T22:22:23.330+0000] {processor.py:153} INFO - Started process (PID=493) to work on /home/airflow/.local/lib/python3.7/site-packages/airflow/example_dags/example_subdag_operator.py
[2023-02-01T22:22:23.331+0000] {processor.py:743} INFO - Processing file /home/airflow/.local/lib/python3.7/site-packages/airflow/example_dags/example_subdag_operator.py for tasks to queue
[2023-02-01T22:22:23.332+0000] {logging_mixin.py:137} INFO - [2023-02-01T22:22:23.332+0000] {dagbag.py:538} INFO - Filling up the DagBag from /home/airflow/.local/lib/python3.7/site-packages/airflow/example_dags/example_subdag_operator.py
[2023-02-01T22:22:23.363+0000] {processor.py:753} INFO - DAG(s) dict_keys(['example_subdag_operator.section-1', 'example_subdag_operator.section-2', 'example_subdag_operator']) retrieved from /home/airflow/.local/lib/python3.7/site-packages/airflow/example_dags/example_subdag_operator.py
[2023-02-01T22:22:23.376+0000] {logging_mixin.py:137} INFO - [2023-02-01T22:22:23.376+0000] {dag.py:2690} INFO - Sync 3 DAGs
[2023-02-01T22:22:23.408+0000] {logging_mixin.py:137} INFO - [2023-02-01T22:22:23.408+0000] {dag.py:3441} INFO - Setting next_dagrun for example_subdag_operator to 2022-01-01T00:00:00+00:00, run_after=2022-01-01T00:00:00+00:00
[2023-02-01T22:22:23.412+0000] {logging_mixin.py:137} INFO - [2023-02-01T22:22:23.412+0000] {dag.py:3441} INFO - Setting next_dagrun for example_subdag_operator.section-1 to None, run_after=None
[2023-02-01T22:22:23.413+0000] {logging_mixin.py:137} INFO - [2023-02-01T22:22:23.413+0000] {dag.py:3441} INFO - Setting next_dagrun for example_subdag_operator.section-2 to None, run_after=None
[2023-02-01T22:22:23.424+0000] {logging_mixin.py:137} INFO - [2023-02-01T22:22:23.424+0000] {dag.py:2690} INFO - Sync 2 DAGs
[2023-02-01T22:22:23.430+0000] {logging_mixin.py:137} INFO - [2023-02-01T22:22:23.430+0000] {dag.py:3441} INFO - Setting next_dagrun for example_subdag_operator.section-1 to None, run_after=None
[2023-02-01T22:22:23.436+0000] {logging_mixin.py:137} INFO - [2023-02-01T22:22:23.436+0000] {dag.py:3441} INFO - Setting next_dagrun for example_subdag_operator.section-2 to None, run_after=None
[2023-02-01T22:22:23.450+0000] {processor.py:175} INFO - Processing /home/airflow/.local/lib/python3.7/site-packages/airflow/example_dags/example_subdag_operator.py took 0.124 seconds
[2023-02-01T22:22:54.203+0000] {processor.py:153} INFO - Started process (PID=569) to work on /home/airflow/.local/lib/python3.7/site-packages/airflow/example_dags/example_subdag_operator.py
[2023-02-01T22:22:54.208+0000] {processor.py:743} INFO - Processing file /home/airflow/.local/lib/python3.7/site-packages/airflow/example_dags/example_subdag_operator.py for tasks to queue
[2023-02-01T22:22:54.210+0000] {logging_mixin.py:137} INFO - [2023-02-01T22:22:54.209+0000] {dagbag.py:538} INFO - Filling up the DagBag from /home/airflow/.local/lib/python3.7/site-packages/airflow/example_dags/example_subdag_operator.py
[2023-02-01T22:22:54.254+0000] {processor.py:753} INFO - DAG(s) dict_keys(['example_subdag_operator.section-1', 'example_subdag_operator.section-2', 'example_subdag_operator']) retrieved from /home/airflow/.local/lib/python3.7/site-packages/airflow/example_dags/example_subdag_operator.py
[2023-02-01T22:22:54.276+0000] {logging_mixin.py:137} INFO - [2023-02-01T22:22:54.276+0000] {dag.py:2690} INFO - Sync 3 DAGs
[2023-02-01T22:22:54.311+0000] {logging_mixin.py:137} INFO - [2023-02-01T22:22:54.310+0000] {dag.py:3441} INFO - Setting next_dagrun for example_subdag_operator to 2022-01-01T00:00:00+00:00, run_after=2022-01-01T00:00:00+00:00
[2023-02-01T22:22:54.314+0000] {logging_mixin.py:137} INFO - [2023-02-01T22:22:54.314+0000] {dag.py:3441} INFO - Setting next_dagrun for example_subdag_operator.section-1 to None, run_after=None
[2023-02-01T22:22:54.315+0000] {logging_mixin.py:137} INFO - [2023-02-01T22:22:54.315+0000] {dag.py:3441} INFO - Setting next_dagrun for example_subdag_operator.section-2 to None, run_after=None
[2023-02-01T22:22:54.321+0000] {logging_mixin.py:137} INFO - [2023-02-01T22:22:54.321+0000] {dag.py:2690} INFO - Sync 2 DAGs
[2023-02-01T22:22:54.325+0000] {logging_mixin.py:137} INFO - [2023-02-01T22:22:54.325+0000] {dag.py:3441} INFO - Setting next_dagrun for example_subdag_operator.section-1 to None, run_after=None
[2023-02-01T22:22:54.326+0000] {logging_mixin.py:137} INFO - [2023-02-01T22:22:54.326+0000] {dag.py:3441} INFO - Setting next_dagrun for example_subdag_operator.section-2 to None, run_after=None
[2023-02-01T22:22:54.334+0000] {processor.py:175} INFO - Processing /home/airflow/.local/lib/python3.7/site-packages/airflow/example_dags/example_subdag_operator.py took 0.137 seconds
[2023-02-01T22:23:24.966+0000] {processor.py:153} INFO - Started process (PID=642) to work on /home/airflow/.local/lib/python3.7/site-packages/airflow/example_dags/example_subdag_operator.py
[2023-02-01T22:23:24.969+0000] {processor.py:743} INFO - Processing file /home/airflow/.local/lib/python3.7/site-packages/airflow/example_dags/example_subdag_operator.py for tasks to queue
[2023-02-01T22:23:24.970+0000] {logging_mixin.py:137} INFO - [2023-02-01T22:23:24.970+0000] {dagbag.py:538} INFO - Filling up the DagBag from /home/airflow/.local/lib/python3.7/site-packages/airflow/example_dags/example_subdag_operator.py
[2023-02-01T22:23:25.010+0000] {processor.py:753} INFO - DAG(s) dict_keys(['example_subdag_operator.section-1', 'example_subdag_operator.section-2', 'example_subdag_operator']) retrieved from /home/airflow/.local/lib/python3.7/site-packages/airflow/example_dags/example_subdag_operator.py
[2023-02-01T22:23:25.029+0000] {logging_mixin.py:137} INFO - [2023-02-01T22:23:25.028+0000] {dag.py:2690} INFO - Sync 3 DAGs
[2023-02-01T22:23:25.050+0000] {logging_mixin.py:137} INFO - [2023-02-01T22:23:25.050+0000] {dag.py:3441} INFO - Setting next_dagrun for example_subdag_operator to 2022-01-01T00:00:00+00:00, run_after=2022-01-01T00:00:00+00:00
[2023-02-01T22:23:25.055+0000] {logging_mixin.py:137} INFO - [2023-02-01T22:23:25.055+0000] {dag.py:3441} INFO - Setting next_dagrun for example_subdag_operator.section-1 to None, run_after=None
[2023-02-01T22:23:25.056+0000] {logging_mixin.py:137} INFO - [2023-02-01T22:23:25.056+0000] {dag.py:3441} INFO - Setting next_dagrun for example_subdag_operator.section-2 to None, run_after=None
[2023-02-01T22:23:25.063+0000] {logging_mixin.py:137} INFO - [2023-02-01T22:23:25.063+0000] {dag.py:2690} INFO - Sync 2 DAGs
[2023-02-01T22:23:25.068+0000] {logging_mixin.py:137} INFO - [2023-02-01T22:23:25.068+0000] {dag.py:3441} INFO - Setting next_dagrun for example_subdag_operator.section-1 to None, run_after=None
[2023-02-01T22:23:25.069+0000] {logging_mixin.py:137} INFO - [2023-02-01T22:23:25.069+0000] {dag.py:3441} INFO - Setting next_dagrun for example_subdag_operator.section-2 to None, run_after=None
[2023-02-01T22:23:25.078+0000] {processor.py:175} INFO - Processing /home/airflow/.local/lib/python3.7/site-packages/airflow/example_dags/example_subdag_operator.py took 0.114 seconds
[2023-02-01T22:23:55.909+0000] {processor.py:153} INFO - Started process (PID=709) to work on /home/airflow/.local/lib/python3.7/site-packages/airflow/example_dags/example_subdag_operator.py
[2023-02-01T22:23:55.910+0000] {processor.py:743} INFO - Processing file /home/airflow/.local/lib/python3.7/site-packages/airflow/example_dags/example_subdag_operator.py for tasks to queue
[2023-02-01T22:23:55.911+0000] {logging_mixin.py:137} INFO - [2023-02-01T22:23:55.911+0000] {dagbag.py:538} INFO - Filling up the DagBag from /home/airflow/.local/lib/python3.7/site-packages/airflow/example_dags/example_subdag_operator.py
[2023-02-01T22:23:55.955+0000] {processor.py:753} INFO - DAG(s) dict_keys(['example_subdag_operator.section-1', 'example_subdag_operator.section-2', 'example_subdag_operator']) retrieved from /home/airflow/.local/lib/python3.7/site-packages/airflow/example_dags/example_subdag_operator.py
[2023-02-01T22:23:55.970+0000] {logging_mixin.py:137} INFO - [2023-02-01T22:23:55.970+0000] {dag.py:2690} INFO - Sync 3 DAGs
[2023-02-01T22:23:55.994+0000] {logging_mixin.py:137} INFO - [2023-02-01T22:23:55.994+0000] {dag.py:3441} INFO - Setting next_dagrun for example_subdag_operator to 2022-01-01T00:00:00+00:00, run_after=2022-01-01T00:00:00+00:00
[2023-02-01T22:23:55.997+0000] {logging_mixin.py:137} INFO - [2023-02-01T22:23:55.997+0000] {dag.py:3441} INFO - Setting next_dagrun for example_subdag_operator.section-1 to None, run_after=None
[2023-02-01T22:23:55.998+0000] {logging_mixin.py:137} INFO - [2023-02-01T22:23:55.998+0000] {dag.py:3441} INFO - Setting next_dagrun for example_subdag_operator.section-2 to None, run_after=None
[2023-02-01T22:23:56.003+0000] {logging_mixin.py:137} INFO - [2023-02-01T22:23:56.003+0000] {dag.py:2690} INFO - Sync 2 DAGs
[2023-02-01T22:23:56.007+0000] {logging_mixin.py:137} INFO - [2023-02-01T22:23:56.007+0000] {dag.py:3441} INFO - Setting next_dagrun for example_subdag_operator.section-1 to None, run_after=None
[2023-02-01T22:23:56.008+0000] {logging_mixin.py:137} INFO - [2023-02-01T22:23:56.008+0000] {dag.py:3441} INFO - Setting next_dagrun for example_subdag_operator.section-2 to None, run_after=None
[2023-02-01T22:23:56.016+0000] {processor.py:175} INFO - Processing /home/airflow/.local/lib/python3.7/site-packages/airflow/example_dags/example_subdag_operator.py took 0.112 seconds
