[2023-02-01T22:19:12.398+0000] {processor.py:153} INFO - Started process (PID=51) to work on /home/airflow/.local/lib/python3.7/site-packages/airflow/example_dags/example_branch_operator.py
[2023-02-01T22:19:12.408+0000] {processor.py:743} INFO - Processing file /home/airflow/.local/lib/python3.7/site-packages/airflow/example_dags/example_branch_operator.py for tasks to queue
[2023-02-01T22:19:12.410+0000] {logging_mixin.py:137} INFO - [2023-02-01T22:19:12.410+0000] {dagbag.py:538} INFO - Filling up the DagBag from /home/airflow/.local/lib/python3.7/site-packages/airflow/example_dags/example_branch_operator.py
[2023-02-01T22:19:12.529+0000] {processor.py:753} INFO - DAG(s) dict_keys(['example_branch_operator']) retrieved from /home/airflow/.local/lib/python3.7/site-packages/airflow/example_dags/example_branch_operator.py
[2023-02-01T22:19:12.649+0000] {logging_mixin.py:137} INFO - [2023-02-01T22:19:12.649+0000] {dag.py:2690} INFO - Sync 1 DAGs
[2023-02-01T22:19:12.864+0000] {logging_mixin.py:137} INFO - [2023-02-01T22:19:12.864+0000] {dag.py:3441} INFO - Setting next_dagrun for example_branch_operator to 2023-01-31T00:00:00+00:00, run_after=2023-02-01T00:00:00+00:00
[2023-02-01T22:19:12.973+0000] {processor.py:175} INFO - Processing /home/airflow/.local/lib/python3.7/site-packages/airflow/example_dags/example_branch_operator.py took 0.596 seconds
[2023-02-01T22:19:43.237+0000] {processor.py:153} INFO - Started process (PID=117) to work on /home/airflow/.local/lib/python3.7/site-packages/airflow/example_dags/example_branch_operator.py
[2023-02-01T22:19:43.241+0000] {processor.py:743} INFO - Processing file /home/airflow/.local/lib/python3.7/site-packages/airflow/example_dags/example_branch_operator.py for tasks to queue
[2023-02-01T22:19:43.244+0000] {logging_mixin.py:137} INFO - [2023-02-01T22:19:43.243+0000] {dagbag.py:538} INFO - Filling up the DagBag from /home/airflow/.local/lib/python3.7/site-packages/airflow/example_dags/example_branch_operator.py
[2023-02-01T22:19:43.259+0000] {processor.py:753} INFO - DAG(s) dict_keys(['example_branch_operator']) retrieved from /home/airflow/.local/lib/python3.7/site-packages/airflow/example_dags/example_branch_operator.py
[2023-02-01T22:19:43.297+0000] {logging_mixin.py:137} INFO - [2023-02-01T22:19:43.297+0000] {dag.py:2690} INFO - Sync 1 DAGs
[2023-02-01T22:19:43.316+0000] {logging_mixin.py:137} INFO - [2023-02-01T22:19:43.316+0000] {dag.py:3441} INFO - Setting next_dagrun for example_branch_operator to 2023-01-31T00:00:00+00:00, run_after=2023-02-01T00:00:00+00:00
[2023-02-01T22:19:43.346+0000] {processor.py:175} INFO - Processing /home/airflow/.local/lib/python3.7/site-packages/airflow/example_dags/example_branch_operator.py took 0.115 seconds
[2023-02-01T22:20:14.396+0000] {processor.py:153} INFO - Started process (PID=184) to work on /home/airflow/.local/lib/python3.7/site-packages/airflow/example_dags/example_branch_operator.py
[2023-02-01T22:20:14.398+0000] {processor.py:743} INFO - Processing file /home/airflow/.local/lib/python3.7/site-packages/airflow/example_dags/example_branch_operator.py for tasks to queue
[2023-02-01T22:20:14.408+0000] {logging_mixin.py:137} INFO - [2023-02-01T22:20:14.408+0000] {dagbag.py:538} INFO - Filling up the DagBag from /home/airflow/.local/lib/python3.7/site-packages/airflow/example_dags/example_branch_operator.py
[2023-02-01T22:20:14.442+0000] {processor.py:753} INFO - DAG(s) dict_keys(['example_branch_operator']) retrieved from /home/airflow/.local/lib/python3.7/site-packages/airflow/example_dags/example_branch_operator.py
[2023-02-01T22:20:14.494+0000] {logging_mixin.py:137} INFO - [2023-02-01T22:20:14.494+0000] {dag.py:2690} INFO - Sync 1 DAGs
[2023-02-01T22:20:14.516+0000] {logging_mixin.py:137} INFO - [2023-02-01T22:20:14.516+0000] {dag.py:3441} INFO - Setting next_dagrun for example_branch_operator to 2023-01-31T00:00:00+00:00, run_after=2023-02-01T00:00:00+00:00
[2023-02-01T22:20:14.535+0000] {processor.py:175} INFO - Processing /home/airflow/.local/lib/python3.7/site-packages/airflow/example_dags/example_branch_operator.py took 0.146 seconds
[2023-02-01T22:20:45.340+0000] {processor.py:153} INFO - Started process (PID=260) to work on /home/airflow/.local/lib/python3.7/site-packages/airflow/example_dags/example_branch_operator.py
[2023-02-01T22:20:45.342+0000] {processor.py:743} INFO - Processing file /home/airflow/.local/lib/python3.7/site-packages/airflow/example_dags/example_branch_operator.py for tasks to queue
[2023-02-01T22:20:45.343+0000] {logging_mixin.py:137} INFO - [2023-02-01T22:20:45.343+0000] {dagbag.py:538} INFO - Filling up the DagBag from /home/airflow/.local/lib/python3.7/site-packages/airflow/example_dags/example_branch_operator.py
[2023-02-01T22:20:45.360+0000] {processor.py:753} INFO - DAG(s) dict_keys(['example_branch_operator']) retrieved from /home/airflow/.local/lib/python3.7/site-packages/airflow/example_dags/example_branch_operator.py
[2023-02-01T22:20:45.384+0000] {logging_mixin.py:137} INFO - [2023-02-01T22:20:45.384+0000] {dag.py:2690} INFO - Sync 1 DAGs
[2023-02-01T22:20:45.430+0000] {logging_mixin.py:137} INFO - [2023-02-01T22:20:45.430+0000] {dag.py:3441} INFO - Setting next_dagrun for example_branch_operator to 2023-01-31T00:00:00+00:00, run_after=2023-02-01T00:00:00+00:00
[2023-02-01T22:20:45.457+0000] {processor.py:175} INFO - Processing /home/airflow/.local/lib/python3.7/site-packages/airflow/example_dags/example_branch_operator.py took 0.121 seconds
[2023-02-01T22:21:16.446+0000] {processor.py:153} INFO - Started process (PID=323) to work on /home/airflow/.local/lib/python3.7/site-packages/airflow/example_dags/example_branch_operator.py
[2023-02-01T22:21:16.448+0000] {processor.py:743} INFO - Processing file /home/airflow/.local/lib/python3.7/site-packages/airflow/example_dags/example_branch_operator.py for tasks to queue
[2023-02-01T22:21:16.451+0000] {logging_mixin.py:137} INFO - [2023-02-01T22:21:16.450+0000] {dagbag.py:538} INFO - Filling up the DagBag from /home/airflow/.local/lib/python3.7/site-packages/airflow/example_dags/example_branch_operator.py
[2023-02-01T22:21:16.494+0000] {processor.py:753} INFO - DAG(s) dict_keys(['example_branch_operator']) retrieved from /home/airflow/.local/lib/python3.7/site-packages/airflow/example_dags/example_branch_operator.py
[2023-02-01T22:21:16.542+0000] {logging_mixin.py:137} INFO - [2023-02-01T22:21:16.542+0000] {dag.py:2690} INFO - Sync 1 DAGs
[2023-02-01T22:21:16.564+0000] {logging_mixin.py:137} INFO - [2023-02-01T22:21:16.564+0000] {dag.py:3441} INFO - Setting next_dagrun for example_branch_operator to 2023-01-31T00:00:00+00:00, run_after=2023-02-01T00:00:00+00:00
[2023-02-01T22:21:16.584+0000] {processor.py:175} INFO - Processing /home/airflow/.local/lib/python3.7/site-packages/airflow/example_dags/example_branch_operator.py took 0.147 seconds
[2023-02-01T22:21:46.992+0000] {processor.py:153} INFO - Started process (PID=399) to work on /home/airflow/.local/lib/python3.7/site-packages/airflow/example_dags/example_branch_operator.py
[2023-02-01T22:21:46.993+0000] {processor.py:743} INFO - Processing file /home/airflow/.local/lib/python3.7/site-packages/airflow/example_dags/example_branch_operator.py for tasks to queue
[2023-02-01T22:21:46.993+0000] {logging_mixin.py:137} INFO - [2023-02-01T22:21:46.993+0000] {dagbag.py:538} INFO - Filling up the DagBag from /home/airflow/.local/lib/python3.7/site-packages/airflow/example_dags/example_branch_operator.py
[2023-02-01T22:21:47.004+0000] {processor.py:753} INFO - DAG(s) dict_keys(['example_branch_operator']) retrieved from /home/airflow/.local/lib/python3.7/site-packages/airflow/example_dags/example_branch_operator.py
[2023-02-01T22:21:47.024+0000] {logging_mixin.py:137} INFO - [2023-02-01T22:21:47.024+0000] {dag.py:2690} INFO - Sync 1 DAGs
[2023-02-01T22:21:47.039+0000] {logging_mixin.py:137} INFO - [2023-02-01T22:21:47.039+0000] {dag.py:3441} INFO - Setting next_dagrun for example_branch_operator to 2023-01-31T00:00:00+00:00, run_after=2023-02-01T00:00:00+00:00
[2023-02-01T22:21:47.050+0000] {processor.py:175} INFO - Processing /home/airflow/.local/lib/python3.7/site-packages/airflow/example_dags/example_branch_operator.py took 0.061 seconds
[2023-02-01T22:22:17.135+0000] {processor.py:153} INFO - Started process (PID=475) to work on /home/airflow/.local/lib/python3.7/site-packages/airflow/example_dags/example_branch_operator.py
[2023-02-01T22:22:17.137+0000] {processor.py:743} INFO - Processing file /home/airflow/.local/lib/python3.7/site-packages/airflow/example_dags/example_branch_operator.py for tasks to queue
[2023-02-01T22:22:17.137+0000] {logging_mixin.py:137} INFO - [2023-02-01T22:22:17.137+0000] {dagbag.py:538} INFO - Filling up the DagBag from /home/airflow/.local/lib/python3.7/site-packages/airflow/example_dags/example_branch_operator.py
[2023-02-01T22:22:17.148+0000] {processor.py:753} INFO - DAG(s) dict_keys(['example_branch_operator']) retrieved from /home/airflow/.local/lib/python3.7/site-packages/airflow/example_dags/example_branch_operator.py
[2023-02-01T22:22:17.166+0000] {logging_mixin.py:137} INFO - [2023-02-01T22:22:17.166+0000] {dag.py:2690} INFO - Sync 1 DAGs
[2023-02-01T22:22:17.182+0000] {logging_mixin.py:137} INFO - [2023-02-01T22:22:17.182+0000] {dag.py:3441} INFO - Setting next_dagrun for example_branch_operator to 2023-01-31T00:00:00+00:00, run_after=2023-02-01T00:00:00+00:00
[2023-02-01T22:22:17.192+0000] {processor.py:175} INFO - Processing /home/airflow/.local/lib/python3.7/site-packages/airflow/example_dags/example_branch_operator.py took 0.059 seconds
[2023-02-01T22:22:48.016+0000] {processor.py:153} INFO - Started process (PID=539) to work on /home/airflow/.local/lib/python3.7/site-packages/airflow/example_dags/example_branch_operator.py
[2023-02-01T22:22:48.018+0000] {processor.py:743} INFO - Processing file /home/airflow/.local/lib/python3.7/site-packages/airflow/example_dags/example_branch_operator.py for tasks to queue
[2023-02-01T22:22:48.019+0000] {logging_mixin.py:137} INFO - [2023-02-01T22:22:48.019+0000] {dagbag.py:538} INFO - Filling up the DagBag from /home/airflow/.local/lib/python3.7/site-packages/airflow/example_dags/example_branch_operator.py
[2023-02-01T22:22:48.033+0000] {processor.py:753} INFO - DAG(s) dict_keys(['example_branch_operator']) retrieved from /home/airflow/.local/lib/python3.7/site-packages/airflow/example_dags/example_branch_operator.py
[2023-02-01T22:22:48.055+0000] {logging_mixin.py:137} INFO - [2023-02-01T22:22:48.055+0000] {dag.py:2690} INFO - Sync 1 DAGs
[2023-02-01T22:22:48.075+0000] {logging_mixin.py:137} INFO - [2023-02-01T22:22:48.075+0000] {dag.py:3441} INFO - Setting next_dagrun for example_branch_operator to 2023-01-31T00:00:00+00:00, run_after=2023-02-01T00:00:00+00:00
[2023-02-01T22:22:48.089+0000] {processor.py:175} INFO - Processing /home/airflow/.local/lib/python3.7/site-packages/airflow/example_dags/example_branch_operator.py took 0.076 seconds
[2023-02-01T22:23:18.749+0000] {processor.py:153} INFO - Started process (PID=615) to work on /home/airflow/.local/lib/python3.7/site-packages/airflow/example_dags/example_branch_operator.py
[2023-02-01T22:23:18.750+0000] {processor.py:743} INFO - Processing file /home/airflow/.local/lib/python3.7/site-packages/airflow/example_dags/example_branch_operator.py for tasks to queue
[2023-02-01T22:23:18.751+0000] {logging_mixin.py:137} INFO - [2023-02-01T22:23:18.751+0000] {dagbag.py:538} INFO - Filling up the DagBag from /home/airflow/.local/lib/python3.7/site-packages/airflow/example_dags/example_branch_operator.py
[2023-02-01T22:23:18.762+0000] {processor.py:753} INFO - DAG(s) dict_keys(['example_branch_operator']) retrieved from /home/airflow/.local/lib/python3.7/site-packages/airflow/example_dags/example_branch_operator.py
[2023-02-01T22:23:18.782+0000] {logging_mixin.py:137} INFO - [2023-02-01T22:23:18.782+0000] {dag.py:2690} INFO - Sync 1 DAGs
[2023-02-01T22:23:18.798+0000] {logging_mixin.py:137} INFO - [2023-02-01T22:23:18.798+0000] {dag.py:3441} INFO - Setting next_dagrun for example_branch_operator to 2023-01-31T00:00:00+00:00, run_after=2023-02-01T00:00:00+00:00
[2023-02-01T22:23:18.810+0000] {processor.py:175} INFO - Processing /home/airflow/.local/lib/python3.7/site-packages/airflow/example_dags/example_branch_operator.py took 0.064 seconds
[2023-02-01T22:23:49.783+0000] {processor.py:153} INFO - Started process (PID=691) to work on /home/airflow/.local/lib/python3.7/site-packages/airflow/example_dags/example_branch_operator.py
[2023-02-01T22:23:49.784+0000] {processor.py:743} INFO - Processing file /home/airflow/.local/lib/python3.7/site-packages/airflow/example_dags/example_branch_operator.py for tasks to queue
[2023-02-01T22:23:49.785+0000] {logging_mixin.py:137} INFO - [2023-02-01T22:23:49.785+0000] {dagbag.py:538} INFO - Filling up the DagBag from /home/airflow/.local/lib/python3.7/site-packages/airflow/example_dags/example_branch_operator.py
[2023-02-01T22:23:49.799+0000] {processor.py:753} INFO - DAG(s) dict_keys(['example_branch_operator']) retrieved from /home/airflow/.local/lib/python3.7/site-packages/airflow/example_dags/example_branch_operator.py
[2023-02-01T22:23:49.820+0000] {logging_mixin.py:137} INFO - [2023-02-01T22:23:49.820+0000] {dag.py:2690} INFO - Sync 1 DAGs
[2023-02-01T22:23:49.839+0000] {logging_mixin.py:137} INFO - [2023-02-01T22:23:49.839+0000] {dag.py:3441} INFO - Setting next_dagrun for example_branch_operator to 2023-01-31T00:00:00+00:00, run_after=2023-02-01T00:00:00+00:00
[2023-02-01T22:23:49.856+0000] {processor.py:175} INFO - Processing /home/airflow/.local/lib/python3.7/site-packages/airflow/example_dags/example_branch_operator.py took 0.075 seconds
[2023-02-01T22:24:20.952+0000] {processor.py:153} INFO - Started process (PID=755) to work on /home/airflow/.local/lib/python3.7/site-packages/airflow/example_dags/example_branch_operator.py
[2023-02-01T22:24:20.955+0000] {processor.py:743} INFO - Processing file /home/airflow/.local/lib/python3.7/site-packages/airflow/example_dags/example_branch_operator.py for tasks to queue
[2023-02-01T22:24:20.956+0000] {logging_mixin.py:137} INFO - [2023-02-01T22:24:20.956+0000] {dagbag.py:538} INFO - Filling up the DagBag from /home/airflow/.local/lib/python3.7/site-packages/airflow/example_dags/example_branch_operator.py
[2023-02-01T22:24:20.975+0000] {processor.py:753} INFO - DAG(s) dict_keys(['example_branch_operator']) retrieved from /home/airflow/.local/lib/python3.7/site-packages/airflow/example_dags/example_branch_operator.py
[2023-02-01T22:24:21.003+0000] {logging_mixin.py:137} INFO - [2023-02-01T22:24:21.003+0000] {dag.py:2690} INFO - Sync 1 DAGs
[2023-02-01T22:24:21.034+0000] {logging_mixin.py:137} INFO - [2023-02-01T22:24:21.034+0000] {dag.py:3441} INFO - Setting next_dagrun for example_branch_operator to 2023-01-31T00:00:00+00:00, run_after=2023-02-01T00:00:00+00:00
[2023-02-01T22:24:21.059+0000] {processor.py:175} INFO - Processing /home/airflow/.local/lib/python3.7/site-packages/airflow/example_dags/example_branch_operator.py took 0.111 seconds
[2023-02-01T22:24:51.828+0000] {processor.py:153} INFO - Started process (PID=831) to work on /home/airflow/.local/lib/python3.7/site-packages/airflow/example_dags/example_branch_operator.py
[2023-02-01T22:24:51.829+0000] {processor.py:743} INFO - Processing file /home/airflow/.local/lib/python3.7/site-packages/airflow/example_dags/example_branch_operator.py for tasks to queue
[2023-02-01T22:24:51.830+0000] {logging_mixin.py:137} INFO - [2023-02-01T22:24:51.830+0000] {dagbag.py:538} INFO - Filling up the DagBag from /home/airflow/.local/lib/python3.7/site-packages/airflow/example_dags/example_branch_operator.py
[2023-02-01T22:24:51.842+0000] {processor.py:753} INFO - DAG(s) dict_keys(['example_branch_operator']) retrieved from /home/airflow/.local/lib/python3.7/site-packages/airflow/example_dags/example_branch_operator.py
[2023-02-01T22:24:51.871+0000] {logging_mixin.py:137} INFO - [2023-02-01T22:24:51.871+0000] {dag.py:2690} INFO - Sync 1 DAGs
[2023-02-01T22:24:51.896+0000] {logging_mixin.py:137} INFO - [2023-02-01T22:24:51.896+0000] {dag.py:3441} INFO - Setting next_dagrun for example_branch_operator to 2023-01-31T00:00:00+00:00, run_after=2023-02-01T00:00:00+00:00
[2023-02-01T22:24:51.910+0000] {processor.py:175} INFO - Processing /home/airflow/.local/lib/python3.7/site-packages/airflow/example_dags/example_branch_operator.py took 0.085 seconds
[2023-02-01T22:25:22.536+0000] {processor.py:153} INFO - Started process (PID=908) to work on /home/airflow/.local/lib/python3.7/site-packages/airflow/example_dags/example_branch_operator.py
[2023-02-01T22:25:22.537+0000] {processor.py:743} INFO - Processing file /home/airflow/.local/lib/python3.7/site-packages/airflow/example_dags/example_branch_operator.py for tasks to queue
[2023-02-01T22:25:22.538+0000] {logging_mixin.py:137} INFO - [2023-02-01T22:25:22.538+0000] {dagbag.py:538} INFO - Filling up the DagBag from /home/airflow/.local/lib/python3.7/site-packages/airflow/example_dags/example_branch_operator.py
[2023-02-01T22:25:22.551+0000] {processor.py:753} INFO - DAG(s) dict_keys(['example_branch_operator']) retrieved from /home/airflow/.local/lib/python3.7/site-packages/airflow/example_dags/example_branch_operator.py
[2023-02-01T22:25:22.571+0000] {logging_mixin.py:137} INFO - [2023-02-01T22:25:22.571+0000] {dag.py:2690} INFO - Sync 1 DAGs
[2023-02-01T22:25:22.587+0000] {logging_mixin.py:137} INFO - [2023-02-01T22:25:22.587+0000] {dag.py:3441} INFO - Setting next_dagrun for example_branch_operator to 2023-01-31T00:00:00+00:00, run_after=2023-02-01T00:00:00+00:00
[2023-02-01T22:25:22.599+0000] {processor.py:175} INFO - Processing /home/airflow/.local/lib/python3.7/site-packages/airflow/example_dags/example_branch_operator.py took 0.066 seconds
[2023-02-01T22:25:53.299+0000] {processor.py:153} INFO - Started process (PID=973) to work on /home/airflow/.local/lib/python3.7/site-packages/airflow/example_dags/example_branch_operator.py
[2023-02-01T22:25:53.300+0000] {processor.py:743} INFO - Processing file /home/airflow/.local/lib/python3.7/site-packages/airflow/example_dags/example_branch_operator.py for tasks to queue
[2023-02-01T22:25:53.300+0000] {logging_mixin.py:137} INFO - [2023-02-01T22:25:53.300+0000] {dagbag.py:538} INFO - Filling up the DagBag from /home/airflow/.local/lib/python3.7/site-packages/airflow/example_dags/example_branch_operator.py
[2023-02-01T22:25:53.317+0000] {processor.py:753} INFO - DAG(s) dict_keys(['example_branch_operator']) retrieved from /home/airflow/.local/lib/python3.7/site-packages/airflow/example_dags/example_branch_operator.py
[2023-02-01T22:25:53.340+0000] {logging_mixin.py:137} INFO - [2023-02-01T22:25:53.340+0000] {dag.py:2690} INFO - Sync 1 DAGs
[2023-02-01T22:25:53.357+0000] {logging_mixin.py:137} INFO - [2023-02-01T22:25:53.357+0000] {dag.py:3441} INFO - Setting next_dagrun for example_branch_operator to 2023-01-31T00:00:00+00:00, run_after=2023-02-01T00:00:00+00:00
[2023-02-01T22:25:53.370+0000] {processor.py:175} INFO - Processing /home/airflow/.local/lib/python3.7/site-packages/airflow/example_dags/example_branch_operator.py took 0.074 seconds
[2023-02-01T22:26:24.111+0000] {processor.py:153} INFO - Started process (PID=1049) to work on /home/airflow/.local/lib/python3.7/site-packages/airflow/example_dags/example_branch_operator.py
[2023-02-01T22:26:24.113+0000] {processor.py:743} INFO - Processing file /home/airflow/.local/lib/python3.7/site-packages/airflow/example_dags/example_branch_operator.py for tasks to queue
[2023-02-01T22:26:24.114+0000] {logging_mixin.py:137} INFO - [2023-02-01T22:26:24.114+0000] {dagbag.py:538} INFO - Filling up the DagBag from /home/airflow/.local/lib/python3.7/site-packages/airflow/example_dags/example_branch_operator.py
[2023-02-01T22:26:24.125+0000] {processor.py:753} INFO - DAG(s) dict_keys(['example_branch_operator']) retrieved from /home/airflow/.local/lib/python3.7/site-packages/airflow/example_dags/example_branch_operator.py
[2023-02-01T22:26:24.147+0000] {logging_mixin.py:137} INFO - [2023-02-01T22:26:24.147+0000] {dag.py:2690} INFO - Sync 1 DAGs
[2023-02-01T22:26:24.165+0000] {logging_mixin.py:137} INFO - [2023-02-01T22:26:24.165+0000] {dag.py:3441} INFO - Setting next_dagrun for example_branch_operator to 2023-01-31T00:00:00+00:00, run_after=2023-02-01T00:00:00+00:00
[2023-02-01T22:26:24.178+0000] {processor.py:175} INFO - Processing /home/airflow/.local/lib/python3.7/site-packages/airflow/example_dags/example_branch_operator.py took 0.070 seconds
[2023-02-01T22:26:55.140+0000] {processor.py:153} INFO - Started process (PID=1125) to work on /home/airflow/.local/lib/python3.7/site-packages/airflow/example_dags/example_branch_operator.py
[2023-02-01T22:26:55.141+0000] {processor.py:743} INFO - Processing file /home/airflow/.local/lib/python3.7/site-packages/airflow/example_dags/example_branch_operator.py for tasks to queue
[2023-02-01T22:26:55.142+0000] {logging_mixin.py:137} INFO - [2023-02-01T22:26:55.142+0000] {dagbag.py:538} INFO - Filling up the DagBag from /home/airflow/.local/lib/python3.7/site-packages/airflow/example_dags/example_branch_operator.py
[2023-02-01T22:26:55.154+0000] {processor.py:753} INFO - DAG(s) dict_keys(['example_branch_operator']) retrieved from /home/airflow/.local/lib/python3.7/site-packages/airflow/example_dags/example_branch_operator.py
[2023-02-01T22:26:55.173+0000] {logging_mixin.py:137} INFO - [2023-02-01T22:26:55.173+0000] {dag.py:2690} INFO - Sync 1 DAGs
[2023-02-01T22:26:55.188+0000] {logging_mixin.py:137} INFO - [2023-02-01T22:26:55.188+0000] {dag.py:3441} INFO - Setting next_dagrun for example_branch_operator to 2023-01-31T00:00:00+00:00, run_after=2023-02-01T00:00:00+00:00
[2023-02-01T22:26:55.204+0000] {processor.py:175} INFO - Processing /home/airflow/.local/lib/python3.7/site-packages/airflow/example_dags/example_branch_operator.py took 0.067 seconds
[2023-02-01T22:27:25.956+0000] {processor.py:153} INFO - Started process (PID=1189) to work on /home/airflow/.local/lib/python3.7/site-packages/airflow/example_dags/example_branch_operator.py
[2023-02-01T22:27:25.957+0000] {processor.py:743} INFO - Processing file /home/airflow/.local/lib/python3.7/site-packages/airflow/example_dags/example_branch_operator.py for tasks to queue
[2023-02-01T22:27:25.958+0000] {logging_mixin.py:137} INFO - [2023-02-01T22:27:25.958+0000] {dagbag.py:538} INFO - Filling up the DagBag from /home/airflow/.local/lib/python3.7/site-packages/airflow/example_dags/example_branch_operator.py
[2023-02-01T22:27:25.970+0000] {processor.py:753} INFO - DAG(s) dict_keys(['example_branch_operator']) retrieved from /home/airflow/.local/lib/python3.7/site-packages/airflow/example_dags/example_branch_operator.py
[2023-02-01T22:27:25.990+0000] {logging_mixin.py:137} INFO - [2023-02-01T22:27:25.990+0000] {dag.py:2690} INFO - Sync 1 DAGs
[2023-02-01T22:27:26.006+0000] {logging_mixin.py:137} INFO - [2023-02-01T22:27:26.006+0000] {dag.py:3441} INFO - Setting next_dagrun for example_branch_operator to 2023-01-31T00:00:00+00:00, run_after=2023-02-01T00:00:00+00:00
[2023-02-01T22:27:26.016+0000] {processor.py:175} INFO - Processing /home/airflow/.local/lib/python3.7/site-packages/airflow/example_dags/example_branch_operator.py took 0.062 seconds
[2023-02-01T22:27:56.674+0000] {processor.py:153} INFO - Started process (PID=1264) to work on /home/airflow/.local/lib/python3.7/site-packages/airflow/example_dags/example_branch_operator.py
[2023-02-01T22:27:56.676+0000] {processor.py:743} INFO - Processing file /home/airflow/.local/lib/python3.7/site-packages/airflow/example_dags/example_branch_operator.py for tasks to queue
[2023-02-01T22:27:56.676+0000] {logging_mixin.py:137} INFO - [2023-02-01T22:27:56.676+0000] {dagbag.py:538} INFO - Filling up the DagBag from /home/airflow/.local/lib/python3.7/site-packages/airflow/example_dags/example_branch_operator.py
[2023-02-01T22:27:56.688+0000] {processor.py:753} INFO - DAG(s) dict_keys(['example_branch_operator']) retrieved from /home/airflow/.local/lib/python3.7/site-packages/airflow/example_dags/example_branch_operator.py
[2023-02-01T22:27:56.707+0000] {logging_mixin.py:137} INFO - [2023-02-01T22:27:56.707+0000] {dag.py:2690} INFO - Sync 1 DAGs
[2023-02-01T22:27:56.723+0000] {logging_mixin.py:137} INFO - [2023-02-01T22:27:56.723+0000] {dag.py:3441} INFO - Setting next_dagrun for example_branch_operator to 2023-01-31T00:00:00+00:00, run_after=2023-02-01T00:00:00+00:00
[2023-02-01T22:27:56.734+0000] {processor.py:175} INFO - Processing /home/airflow/.local/lib/python3.7/site-packages/airflow/example_dags/example_branch_operator.py took 0.062 seconds
[2023-02-01T22:28:27.508+0000] {processor.py:153} INFO - Started process (PID=1340) to work on /home/airflow/.local/lib/python3.7/site-packages/airflow/example_dags/example_branch_operator.py
[2023-02-01T22:28:27.510+0000] {processor.py:743} INFO - Processing file /home/airflow/.local/lib/python3.7/site-packages/airflow/example_dags/example_branch_operator.py for tasks to queue
[2023-02-01T22:28:27.511+0000] {logging_mixin.py:137} INFO - [2023-02-01T22:28:27.511+0000] {dagbag.py:538} INFO - Filling up the DagBag from /home/airflow/.local/lib/python3.7/site-packages/airflow/example_dags/example_branch_operator.py
[2023-02-01T22:28:27.524+0000] {processor.py:753} INFO - DAG(s) dict_keys(['example_branch_operator']) retrieved from /home/airflow/.local/lib/python3.7/site-packages/airflow/example_dags/example_branch_operator.py
[2023-02-01T22:28:27.544+0000] {logging_mixin.py:137} INFO - [2023-02-01T22:28:27.544+0000] {dag.py:2690} INFO - Sync 1 DAGs
[2023-02-01T22:28:27.559+0000] {logging_mixin.py:137} INFO - [2023-02-01T22:28:27.559+0000] {dag.py:3441} INFO - Setting next_dagrun for example_branch_operator to 2023-01-31T00:00:00+00:00, run_after=2023-02-01T00:00:00+00:00
[2023-02-01T22:28:27.570+0000] {processor.py:175} INFO - Processing /home/airflow/.local/lib/python3.7/site-packages/airflow/example_dags/example_branch_operator.py took 0.065 seconds
[2023-02-01T22:28:58.102+0000] {processor.py:153} INFO - Started process (PID=1403) to work on /home/airflow/.local/lib/python3.7/site-packages/airflow/example_dags/example_branch_operator.py
[2023-02-01T22:28:58.103+0000] {processor.py:743} INFO - Processing file /home/airflow/.local/lib/python3.7/site-packages/airflow/example_dags/example_branch_operator.py for tasks to queue
[2023-02-01T22:28:58.104+0000] {logging_mixin.py:137} INFO - [2023-02-01T22:28:58.104+0000] {dagbag.py:538} INFO - Filling up the DagBag from /home/airflow/.local/lib/python3.7/site-packages/airflow/example_dags/example_branch_operator.py
[2023-02-01T22:28:58.117+0000] {processor.py:753} INFO - DAG(s) dict_keys(['example_branch_operator']) retrieved from /home/airflow/.local/lib/python3.7/site-packages/airflow/example_dags/example_branch_operator.py
[2023-02-01T22:28:58.136+0000] {logging_mixin.py:137} INFO - [2023-02-01T22:28:58.136+0000] {dag.py:2690} INFO - Sync 1 DAGs
[2023-02-01T22:28:58.154+0000] {logging_mixin.py:137} INFO - [2023-02-01T22:28:58.154+0000] {dag.py:3441} INFO - Setting next_dagrun for example_branch_operator to 2023-01-31T00:00:00+00:00, run_after=2023-02-01T00:00:00+00:00
[2023-02-01T22:28:58.165+0000] {processor.py:175} INFO - Processing /home/airflow/.local/lib/python3.7/site-packages/airflow/example_dags/example_branch_operator.py took 0.066 seconds
[2023-02-01T22:29:28.771+0000] {processor.py:153} INFO - Started process (PID=1479) to work on /home/airflow/.local/lib/python3.7/site-packages/airflow/example_dags/example_branch_operator.py
[2023-02-01T22:29:28.773+0000] {processor.py:743} INFO - Processing file /home/airflow/.local/lib/python3.7/site-packages/airflow/example_dags/example_branch_operator.py for tasks to queue
[2023-02-01T22:29:28.774+0000] {logging_mixin.py:137} INFO - [2023-02-01T22:29:28.774+0000] {dagbag.py:538} INFO - Filling up the DagBag from /home/airflow/.local/lib/python3.7/site-packages/airflow/example_dags/example_branch_operator.py
[2023-02-01T22:29:28.789+0000] {processor.py:753} INFO - DAG(s) dict_keys(['example_branch_operator']) retrieved from /home/airflow/.local/lib/python3.7/site-packages/airflow/example_dags/example_branch_operator.py
[2023-02-01T22:29:28.821+0000] {logging_mixin.py:137} INFO - [2023-02-01T22:29:28.821+0000] {dag.py:2690} INFO - Sync 1 DAGs
[2023-02-01T22:29:28.848+0000] {logging_mixin.py:137} INFO - [2023-02-01T22:29:28.848+0000] {dag.py:3441} INFO - Setting next_dagrun for example_branch_operator to 2023-01-31T00:00:00+00:00, run_after=2023-02-01T00:00:00+00:00
[2023-02-01T22:29:28.861+0000] {processor.py:175} INFO - Processing /home/airflow/.local/lib/python3.7/site-packages/airflow/example_dags/example_branch_operator.py took 0.093 seconds
[2023-02-01T22:29:59.549+0000] {processor.py:153} INFO - Started process (PID=1542) to work on /home/airflow/.local/lib/python3.7/site-packages/airflow/example_dags/example_branch_operator.py
[2023-02-01T22:29:59.550+0000] {processor.py:743} INFO - Processing file /home/airflow/.local/lib/python3.7/site-packages/airflow/example_dags/example_branch_operator.py for tasks to queue
[2023-02-01T22:29:59.551+0000] {logging_mixin.py:137} INFO - [2023-02-01T22:29:59.551+0000] {dagbag.py:538} INFO - Filling up the DagBag from /home/airflow/.local/lib/python3.7/site-packages/airflow/example_dags/example_branch_operator.py
[2023-02-01T22:29:59.563+0000] {processor.py:753} INFO - DAG(s) dict_keys(['example_branch_operator']) retrieved from /home/airflow/.local/lib/python3.7/site-packages/airflow/example_dags/example_branch_operator.py
[2023-02-01T22:29:59.583+0000] {logging_mixin.py:137} INFO - [2023-02-01T22:29:59.583+0000] {dag.py:2690} INFO - Sync 1 DAGs
[2023-02-01T22:29:59.601+0000] {logging_mixin.py:137} INFO - [2023-02-01T22:29:59.601+0000] {dag.py:3441} INFO - Setting next_dagrun for example_branch_operator to 2023-01-31T00:00:00+00:00, run_after=2023-02-01T00:00:00+00:00
[2023-02-01T22:29:59.612+0000] {processor.py:175} INFO - Processing /home/airflow/.local/lib/python3.7/site-packages/airflow/example_dags/example_branch_operator.py took 0.066 seconds
[2023-02-01T22:30:30.336+0000] {processor.py:153} INFO - Started process (PID=1618) to work on /home/airflow/.local/lib/python3.7/site-packages/airflow/example_dags/example_branch_operator.py
[2023-02-01T22:30:30.338+0000] {processor.py:743} INFO - Processing file /home/airflow/.local/lib/python3.7/site-packages/airflow/example_dags/example_branch_operator.py for tasks to queue
[2023-02-01T22:30:30.338+0000] {logging_mixin.py:137} INFO - [2023-02-01T22:30:30.338+0000] {dagbag.py:538} INFO - Filling up the DagBag from /home/airflow/.local/lib/python3.7/site-packages/airflow/example_dags/example_branch_operator.py
[2023-02-01T22:30:30.351+0000] {processor.py:753} INFO - DAG(s) dict_keys(['example_branch_operator']) retrieved from /home/airflow/.local/lib/python3.7/site-packages/airflow/example_dags/example_branch_operator.py
[2023-02-01T22:30:30.373+0000] {logging_mixin.py:137} INFO - [2023-02-01T22:30:30.373+0000] {dag.py:2690} INFO - Sync 1 DAGs
[2023-02-01T22:30:30.402+0000] {logging_mixin.py:137} INFO - [2023-02-01T22:30:30.402+0000] {dag.py:3441} INFO - Setting next_dagrun for example_branch_operator to 2023-01-31T00:00:00+00:00, run_after=2023-02-01T00:00:00+00:00
[2023-02-01T22:30:30.422+0000] {processor.py:175} INFO - Processing /home/airflow/.local/lib/python3.7/site-packages/airflow/example_dags/example_branch_operator.py took 0.088 seconds
[2023-02-01T22:31:01.648+0000] {processor.py:153} INFO - Started process (PID=1694) to work on /home/airflow/.local/lib/python3.7/site-packages/airflow/example_dags/example_branch_operator.py
[2023-02-01T22:31:01.652+0000] {processor.py:743} INFO - Processing file /home/airflow/.local/lib/python3.7/site-packages/airflow/example_dags/example_branch_operator.py for tasks to queue
[2023-02-01T22:31:01.654+0000] {logging_mixin.py:137} INFO - [2023-02-01T22:31:01.654+0000] {dagbag.py:538} INFO - Filling up the DagBag from /home/airflow/.local/lib/python3.7/site-packages/airflow/example_dags/example_branch_operator.py
[2023-02-01T22:31:01.689+0000] {processor.py:753} INFO - DAG(s) dict_keys(['example_branch_operator']) retrieved from /home/airflow/.local/lib/python3.7/site-packages/airflow/example_dags/example_branch_operator.py
[2023-02-01T22:31:01.739+0000] {logging_mixin.py:137} INFO - [2023-02-01T22:31:01.739+0000] {dag.py:2690} INFO - Sync 1 DAGs
[2023-02-01T22:31:01.766+0000] {logging_mixin.py:137} INFO - [2023-02-01T22:31:01.766+0000] {dag.py:3441} INFO - Setting next_dagrun for example_branch_operator to 2023-01-31T00:00:00+00:00, run_after=2023-02-01T00:00:00+00:00
[2023-02-01T22:31:01.793+0000] {processor.py:175} INFO - Processing /home/airflow/.local/lib/python3.7/site-packages/airflow/example_dags/example_branch_operator.py took 0.178 seconds
[2023-02-01T22:31:32.496+0000] {processor.py:153} INFO - Started process (PID=1758) to work on /home/airflow/.local/lib/python3.7/site-packages/airflow/example_dags/example_branch_operator.py
[2023-02-01T22:31:32.497+0000] {processor.py:743} INFO - Processing file /home/airflow/.local/lib/python3.7/site-packages/airflow/example_dags/example_branch_operator.py for tasks to queue
[2023-02-01T22:31:32.498+0000] {logging_mixin.py:137} INFO - [2023-02-01T22:31:32.498+0000] {dagbag.py:538} INFO - Filling up the DagBag from /home/airflow/.local/lib/python3.7/site-packages/airflow/example_dags/example_branch_operator.py
[2023-02-01T22:31:32.511+0000] {processor.py:753} INFO - DAG(s) dict_keys(['example_branch_operator']) retrieved from /home/airflow/.local/lib/python3.7/site-packages/airflow/example_dags/example_branch_operator.py
[2023-02-01T22:31:32.533+0000] {logging_mixin.py:137} INFO - [2023-02-01T22:31:32.533+0000] {dag.py:2690} INFO - Sync 1 DAGs
[2023-02-01T22:31:32.552+0000] {logging_mixin.py:137} INFO - [2023-02-01T22:31:32.552+0000] {dag.py:3441} INFO - Setting next_dagrun for example_branch_operator to 2023-01-31T00:00:00+00:00, run_after=2023-02-01T00:00:00+00:00
[2023-02-01T22:31:32.567+0000] {processor.py:175} INFO - Processing /home/airflow/.local/lib/python3.7/site-packages/airflow/example_dags/example_branch_operator.py took 0.075 seconds
[2023-02-01T22:32:02.985+0000] {processor.py:153} INFO - Started process (PID=1833) to work on /home/airflow/.local/lib/python3.7/site-packages/airflow/example_dags/example_branch_operator.py
[2023-02-01T22:32:02.986+0000] {processor.py:743} INFO - Processing file /home/airflow/.local/lib/python3.7/site-packages/airflow/example_dags/example_branch_operator.py for tasks to queue
[2023-02-01T22:32:02.987+0000] {logging_mixin.py:137} INFO - [2023-02-01T22:32:02.987+0000] {dagbag.py:538} INFO - Filling up the DagBag from /home/airflow/.local/lib/python3.7/site-packages/airflow/example_dags/example_branch_operator.py
[2023-02-01T22:32:02.999+0000] {processor.py:753} INFO - DAG(s) dict_keys(['example_branch_operator']) retrieved from /home/airflow/.local/lib/python3.7/site-packages/airflow/example_dags/example_branch_operator.py
[2023-02-01T22:32:03.019+0000] {logging_mixin.py:137} INFO - [2023-02-01T22:32:03.019+0000] {dag.py:2690} INFO - Sync 1 DAGs
[2023-02-01T22:32:03.039+0000] {logging_mixin.py:137} INFO - [2023-02-01T22:32:03.039+0000] {dag.py:3441} INFO - Setting next_dagrun for example_branch_operator to 2023-01-31T00:00:00+00:00, run_after=2023-02-01T00:00:00+00:00
[2023-02-01T22:32:03.053+0000] {processor.py:175} INFO - Processing /home/airflow/.local/lib/python3.7/site-packages/airflow/example_dags/example_branch_operator.py took 0.071 seconds
[2023-02-01T22:32:33.189+0000] {processor.py:153} INFO - Started process (PID=1898) to work on /home/airflow/.local/lib/python3.7/site-packages/airflow/example_dags/example_branch_operator.py
[2023-02-01T22:32:33.190+0000] {processor.py:743} INFO - Processing file /home/airflow/.local/lib/python3.7/site-packages/airflow/example_dags/example_branch_operator.py for tasks to queue
[2023-02-01T22:32:33.190+0000] {logging_mixin.py:137} INFO - [2023-02-01T22:32:33.190+0000] {dagbag.py:538} INFO - Filling up the DagBag from /home/airflow/.local/lib/python3.7/site-packages/airflow/example_dags/example_branch_operator.py
[2023-02-01T22:32:33.203+0000] {processor.py:753} INFO - DAG(s) dict_keys(['example_branch_operator']) retrieved from /home/airflow/.local/lib/python3.7/site-packages/airflow/example_dags/example_branch_operator.py
[2023-02-01T22:32:33.224+0000] {logging_mixin.py:137} INFO - [2023-02-01T22:32:33.224+0000] {dag.py:2690} INFO - Sync 1 DAGs
[2023-02-01T22:32:33.241+0000] {logging_mixin.py:137} INFO - [2023-02-01T22:32:33.241+0000] {dag.py:3441} INFO - Setting next_dagrun for example_branch_operator to 2023-01-31T00:00:00+00:00, run_after=2023-02-01T00:00:00+00:00
[2023-02-01T22:32:33.257+0000] {processor.py:175} INFO - Processing /home/airflow/.local/lib/python3.7/site-packages/airflow/example_dags/example_branch_operator.py took 0.071 seconds
[2023-02-01T22:33:03.923+0000] {processor.py:153} INFO - Started process (PID=1974) to work on /home/airflow/.local/lib/python3.7/site-packages/airflow/example_dags/example_branch_operator.py
[2023-02-01T22:33:03.924+0000] {processor.py:743} INFO - Processing file /home/airflow/.local/lib/python3.7/site-packages/airflow/example_dags/example_branch_operator.py for tasks to queue
[2023-02-01T22:33:03.925+0000] {logging_mixin.py:137} INFO - [2023-02-01T22:33:03.925+0000] {dagbag.py:538} INFO - Filling up the DagBag from /home/airflow/.local/lib/python3.7/site-packages/airflow/example_dags/example_branch_operator.py
[2023-02-01T22:33:03.936+0000] {processor.py:753} INFO - DAG(s) dict_keys(['example_branch_operator']) retrieved from /home/airflow/.local/lib/python3.7/site-packages/airflow/example_dags/example_branch_operator.py
[2023-02-01T22:33:03.955+0000] {logging_mixin.py:137} INFO - [2023-02-01T22:33:03.955+0000] {dag.py:2690} INFO - Sync 1 DAGs
[2023-02-01T22:33:03.972+0000] {logging_mixin.py:137} INFO - [2023-02-01T22:33:03.972+0000] {dag.py:3441} INFO - Setting next_dagrun for example_branch_operator to 2023-01-31T00:00:00+00:00, run_after=2023-02-01T00:00:00+00:00
[2023-02-01T22:33:03.984+0000] {processor.py:175} INFO - Processing /home/airflow/.local/lib/python3.7/site-packages/airflow/example_dags/example_branch_operator.py took 0.065 seconds
[2023-02-01T22:33:34.366+0000] {processor.py:153} INFO - Started process (PID=2047) to work on /home/airflow/.local/lib/python3.7/site-packages/airflow/example_dags/example_branch_operator.py
[2023-02-01T22:33:34.367+0000] {processor.py:743} INFO - Processing file /home/airflow/.local/lib/python3.7/site-packages/airflow/example_dags/example_branch_operator.py for tasks to queue
[2023-02-01T22:33:34.372+0000] {logging_mixin.py:137} INFO - [2023-02-01T22:33:34.372+0000] {dagbag.py:538} INFO - Filling up the DagBag from /home/airflow/.local/lib/python3.7/site-packages/airflow/example_dags/example_branch_operator.py
[2023-02-01T22:33:34.388+0000] {processor.py:753} INFO - DAG(s) dict_keys(['example_branch_operator']) retrieved from /home/airflow/.local/lib/python3.7/site-packages/airflow/example_dags/example_branch_operator.py
[2023-02-01T22:33:34.420+0000] {logging_mixin.py:137} INFO - [2023-02-01T22:33:34.420+0000] {dag.py:2690} INFO - Sync 1 DAGs
[2023-02-01T22:33:34.471+0000] {logging_mixin.py:137} INFO - [2023-02-01T22:33:34.471+0000] {dag.py:3441} INFO - Setting next_dagrun for example_branch_operator to 2023-01-31T00:00:00+00:00, run_after=2023-02-01T00:00:00+00:00
[2023-02-01T22:33:34.493+0000] {processor.py:175} INFO - Processing /home/airflow/.local/lib/python3.7/site-packages/airflow/example_dags/example_branch_operator.py took 0.130 seconds
[2023-02-01T22:34:05.192+0000] {processor.py:153} INFO - Started process (PID=2114) to work on /home/airflow/.local/lib/python3.7/site-packages/airflow/example_dags/example_branch_operator.py
[2023-02-01T22:34:05.193+0000] {processor.py:743} INFO - Processing file /home/airflow/.local/lib/python3.7/site-packages/airflow/example_dags/example_branch_operator.py for tasks to queue
[2023-02-01T22:34:05.194+0000] {logging_mixin.py:137} INFO - [2023-02-01T22:34:05.194+0000] {dagbag.py:538} INFO - Filling up the DagBag from /home/airflow/.local/lib/python3.7/site-packages/airflow/example_dags/example_branch_operator.py
[2023-02-01T22:34:05.205+0000] {processor.py:753} INFO - DAG(s) dict_keys(['example_branch_operator']) retrieved from /home/airflow/.local/lib/python3.7/site-packages/airflow/example_dags/example_branch_operator.py
[2023-02-01T22:34:05.228+0000] {logging_mixin.py:137} INFO - [2023-02-01T22:34:05.228+0000] {dag.py:2690} INFO - Sync 1 DAGs
[2023-02-01T22:34:05.246+0000] {logging_mixin.py:137} INFO - [2023-02-01T22:34:05.246+0000] {dag.py:3441} INFO - Setting next_dagrun for example_branch_operator to 2023-01-31T00:00:00+00:00, run_after=2023-02-01T00:00:00+00:00
[2023-02-01T22:34:05.261+0000] {processor.py:175} INFO - Processing /home/airflow/.local/lib/python3.7/site-packages/airflow/example_dags/example_branch_operator.py took 0.072 seconds
[2023-02-01T22:34:35.807+0000] {processor.py:153} INFO - Started process (PID=2189) to work on /home/airflow/.local/lib/python3.7/site-packages/airflow/example_dags/example_branch_operator.py
[2023-02-01T22:34:35.808+0000] {processor.py:743} INFO - Processing file /home/airflow/.local/lib/python3.7/site-packages/airflow/example_dags/example_branch_operator.py for tasks to queue
[2023-02-01T22:34:35.809+0000] {logging_mixin.py:137} INFO - [2023-02-01T22:34:35.809+0000] {dagbag.py:538} INFO - Filling up the DagBag from /home/airflow/.local/lib/python3.7/site-packages/airflow/example_dags/example_branch_operator.py
[2023-02-01T22:34:35.821+0000] {processor.py:753} INFO - DAG(s) dict_keys(['example_branch_operator']) retrieved from /home/airflow/.local/lib/python3.7/site-packages/airflow/example_dags/example_branch_operator.py
[2023-02-01T22:34:35.846+0000] {logging_mixin.py:137} INFO - [2023-02-01T22:34:35.846+0000] {dag.py:2690} INFO - Sync 1 DAGs
[2023-02-01T22:34:35.863+0000] {logging_mixin.py:137} INFO - [2023-02-01T22:34:35.862+0000] {dag.py:3441} INFO - Setting next_dagrun for example_branch_operator to 2023-01-31T00:00:00+00:00, run_after=2023-02-01T00:00:00+00:00
[2023-02-01T22:34:35.876+0000] {processor.py:175} INFO - Processing /home/airflow/.local/lib/python3.7/site-packages/airflow/example_dags/example_branch_operator.py took 0.071 seconds
[2023-02-01T22:35:06.781+0000] {processor.py:153} INFO - Started process (PID=2253) to work on /home/airflow/.local/lib/python3.7/site-packages/airflow/example_dags/example_branch_operator.py
[2023-02-01T22:35:06.783+0000] {processor.py:743} INFO - Processing file /home/airflow/.local/lib/python3.7/site-packages/airflow/example_dags/example_branch_operator.py for tasks to queue
[2023-02-01T22:35:06.784+0000] {logging_mixin.py:137} INFO - [2023-02-01T22:35:06.784+0000] {dagbag.py:538} INFO - Filling up the DagBag from /home/airflow/.local/lib/python3.7/site-packages/airflow/example_dags/example_branch_operator.py
[2023-02-01T22:35:06.801+0000] {processor.py:753} INFO - DAG(s) dict_keys(['example_branch_operator']) retrieved from /home/airflow/.local/lib/python3.7/site-packages/airflow/example_dags/example_branch_operator.py
[2023-02-01T22:35:06.832+0000] {logging_mixin.py:137} INFO - [2023-02-01T22:35:06.832+0000] {dag.py:2690} INFO - Sync 1 DAGs
[2023-02-01T22:35:06.859+0000] {logging_mixin.py:137} INFO - [2023-02-01T22:35:06.858+0000] {dag.py:3441} INFO - Setting next_dagrun for example_branch_operator to 2023-01-31T00:00:00+00:00, run_after=2023-02-01T00:00:00+00:00
[2023-02-01T22:35:06.882+0000] {processor.py:175} INFO - Processing /home/airflow/.local/lib/python3.7/site-packages/airflow/example_dags/example_branch_operator.py took 0.103 seconds
[2023-02-01T22:35:37.566+0000] {processor.py:153} INFO - Started process (PID=2330) to work on /home/airflow/.local/lib/python3.7/site-packages/airflow/example_dags/example_branch_operator.py
[2023-02-01T22:35:37.567+0000] {processor.py:743} INFO - Processing file /home/airflow/.local/lib/python3.7/site-packages/airflow/example_dags/example_branch_operator.py for tasks to queue
[2023-02-01T22:35:37.568+0000] {logging_mixin.py:137} INFO - [2023-02-01T22:35:37.568+0000] {dagbag.py:538} INFO - Filling up the DagBag from /home/airflow/.local/lib/python3.7/site-packages/airflow/example_dags/example_branch_operator.py
[2023-02-01T22:35:37.580+0000] {processor.py:753} INFO - DAG(s) dict_keys(['example_branch_operator']) retrieved from /home/airflow/.local/lib/python3.7/site-packages/airflow/example_dags/example_branch_operator.py
[2023-02-01T22:35:37.601+0000] {logging_mixin.py:137} INFO - [2023-02-01T22:35:37.601+0000] {dag.py:2690} INFO - Sync 1 DAGs
[2023-02-01T22:35:37.618+0000] {logging_mixin.py:137} INFO - [2023-02-01T22:35:37.618+0000] {dag.py:3441} INFO - Setting next_dagrun for example_branch_operator to 2023-01-31T00:00:00+00:00, run_after=2023-02-01T00:00:00+00:00
[2023-02-01T22:35:37.630+0000] {processor.py:175} INFO - Processing /home/airflow/.local/lib/python3.7/site-packages/airflow/example_dags/example_branch_operator.py took 0.067 seconds
[2023-02-01T22:36:08.327+0000] {processor.py:153} INFO - Started process (PID=2406) to work on /home/airflow/.local/lib/python3.7/site-packages/airflow/example_dags/example_branch_operator.py
[2023-02-01T22:36:08.328+0000] {processor.py:743} INFO - Processing file /home/airflow/.local/lib/python3.7/site-packages/airflow/example_dags/example_branch_operator.py for tasks to queue
[2023-02-01T22:36:08.332+0000] {logging_mixin.py:137} INFO - [2023-02-01T22:36:08.332+0000] {dagbag.py:538} INFO - Filling up the DagBag from /home/airflow/.local/lib/python3.7/site-packages/airflow/example_dags/example_branch_operator.py
[2023-02-01T22:36:08.350+0000] {processor.py:753} INFO - DAG(s) dict_keys(['example_branch_operator']) retrieved from /home/airflow/.local/lib/python3.7/site-packages/airflow/example_dags/example_branch_operator.py
[2023-02-01T22:36:08.383+0000] {logging_mixin.py:137} INFO - [2023-02-01T22:36:08.383+0000] {dag.py:2690} INFO - Sync 1 DAGs
[2023-02-01T22:36:08.406+0000] {logging_mixin.py:137} INFO - [2023-02-01T22:36:08.406+0000] {dag.py:3441} INFO - Setting next_dagrun for example_branch_operator to 2023-01-31T00:00:00+00:00, run_after=2023-02-01T00:00:00+00:00
[2023-02-01T22:36:08.421+0000] {processor.py:175} INFO - Processing /home/airflow/.local/lib/python3.7/site-packages/airflow/example_dags/example_branch_operator.py took 0.097 seconds
[2023-02-01T22:36:38.860+0000] {processor.py:153} INFO - Started process (PID=2470) to work on /home/airflow/.local/lib/python3.7/site-packages/airflow/example_dags/example_branch_operator.py
[2023-02-01T22:36:38.861+0000] {processor.py:743} INFO - Processing file /home/airflow/.local/lib/python3.7/site-packages/airflow/example_dags/example_branch_operator.py for tasks to queue
[2023-02-01T22:36:38.862+0000] {logging_mixin.py:137} INFO - [2023-02-01T22:36:38.862+0000] {dagbag.py:538} INFO - Filling up the DagBag from /home/airflow/.local/lib/python3.7/site-packages/airflow/example_dags/example_branch_operator.py
[2023-02-01T22:36:38.873+0000] {processor.py:753} INFO - DAG(s) dict_keys(['example_branch_operator']) retrieved from /home/airflow/.local/lib/python3.7/site-packages/airflow/example_dags/example_branch_operator.py
[2023-02-01T22:36:38.895+0000] {logging_mixin.py:137} INFO - [2023-02-01T22:36:38.894+0000] {dag.py:2690} INFO - Sync 1 DAGs
[2023-02-01T22:36:38.912+0000] {logging_mixin.py:137} INFO - [2023-02-01T22:36:38.912+0000] {dag.py:3441} INFO - Setting next_dagrun for example_branch_operator to 2023-01-31T00:00:00+00:00, run_after=2023-02-01T00:00:00+00:00
[2023-02-01T22:36:38.924+0000] {processor.py:175} INFO - Processing /home/airflow/.local/lib/python3.7/site-packages/airflow/example_dags/example_branch_operator.py took 0.067 seconds
