[2023-02-01T22:19:10.459+0000] {processor.py:153} INFO - Started process (PID=34) to work on /home/airflow/.local/lib/python3.7/site-packages/airflow/example_dags/example_skip_dag.py
[2023-02-01T22:19:10.470+0000] {processor.py:743} INFO - Processing file /home/airflow/.local/lib/python3.7/site-packages/airflow/example_dags/example_skip_dag.py for tasks to queue
[2023-02-01T22:19:10.474+0000] {logging_mixin.py:137} INFO - [2023-02-01T22:19:10.474+0000] {dagbag.py:538} INFO - Filling up the DagBag from /home/airflow/.local/lib/python3.7/site-packages/airflow/example_dags/example_skip_dag.py
[2023-02-01T22:19:10.526+0000] {processor.py:753} INFO - DAG(s) dict_keys(['example_skip_dag']) retrieved from /home/airflow/.local/lib/python3.7/site-packages/airflow/example_dags/example_skip_dag.py
[2023-02-01T22:19:10.567+0000] {logging_mixin.py:137} INFO - [2023-02-01T22:19:10.567+0000] {dag.py:2690} INFO - Sync 1 DAGs
[2023-02-01T22:19:10.606+0000] {logging_mixin.py:137} INFO - [2023-02-01T22:19:10.606+0000] {dag.py:3441} INFO - Setting next_dagrun for example_skip_dag to 2023-01-31T22:19:10.605660+00:00, run_after=2023-02-01T22:19:10.605660+00:00
[2023-02-01T22:19:10.629+0000] {processor.py:175} INFO - Processing /home/airflow/.local/lib/python3.7/site-packages/airflow/example_dags/example_skip_dag.py took 0.179 seconds
[2023-02-01T22:19:41.286+0000] {processor.py:153} INFO - Started process (PID=98) to work on /home/airflow/.local/lib/python3.7/site-packages/airflow/example_dags/example_skip_dag.py
[2023-02-01T22:19:41.287+0000] {processor.py:743} INFO - Processing file /home/airflow/.local/lib/python3.7/site-packages/airflow/example_dags/example_skip_dag.py for tasks to queue
[2023-02-01T22:19:41.288+0000] {logging_mixin.py:137} INFO - [2023-02-01T22:19:41.288+0000] {dagbag.py:538} INFO - Filling up the DagBag from /home/airflow/.local/lib/python3.7/site-packages/airflow/example_dags/example_skip_dag.py
[2023-02-01T22:19:41.317+0000] {processor.py:753} INFO - DAG(s) dict_keys(['example_skip_dag']) retrieved from /home/airflow/.local/lib/python3.7/site-packages/airflow/example_dags/example_skip_dag.py
[2023-02-01T22:19:41.346+0000] {logging_mixin.py:137} INFO - [2023-02-01T22:19:41.345+0000] {dag.py:2690} INFO - Sync 1 DAGs
[2023-02-01T22:19:41.363+0000] {logging_mixin.py:137} INFO - [2023-02-01T22:19:41.363+0000] {dag.py:3441} INFO - Setting next_dagrun for example_skip_dag to 2023-01-31T22:19:41.363492+00:00, run_after=2023-02-01T22:19:41.363492+00:00
[2023-02-01T22:19:41.384+0000] {processor.py:175} INFO - Processing /home/airflow/.local/lib/python3.7/site-packages/airflow/example_dags/example_skip_dag.py took 0.104 seconds
[2023-02-01T22:20:12.436+0000] {processor.py:153} INFO - Started process (PID=174) to work on /home/airflow/.local/lib/python3.7/site-packages/airflow/example_dags/example_skip_dag.py
[2023-02-01T22:20:12.438+0000] {processor.py:743} INFO - Processing file /home/airflow/.local/lib/python3.7/site-packages/airflow/example_dags/example_skip_dag.py for tasks to queue
[2023-02-01T22:20:12.440+0000] {logging_mixin.py:137} INFO - [2023-02-01T22:20:12.439+0000] {dagbag.py:538} INFO - Filling up the DagBag from /home/airflow/.local/lib/python3.7/site-packages/airflow/example_dags/example_skip_dag.py
[2023-02-01T22:20:12.480+0000] {processor.py:753} INFO - DAG(s) dict_keys(['example_skip_dag']) retrieved from /home/airflow/.local/lib/python3.7/site-packages/airflow/example_dags/example_skip_dag.py
[2023-02-01T22:20:12.543+0000] {logging_mixin.py:137} INFO - [2023-02-01T22:20:12.543+0000] {dag.py:2690} INFO - Sync 1 DAGs
[2023-02-01T22:20:12.570+0000] {logging_mixin.py:137} INFO - [2023-02-01T22:20:12.570+0000] {dag.py:3441} INFO - Setting next_dagrun for example_skip_dag to 2023-01-31T22:20:12.569728+00:00, run_after=2023-02-01T22:20:12.569728+00:00
[2023-02-01T22:20:12.591+0000] {processor.py:175} INFO - Processing /home/airflow/.local/lib/python3.7/site-packages/airflow/example_dags/example_skip_dag.py took 0.160 seconds
[2023-02-01T22:20:43.526+0000] {processor.py:153} INFO - Started process (PID=250) to work on /home/airflow/.local/lib/python3.7/site-packages/airflow/example_dags/example_skip_dag.py
[2023-02-01T22:20:43.537+0000] {processor.py:743} INFO - Processing file /home/airflow/.local/lib/python3.7/site-packages/airflow/example_dags/example_skip_dag.py for tasks to queue
[2023-02-01T22:20:43.541+0000] {logging_mixin.py:137} INFO - [2023-02-01T22:20:43.541+0000] {dagbag.py:538} INFO - Filling up the DagBag from /home/airflow/.local/lib/python3.7/site-packages/airflow/example_dags/example_skip_dag.py
[2023-02-01T22:20:43.579+0000] {processor.py:753} INFO - DAG(s) dict_keys(['example_skip_dag']) retrieved from /home/airflow/.local/lib/python3.7/site-packages/airflow/example_dags/example_skip_dag.py
[2023-02-01T22:20:43.617+0000] {logging_mixin.py:137} INFO - [2023-02-01T22:20:43.617+0000] {dag.py:2690} INFO - Sync 1 DAGs
[2023-02-01T22:20:43.646+0000] {logging_mixin.py:137} INFO - [2023-02-01T22:20:43.646+0000] {dag.py:3441} INFO - Setting next_dagrun for example_skip_dag to 2023-01-31T22:20:43.645622+00:00, run_after=2023-02-01T22:20:43.645622+00:00
[2023-02-01T22:20:43.664+0000] {processor.py:175} INFO - Processing /home/airflow/.local/lib/python3.7/site-packages/airflow/example_dags/example_skip_dag.py took 0.143 seconds
[2023-02-01T22:21:14.294+0000] {processor.py:153} INFO - Started process (PID=313) to work on /home/airflow/.local/lib/python3.7/site-packages/airflow/example_dags/example_skip_dag.py
[2023-02-01T22:21:14.296+0000] {processor.py:743} INFO - Processing file /home/airflow/.local/lib/python3.7/site-packages/airflow/example_dags/example_skip_dag.py for tasks to queue
[2023-02-01T22:21:14.301+0000] {logging_mixin.py:137} INFO - [2023-02-01T22:21:14.301+0000] {dagbag.py:538} INFO - Filling up the DagBag from /home/airflow/.local/lib/python3.7/site-packages/airflow/example_dags/example_skip_dag.py
[2023-02-01T22:21:14.344+0000] {processor.py:753} INFO - DAG(s) dict_keys(['example_skip_dag']) retrieved from /home/airflow/.local/lib/python3.7/site-packages/airflow/example_dags/example_skip_dag.py
[2023-02-01T22:21:14.392+0000] {logging_mixin.py:137} INFO - [2023-02-01T22:21:14.391+0000] {dag.py:2690} INFO - Sync 1 DAGs
[2023-02-01T22:21:14.423+0000] {logging_mixin.py:137} INFO - [2023-02-01T22:21:14.423+0000] {dag.py:3441} INFO - Setting next_dagrun for example_skip_dag to 2023-01-31T22:21:14.422523+00:00, run_after=2023-02-01T22:21:14.422523+00:00
[2023-02-01T22:21:14.442+0000] {processor.py:175} INFO - Processing /home/airflow/.local/lib/python3.7/site-packages/airflow/example_dags/example_skip_dag.py took 0.154 seconds
[2023-02-01T22:21:45.391+0000] {processor.py:153} INFO - Started process (PID=389) to work on /home/airflow/.local/lib/python3.7/site-packages/airflow/example_dags/example_skip_dag.py
[2023-02-01T22:21:45.392+0000] {processor.py:743} INFO - Processing file /home/airflow/.local/lib/python3.7/site-packages/airflow/example_dags/example_skip_dag.py for tasks to queue
[2023-02-01T22:21:45.394+0000] {logging_mixin.py:137} INFO - [2023-02-01T22:21:45.394+0000] {dagbag.py:538} INFO - Filling up the DagBag from /home/airflow/.local/lib/python3.7/site-packages/airflow/example_dags/example_skip_dag.py
[2023-02-01T22:21:45.419+0000] {processor.py:753} INFO - DAG(s) dict_keys(['example_skip_dag']) retrieved from /home/airflow/.local/lib/python3.7/site-packages/airflow/example_dags/example_skip_dag.py
[2023-02-01T22:21:45.451+0000] {logging_mixin.py:137} INFO - [2023-02-01T22:21:45.451+0000] {dag.py:2690} INFO - Sync 1 DAGs
[2023-02-01T22:21:45.479+0000] {logging_mixin.py:137} INFO - [2023-02-01T22:21:45.479+0000] {dag.py:3441} INFO - Setting next_dagrun for example_skip_dag to 2023-01-31T22:21:45.478663+00:00, run_after=2023-02-01T22:21:45.478663+00:00
[2023-02-01T22:21:45.499+0000] {processor.py:175} INFO - Processing /home/airflow/.local/lib/python3.7/site-packages/airflow/example_dags/example_skip_dag.py took 0.112 seconds
[2023-02-01T22:22:16.417+0000] {processor.py:153} INFO - Started process (PID=465) to work on /home/airflow/.local/lib/python3.7/site-packages/airflow/example_dags/example_skip_dag.py
[2023-02-01T22:22:16.423+0000] {processor.py:743} INFO - Processing file /home/airflow/.local/lib/python3.7/site-packages/airflow/example_dags/example_skip_dag.py for tasks to queue
[2023-02-01T22:22:16.426+0000] {logging_mixin.py:137} INFO - [2023-02-01T22:22:16.426+0000] {dagbag.py:538} INFO - Filling up the DagBag from /home/airflow/.local/lib/python3.7/site-packages/airflow/example_dags/example_skip_dag.py
[2023-02-01T22:22:16.473+0000] {processor.py:753} INFO - DAG(s) dict_keys(['example_skip_dag']) retrieved from /home/airflow/.local/lib/python3.7/site-packages/airflow/example_dags/example_skip_dag.py
[2023-02-01T22:22:16.527+0000] {logging_mixin.py:137} INFO - [2023-02-01T22:22:16.527+0000] {dag.py:2690} INFO - Sync 1 DAGs
[2023-02-01T22:22:16.561+0000] {logging_mixin.py:137} INFO - [2023-02-01T22:22:16.561+0000] {dag.py:3441} INFO - Setting next_dagrun for example_skip_dag to 2023-01-31T22:22:16.560710+00:00, run_after=2023-02-01T22:22:16.560710+00:00
[2023-02-01T22:22:16.579+0000] {processor.py:175} INFO - Processing /home/airflow/.local/lib/python3.7/site-packages/airflow/example_dags/example_skip_dag.py took 0.169 seconds
[2023-02-01T22:22:47.286+0000] {processor.py:153} INFO - Started process (PID=529) to work on /home/airflow/.local/lib/python3.7/site-packages/airflow/example_dags/example_skip_dag.py
[2023-02-01T22:22:47.289+0000] {processor.py:743} INFO - Processing file /home/airflow/.local/lib/python3.7/site-packages/airflow/example_dags/example_skip_dag.py for tasks to queue
[2023-02-01T22:22:47.290+0000] {logging_mixin.py:137} INFO - [2023-02-01T22:22:47.290+0000] {dagbag.py:538} INFO - Filling up the DagBag from /home/airflow/.local/lib/python3.7/site-packages/airflow/example_dags/example_skip_dag.py
[2023-02-01T22:22:47.317+0000] {processor.py:753} INFO - DAG(s) dict_keys(['example_skip_dag']) retrieved from /home/airflow/.local/lib/python3.7/site-packages/airflow/example_dags/example_skip_dag.py
[2023-02-01T22:22:47.362+0000] {logging_mixin.py:137} INFO - [2023-02-01T22:22:47.361+0000] {dag.py:2690} INFO - Sync 1 DAGs
[2023-02-01T22:22:47.390+0000] {logging_mixin.py:137} INFO - [2023-02-01T22:22:47.390+0000] {dag.py:3441} INFO - Setting next_dagrun for example_skip_dag to 2023-01-31T22:22:47.390180+00:00, run_after=2023-02-01T22:22:47.390180+00:00
[2023-02-01T22:22:47.405+0000] {processor.py:175} INFO - Processing /home/airflow/.local/lib/python3.7/site-packages/airflow/example_dags/example_skip_dag.py took 0.124 seconds
[2023-02-01T22:23:18.179+0000] {processor.py:153} INFO - Started process (PID=605) to work on /home/airflow/.local/lib/python3.7/site-packages/airflow/example_dags/example_skip_dag.py
[2023-02-01T22:23:18.184+0000] {processor.py:743} INFO - Processing file /home/airflow/.local/lib/python3.7/site-packages/airflow/example_dags/example_skip_dag.py for tasks to queue
[2023-02-01T22:23:18.186+0000] {logging_mixin.py:137} INFO - [2023-02-01T22:23:18.186+0000] {dagbag.py:538} INFO - Filling up the DagBag from /home/airflow/.local/lib/python3.7/site-packages/airflow/example_dags/example_skip_dag.py
[2023-02-01T22:23:18.216+0000] {processor.py:753} INFO - DAG(s) dict_keys(['example_skip_dag']) retrieved from /home/airflow/.local/lib/python3.7/site-packages/airflow/example_dags/example_skip_dag.py
[2023-02-01T22:23:18.246+0000] {logging_mixin.py:137} INFO - [2023-02-01T22:23:18.246+0000] {dag.py:2690} INFO - Sync 1 DAGs
[2023-02-01T22:23:18.272+0000] {logging_mixin.py:137} INFO - [2023-02-01T22:23:18.272+0000] {dag.py:3441} INFO - Setting next_dagrun for example_skip_dag to 2023-01-31T22:23:18.272039+00:00, run_after=2023-02-01T22:23:18.272039+00:00
[2023-02-01T22:23:18.286+0000] {processor.py:175} INFO - Processing /home/airflow/.local/lib/python3.7/site-packages/airflow/example_dags/example_skip_dag.py took 0.117 seconds
[2023-02-01T22:23:49.233+0000] {processor.py:153} INFO - Started process (PID=681) to work on /home/airflow/.local/lib/python3.7/site-packages/airflow/example_dags/example_skip_dag.py
[2023-02-01T22:23:49.234+0000] {processor.py:743} INFO - Processing file /home/airflow/.local/lib/python3.7/site-packages/airflow/example_dags/example_skip_dag.py for tasks to queue
[2023-02-01T22:23:49.236+0000] {logging_mixin.py:137} INFO - [2023-02-01T22:23:49.236+0000] {dagbag.py:538} INFO - Filling up the DagBag from /home/airflow/.local/lib/python3.7/site-packages/airflow/example_dags/example_skip_dag.py
[2023-02-01T22:23:49.266+0000] {processor.py:753} INFO - DAG(s) dict_keys(['example_skip_dag']) retrieved from /home/airflow/.local/lib/python3.7/site-packages/airflow/example_dags/example_skip_dag.py
[2023-02-01T22:23:49.292+0000] {logging_mixin.py:137} INFO - [2023-02-01T22:23:49.292+0000] {dag.py:2690} INFO - Sync 1 DAGs
[2023-02-01T22:23:49.311+0000] {logging_mixin.py:137} INFO - [2023-02-01T22:23:49.311+0000] {dag.py:3441} INFO - Setting next_dagrun for example_skip_dag to 2023-01-31T22:23:49.311417+00:00, run_after=2023-02-01T22:23:49.311417+00:00
[2023-02-01T22:23:49.327+0000] {processor.py:175} INFO - Processing /home/airflow/.local/lib/python3.7/site-packages/airflow/example_dags/example_skip_dag.py took 0.097 seconds
[2023-02-01T22:24:20.003+0000] {processor.py:153} INFO - Started process (PID=745) to work on /home/airflow/.local/lib/python3.7/site-packages/airflow/example_dags/example_skip_dag.py
[2023-02-01T22:24:20.005+0000] {processor.py:743} INFO - Processing file /home/airflow/.local/lib/python3.7/site-packages/airflow/example_dags/example_skip_dag.py for tasks to queue
[2023-02-01T22:24:20.006+0000] {logging_mixin.py:137} INFO - [2023-02-01T22:24:20.006+0000] {dagbag.py:538} INFO - Filling up the DagBag from /home/airflow/.local/lib/python3.7/site-packages/airflow/example_dags/example_skip_dag.py
[2023-02-01T22:24:20.034+0000] {processor.py:753} INFO - DAG(s) dict_keys(['example_skip_dag']) retrieved from /home/airflow/.local/lib/python3.7/site-packages/airflow/example_dags/example_skip_dag.py
[2023-02-01T22:24:20.078+0000] {logging_mixin.py:137} INFO - [2023-02-01T22:24:20.078+0000] {dag.py:2690} INFO - Sync 1 DAGs
[2023-02-01T22:24:20.113+0000] {logging_mixin.py:137} INFO - [2023-02-01T22:24:20.112+0000] {dag.py:3441} INFO - Setting next_dagrun for example_skip_dag to 2023-01-31T22:24:20.112332+00:00, run_after=2023-02-01T22:24:20.112332+00:00
[2023-02-01T22:24:20.129+0000] {processor.py:175} INFO - Processing /home/airflow/.local/lib/python3.7/site-packages/airflow/example_dags/example_skip_dag.py took 0.131 seconds
[2023-02-01T22:24:50.343+0000] {processor.py:153} INFO - Started process (PID=821) to work on /home/airflow/.local/lib/python3.7/site-packages/airflow/example_dags/example_skip_dag.py
[2023-02-01T22:24:50.344+0000] {processor.py:743} INFO - Processing file /home/airflow/.local/lib/python3.7/site-packages/airflow/example_dags/example_skip_dag.py for tasks to queue
[2023-02-01T22:24:50.345+0000] {logging_mixin.py:137} INFO - [2023-02-01T22:24:50.345+0000] {dagbag.py:538} INFO - Filling up the DagBag from /home/airflow/.local/lib/python3.7/site-packages/airflow/example_dags/example_skip_dag.py
[2023-02-01T22:24:50.355+0000] {processor.py:753} INFO - DAG(s) dict_keys(['example_skip_dag']) retrieved from /home/airflow/.local/lib/python3.7/site-packages/airflow/example_dags/example_skip_dag.py
[2023-02-01T22:24:50.380+0000] {logging_mixin.py:137} INFO - [2023-02-01T22:24:50.380+0000] {dag.py:2690} INFO - Sync 1 DAGs
[2023-02-01T22:24:50.399+0000] {logging_mixin.py:137} INFO - [2023-02-01T22:24:50.399+0000] {dag.py:3441} INFO - Setting next_dagrun for example_skip_dag to 2023-01-31T22:24:50.399250+00:00, run_after=2023-02-01T22:24:50.399250+00:00
[2023-02-01T22:24:50.414+0000] {processor.py:175} INFO - Processing /home/airflow/.local/lib/python3.7/site-packages/airflow/example_dags/example_skip_dag.py took 0.075 seconds
[2023-02-01T22:25:20.892+0000] {processor.py:153} INFO - Started process (PID=898) to work on /home/airflow/.local/lib/python3.7/site-packages/airflow/example_dags/example_skip_dag.py
[2023-02-01T22:25:20.894+0000] {processor.py:743} INFO - Processing file /home/airflow/.local/lib/python3.7/site-packages/airflow/example_dags/example_skip_dag.py for tasks to queue
[2023-02-01T22:25:20.897+0000] {logging_mixin.py:137} INFO - [2023-02-01T22:25:20.897+0000] {dagbag.py:538} INFO - Filling up the DagBag from /home/airflow/.local/lib/python3.7/site-packages/airflow/example_dags/example_skip_dag.py
[2023-02-01T22:25:20.922+0000] {processor.py:753} INFO - DAG(s) dict_keys(['example_skip_dag']) retrieved from /home/airflow/.local/lib/python3.7/site-packages/airflow/example_dags/example_skip_dag.py
[2023-02-01T22:25:20.952+0000] {logging_mixin.py:137} INFO - [2023-02-01T22:25:20.952+0000] {dag.py:2690} INFO - Sync 1 DAGs
[2023-02-01T22:25:20.979+0000] {logging_mixin.py:137} INFO - [2023-02-01T22:25:20.979+0000] {dag.py:3441} INFO - Setting next_dagrun for example_skip_dag to 2023-01-31T22:25:20.979361+00:00, run_after=2023-02-01T22:25:20.979361+00:00
[2023-02-01T22:25:20.993+0000] {processor.py:175} INFO - Processing /home/airflow/.local/lib/python3.7/site-packages/airflow/example_dags/example_skip_dag.py took 0.104 seconds
[2023-02-01T22:25:51.565+0000] {processor.py:153} INFO - Started process (PID=963) to work on /home/airflow/.local/lib/python3.7/site-packages/airflow/example_dags/example_skip_dag.py
[2023-02-01T22:25:51.567+0000] {processor.py:743} INFO - Processing file /home/airflow/.local/lib/python3.7/site-packages/airflow/example_dags/example_skip_dag.py for tasks to queue
[2023-02-01T22:25:51.569+0000] {logging_mixin.py:137} INFO - [2023-02-01T22:25:51.568+0000] {dagbag.py:538} INFO - Filling up the DagBag from /home/airflow/.local/lib/python3.7/site-packages/airflow/example_dags/example_skip_dag.py
[2023-02-01T22:25:51.596+0000] {processor.py:753} INFO - DAG(s) dict_keys(['example_skip_dag']) retrieved from /home/airflow/.local/lib/python3.7/site-packages/airflow/example_dags/example_skip_dag.py
[2023-02-01T22:25:51.636+0000] {logging_mixin.py:137} INFO - [2023-02-01T22:25:51.636+0000] {dag.py:2690} INFO - Sync 1 DAGs
[2023-02-01T22:25:51.668+0000] {logging_mixin.py:137} INFO - [2023-02-01T22:25:51.667+0000] {dag.py:3441} INFO - Setting next_dagrun for example_skip_dag to 2023-01-31T22:25:51.667333+00:00, run_after=2023-02-01T22:25:51.667333+00:00
[2023-02-01T22:25:51.692+0000] {processor.py:175} INFO - Processing /home/airflow/.local/lib/python3.7/site-packages/airflow/example_dags/example_skip_dag.py took 0.133 seconds
[2023-02-01T22:26:22.496+0000] {processor.py:153} INFO - Started process (PID=1039) to work on /home/airflow/.local/lib/python3.7/site-packages/airflow/example_dags/example_skip_dag.py
[2023-02-01T22:26:22.498+0000] {processor.py:743} INFO - Processing file /home/airflow/.local/lib/python3.7/site-packages/airflow/example_dags/example_skip_dag.py for tasks to queue
[2023-02-01T22:26:22.500+0000] {logging_mixin.py:137} INFO - [2023-02-01T22:26:22.500+0000] {dagbag.py:538} INFO - Filling up the DagBag from /home/airflow/.local/lib/python3.7/site-packages/airflow/example_dags/example_skip_dag.py
[2023-02-01T22:26:22.532+0000] {processor.py:753} INFO - DAG(s) dict_keys(['example_skip_dag']) retrieved from /home/airflow/.local/lib/python3.7/site-packages/airflow/example_dags/example_skip_dag.py
[2023-02-01T22:26:22.567+0000] {logging_mixin.py:137} INFO - [2023-02-01T22:26:22.567+0000] {dag.py:2690} INFO - Sync 1 DAGs
[2023-02-01T22:26:22.594+0000] {logging_mixin.py:137} INFO - [2023-02-01T22:26:22.594+0000] {dag.py:3441} INFO - Setting next_dagrun for example_skip_dag to 2023-01-31T22:26:22.594104+00:00, run_after=2023-02-01T22:26:22.594104+00:00
[2023-02-01T22:26:22.613+0000] {processor.py:175} INFO - Processing /home/airflow/.local/lib/python3.7/site-packages/airflow/example_dags/example_skip_dag.py took 0.121 seconds
[2023-02-01T22:26:53.517+0000] {processor.py:153} INFO - Started process (PID=1115) to work on /home/airflow/.local/lib/python3.7/site-packages/airflow/example_dags/example_skip_dag.py
[2023-02-01T22:26:53.519+0000] {processor.py:743} INFO - Processing file /home/airflow/.local/lib/python3.7/site-packages/airflow/example_dags/example_skip_dag.py for tasks to queue
[2023-02-01T22:26:53.520+0000] {logging_mixin.py:137} INFO - [2023-02-01T22:26:53.520+0000] {dagbag.py:538} INFO - Filling up the DagBag from /home/airflow/.local/lib/python3.7/site-packages/airflow/example_dags/example_skip_dag.py
[2023-02-01T22:26:53.538+0000] {processor.py:753} INFO - DAG(s) dict_keys(['example_skip_dag']) retrieved from /home/airflow/.local/lib/python3.7/site-packages/airflow/example_dags/example_skip_dag.py
[2023-02-01T22:26:53.562+0000] {logging_mixin.py:137} INFO - [2023-02-01T22:26:53.562+0000] {dag.py:2690} INFO - Sync 1 DAGs
[2023-02-01T22:26:53.580+0000] {logging_mixin.py:137} INFO - [2023-02-01T22:26:53.580+0000] {dag.py:3441} INFO - Setting next_dagrun for example_skip_dag to 2023-01-31T22:26:53.579956+00:00, run_after=2023-02-01T22:26:53.579956+00:00
[2023-02-01T22:26:53.593+0000] {processor.py:175} INFO - Processing /home/airflow/.local/lib/python3.7/site-packages/airflow/example_dags/example_skip_dag.py took 0.079 seconds
[2023-02-01T22:27:24.234+0000] {processor.py:153} INFO - Started process (PID=1179) to work on /home/airflow/.local/lib/python3.7/site-packages/airflow/example_dags/example_skip_dag.py
[2023-02-01T22:27:24.237+0000] {processor.py:743} INFO - Processing file /home/airflow/.local/lib/python3.7/site-packages/airflow/example_dags/example_skip_dag.py for tasks to queue
[2023-02-01T22:27:24.239+0000] {logging_mixin.py:137} INFO - [2023-02-01T22:27:24.238+0000] {dagbag.py:538} INFO - Filling up the DagBag from /home/airflow/.local/lib/python3.7/site-packages/airflow/example_dags/example_skip_dag.py
[2023-02-01T22:27:24.278+0000] {processor.py:753} INFO - DAG(s) dict_keys(['example_skip_dag']) retrieved from /home/airflow/.local/lib/python3.7/site-packages/airflow/example_dags/example_skip_dag.py
[2023-02-01T22:27:24.322+0000] {logging_mixin.py:137} INFO - [2023-02-01T22:27:24.322+0000] {dag.py:2690} INFO - Sync 1 DAGs
[2023-02-01T22:27:24.347+0000] {logging_mixin.py:137} INFO - [2023-02-01T22:27:24.347+0000] {dag.py:3441} INFO - Setting next_dagrun for example_skip_dag to 2023-01-31T22:27:24.347239+00:00, run_after=2023-02-01T22:27:24.347239+00:00
[2023-02-01T22:27:24.372+0000] {processor.py:175} INFO - Processing /home/airflow/.local/lib/python3.7/site-packages/airflow/example_dags/example_skip_dag.py took 0.150 seconds
[2023-02-01T22:27:55.042+0000] {processor.py:153} INFO - Started process (PID=1254) to work on /home/airflow/.local/lib/python3.7/site-packages/airflow/example_dags/example_skip_dag.py
[2023-02-01T22:27:55.044+0000] {processor.py:743} INFO - Processing file /home/airflow/.local/lib/python3.7/site-packages/airflow/example_dags/example_skip_dag.py for tasks to queue
[2023-02-01T22:27:55.045+0000] {logging_mixin.py:137} INFO - [2023-02-01T22:27:55.045+0000] {dagbag.py:538} INFO - Filling up the DagBag from /home/airflow/.local/lib/python3.7/site-packages/airflow/example_dags/example_skip_dag.py
[2023-02-01T22:27:55.076+0000] {processor.py:753} INFO - DAG(s) dict_keys(['example_skip_dag']) retrieved from /home/airflow/.local/lib/python3.7/site-packages/airflow/example_dags/example_skip_dag.py
[2023-02-01T22:27:55.107+0000] {logging_mixin.py:137} INFO - [2023-02-01T22:27:55.107+0000] {dag.py:2690} INFO - Sync 1 DAGs
[2023-02-01T22:27:55.127+0000] {logging_mixin.py:137} INFO - [2023-02-01T22:27:55.127+0000] {dag.py:3441} INFO - Setting next_dagrun for example_skip_dag to 2023-01-31T22:27:55.126972+00:00, run_after=2023-02-01T22:27:55.126972+00:00
[2023-02-01T22:27:55.145+0000] {processor.py:175} INFO - Processing /home/airflow/.local/lib/python3.7/site-packages/airflow/example_dags/example_skip_dag.py took 0.107 seconds
[2023-02-01T22:28:25.693+0000] {processor.py:153} INFO - Started process (PID=1325) to work on /home/airflow/.local/lib/python3.7/site-packages/airflow/example_dags/example_skip_dag.py
[2023-02-01T22:28:25.695+0000] {processor.py:743} INFO - Processing file /home/airflow/.local/lib/python3.7/site-packages/airflow/example_dags/example_skip_dag.py for tasks to queue
[2023-02-01T22:28:25.696+0000] {logging_mixin.py:137} INFO - [2023-02-01T22:28:25.696+0000] {dagbag.py:538} INFO - Filling up the DagBag from /home/airflow/.local/lib/python3.7/site-packages/airflow/example_dags/example_skip_dag.py
[2023-02-01T22:28:25.719+0000] {processor.py:753} INFO - DAG(s) dict_keys(['example_skip_dag']) retrieved from /home/airflow/.local/lib/python3.7/site-packages/airflow/example_dags/example_skip_dag.py
[2023-02-01T22:28:25.748+0000] {logging_mixin.py:137} INFO - [2023-02-01T22:28:25.748+0000] {dag.py:2690} INFO - Sync 1 DAGs
[2023-02-01T22:28:25.779+0000] {logging_mixin.py:137} INFO - [2023-02-01T22:28:25.779+0000] {dag.py:3441} INFO - Setting next_dagrun for example_skip_dag to 2023-01-31T22:28:25.778990+00:00, run_after=2023-02-01T22:28:25.778990+00:00
[2023-02-01T22:28:25.797+0000] {processor.py:175} INFO - Processing /home/airflow/.local/lib/python3.7/site-packages/airflow/example_dags/example_skip_dag.py took 0.107 seconds
[2023-02-01T22:28:56.440+0000] {processor.py:153} INFO - Started process (PID=1393) to work on /home/airflow/.local/lib/python3.7/site-packages/airflow/example_dags/example_skip_dag.py
[2023-02-01T22:28:56.442+0000] {processor.py:743} INFO - Processing file /home/airflow/.local/lib/python3.7/site-packages/airflow/example_dags/example_skip_dag.py for tasks to queue
[2023-02-01T22:28:56.444+0000] {logging_mixin.py:137} INFO - [2023-02-01T22:28:56.444+0000] {dagbag.py:538} INFO - Filling up the DagBag from /home/airflow/.local/lib/python3.7/site-packages/airflow/example_dags/example_skip_dag.py
[2023-02-01T22:28:56.471+0000] {processor.py:753} INFO - DAG(s) dict_keys(['example_skip_dag']) retrieved from /home/airflow/.local/lib/python3.7/site-packages/airflow/example_dags/example_skip_dag.py
[2023-02-01T22:28:56.505+0000] {logging_mixin.py:137} INFO - [2023-02-01T22:28:56.505+0000] {dag.py:2690} INFO - Sync 1 DAGs
[2023-02-01T22:28:56.526+0000] {logging_mixin.py:137} INFO - [2023-02-01T22:28:56.526+0000] {dag.py:3441} INFO - Setting next_dagrun for example_skip_dag to 2023-01-31T22:28:56.525832+00:00, run_after=2023-02-01T22:28:56.525832+00:00
[2023-02-01T22:28:56.546+0000] {processor.py:175} INFO - Processing /home/airflow/.local/lib/python3.7/site-packages/airflow/example_dags/example_skip_dag.py took 0.111 seconds
[2023-02-01T22:29:27.108+0000] {processor.py:153} INFO - Started process (PID=1469) to work on /home/airflow/.local/lib/python3.7/site-packages/airflow/example_dags/example_skip_dag.py
[2023-02-01T22:29:27.110+0000] {processor.py:743} INFO - Processing file /home/airflow/.local/lib/python3.7/site-packages/airflow/example_dags/example_skip_dag.py for tasks to queue
[2023-02-01T22:29:27.113+0000] {logging_mixin.py:137} INFO - [2023-02-01T22:29:27.112+0000] {dagbag.py:538} INFO - Filling up the DagBag from /home/airflow/.local/lib/python3.7/site-packages/airflow/example_dags/example_skip_dag.py
[2023-02-01T22:29:27.143+0000] {processor.py:753} INFO - DAG(s) dict_keys(['example_skip_dag']) retrieved from /home/airflow/.local/lib/python3.7/site-packages/airflow/example_dags/example_skip_dag.py
[2023-02-01T22:29:27.178+0000] {logging_mixin.py:137} INFO - [2023-02-01T22:29:27.178+0000] {dag.py:2690} INFO - Sync 1 DAGs
[2023-02-01T22:29:27.201+0000] {logging_mixin.py:137} INFO - [2023-02-01T22:29:27.201+0000] {dag.py:3441} INFO - Setting next_dagrun for example_skip_dag to 2023-01-31T22:29:27.200939+00:00, run_after=2023-02-01T22:29:27.200939+00:00
[2023-02-01T22:29:27.216+0000] {processor.py:175} INFO - Processing /home/airflow/.local/lib/python3.7/site-packages/airflow/example_dags/example_skip_dag.py took 0.115 seconds
[2023-02-01T22:29:57.892+0000] {processor.py:153} INFO - Started process (PID=1532) to work on /home/airflow/.local/lib/python3.7/site-packages/airflow/example_dags/example_skip_dag.py
[2023-02-01T22:29:57.894+0000] {processor.py:743} INFO - Processing file /home/airflow/.local/lib/python3.7/site-packages/airflow/example_dags/example_skip_dag.py for tasks to queue
[2023-02-01T22:29:57.895+0000] {logging_mixin.py:137} INFO - [2023-02-01T22:29:57.895+0000] {dagbag.py:538} INFO - Filling up the DagBag from /home/airflow/.local/lib/python3.7/site-packages/airflow/example_dags/example_skip_dag.py
[2023-02-01T22:29:57.921+0000] {processor.py:753} INFO - DAG(s) dict_keys(['example_skip_dag']) retrieved from /home/airflow/.local/lib/python3.7/site-packages/airflow/example_dags/example_skip_dag.py
[2023-02-01T22:29:57.950+0000] {logging_mixin.py:137} INFO - [2023-02-01T22:29:57.950+0000] {dag.py:2690} INFO - Sync 1 DAGs
[2023-02-01T22:29:57.968+0000] {logging_mixin.py:137} INFO - [2023-02-01T22:29:57.968+0000] {dag.py:3441} INFO - Setting next_dagrun for example_skip_dag to 2023-01-31T22:29:57.967723+00:00, run_after=2023-02-01T22:29:57.967723+00:00
[2023-02-01T22:29:57.985+0000] {processor.py:175} INFO - Processing /home/airflow/.local/lib/python3.7/site-packages/airflow/example_dags/example_skip_dag.py took 0.099 seconds
[2023-02-01T22:30:28.774+0000] {processor.py:153} INFO - Started process (PID=1608) to work on /home/airflow/.local/lib/python3.7/site-packages/airflow/example_dags/example_skip_dag.py
[2023-02-01T22:30:28.775+0000] {processor.py:743} INFO - Processing file /home/airflow/.local/lib/python3.7/site-packages/airflow/example_dags/example_skip_dag.py for tasks to queue
[2023-02-01T22:30:28.777+0000] {logging_mixin.py:137} INFO - [2023-02-01T22:30:28.777+0000] {dagbag.py:538} INFO - Filling up the DagBag from /home/airflow/.local/lib/python3.7/site-packages/airflow/example_dags/example_skip_dag.py
[2023-02-01T22:30:28.801+0000] {processor.py:753} INFO - DAG(s) dict_keys(['example_skip_dag']) retrieved from /home/airflow/.local/lib/python3.7/site-packages/airflow/example_dags/example_skip_dag.py
[2023-02-01T22:30:28.841+0000] {logging_mixin.py:137} INFO - [2023-02-01T22:30:28.841+0000] {dag.py:2690} INFO - Sync 1 DAGs
[2023-02-01T22:30:28.860+0000] {logging_mixin.py:137} INFO - [2023-02-01T22:30:28.860+0000] {dag.py:3441} INFO - Setting next_dagrun for example_skip_dag to 2023-01-31T22:30:28.859918+00:00, run_after=2023-02-01T22:30:28.859918+00:00
[2023-02-01T22:30:28.876+0000] {processor.py:175} INFO - Processing /home/airflow/.local/lib/python3.7/site-packages/airflow/example_dags/example_skip_dag.py took 0.107 seconds
[2023-02-01T22:30:59.129+0000] {processor.py:153} INFO - Started process (PID=1672) to work on /home/airflow/.local/lib/python3.7/site-packages/airflow/example_dags/example_skip_dag.py
[2023-02-01T22:30:59.131+0000] {processor.py:743} INFO - Processing file /home/airflow/.local/lib/python3.7/site-packages/airflow/example_dags/example_skip_dag.py for tasks to queue
[2023-02-01T22:30:59.133+0000] {logging_mixin.py:137} INFO - [2023-02-01T22:30:59.133+0000] {dagbag.py:538} INFO - Filling up the DagBag from /home/airflow/.local/lib/python3.7/site-packages/airflow/example_dags/example_skip_dag.py
[2023-02-01T22:30:59.172+0000] {processor.py:753} INFO - DAG(s) dict_keys(['example_skip_dag']) retrieved from /home/airflow/.local/lib/python3.7/site-packages/airflow/example_dags/example_skip_dag.py
[2023-02-01T22:30:59.207+0000] {logging_mixin.py:137} INFO - [2023-02-01T22:30:59.207+0000] {dag.py:2690} INFO - Sync 1 DAGs
[2023-02-01T22:30:59.231+0000] {logging_mixin.py:137} INFO - [2023-02-01T22:30:59.231+0000] {dag.py:3441} INFO - Setting next_dagrun for example_skip_dag to 2023-01-31T22:30:59.231036+00:00, run_after=2023-02-01T22:30:59.231036+00:00
[2023-02-01T22:30:59.246+0000] {processor.py:175} INFO - Processing /home/airflow/.local/lib/python3.7/site-packages/airflow/example_dags/example_skip_dag.py took 0.126 seconds
[2023-02-01T22:31:29.689+0000] {processor.py:153} INFO - Started process (PID=1748) to work on /home/airflow/.local/lib/python3.7/site-packages/airflow/example_dags/example_skip_dag.py
[2023-02-01T22:31:29.691+0000] {processor.py:743} INFO - Processing file /home/airflow/.local/lib/python3.7/site-packages/airflow/example_dags/example_skip_dag.py for tasks to queue
[2023-02-01T22:31:29.692+0000] {logging_mixin.py:137} INFO - [2023-02-01T22:31:29.692+0000] {dagbag.py:538} INFO - Filling up the DagBag from /home/airflow/.local/lib/python3.7/site-packages/airflow/example_dags/example_skip_dag.py
[2023-02-01T22:31:29.723+0000] {processor.py:753} INFO - DAG(s) dict_keys(['example_skip_dag']) retrieved from /home/airflow/.local/lib/python3.7/site-packages/airflow/example_dags/example_skip_dag.py
[2023-02-01T22:31:29.756+0000] {logging_mixin.py:137} INFO - [2023-02-01T22:31:29.756+0000] {dag.py:2690} INFO - Sync 1 DAGs
[2023-02-01T22:31:29.780+0000] {logging_mixin.py:137} INFO - [2023-02-01T22:31:29.780+0000] {dag.py:3441} INFO - Setting next_dagrun for example_skip_dag to 2023-01-31T22:31:29.780177+00:00, run_after=2023-02-01T22:31:29.780177+00:00
[2023-02-01T22:31:29.794+0000] {processor.py:175} INFO - Processing /home/airflow/.local/lib/python3.7/site-packages/airflow/example_dags/example_skip_dag.py took 0.109 seconds
[2023-02-01T22:31:59.992+0000] {processor.py:153} INFO - Started process (PID=1820) to work on /home/airflow/.local/lib/python3.7/site-packages/airflow/example_dags/example_skip_dag.py
[2023-02-01T22:31:59.997+0000] {processor.py:743} INFO - Processing file /home/airflow/.local/lib/python3.7/site-packages/airflow/example_dags/example_skip_dag.py for tasks to queue
[2023-02-01T22:31:59.998+0000] {logging_mixin.py:137} INFO - [2023-02-01T22:31:59.998+0000] {dagbag.py:538} INFO - Filling up the DagBag from /home/airflow/.local/lib/python3.7/site-packages/airflow/example_dags/example_skip_dag.py
[2023-02-01T22:32:00.058+0000] {processor.py:753} INFO - DAG(s) dict_keys(['example_skip_dag']) retrieved from /home/airflow/.local/lib/python3.7/site-packages/airflow/example_dags/example_skip_dag.py
[2023-02-01T22:32:00.120+0000] {logging_mixin.py:137} INFO - [2023-02-01T22:32:00.120+0000] {dag.py:2690} INFO - Sync 1 DAGs
[2023-02-01T22:32:00.176+0000] {logging_mixin.py:137} INFO - [2023-02-01T22:32:00.176+0000] {dag.py:3441} INFO - Setting next_dagrun for example_skip_dag to 2023-01-31T22:32:00.175627+00:00, run_after=2023-02-01T22:32:00.175627+00:00
[2023-02-01T22:32:00.211+0000] {processor.py:175} INFO - Processing /home/airflow/.local/lib/python3.7/site-packages/airflow/example_dags/example_skip_dag.py took 0.248 seconds
[2023-02-01T22:32:30.658+0000] {processor.py:153} INFO - Started process (PID=1888) to work on /home/airflow/.local/lib/python3.7/site-packages/airflow/example_dags/example_skip_dag.py
[2023-02-01T22:32:30.660+0000] {processor.py:743} INFO - Processing file /home/airflow/.local/lib/python3.7/site-packages/airflow/example_dags/example_skip_dag.py for tasks to queue
[2023-02-01T22:32:30.662+0000] {logging_mixin.py:137} INFO - [2023-02-01T22:32:30.661+0000] {dagbag.py:538} INFO - Filling up the DagBag from /home/airflow/.local/lib/python3.7/site-packages/airflow/example_dags/example_skip_dag.py
[2023-02-01T22:32:30.688+0000] {processor.py:753} INFO - DAG(s) dict_keys(['example_skip_dag']) retrieved from /home/airflow/.local/lib/python3.7/site-packages/airflow/example_dags/example_skip_dag.py
[2023-02-01T22:32:30.713+0000] {logging_mixin.py:137} INFO - [2023-02-01T22:32:30.713+0000] {dag.py:2690} INFO - Sync 1 DAGs
[2023-02-01T22:32:30.732+0000] {logging_mixin.py:137} INFO - [2023-02-01T22:32:30.732+0000] {dag.py:3441} INFO - Setting next_dagrun for example_skip_dag to 2023-01-31T22:32:30.732097+00:00, run_after=2023-02-01T22:32:30.732097+00:00
[2023-02-01T22:32:30.745+0000] {processor.py:175} INFO - Processing /home/airflow/.local/lib/python3.7/site-packages/airflow/example_dags/example_skip_dag.py took 0.094 seconds
[2023-02-01T22:33:01.245+0000] {processor.py:153} INFO - Started process (PID=1964) to work on /home/airflow/.local/lib/python3.7/site-packages/airflow/example_dags/example_skip_dag.py
[2023-02-01T22:33:01.249+0000] {processor.py:743} INFO - Processing file /home/airflow/.local/lib/python3.7/site-packages/airflow/example_dags/example_skip_dag.py for tasks to queue
[2023-02-01T22:33:01.252+0000] {logging_mixin.py:137} INFO - [2023-02-01T22:33:01.251+0000] {dagbag.py:538} INFO - Filling up the DagBag from /home/airflow/.local/lib/python3.7/site-packages/airflow/example_dags/example_skip_dag.py
[2023-02-01T22:33:01.287+0000] {processor.py:753} INFO - DAG(s) dict_keys(['example_skip_dag']) retrieved from /home/airflow/.local/lib/python3.7/site-packages/airflow/example_dags/example_skip_dag.py
[2023-02-01T22:33:01.318+0000] {logging_mixin.py:137} INFO - [2023-02-01T22:33:01.318+0000] {dag.py:2690} INFO - Sync 1 DAGs
[2023-02-01T22:33:01.339+0000] {logging_mixin.py:137} INFO - [2023-02-01T22:33:01.339+0000] {dag.py:3441} INFO - Setting next_dagrun for example_skip_dag to 2023-01-31T22:33:01.339418+00:00, run_after=2023-02-01T22:33:01.339418+00:00
[2023-02-01T22:33:01.359+0000] {processor.py:175} INFO - Processing /home/airflow/.local/lib/python3.7/site-packages/airflow/example_dags/example_skip_dag.py took 0.123 seconds
[2023-02-01T22:33:31.675+0000] {processor.py:153} INFO - Started process (PID=2028) to work on /home/airflow/.local/lib/python3.7/site-packages/airflow/example_dags/example_skip_dag.py
[2023-02-01T22:33:31.681+0000] {processor.py:743} INFO - Processing file /home/airflow/.local/lib/python3.7/site-packages/airflow/example_dags/example_skip_dag.py for tasks to queue
[2023-02-01T22:33:31.685+0000] {logging_mixin.py:137} INFO - [2023-02-01T22:33:31.684+0000] {dagbag.py:538} INFO - Filling up the DagBag from /home/airflow/.local/lib/python3.7/site-packages/airflow/example_dags/example_skip_dag.py
[2023-02-01T22:33:31.713+0000] {processor.py:753} INFO - DAG(s) dict_keys(['example_skip_dag']) retrieved from /home/airflow/.local/lib/python3.7/site-packages/airflow/example_dags/example_skip_dag.py
[2023-02-01T22:33:31.742+0000] {logging_mixin.py:137} INFO - [2023-02-01T22:33:31.742+0000] {dag.py:2690} INFO - Sync 1 DAGs
[2023-02-01T22:33:31.761+0000] {logging_mixin.py:137} INFO - [2023-02-01T22:33:31.761+0000] {dag.py:3441} INFO - Setting next_dagrun for example_skip_dag to 2023-01-31T22:33:31.761494+00:00, run_after=2023-02-01T22:33:31.761494+00:00
[2023-02-01T22:33:31.775+0000] {processor.py:175} INFO - Processing /home/airflow/.local/lib/python3.7/site-packages/airflow/example_dags/example_skip_dag.py took 0.104 seconds
[2023-02-01T22:34:02.548+0000] {processor.py:153} INFO - Started process (PID=2104) to work on /home/airflow/.local/lib/python3.7/site-packages/airflow/example_dags/example_skip_dag.py
[2023-02-01T22:34:02.554+0000] {processor.py:743} INFO - Processing file /home/airflow/.local/lib/python3.7/site-packages/airflow/example_dags/example_skip_dag.py for tasks to queue
[2023-02-01T22:34:02.556+0000] {logging_mixin.py:137} INFO - [2023-02-01T22:34:02.555+0000] {dagbag.py:538} INFO - Filling up the DagBag from /home/airflow/.local/lib/python3.7/site-packages/airflow/example_dags/example_skip_dag.py
[2023-02-01T22:34:02.589+0000] {processor.py:753} INFO - DAG(s) dict_keys(['example_skip_dag']) retrieved from /home/airflow/.local/lib/python3.7/site-packages/airflow/example_dags/example_skip_dag.py
[2023-02-01T22:34:02.624+0000] {logging_mixin.py:137} INFO - [2023-02-01T22:34:02.624+0000] {dag.py:2690} INFO - Sync 1 DAGs
[2023-02-01T22:34:02.647+0000] {logging_mixin.py:137} INFO - [2023-02-01T22:34:02.647+0000] {dag.py:3441} INFO - Setting next_dagrun for example_skip_dag to 2023-01-31T22:34:02.647440+00:00, run_after=2023-02-01T22:34:02.647440+00:00
[2023-02-01T22:34:02.666+0000] {processor.py:175} INFO - Processing /home/airflow/.local/lib/python3.7/site-packages/airflow/example_dags/example_skip_dag.py took 0.125 seconds
[2023-02-01T22:34:33.672+0000] {processor.py:153} INFO - Started process (PID=2179) to work on /home/airflow/.local/lib/python3.7/site-packages/airflow/example_dags/example_skip_dag.py
[2023-02-01T22:34:33.685+0000] {processor.py:743} INFO - Processing file /home/airflow/.local/lib/python3.7/site-packages/airflow/example_dags/example_skip_dag.py for tasks to queue
[2023-02-01T22:34:33.687+0000] {logging_mixin.py:137} INFO - [2023-02-01T22:34:33.687+0000] {dagbag.py:538} INFO - Filling up the DagBag from /home/airflow/.local/lib/python3.7/site-packages/airflow/example_dags/example_skip_dag.py
[2023-02-01T22:34:33.741+0000] {processor.py:753} INFO - DAG(s) dict_keys(['example_skip_dag']) retrieved from /home/airflow/.local/lib/python3.7/site-packages/airflow/example_dags/example_skip_dag.py
[2023-02-01T22:34:33.820+0000] {logging_mixin.py:137} INFO - [2023-02-01T22:34:33.820+0000] {dag.py:2690} INFO - Sync 1 DAGs
[2023-02-01T22:34:33.856+0000] {logging_mixin.py:137} INFO - [2023-02-01T22:34:33.856+0000] {dag.py:3441} INFO - Setting next_dagrun for example_skip_dag to 2023-01-31T22:34:33.856125+00:00, run_after=2023-02-01T22:34:33.856125+00:00
[2023-02-01T22:34:33.877+0000] {processor.py:175} INFO - Processing /home/airflow/.local/lib/python3.7/site-packages/airflow/example_dags/example_skip_dag.py took 0.209 seconds
[2023-02-01T22:35:04.035+0000] {processor.py:153} INFO - Started process (PID=2243) to work on /home/airflow/.local/lib/python3.7/site-packages/airflow/example_dags/example_skip_dag.py
[2023-02-01T22:35:04.039+0000] {processor.py:743} INFO - Processing file /home/airflow/.local/lib/python3.7/site-packages/airflow/example_dags/example_skip_dag.py for tasks to queue
[2023-02-01T22:35:04.040+0000] {logging_mixin.py:137} INFO - [2023-02-01T22:35:04.040+0000] {dagbag.py:538} INFO - Filling up the DagBag from /home/airflow/.local/lib/python3.7/site-packages/airflow/example_dags/example_skip_dag.py
[2023-02-01T22:35:04.078+0000] {processor.py:753} INFO - DAG(s) dict_keys(['example_skip_dag']) retrieved from /home/airflow/.local/lib/python3.7/site-packages/airflow/example_dags/example_skip_dag.py
[2023-02-01T22:35:04.116+0000] {logging_mixin.py:137} INFO - [2023-02-01T22:35:04.115+0000] {dag.py:2690} INFO - Sync 1 DAGs
[2023-02-01T22:35:04.143+0000] {logging_mixin.py:137} INFO - [2023-02-01T22:35:04.143+0000] {dag.py:3441} INFO - Setting next_dagrun for example_skip_dag to 2023-01-31T22:35:04.142258+00:00, run_after=2023-02-01T22:35:04.142258+00:00
[2023-02-01T22:35:04.161+0000] {processor.py:175} INFO - Processing /home/airflow/.local/lib/python3.7/site-packages/airflow/example_dags/example_skip_dag.py took 0.136 seconds
[2023-02-01T22:35:34.913+0000] {processor.py:153} INFO - Started process (PID=2320) to work on /home/airflow/.local/lib/python3.7/site-packages/airflow/example_dags/example_skip_dag.py
[2023-02-01T22:35:34.916+0000] {processor.py:743} INFO - Processing file /home/airflow/.local/lib/python3.7/site-packages/airflow/example_dags/example_skip_dag.py for tasks to queue
[2023-02-01T22:35:34.919+0000] {logging_mixin.py:137} INFO - [2023-02-01T22:35:34.918+0000] {dagbag.py:538} INFO - Filling up the DagBag from /home/airflow/.local/lib/python3.7/site-packages/airflow/example_dags/example_skip_dag.py
[2023-02-01T22:35:34.947+0000] {processor.py:753} INFO - DAG(s) dict_keys(['example_skip_dag']) retrieved from /home/airflow/.local/lib/python3.7/site-packages/airflow/example_dags/example_skip_dag.py
[2023-02-01T22:35:34.994+0000] {logging_mixin.py:137} INFO - [2023-02-01T22:35:34.994+0000] {dag.py:2690} INFO - Sync 1 DAGs
[2023-02-01T22:35:35.014+0000] {logging_mixin.py:137} INFO - [2023-02-01T22:35:35.014+0000] {dag.py:3441} INFO - Setting next_dagrun for example_skip_dag to 2023-01-31T22:35:35.014069+00:00, run_after=2023-02-01T22:35:35.014069+00:00
[2023-02-01T22:35:35.031+0000] {processor.py:175} INFO - Processing /home/airflow/.local/lib/python3.7/site-packages/airflow/example_dags/example_skip_dag.py took 0.127 seconds
[2023-02-01T22:36:05.642+0000] {processor.py:153} INFO - Started process (PID=2384) to work on /home/airflow/.local/lib/python3.7/site-packages/airflow/example_dags/example_skip_dag.py
[2023-02-01T22:36:05.644+0000] {processor.py:743} INFO - Processing file /home/airflow/.local/lib/python3.7/site-packages/airflow/example_dags/example_skip_dag.py for tasks to queue
[2023-02-01T22:36:05.645+0000] {logging_mixin.py:137} INFO - [2023-02-01T22:36:05.645+0000] {dagbag.py:538} INFO - Filling up the DagBag from /home/airflow/.local/lib/python3.7/site-packages/airflow/example_dags/example_skip_dag.py
[2023-02-01T22:36:05.666+0000] {processor.py:753} INFO - DAG(s) dict_keys(['example_skip_dag']) retrieved from /home/airflow/.local/lib/python3.7/site-packages/airflow/example_dags/example_skip_dag.py
[2023-02-01T22:36:05.691+0000] {logging_mixin.py:137} INFO - [2023-02-01T22:36:05.691+0000] {dag.py:2690} INFO - Sync 1 DAGs
[2023-02-01T22:36:05.708+0000] {logging_mixin.py:137} INFO - [2023-02-01T22:36:05.708+0000] {dag.py:3441} INFO - Setting next_dagrun for example_skip_dag to 2023-01-31T22:36:05.708606+00:00, run_after=2023-02-01T22:36:05.708606+00:00
[2023-02-01T22:36:05.721+0000] {processor.py:175} INFO - Processing /home/airflow/.local/lib/python3.7/site-packages/airflow/example_dags/example_skip_dag.py took 0.082 seconds
[2023-02-01T22:36:36.301+0000] {processor.py:153} INFO - Started process (PID=2460) to work on /home/airflow/.local/lib/python3.7/site-packages/airflow/example_dags/example_skip_dag.py
[2023-02-01T22:36:36.302+0000] {processor.py:743} INFO - Processing file /home/airflow/.local/lib/python3.7/site-packages/airflow/example_dags/example_skip_dag.py for tasks to queue
[2023-02-01T22:36:36.303+0000] {logging_mixin.py:137} INFO - [2023-02-01T22:36:36.303+0000] {dagbag.py:538} INFO - Filling up the DagBag from /home/airflow/.local/lib/python3.7/site-packages/airflow/example_dags/example_skip_dag.py
[2023-02-01T22:36:36.326+0000] {processor.py:753} INFO - DAG(s) dict_keys(['example_skip_dag']) retrieved from /home/airflow/.local/lib/python3.7/site-packages/airflow/example_dags/example_skip_dag.py
[2023-02-01T22:36:36.357+0000] {logging_mixin.py:137} INFO - [2023-02-01T22:36:36.357+0000] {dag.py:2690} INFO - Sync 1 DAGs
[2023-02-01T22:36:36.375+0000] {logging_mixin.py:137} INFO - [2023-02-01T22:36:36.375+0000] {dag.py:3441} INFO - Setting next_dagrun for example_skip_dag to 2023-01-31T22:36:36.375085+00:00, run_after=2023-02-01T22:36:36.375085+00:00
[2023-02-01T22:36:36.388+0000] {processor.py:175} INFO - Processing /home/airflow/.local/lib/python3.7/site-packages/airflow/example_dags/example_skip_dag.py took 0.090 seconds
