[2023-02-01T22:19:11.236+0000] {processor.py:153} INFO - Started process (PID=39) to work on /home/airflow/.local/lib/python3.7/site-packages/airflow/example_dags/example_short_circuit_decorator.py
[2023-02-01T22:19:11.243+0000] {processor.py:743} INFO - Processing file /home/airflow/.local/lib/python3.7/site-packages/airflow/example_dags/example_short_circuit_decorator.py for tasks to queue
[2023-02-01T22:19:11.253+0000] {logging_mixin.py:137} INFO - [2023-02-01T22:19:11.253+0000] {dagbag.py:538} INFO - Filling up the DagBag from /home/airflow/.local/lib/python3.7/site-packages/airflow/example_dags/example_short_circuit_decorator.py
[2023-02-01T22:19:11.382+0000] {processor.py:753} INFO - DAG(s) dict_keys(['example_short_circuit_decorator']) retrieved from /home/airflow/.local/lib/python3.7/site-packages/airflow/example_dags/example_short_circuit_decorator.py
[2023-02-01T22:19:11.424+0000] {logging_mixin.py:137} INFO - [2023-02-01T22:19:11.424+0000] {dag.py:2690} INFO - Sync 1 DAGs
[2023-02-01T22:19:11.545+0000] {logging_mixin.py:137} INFO - [2023-02-01T22:19:11.544+0000] {dag.py:3441} INFO - Setting next_dagrun for example_short_circuit_decorator to 2023-01-31T22:19:11.541765+00:00, run_after=2023-02-01T22:19:11.541765+00:00
[2023-02-01T22:19:11.612+0000] {processor.py:175} INFO - Processing /home/airflow/.local/lib/python3.7/site-packages/airflow/example_dags/example_short_circuit_decorator.py took 0.398 seconds
[2023-02-01T22:19:41.687+0000] {processor.py:153} INFO - Started process (PID=103) to work on /home/airflow/.local/lib/python3.7/site-packages/airflow/example_dags/example_short_circuit_decorator.py
[2023-02-01T22:19:41.688+0000] {processor.py:743} INFO - Processing file /home/airflow/.local/lib/python3.7/site-packages/airflow/example_dags/example_short_circuit_decorator.py for tasks to queue
[2023-02-01T22:19:41.689+0000] {logging_mixin.py:137} INFO - [2023-02-01T22:19:41.689+0000] {dagbag.py:538} INFO - Filling up the DagBag from /home/airflow/.local/lib/python3.7/site-packages/airflow/example_dags/example_short_circuit_decorator.py
[2023-02-01T22:19:41.706+0000] {processor.py:753} INFO - DAG(s) dict_keys(['example_short_circuit_decorator']) retrieved from /home/airflow/.local/lib/python3.7/site-packages/airflow/example_dags/example_short_circuit_decorator.py
[2023-02-01T22:19:41.724+0000] {logging_mixin.py:137} INFO - [2023-02-01T22:19:41.724+0000] {dag.py:2690} INFO - Sync 1 DAGs
[2023-02-01T22:19:41.738+0000] {logging_mixin.py:137} INFO - [2023-02-01T22:19:41.738+0000] {dag.py:3441} INFO - Setting next_dagrun for example_short_circuit_decorator to 2023-01-31T22:19:41.738425+00:00, run_after=2023-02-01T22:19:41.738425+00:00
[2023-02-01T22:19:41.751+0000] {processor.py:175} INFO - Processing /home/airflow/.local/lib/python3.7/site-packages/airflow/example_dags/example_short_circuit_decorator.py took 0.066 seconds
[2023-02-01T22:20:12.935+0000] {processor.py:153} INFO - Started process (PID=179) to work on /home/airflow/.local/lib/python3.7/site-packages/airflow/example_dags/example_short_circuit_decorator.py
[2023-02-01T22:20:12.936+0000] {processor.py:743} INFO - Processing file /home/airflow/.local/lib/python3.7/site-packages/airflow/example_dags/example_short_circuit_decorator.py for tasks to queue
[2023-02-01T22:20:12.937+0000] {logging_mixin.py:137} INFO - [2023-02-01T22:20:12.937+0000] {dagbag.py:538} INFO - Filling up the DagBag from /home/airflow/.local/lib/python3.7/site-packages/airflow/example_dags/example_short_circuit_decorator.py
[2023-02-01T22:20:12.954+0000] {processor.py:753} INFO - DAG(s) dict_keys(['example_short_circuit_decorator']) retrieved from /home/airflow/.local/lib/python3.7/site-packages/airflow/example_dags/example_short_circuit_decorator.py
[2023-02-01T22:20:12.974+0000] {logging_mixin.py:137} INFO - [2023-02-01T22:20:12.974+0000] {dag.py:2690} INFO - Sync 1 DAGs
[2023-02-01T22:20:12.988+0000] {logging_mixin.py:137} INFO - [2023-02-01T22:20:12.988+0000] {dag.py:3441} INFO - Setting next_dagrun for example_short_circuit_decorator to 2023-01-31T22:20:12.988197+00:00, run_after=2023-02-01T22:20:12.988197+00:00
[2023-02-01T22:20:13.000+0000] {processor.py:175} INFO - Processing /home/airflow/.local/lib/python3.7/site-packages/airflow/example_dags/example_short_circuit_decorator.py took 0.068 seconds
[2023-02-01T22:20:44.001+0000] {processor.py:153} INFO - Started process (PID=255) to work on /home/airflow/.local/lib/python3.7/site-packages/airflow/example_dags/example_short_circuit_decorator.py
[2023-02-01T22:20:44.002+0000] {processor.py:743} INFO - Processing file /home/airflow/.local/lib/python3.7/site-packages/airflow/example_dags/example_short_circuit_decorator.py for tasks to queue
[2023-02-01T22:20:44.003+0000] {logging_mixin.py:137} INFO - [2023-02-01T22:20:44.003+0000] {dagbag.py:538} INFO - Filling up the DagBag from /home/airflow/.local/lib/python3.7/site-packages/airflow/example_dags/example_short_circuit_decorator.py
[2023-02-01T22:20:44.020+0000] {processor.py:753} INFO - DAG(s) dict_keys(['example_short_circuit_decorator']) retrieved from /home/airflow/.local/lib/python3.7/site-packages/airflow/example_dags/example_short_circuit_decorator.py
[2023-02-01T22:20:44.040+0000] {logging_mixin.py:137} INFO - [2023-02-01T22:20:44.040+0000] {dag.py:2690} INFO - Sync 1 DAGs
[2023-02-01T22:20:44.057+0000] {logging_mixin.py:137} INFO - [2023-02-01T22:20:44.057+0000] {dag.py:3441} INFO - Setting next_dagrun for example_short_circuit_decorator to 2023-01-31T22:20:44.057362+00:00, run_after=2023-02-01T22:20:44.057362+00:00
[2023-02-01T22:20:44.069+0000] {processor.py:175} INFO - Processing /home/airflow/.local/lib/python3.7/site-packages/airflow/example_dags/example_short_circuit_decorator.py took 0.071 seconds
[2023-02-01T22:21:14.873+0000] {processor.py:153} INFO - Started process (PID=318) to work on /home/airflow/.local/lib/python3.7/site-packages/airflow/example_dags/example_short_circuit_decorator.py
[2023-02-01T22:21:14.874+0000] {processor.py:743} INFO - Processing file /home/airflow/.local/lib/python3.7/site-packages/airflow/example_dags/example_short_circuit_decorator.py for tasks to queue
[2023-02-01T22:21:14.874+0000] {logging_mixin.py:137} INFO - [2023-02-01T22:21:14.874+0000] {dagbag.py:538} INFO - Filling up the DagBag from /home/airflow/.local/lib/python3.7/site-packages/airflow/example_dags/example_short_circuit_decorator.py
[2023-02-01T22:21:14.892+0000] {processor.py:753} INFO - DAG(s) dict_keys(['example_short_circuit_decorator']) retrieved from /home/airflow/.local/lib/python3.7/site-packages/airflow/example_dags/example_short_circuit_decorator.py
[2023-02-01T22:21:14.910+0000] {logging_mixin.py:137} INFO - [2023-02-01T22:21:14.910+0000] {dag.py:2690} INFO - Sync 1 DAGs
[2023-02-01T22:21:14.926+0000] {logging_mixin.py:137} INFO - [2023-02-01T22:21:14.926+0000] {dag.py:3441} INFO - Setting next_dagrun for example_short_circuit_decorator to 2023-01-31T22:21:14.926169+00:00, run_after=2023-02-01T22:21:14.926169+00:00
[2023-02-01T22:21:14.947+0000] {processor.py:175} INFO - Processing /home/airflow/.local/lib/python3.7/site-packages/airflow/example_dags/example_short_circuit_decorator.py took 0.078 seconds
[2023-02-01T22:21:45.722+0000] {processor.py:153} INFO - Started process (PID=394) to work on /home/airflow/.local/lib/python3.7/site-packages/airflow/example_dags/example_short_circuit_decorator.py
[2023-02-01T22:21:45.725+0000] {processor.py:743} INFO - Processing file /home/airflow/.local/lib/python3.7/site-packages/airflow/example_dags/example_short_circuit_decorator.py for tasks to queue
[2023-02-01T22:21:45.726+0000] {logging_mixin.py:137} INFO - [2023-02-01T22:21:45.726+0000] {dagbag.py:538} INFO - Filling up the DagBag from /home/airflow/.local/lib/python3.7/site-packages/airflow/example_dags/example_short_circuit_decorator.py
[2023-02-01T22:21:45.745+0000] {processor.py:753} INFO - DAG(s) dict_keys(['example_short_circuit_decorator']) retrieved from /home/airflow/.local/lib/python3.7/site-packages/airflow/example_dags/example_short_circuit_decorator.py
[2023-02-01T22:21:45.765+0000] {logging_mixin.py:137} INFO - [2023-02-01T22:21:45.765+0000] {dag.py:2690} INFO - Sync 1 DAGs
[2023-02-01T22:21:45.784+0000] {logging_mixin.py:137} INFO - [2023-02-01T22:21:45.784+0000] {dag.py:3441} INFO - Setting next_dagrun for example_short_circuit_decorator to 2023-01-31T22:21:45.784467+00:00, run_after=2023-02-01T22:21:45.784467+00:00
[2023-02-01T22:21:45.796+0000] {processor.py:175} INFO - Processing /home/airflow/.local/lib/python3.7/site-packages/airflow/example_dags/example_short_circuit_decorator.py took 0.077 seconds
[2023-02-01T22:22:16.865+0000] {processor.py:153} INFO - Started process (PID=470) to work on /home/airflow/.local/lib/python3.7/site-packages/airflow/example_dags/example_short_circuit_decorator.py
[2023-02-01T22:22:16.867+0000] {processor.py:743} INFO - Processing file /home/airflow/.local/lib/python3.7/site-packages/airflow/example_dags/example_short_circuit_decorator.py for tasks to queue
[2023-02-01T22:22:16.868+0000] {logging_mixin.py:137} INFO - [2023-02-01T22:22:16.868+0000] {dagbag.py:538} INFO - Filling up the DagBag from /home/airflow/.local/lib/python3.7/site-packages/airflow/example_dags/example_short_circuit_decorator.py
[2023-02-01T22:22:16.887+0000] {processor.py:753} INFO - DAG(s) dict_keys(['example_short_circuit_decorator']) retrieved from /home/airflow/.local/lib/python3.7/site-packages/airflow/example_dags/example_short_circuit_decorator.py
[2023-02-01T22:22:16.906+0000] {logging_mixin.py:137} INFO - [2023-02-01T22:22:16.906+0000] {dag.py:2690} INFO - Sync 1 DAGs
[2023-02-01T22:22:16.923+0000] {logging_mixin.py:137} INFO - [2023-02-01T22:22:16.923+0000] {dag.py:3441} INFO - Setting next_dagrun for example_short_circuit_decorator to 2023-01-31T22:22:16.923583+00:00, run_after=2023-02-01T22:22:16.923583+00:00
[2023-02-01T22:22:16.936+0000] {processor.py:175} INFO - Processing /home/airflow/.local/lib/python3.7/site-packages/airflow/example_dags/example_short_circuit_decorator.py took 0.076 seconds
[2023-02-01T22:22:47.756+0000] {processor.py:153} INFO - Started process (PID=534) to work on /home/airflow/.local/lib/python3.7/site-packages/airflow/example_dags/example_short_circuit_decorator.py
[2023-02-01T22:22:47.758+0000] {processor.py:743} INFO - Processing file /home/airflow/.local/lib/python3.7/site-packages/airflow/example_dags/example_short_circuit_decorator.py for tasks to queue
[2023-02-01T22:22:47.760+0000] {logging_mixin.py:137} INFO - [2023-02-01T22:22:47.760+0000] {dagbag.py:538} INFO - Filling up the DagBag from /home/airflow/.local/lib/python3.7/site-packages/airflow/example_dags/example_short_circuit_decorator.py
[2023-02-01T22:22:47.786+0000] {processor.py:753} INFO - DAG(s) dict_keys(['example_short_circuit_decorator']) retrieved from /home/airflow/.local/lib/python3.7/site-packages/airflow/example_dags/example_short_circuit_decorator.py
[2023-02-01T22:22:47.812+0000] {logging_mixin.py:137} INFO - [2023-02-01T22:22:47.812+0000] {dag.py:2690} INFO - Sync 1 DAGs
[2023-02-01T22:22:47.837+0000] {logging_mixin.py:137} INFO - [2023-02-01T22:22:47.837+0000] {dag.py:3441} INFO - Setting next_dagrun for example_short_circuit_decorator to 2023-01-31T22:22:47.837666+00:00, run_after=2023-02-01T22:22:47.837666+00:00
[2023-02-01T22:22:47.857+0000] {processor.py:175} INFO - Processing /home/airflow/.local/lib/python3.7/site-packages/airflow/example_dags/example_short_circuit_decorator.py took 0.104 seconds
[2023-02-01T22:23:18.562+0000] {processor.py:153} INFO - Started process (PID=610) to work on /home/airflow/.local/lib/python3.7/site-packages/airflow/example_dags/example_short_circuit_decorator.py
[2023-02-01T22:23:18.563+0000] {processor.py:743} INFO - Processing file /home/airflow/.local/lib/python3.7/site-packages/airflow/example_dags/example_short_circuit_decorator.py for tasks to queue
[2023-02-01T22:23:18.564+0000] {logging_mixin.py:137} INFO - [2023-02-01T22:23:18.564+0000] {dagbag.py:538} INFO - Filling up the DagBag from /home/airflow/.local/lib/python3.7/site-packages/airflow/example_dags/example_short_circuit_decorator.py
[2023-02-01T22:23:18.581+0000] {processor.py:753} INFO - DAG(s) dict_keys(['example_short_circuit_decorator']) retrieved from /home/airflow/.local/lib/python3.7/site-packages/airflow/example_dags/example_short_circuit_decorator.py
[2023-02-01T22:23:18.599+0000] {logging_mixin.py:137} INFO - [2023-02-01T22:23:18.599+0000] {dag.py:2690} INFO - Sync 1 DAGs
[2023-02-01T22:23:18.614+0000] {logging_mixin.py:137} INFO - [2023-02-01T22:23:18.613+0000] {dag.py:3441} INFO - Setting next_dagrun for example_short_circuit_decorator to 2023-01-31T22:23:18.613738+00:00, run_after=2023-02-01T22:23:18.613738+00:00
[2023-02-01T22:23:18.626+0000] {processor.py:175} INFO - Processing /home/airflow/.local/lib/python3.7/site-packages/airflow/example_dags/example_short_circuit_decorator.py took 0.068 seconds
[2023-02-01T22:23:49.532+0000] {processor.py:153} INFO - Started process (PID=686) to work on /home/airflow/.local/lib/python3.7/site-packages/airflow/example_dags/example_short_circuit_decorator.py
[2023-02-01T22:23:49.533+0000] {processor.py:743} INFO - Processing file /home/airflow/.local/lib/python3.7/site-packages/airflow/example_dags/example_short_circuit_decorator.py for tasks to queue
[2023-02-01T22:23:49.534+0000] {logging_mixin.py:137} INFO - [2023-02-01T22:23:49.534+0000] {dagbag.py:538} INFO - Filling up the DagBag from /home/airflow/.local/lib/python3.7/site-packages/airflow/example_dags/example_short_circuit_decorator.py
[2023-02-01T22:23:49.550+0000] {processor.py:753} INFO - DAG(s) dict_keys(['example_short_circuit_decorator']) retrieved from /home/airflow/.local/lib/python3.7/site-packages/airflow/example_dags/example_short_circuit_decorator.py
[2023-02-01T22:23:49.569+0000] {logging_mixin.py:137} INFO - [2023-02-01T22:23:49.569+0000] {dag.py:2690} INFO - Sync 1 DAGs
[2023-02-01T22:23:49.583+0000] {logging_mixin.py:137} INFO - [2023-02-01T22:23:49.583+0000] {dag.py:3441} INFO - Setting next_dagrun for example_short_circuit_decorator to 2023-01-31T22:23:49.583615+00:00, run_after=2023-02-01T22:23:49.583615+00:00
[2023-02-01T22:23:49.594+0000] {processor.py:175} INFO - Processing /home/airflow/.local/lib/python3.7/site-packages/airflow/example_dags/example_short_circuit_decorator.py took 0.065 seconds
