[2023-02-01T22:19:19.376+0000] {processor.py:153} INFO - Started process (PID=72) to work on /home/airflow/.local/lib/python3.7/site-packages/airflow/example_dags/example_task_group.py
[2023-02-01T22:19:19.383+0000] {processor.py:743} INFO - Processing file /home/airflow/.local/lib/python3.7/site-packages/airflow/example_dags/example_task_group.py for tasks to queue
[2023-02-01T22:19:19.386+0000] {logging_mixin.py:137} INFO - [2023-02-01T22:19:19.385+0000] {dagbag.py:538} INFO - Filling up the DagBag from /home/airflow/.local/lib/python3.7/site-packages/airflow/example_dags/example_task_group.py
[2023-02-01T22:19:19.659+0000] {processor.py:753} INFO - DAG(s) dict_keys(['example_task_group']) retrieved from /home/airflow/.local/lib/python3.7/site-packages/airflow/example_dags/example_task_group.py
[2023-02-01T22:19:19.830+0000] {logging_mixin.py:137} INFO - [2023-02-01T22:19:19.830+0000] {dag.py:2690} INFO - Sync 1 DAGs
[2023-02-01T22:19:19.967+0000] {logging_mixin.py:137} INFO - [2023-02-01T22:19:19.965+0000] {dag.py:3441} INFO - Setting next_dagrun for example_task_group to 2023-01-31T22:19:19.964973+00:00, run_after=2023-02-01T22:19:19.964973+00:00
[2023-02-01T22:19:20.028+0000] {processor.py:175} INFO - Processing /home/airflow/.local/lib/python3.7/site-packages/airflow/example_dags/example_task_group.py took 0.696 seconds
[2023-02-01T22:19:50.430+0000] {processor.py:153} INFO - Started process (PID=136) to work on /home/airflow/.local/lib/python3.7/site-packages/airflow/example_dags/example_task_group.py
[2023-02-01T22:19:50.431+0000] {processor.py:743} INFO - Processing file /home/airflow/.local/lib/python3.7/site-packages/airflow/example_dags/example_task_group.py for tasks to queue
[2023-02-01T22:19:50.433+0000] {logging_mixin.py:137} INFO - [2023-02-01T22:19:50.433+0000] {dagbag.py:538} INFO - Filling up the DagBag from /home/airflow/.local/lib/python3.7/site-packages/airflow/example_dags/example_task_group.py
[2023-02-01T22:19:50.455+0000] {processor.py:753} INFO - DAG(s) dict_keys(['example_task_group']) retrieved from /home/airflow/.local/lib/python3.7/site-packages/airflow/example_dags/example_task_group.py
[2023-02-01T22:19:50.490+0000] {logging_mixin.py:137} INFO - [2023-02-01T22:19:50.490+0000] {dag.py:2690} INFO - Sync 1 DAGs
[2023-02-01T22:19:50.514+0000] {logging_mixin.py:137} INFO - [2023-02-01T22:19:50.513+0000] {dag.py:3441} INFO - Setting next_dagrun for example_task_group to 2023-01-31T22:19:50.513578+00:00, run_after=2023-02-01T22:19:50.513578+00:00
[2023-02-01T22:19:50.529+0000] {processor.py:175} INFO - Processing /home/airflow/.local/lib/python3.7/site-packages/airflow/example_dags/example_task_group.py took 0.105 seconds
[2023-02-01T22:20:20.616+0000] {processor.py:153} INFO - Started process (PID=212) to work on /home/airflow/.local/lib/python3.7/site-packages/airflow/example_dags/example_task_group.py
[2023-02-01T22:20:20.618+0000] {processor.py:743} INFO - Processing file /home/airflow/.local/lib/python3.7/site-packages/airflow/example_dags/example_task_group.py for tasks to queue
[2023-02-01T22:20:20.619+0000] {logging_mixin.py:137} INFO - [2023-02-01T22:20:20.619+0000] {dagbag.py:538} INFO - Filling up the DagBag from /home/airflow/.local/lib/python3.7/site-packages/airflow/example_dags/example_task_group.py
[2023-02-01T22:20:20.642+0000] {processor.py:753} INFO - DAG(s) dict_keys(['example_task_group']) retrieved from /home/airflow/.local/lib/python3.7/site-packages/airflow/example_dags/example_task_group.py
[2023-02-01T22:20:20.667+0000] {logging_mixin.py:137} INFO - [2023-02-01T22:20:20.667+0000] {dag.py:2690} INFO - Sync 1 DAGs
[2023-02-01T22:20:20.690+0000] {logging_mixin.py:137} INFO - [2023-02-01T22:20:20.690+0000] {dag.py:3441} INFO - Setting next_dagrun for example_task_group to 2023-01-31T22:20:20.689850+00:00, run_after=2023-02-01T22:20:20.689850+00:00
[2023-02-01T22:20:20.706+0000] {processor.py:175} INFO - Processing /home/airflow/.local/lib/python3.7/site-packages/airflow/example_dags/example_task_group.py took 0.093 seconds
[2023-02-01T22:20:50.739+0000] {processor.py:153} INFO - Started process (PID=276) to work on /home/airflow/.local/lib/python3.7/site-packages/airflow/example_dags/example_task_group.py
[2023-02-01T22:20:50.743+0000] {processor.py:743} INFO - Processing file /home/airflow/.local/lib/python3.7/site-packages/airflow/example_dags/example_task_group.py for tasks to queue
[2023-02-01T22:20:50.745+0000] {logging_mixin.py:137} INFO - [2023-02-01T22:20:50.745+0000] {dagbag.py:538} INFO - Filling up the DagBag from /home/airflow/.local/lib/python3.7/site-packages/airflow/example_dags/example_task_group.py
[2023-02-01T22:20:50.770+0000] {processor.py:753} INFO - DAG(s) dict_keys(['example_task_group']) retrieved from /home/airflow/.local/lib/python3.7/site-packages/airflow/example_dags/example_task_group.py
[2023-02-01T22:20:50.801+0000] {logging_mixin.py:137} INFO - [2023-02-01T22:20:50.800+0000] {dag.py:2690} INFO - Sync 1 DAGs
[2023-02-01T22:20:50.823+0000] {logging_mixin.py:137} INFO - [2023-02-01T22:20:50.823+0000] {dag.py:3441} INFO - Setting next_dagrun for example_task_group to 2023-01-31T22:20:50.822944+00:00, run_after=2023-02-01T22:20:50.822944+00:00
[2023-02-01T22:20:50.839+0000] {processor.py:175} INFO - Processing /home/airflow/.local/lib/python3.7/site-packages/airflow/example_dags/example_task_group.py took 0.104 seconds
[2023-02-01T22:21:21.911+0000] {processor.py:153} INFO - Started process (PID=352) to work on /home/airflow/.local/lib/python3.7/site-packages/airflow/example_dags/example_task_group.py
[2023-02-01T22:21:21.915+0000] {processor.py:743} INFO - Processing file /home/airflow/.local/lib/python3.7/site-packages/airflow/example_dags/example_task_group.py for tasks to queue
[2023-02-01T22:21:21.919+0000] {logging_mixin.py:137} INFO - [2023-02-01T22:21:21.919+0000] {dagbag.py:538} INFO - Filling up the DagBag from /home/airflow/.local/lib/python3.7/site-packages/airflow/example_dags/example_task_group.py
[2023-02-01T22:21:21.939+0000] {processor.py:753} INFO - DAG(s) dict_keys(['example_task_group']) retrieved from /home/airflow/.local/lib/python3.7/site-packages/airflow/example_dags/example_task_group.py
[2023-02-01T22:21:21.966+0000] {logging_mixin.py:137} INFO - [2023-02-01T22:21:21.966+0000] {dag.py:2690} INFO - Sync 1 DAGs
[2023-02-01T22:21:21.983+0000] {logging_mixin.py:137} INFO - [2023-02-01T22:21:21.983+0000] {dag.py:3441} INFO - Setting next_dagrun for example_task_group to 2023-01-31T22:21:21.982939+00:00, run_after=2023-02-01T22:21:21.982939+00:00
[2023-02-01T22:21:21.994+0000] {processor.py:175} INFO - Processing /home/airflow/.local/lib/python3.7/site-packages/airflow/example_dags/example_task_group.py took 0.091 seconds
[2023-02-01T22:21:52.021+0000] {processor.py:153} INFO - Started process (PID=422) to work on /home/airflow/.local/lib/python3.7/site-packages/airflow/example_dags/example_task_group.py
[2023-02-01T22:21:52.022+0000] {processor.py:743} INFO - Processing file /home/airflow/.local/lib/python3.7/site-packages/airflow/example_dags/example_task_group.py for tasks to queue
[2023-02-01T22:21:52.023+0000] {logging_mixin.py:137} INFO - [2023-02-01T22:21:52.023+0000] {dagbag.py:538} INFO - Filling up the DagBag from /home/airflow/.local/lib/python3.7/site-packages/airflow/example_dags/example_task_group.py
[2023-02-01T22:21:52.040+0000] {processor.py:753} INFO - DAG(s) dict_keys(['example_task_group']) retrieved from /home/airflow/.local/lib/python3.7/site-packages/airflow/example_dags/example_task_group.py
[2023-02-01T22:21:52.069+0000] {logging_mixin.py:137} INFO - [2023-02-01T22:21:52.069+0000] {dag.py:2690} INFO - Sync 1 DAGs
[2023-02-01T22:21:52.091+0000] {logging_mixin.py:137} INFO - [2023-02-01T22:21:52.090+0000] {dag.py:3441} INFO - Setting next_dagrun for example_task_group to 2023-01-31T22:21:52.090651+00:00, run_after=2023-02-01T22:21:52.090651+00:00
[2023-02-01T22:21:52.105+0000] {processor.py:175} INFO - Processing /home/airflow/.local/lib/python3.7/site-packages/airflow/example_dags/example_task_group.py took 0.087 seconds
[2023-02-01T22:22:22.228+0000] {processor.py:153} INFO - Started process (PID=491) to work on /home/airflow/.local/lib/python3.7/site-packages/airflow/example_dags/example_task_group.py
[2023-02-01T22:22:22.231+0000] {processor.py:743} INFO - Processing file /home/airflow/.local/lib/python3.7/site-packages/airflow/example_dags/example_task_group.py for tasks to queue
[2023-02-01T22:22:22.232+0000] {logging_mixin.py:137} INFO - [2023-02-01T22:22:22.232+0000] {dagbag.py:538} INFO - Filling up the DagBag from /home/airflow/.local/lib/python3.7/site-packages/airflow/example_dags/example_task_group.py
[2023-02-01T22:22:22.250+0000] {processor.py:753} INFO - DAG(s) dict_keys(['example_task_group']) retrieved from /home/airflow/.local/lib/python3.7/site-packages/airflow/example_dags/example_task_group.py
[2023-02-01T22:22:22.272+0000] {logging_mixin.py:137} INFO - [2023-02-01T22:22:22.272+0000] {dag.py:2690} INFO - Sync 1 DAGs
[2023-02-01T22:22:22.287+0000] {logging_mixin.py:137} INFO - [2023-02-01T22:22:22.287+0000] {dag.py:3441} INFO - Setting next_dagrun for example_task_group to 2023-01-31T22:22:22.287352+00:00, run_after=2023-02-01T22:22:22.287352+00:00
[2023-02-01T22:22:22.297+0000] {processor.py:175} INFO - Processing /home/airflow/.local/lib/python3.7/site-packages/airflow/example_dags/example_task_group.py took 0.074 seconds
[2023-02-01T22:22:53.149+0000] {processor.py:153} INFO - Started process (PID=567) to work on /home/airflow/.local/lib/python3.7/site-packages/airflow/example_dags/example_task_group.py
[2023-02-01T22:22:53.153+0000] {processor.py:743} INFO - Processing file /home/airflow/.local/lib/python3.7/site-packages/airflow/example_dags/example_task_group.py for tasks to queue
[2023-02-01T22:22:53.155+0000] {logging_mixin.py:137} INFO - [2023-02-01T22:22:53.155+0000] {dagbag.py:538} INFO - Filling up the DagBag from /home/airflow/.local/lib/python3.7/site-packages/airflow/example_dags/example_task_group.py
[2023-02-01T22:22:53.184+0000] {processor.py:753} INFO - DAG(s) dict_keys(['example_task_group']) retrieved from /home/airflow/.local/lib/python3.7/site-packages/airflow/example_dags/example_task_group.py
[2023-02-01T22:22:53.214+0000] {logging_mixin.py:137} INFO - [2023-02-01T22:22:53.214+0000] {dag.py:2690} INFO - Sync 1 DAGs
[2023-02-01T22:22:53.232+0000] {logging_mixin.py:137} INFO - [2023-02-01T22:22:53.232+0000] {dag.py:3441} INFO - Setting next_dagrun for example_task_group to 2023-01-31T22:22:53.232576+00:00, run_after=2023-02-01T22:22:53.232576+00:00
[2023-02-01T22:22:53.245+0000] {processor.py:175} INFO - Processing /home/airflow/.local/lib/python3.7/site-packages/airflow/example_dags/example_task_group.py took 0.101 seconds
[2023-02-01T22:23:23.850+0000] {processor.py:153} INFO - Started process (PID=631) to work on /home/airflow/.local/lib/python3.7/site-packages/airflow/example_dags/example_task_group.py
[2023-02-01T22:23:23.854+0000] {processor.py:743} INFO - Processing file /home/airflow/.local/lib/python3.7/site-packages/airflow/example_dags/example_task_group.py for tasks to queue
[2023-02-01T22:23:23.857+0000] {logging_mixin.py:137} INFO - [2023-02-01T22:23:23.856+0000] {dagbag.py:538} INFO - Filling up the DagBag from /home/airflow/.local/lib/python3.7/site-packages/airflow/example_dags/example_task_group.py
[2023-02-01T22:23:23.883+0000] {processor.py:753} INFO - DAG(s) dict_keys(['example_task_group']) retrieved from /home/airflow/.local/lib/python3.7/site-packages/airflow/example_dags/example_task_group.py
[2023-02-01T22:23:23.912+0000] {logging_mixin.py:137} INFO - [2023-02-01T22:23:23.912+0000] {dag.py:2690} INFO - Sync 1 DAGs
[2023-02-01T22:23:23.930+0000] {logging_mixin.py:137} INFO - [2023-02-01T22:23:23.930+0000] {dag.py:3441} INFO - Setting next_dagrun for example_task_group to 2023-01-31T22:23:23.930004+00:00, run_after=2023-02-01T22:23:23.930004+00:00
[2023-02-01T22:23:23.943+0000] {processor.py:175} INFO - Processing /home/airflow/.local/lib/python3.7/site-packages/airflow/example_dags/example_task_group.py took 0.100 seconds
[2023-02-01T22:23:54.859+0000] {processor.py:153} INFO - Started process (PID=707) to work on /home/airflow/.local/lib/python3.7/site-packages/airflow/example_dags/example_task_group.py
[2023-02-01T22:23:54.863+0000] {processor.py:743} INFO - Processing file /home/airflow/.local/lib/python3.7/site-packages/airflow/example_dags/example_task_group.py for tasks to queue
[2023-02-01T22:23:54.865+0000] {logging_mixin.py:137} INFO - [2023-02-01T22:23:54.864+0000] {dagbag.py:538} INFO - Filling up the DagBag from /home/airflow/.local/lib/python3.7/site-packages/airflow/example_dags/example_task_group.py
[2023-02-01T22:23:54.885+0000] {processor.py:753} INFO - DAG(s) dict_keys(['example_task_group']) retrieved from /home/airflow/.local/lib/python3.7/site-packages/airflow/example_dags/example_task_group.py
[2023-02-01T22:23:54.915+0000] {logging_mixin.py:137} INFO - [2023-02-01T22:23:54.915+0000] {dag.py:2690} INFO - Sync 1 DAGs
[2023-02-01T22:23:54.942+0000] {logging_mixin.py:137} INFO - [2023-02-01T22:23:54.942+0000] {dag.py:3441} INFO - Setting next_dagrun for example_task_group to 2023-01-31T22:23:54.942641+00:00, run_after=2023-02-01T22:23:54.942641+00:00
[2023-02-01T22:23:54.959+0000] {processor.py:175} INFO - Processing /home/airflow/.local/lib/python3.7/site-packages/airflow/example_dags/example_task_group.py took 0.107 seconds
[2023-02-01T22:24:25.227+0000] {processor.py:153} INFO - Started process (PID=783) to work on /home/airflow/.local/lib/python3.7/site-packages/airflow/example_dags/example_task_group.py
[2023-02-01T22:24:25.229+0000] {processor.py:743} INFO - Processing file /home/airflow/.local/lib/python3.7/site-packages/airflow/example_dags/example_task_group.py for tasks to queue
[2023-02-01T22:24:25.230+0000] {logging_mixin.py:137} INFO - [2023-02-01T22:24:25.230+0000] {dagbag.py:538} INFO - Filling up the DagBag from /home/airflow/.local/lib/python3.7/site-packages/airflow/example_dags/example_task_group.py
[2023-02-01T22:24:25.252+0000] {processor.py:753} INFO - DAG(s) dict_keys(['example_task_group']) retrieved from /home/airflow/.local/lib/python3.7/site-packages/airflow/example_dags/example_task_group.py
[2023-02-01T22:24:25.276+0000] {logging_mixin.py:137} INFO - [2023-02-01T22:24:25.276+0000] {dag.py:2690} INFO - Sync 1 DAGs
[2023-02-01T22:24:25.291+0000] {logging_mixin.py:137} INFO - [2023-02-01T22:24:25.291+0000] {dag.py:3441} INFO - Setting next_dagrun for example_task_group to 2023-01-31T22:24:25.291193+00:00, run_after=2023-02-01T22:24:25.291193+00:00
[2023-02-01T22:24:25.302+0000] {processor.py:175} INFO - Processing /home/airflow/.local/lib/python3.7/site-packages/airflow/example_dags/example_task_group.py took 0.080 seconds
[2023-02-01T22:24:55.798+0000] {processor.py:153} INFO - Started process (PID=847) to work on /home/airflow/.local/lib/python3.7/site-packages/airflow/example_dags/example_task_group.py
[2023-02-01T22:24:55.808+0000] {processor.py:743} INFO - Processing file /home/airflow/.local/lib/python3.7/site-packages/airflow/example_dags/example_task_group.py for tasks to queue
[2023-02-01T22:24:55.809+0000] {logging_mixin.py:137} INFO - [2023-02-01T22:24:55.809+0000] {dagbag.py:538} INFO - Filling up the DagBag from /home/airflow/.local/lib/python3.7/site-packages/airflow/example_dags/example_task_group.py
[2023-02-01T22:24:55.835+0000] {processor.py:753} INFO - DAG(s) dict_keys(['example_task_group']) retrieved from /home/airflow/.local/lib/python3.7/site-packages/airflow/example_dags/example_task_group.py
[2023-02-01T22:24:55.878+0000] {logging_mixin.py:137} INFO - [2023-02-01T22:24:55.878+0000] {dag.py:2690} INFO - Sync 1 DAGs
[2023-02-01T22:24:55.907+0000] {logging_mixin.py:137} INFO - [2023-02-01T22:24:55.907+0000] {dag.py:3441} INFO - Setting next_dagrun for example_task_group to 2023-01-31T22:24:55.903178+00:00, run_after=2023-02-01T22:24:55.903178+00:00
[2023-02-01T22:24:55.929+0000] {processor.py:175} INFO - Processing /home/airflow/.local/lib/python3.7/site-packages/airflow/example_dags/example_task_group.py took 0.135 seconds
[2023-02-01T22:25:26.424+0000] {processor.py:153} INFO - Started process (PID=924) to work on /home/airflow/.local/lib/python3.7/site-packages/airflow/example_dags/example_task_group.py
[2023-02-01T22:25:26.427+0000] {processor.py:743} INFO - Processing file /home/airflow/.local/lib/python3.7/site-packages/airflow/example_dags/example_task_group.py for tasks to queue
[2023-02-01T22:25:26.429+0000] {logging_mixin.py:137} INFO - [2023-02-01T22:25:26.429+0000] {dagbag.py:538} INFO - Filling up the DagBag from /home/airflow/.local/lib/python3.7/site-packages/airflow/example_dags/example_task_group.py
[2023-02-01T22:25:26.450+0000] {processor.py:753} INFO - DAG(s) dict_keys(['example_task_group']) retrieved from /home/airflow/.local/lib/python3.7/site-packages/airflow/example_dags/example_task_group.py
[2023-02-01T22:25:26.473+0000] {logging_mixin.py:137} INFO - [2023-02-01T22:25:26.473+0000] {dag.py:2690} INFO - Sync 1 DAGs
[2023-02-01T22:25:26.487+0000] {logging_mixin.py:137} INFO - [2023-02-01T22:25:26.487+0000] {dag.py:3441} INFO - Setting next_dagrun for example_task_group to 2023-01-31T22:25:26.487568+00:00, run_after=2023-02-01T22:25:26.487568+00:00
[2023-02-01T22:25:26.500+0000] {processor.py:175} INFO - Processing /home/airflow/.local/lib/python3.7/site-packages/airflow/example_dags/example_task_group.py took 0.082 seconds
[2023-02-01T22:25:57.444+0000] {processor.py:153} INFO - Started process (PID=1001) to work on /home/airflow/.local/lib/python3.7/site-packages/airflow/example_dags/example_task_group.py
[2023-02-01T22:25:57.447+0000] {processor.py:743} INFO - Processing file /home/airflow/.local/lib/python3.7/site-packages/airflow/example_dags/example_task_group.py for tasks to queue
[2023-02-01T22:25:57.448+0000] {logging_mixin.py:137} INFO - [2023-02-01T22:25:57.448+0000] {dagbag.py:538} INFO - Filling up the DagBag from /home/airflow/.local/lib/python3.7/site-packages/airflow/example_dags/example_task_group.py
[2023-02-01T22:25:57.477+0000] {processor.py:753} INFO - DAG(s) dict_keys(['example_task_group']) retrieved from /home/airflow/.local/lib/python3.7/site-packages/airflow/example_dags/example_task_group.py
[2023-02-01T22:25:57.502+0000] {logging_mixin.py:137} INFO - [2023-02-01T22:25:57.502+0000] {dag.py:2690} INFO - Sync 1 DAGs
[2023-02-01T22:25:57.523+0000] {logging_mixin.py:137} INFO - [2023-02-01T22:25:57.523+0000] {dag.py:3441} INFO - Setting next_dagrun for example_task_group to 2023-01-31T22:25:57.522758+00:00, run_after=2023-02-01T22:25:57.522758+00:00
[2023-02-01T22:25:57.535+0000] {processor.py:175} INFO - Processing /home/airflow/.local/lib/python3.7/site-packages/airflow/example_dags/example_task_group.py took 0.097 seconds
[2023-02-01T22:26:28.212+0000] {processor.py:153} INFO - Started process (PID=1065) to work on /home/airflow/.local/lib/python3.7/site-packages/airflow/example_dags/example_task_group.py
[2023-02-01T22:26:28.215+0000] {processor.py:743} INFO - Processing file /home/airflow/.local/lib/python3.7/site-packages/airflow/example_dags/example_task_group.py for tasks to queue
[2023-02-01T22:26:28.215+0000] {logging_mixin.py:137} INFO - [2023-02-01T22:26:28.215+0000] {dagbag.py:538} INFO - Filling up the DagBag from /home/airflow/.local/lib/python3.7/site-packages/airflow/example_dags/example_task_group.py
[2023-02-01T22:26:28.230+0000] {processor.py:753} INFO - DAG(s) dict_keys(['example_task_group']) retrieved from /home/airflow/.local/lib/python3.7/site-packages/airflow/example_dags/example_task_group.py
[2023-02-01T22:26:28.261+0000] {logging_mixin.py:137} INFO - [2023-02-01T22:26:28.261+0000] {dag.py:2690} INFO - Sync 1 DAGs
[2023-02-01T22:26:28.281+0000] {logging_mixin.py:137} INFO - [2023-02-01T22:26:28.281+0000] {dag.py:3441} INFO - Setting next_dagrun for example_task_group to 2023-01-31T22:26:28.280689+00:00, run_after=2023-02-01T22:26:28.280689+00:00
[2023-02-01T22:26:28.298+0000] {processor.py:175} INFO - Processing /home/airflow/.local/lib/python3.7/site-packages/airflow/example_dags/example_task_group.py took 0.088 seconds
[2023-02-01T22:26:59.108+0000] {processor.py:153} INFO - Started process (PID=1141) to work on /home/airflow/.local/lib/python3.7/site-packages/airflow/example_dags/example_task_group.py
[2023-02-01T22:26:59.110+0000] {processor.py:743} INFO - Processing file /home/airflow/.local/lib/python3.7/site-packages/airflow/example_dags/example_task_group.py for tasks to queue
[2023-02-01T22:26:59.112+0000] {logging_mixin.py:137} INFO - [2023-02-01T22:26:59.112+0000] {dagbag.py:538} INFO - Filling up the DagBag from /home/airflow/.local/lib/python3.7/site-packages/airflow/example_dags/example_task_group.py
[2023-02-01T22:26:59.131+0000] {processor.py:753} INFO - DAG(s) dict_keys(['example_task_group']) retrieved from /home/airflow/.local/lib/python3.7/site-packages/airflow/example_dags/example_task_group.py
[2023-02-01T22:26:59.157+0000] {logging_mixin.py:137} INFO - [2023-02-01T22:26:59.157+0000] {dag.py:2690} INFO - Sync 1 DAGs
[2023-02-01T22:26:59.173+0000] {logging_mixin.py:137} INFO - [2023-02-01T22:26:59.173+0000] {dag.py:3441} INFO - Setting next_dagrun for example_task_group to 2023-01-31T22:26:59.173334+00:00, run_after=2023-02-01T22:26:59.173334+00:00
[2023-02-01T22:26:59.187+0000] {processor.py:175} INFO - Processing /home/airflow/.local/lib/python3.7/site-packages/airflow/example_dags/example_task_group.py took 0.084 seconds
[2023-02-01T22:27:30.016+0000] {processor.py:153} INFO - Started process (PID=1217) to work on /home/airflow/.local/lib/python3.7/site-packages/airflow/example_dags/example_task_group.py
[2023-02-01T22:27:30.018+0000] {processor.py:743} INFO - Processing file /home/airflow/.local/lib/python3.7/site-packages/airflow/example_dags/example_task_group.py for tasks to queue
[2023-02-01T22:27:30.019+0000] {logging_mixin.py:137} INFO - [2023-02-01T22:27:30.019+0000] {dagbag.py:538} INFO - Filling up the DagBag from /home/airflow/.local/lib/python3.7/site-packages/airflow/example_dags/example_task_group.py
[2023-02-01T22:27:30.034+0000] {processor.py:753} INFO - DAG(s) dict_keys(['example_task_group']) retrieved from /home/airflow/.local/lib/python3.7/site-packages/airflow/example_dags/example_task_group.py
[2023-02-01T22:27:30.063+0000] {logging_mixin.py:137} INFO - [2023-02-01T22:27:30.063+0000] {dag.py:2690} INFO - Sync 1 DAGs
[2023-02-01T22:27:30.079+0000] {logging_mixin.py:137} INFO - [2023-02-01T22:27:30.079+0000] {dag.py:3441} INFO - Setting next_dagrun for example_task_group to 2023-01-31T22:27:30.078868+00:00, run_after=2023-02-01T22:27:30.078868+00:00
[2023-02-01T22:27:30.089+0000] {processor.py:175} INFO - Processing /home/airflow/.local/lib/python3.7/site-packages/airflow/example_dags/example_task_group.py took 0.076 seconds
[2023-02-01T22:28:00.542+0000] {processor.py:153} INFO - Started process (PID=1280) to work on /home/airflow/.local/lib/python3.7/site-packages/airflow/example_dags/example_task_group.py
[2023-02-01T22:28:00.545+0000] {processor.py:743} INFO - Processing file /home/airflow/.local/lib/python3.7/site-packages/airflow/example_dags/example_task_group.py for tasks to queue
[2023-02-01T22:28:00.547+0000] {logging_mixin.py:137} INFO - [2023-02-01T22:28:00.547+0000] {dagbag.py:538} INFO - Filling up the DagBag from /home/airflow/.local/lib/python3.7/site-packages/airflow/example_dags/example_task_group.py
[2023-02-01T22:28:00.569+0000] {processor.py:753} INFO - DAG(s) dict_keys(['example_task_group']) retrieved from /home/airflow/.local/lib/python3.7/site-packages/airflow/example_dags/example_task_group.py
[2023-02-01T22:28:00.591+0000] {logging_mixin.py:137} INFO - [2023-02-01T22:28:00.591+0000] {dag.py:2690} INFO - Sync 1 DAGs
[2023-02-01T22:28:00.606+0000] {logging_mixin.py:137} INFO - [2023-02-01T22:28:00.606+0000] {dag.py:3441} INFO - Setting next_dagrun for example_task_group to 2023-01-31T22:28:00.606136+00:00, run_after=2023-02-01T22:28:00.606136+00:00
[2023-02-01T22:28:00.617+0000] {processor.py:175} INFO - Processing /home/airflow/.local/lib/python3.7/site-packages/airflow/example_dags/example_task_group.py took 0.081 seconds
[2023-02-01T22:28:31.353+0000] {processor.py:153} INFO - Started process (PID=1356) to work on /home/airflow/.local/lib/python3.7/site-packages/airflow/example_dags/example_task_group.py
[2023-02-01T22:28:31.354+0000] {processor.py:743} INFO - Processing file /home/airflow/.local/lib/python3.7/site-packages/airflow/example_dags/example_task_group.py for tasks to queue
[2023-02-01T22:28:31.358+0000] {logging_mixin.py:137} INFO - [2023-02-01T22:28:31.358+0000] {dagbag.py:538} INFO - Filling up the DagBag from /home/airflow/.local/lib/python3.7/site-packages/airflow/example_dags/example_task_group.py
[2023-02-01T22:28:31.371+0000] {processor.py:753} INFO - DAG(s) dict_keys(['example_task_group']) retrieved from /home/airflow/.local/lib/python3.7/site-packages/airflow/example_dags/example_task_group.py
[2023-02-01T22:28:31.391+0000] {logging_mixin.py:137} INFO - [2023-02-01T22:28:31.391+0000] {dag.py:2690} INFO - Sync 1 DAGs
[2023-02-01T22:28:31.408+0000] {logging_mixin.py:137} INFO - [2023-02-01T22:28:31.408+0000] {dag.py:3441} INFO - Setting next_dagrun for example_task_group to 2023-01-31T22:28:31.408204+00:00, run_after=2023-02-01T22:28:31.408204+00:00
[2023-02-01T22:28:31.423+0000] {processor.py:175} INFO - Processing /home/airflow/.local/lib/python3.7/site-packages/airflow/example_dags/example_task_group.py took 0.073 seconds
[2023-02-01T22:29:02.048+0000] {processor.py:153} INFO - Started process (PID=1431) to work on /home/airflow/.local/lib/python3.7/site-packages/airflow/example_dags/example_task_group.py
[2023-02-01T22:29:02.050+0000] {processor.py:743} INFO - Processing file /home/airflow/.local/lib/python3.7/site-packages/airflow/example_dags/example_task_group.py for tasks to queue
[2023-02-01T22:29:02.051+0000] {logging_mixin.py:137} INFO - [2023-02-01T22:29:02.051+0000] {dagbag.py:538} INFO - Filling up the DagBag from /home/airflow/.local/lib/python3.7/site-packages/airflow/example_dags/example_task_group.py
[2023-02-01T22:29:02.075+0000] {processor.py:753} INFO - DAG(s) dict_keys(['example_task_group']) retrieved from /home/airflow/.local/lib/python3.7/site-packages/airflow/example_dags/example_task_group.py
[2023-02-01T22:29:02.115+0000] {logging_mixin.py:137} INFO - [2023-02-01T22:29:02.115+0000] {dag.py:2690} INFO - Sync 1 DAGs
[2023-02-01T22:29:02.140+0000] {logging_mixin.py:137} INFO - [2023-02-01T22:29:02.140+0000] {dag.py:3441} INFO - Setting next_dagrun for example_task_group to 2023-01-31T22:29:02.140049+00:00, run_after=2023-02-01T22:29:02.140049+00:00
[2023-02-01T22:29:02.162+0000] {processor.py:175} INFO - Processing /home/airflow/.local/lib/python3.7/site-packages/airflow/example_dags/example_task_group.py took 0.121 seconds
[2023-02-01T22:29:32.921+0000] {processor.py:153} INFO - Started process (PID=1495) to work on /home/airflow/.local/lib/python3.7/site-packages/airflow/example_dags/example_task_group.py
[2023-02-01T22:29:32.924+0000] {processor.py:743} INFO - Processing file /home/airflow/.local/lib/python3.7/site-packages/airflow/example_dags/example_task_group.py for tasks to queue
[2023-02-01T22:29:32.925+0000] {logging_mixin.py:137} INFO - [2023-02-01T22:29:32.925+0000] {dagbag.py:538} INFO - Filling up the DagBag from /home/airflow/.local/lib/python3.7/site-packages/airflow/example_dags/example_task_group.py
[2023-02-01T22:29:32.947+0000] {processor.py:753} INFO - DAG(s) dict_keys(['example_task_group']) retrieved from /home/airflow/.local/lib/python3.7/site-packages/airflow/example_dags/example_task_group.py
[2023-02-01T22:29:32.972+0000] {logging_mixin.py:137} INFO - [2023-02-01T22:29:32.972+0000] {dag.py:2690} INFO - Sync 1 DAGs
[2023-02-01T22:29:32.988+0000] {logging_mixin.py:137} INFO - [2023-02-01T22:29:32.988+0000] {dag.py:3441} INFO - Setting next_dagrun for example_task_group to 2023-01-31T22:29:32.988421+00:00, run_after=2023-02-01T22:29:32.988421+00:00
[2023-02-01T22:29:33.000+0000] {processor.py:175} INFO - Processing /home/airflow/.local/lib/python3.7/site-packages/airflow/example_dags/example_task_group.py took 0.084 seconds
[2023-02-01T22:30:03.813+0000] {processor.py:153} INFO - Started process (PID=1570) to work on /home/airflow/.local/lib/python3.7/site-packages/airflow/example_dags/example_task_group.py
[2023-02-01T22:30:03.814+0000] {processor.py:743} INFO - Processing file /home/airflow/.local/lib/python3.7/site-packages/airflow/example_dags/example_task_group.py for tasks to queue
[2023-02-01T22:30:03.816+0000] {logging_mixin.py:137} INFO - [2023-02-01T22:30:03.815+0000] {dagbag.py:538} INFO - Filling up the DagBag from /home/airflow/.local/lib/python3.7/site-packages/airflow/example_dags/example_task_group.py
[2023-02-01T22:30:03.845+0000] {processor.py:753} INFO - DAG(s) dict_keys(['example_task_group']) retrieved from /home/airflow/.local/lib/python3.7/site-packages/airflow/example_dags/example_task_group.py
[2023-02-01T22:30:03.875+0000] {logging_mixin.py:137} INFO - [2023-02-01T22:30:03.875+0000] {dag.py:2690} INFO - Sync 1 DAGs
[2023-02-01T22:30:03.895+0000] {logging_mixin.py:137} INFO - [2023-02-01T22:30:03.895+0000] {dag.py:3441} INFO - Setting next_dagrun for example_task_group to 2023-01-31T22:30:03.895320+00:00, run_after=2023-02-01T22:30:03.895320+00:00
[2023-02-01T22:30:03.910+0000] {processor.py:175} INFO - Processing /home/airflow/.local/lib/python3.7/site-packages/airflow/example_dags/example_task_group.py took 0.100 seconds
[2023-02-01T22:30:34.274+0000] {processor.py:153} INFO - Started process (PID=1634) to work on /home/airflow/.local/lib/python3.7/site-packages/airflow/example_dags/example_task_group.py
[2023-02-01T22:30:34.276+0000] {processor.py:743} INFO - Processing file /home/airflow/.local/lib/python3.7/site-packages/airflow/example_dags/example_task_group.py for tasks to queue
[2023-02-01T22:30:34.278+0000] {logging_mixin.py:137} INFO - [2023-02-01T22:30:34.278+0000] {dagbag.py:538} INFO - Filling up the DagBag from /home/airflow/.local/lib/python3.7/site-packages/airflow/example_dags/example_task_group.py
[2023-02-01T22:30:34.298+0000] {processor.py:753} INFO - DAG(s) dict_keys(['example_task_group']) retrieved from /home/airflow/.local/lib/python3.7/site-packages/airflow/example_dags/example_task_group.py
[2023-02-01T22:30:34.322+0000] {logging_mixin.py:137} INFO - [2023-02-01T22:30:34.322+0000] {dag.py:2690} INFO - Sync 1 DAGs
[2023-02-01T22:30:34.338+0000] {logging_mixin.py:137} INFO - [2023-02-01T22:30:34.338+0000] {dag.py:3441} INFO - Setting next_dagrun for example_task_group to 2023-01-31T22:30:34.337873+00:00, run_after=2023-02-01T22:30:34.337873+00:00
[2023-02-01T22:30:34.348+0000] {processor.py:175} INFO - Processing /home/airflow/.local/lib/python3.7/site-packages/airflow/example_dags/example_task_group.py took 0.081 seconds
[2023-02-01T22:31:04.721+0000] {processor.py:153} INFO - Started process (PID=1710) to work on /home/airflow/.local/lib/python3.7/site-packages/airflow/example_dags/example_task_group.py
[2023-02-01T22:31:04.723+0000] {processor.py:743} INFO - Processing file /home/airflow/.local/lib/python3.7/site-packages/airflow/example_dags/example_task_group.py for tasks to queue
[2023-02-01T22:31:04.725+0000] {logging_mixin.py:137} INFO - [2023-02-01T22:31:04.725+0000] {dagbag.py:538} INFO - Filling up the DagBag from /home/airflow/.local/lib/python3.7/site-packages/airflow/example_dags/example_task_group.py
[2023-02-01T22:31:04.750+0000] {processor.py:753} INFO - DAG(s) dict_keys(['example_task_group']) retrieved from /home/airflow/.local/lib/python3.7/site-packages/airflow/example_dags/example_task_group.py
[2023-02-01T22:31:04.776+0000] {logging_mixin.py:137} INFO - [2023-02-01T22:31:04.776+0000] {dag.py:2690} INFO - Sync 1 DAGs
[2023-02-01T22:31:04.792+0000] {logging_mixin.py:137} INFO - [2023-02-01T22:31:04.792+0000] {dag.py:3441} INFO - Setting next_dagrun for example_task_group to 2023-01-31T22:31:04.791902+00:00, run_after=2023-02-01T22:31:04.791902+00:00
[2023-02-01T22:31:04.803+0000] {processor.py:175} INFO - Processing /home/airflow/.local/lib/python3.7/site-packages/airflow/example_dags/example_task_group.py took 0.090 seconds
[2023-02-01T22:31:35.629+0000] {processor.py:153} INFO - Started process (PID=1774) to work on /home/airflow/.local/lib/python3.7/site-packages/airflow/example_dags/example_task_group.py
[2023-02-01T22:31:35.630+0000] {processor.py:743} INFO - Processing file /home/airflow/.local/lib/python3.7/site-packages/airflow/example_dags/example_task_group.py for tasks to queue
[2023-02-01T22:31:35.631+0000] {logging_mixin.py:137} INFO - [2023-02-01T22:31:35.631+0000] {dagbag.py:538} INFO - Filling up the DagBag from /home/airflow/.local/lib/python3.7/site-packages/airflow/example_dags/example_task_group.py
[2023-02-01T22:31:35.642+0000] {processor.py:753} INFO - DAG(s) dict_keys(['example_task_group']) retrieved from /home/airflow/.local/lib/python3.7/site-packages/airflow/example_dags/example_task_group.py
[2023-02-01T22:31:35.661+0000] {logging_mixin.py:137} INFO - [2023-02-01T22:31:35.661+0000] {dag.py:2690} INFO - Sync 1 DAGs
[2023-02-01T22:31:35.680+0000] {logging_mixin.py:137} INFO - [2023-02-01T22:31:35.680+0000] {dag.py:3441} INFO - Setting next_dagrun for example_task_group to 2023-01-31T22:31:35.680276+00:00, run_after=2023-02-01T22:31:35.680276+00:00
[2023-02-01T22:31:35.694+0000] {processor.py:175} INFO - Processing /home/airflow/.local/lib/python3.7/site-packages/airflow/example_dags/example_task_group.py took 0.068 seconds
[2023-02-01T22:32:05.816+0000] {processor.py:153} INFO - Started process (PID=1849) to work on /home/airflow/.local/lib/python3.7/site-packages/airflow/example_dags/example_task_group.py
[2023-02-01T22:32:05.818+0000] {processor.py:743} INFO - Processing file /home/airflow/.local/lib/python3.7/site-packages/airflow/example_dags/example_task_group.py for tasks to queue
[2023-02-01T22:32:05.820+0000] {logging_mixin.py:137} INFO - [2023-02-01T22:32:05.820+0000] {dagbag.py:538} INFO - Filling up the DagBag from /home/airflow/.local/lib/python3.7/site-packages/airflow/example_dags/example_task_group.py
[2023-02-01T22:32:05.839+0000] {processor.py:753} INFO - DAG(s) dict_keys(['example_task_group']) retrieved from /home/airflow/.local/lib/python3.7/site-packages/airflow/example_dags/example_task_group.py
[2023-02-01T22:32:05.863+0000] {logging_mixin.py:137} INFO - [2023-02-01T22:32:05.863+0000] {dag.py:2690} INFO - Sync 1 DAGs
[2023-02-01T22:32:05.878+0000] {logging_mixin.py:137} INFO - [2023-02-01T22:32:05.878+0000] {dag.py:3441} INFO - Setting next_dagrun for example_task_group to 2023-01-31T22:32:05.878333+00:00, run_after=2023-02-01T22:32:05.878333+00:00
[2023-02-01T22:32:05.889+0000] {processor.py:175} INFO - Processing /home/airflow/.local/lib/python3.7/site-packages/airflow/example_dags/example_task_group.py took 0.078 seconds
[2023-02-01T22:32:36.144+0000] {processor.py:153} INFO - Started process (PID=1926) to work on /home/airflow/.local/lib/python3.7/site-packages/airflow/example_dags/example_task_group.py
[2023-02-01T22:32:36.146+0000] {processor.py:743} INFO - Processing file /home/airflow/.local/lib/python3.7/site-packages/airflow/example_dags/example_task_group.py for tasks to queue
[2023-02-01T22:32:36.147+0000] {logging_mixin.py:137} INFO - [2023-02-01T22:32:36.147+0000] {dagbag.py:538} INFO - Filling up the DagBag from /home/airflow/.local/lib/python3.7/site-packages/airflow/example_dags/example_task_group.py
[2023-02-01T22:32:36.170+0000] {processor.py:753} INFO - DAG(s) dict_keys(['example_task_group']) retrieved from /home/airflow/.local/lib/python3.7/site-packages/airflow/example_dags/example_task_group.py
[2023-02-01T22:32:36.204+0000] {logging_mixin.py:137} INFO - [2023-02-01T22:32:36.204+0000] {dag.py:2690} INFO - Sync 1 DAGs
[2023-02-01T22:32:36.231+0000] {logging_mixin.py:137} INFO - [2023-02-01T22:32:36.231+0000] {dag.py:3441} INFO - Setting next_dagrun for example_task_group to 2023-01-31T22:32:36.230737+00:00, run_after=2023-02-01T22:32:36.230737+00:00
[2023-02-01T22:32:36.251+0000] {processor.py:175} INFO - Processing /home/airflow/.local/lib/python3.7/site-packages/airflow/example_dags/example_task_group.py took 0.112 seconds
[2023-02-01T22:33:06.695+0000] {processor.py:153} INFO - Started process (PID=1990) to work on /home/airflow/.local/lib/python3.7/site-packages/airflow/example_dags/example_task_group.py
[2023-02-01T22:33:06.697+0000] {processor.py:743} INFO - Processing file /home/airflow/.local/lib/python3.7/site-packages/airflow/example_dags/example_task_group.py for tasks to queue
[2023-02-01T22:33:06.698+0000] {logging_mixin.py:137} INFO - [2023-02-01T22:33:06.698+0000] {dagbag.py:538} INFO - Filling up the DagBag from /home/airflow/.local/lib/python3.7/site-packages/airflow/example_dags/example_task_group.py
[2023-02-01T22:33:06.716+0000] {processor.py:753} INFO - DAG(s) dict_keys(['example_task_group']) retrieved from /home/airflow/.local/lib/python3.7/site-packages/airflow/example_dags/example_task_group.py
[2023-02-01T22:33:06.737+0000] {logging_mixin.py:137} INFO - [2023-02-01T22:33:06.737+0000] {dag.py:2690} INFO - Sync 1 DAGs
[2023-02-01T22:33:06.753+0000] {logging_mixin.py:137} INFO - [2023-02-01T22:33:06.753+0000] {dag.py:3441} INFO - Setting next_dagrun for example_task_group to 2023-01-31T22:33:06.752901+00:00, run_after=2023-02-01T22:33:06.752901+00:00
[2023-02-01T22:33:06.764+0000] {processor.py:175} INFO - Processing /home/airflow/.local/lib/python3.7/site-packages/airflow/example_dags/example_task_group.py took 0.073 seconds
[2023-02-01T22:33:37.582+0000] {processor.py:153} INFO - Started process (PID=2066) to work on /home/airflow/.local/lib/python3.7/site-packages/airflow/example_dags/example_task_group.py
[2023-02-01T22:33:37.585+0000] {processor.py:743} INFO - Processing file /home/airflow/.local/lib/python3.7/site-packages/airflow/example_dags/example_task_group.py for tasks to queue
[2023-02-01T22:33:37.586+0000] {logging_mixin.py:137} INFO - [2023-02-01T22:33:37.586+0000] {dagbag.py:538} INFO - Filling up the DagBag from /home/airflow/.local/lib/python3.7/site-packages/airflow/example_dags/example_task_group.py
[2023-02-01T22:33:37.606+0000] {processor.py:753} INFO - DAG(s) dict_keys(['example_task_group']) retrieved from /home/airflow/.local/lib/python3.7/site-packages/airflow/example_dags/example_task_group.py
[2023-02-01T22:33:37.630+0000] {logging_mixin.py:137} INFO - [2023-02-01T22:33:37.630+0000] {dag.py:2690} INFO - Sync 1 DAGs
[2023-02-01T22:33:37.645+0000] {logging_mixin.py:137} INFO - [2023-02-01T22:33:37.644+0000] {dag.py:3441} INFO - Setting next_dagrun for example_task_group to 2023-01-31T22:33:37.644820+00:00, run_after=2023-02-01T22:33:37.644820+00:00
[2023-02-01T22:33:37.655+0000] {processor.py:175} INFO - Processing /home/airflow/.local/lib/python3.7/site-packages/airflow/example_dags/example_task_group.py took 0.079 seconds
[2023-02-01T22:34:08.071+0000] {processor.py:153} INFO - Started process (PID=2130) to work on /home/airflow/.local/lib/python3.7/site-packages/airflow/example_dags/example_task_group.py
[2023-02-01T22:34:08.072+0000] {processor.py:743} INFO - Processing file /home/airflow/.local/lib/python3.7/site-packages/airflow/example_dags/example_task_group.py for tasks to queue
[2023-02-01T22:34:08.074+0000] {logging_mixin.py:137} INFO - [2023-02-01T22:34:08.073+0000] {dagbag.py:538} INFO - Filling up the DagBag from /home/airflow/.local/lib/python3.7/site-packages/airflow/example_dags/example_task_group.py
[2023-02-01T22:34:08.099+0000] {processor.py:753} INFO - DAG(s) dict_keys(['example_task_group']) retrieved from /home/airflow/.local/lib/python3.7/site-packages/airflow/example_dags/example_task_group.py
[2023-02-01T22:34:08.138+0000] {logging_mixin.py:137} INFO - [2023-02-01T22:34:08.138+0000] {dag.py:2690} INFO - Sync 1 DAGs
[2023-02-01T22:34:08.169+0000] {logging_mixin.py:137} INFO - [2023-02-01T22:34:08.169+0000] {dag.py:3441} INFO - Setting next_dagrun for example_task_group to 2023-01-31T22:34:08.168968+00:00, run_after=2023-02-01T22:34:08.168968+00:00
[2023-02-01T22:34:08.184+0000] {processor.py:175} INFO - Processing /home/airflow/.local/lib/python3.7/site-packages/airflow/example_dags/example_task_group.py took 0.118 seconds
[2023-02-01T22:34:38.882+0000] {processor.py:153} INFO - Started process (PID=2205) to work on /home/airflow/.local/lib/python3.7/site-packages/airflow/example_dags/example_task_group.py
[2023-02-01T22:34:38.884+0000] {processor.py:743} INFO - Processing file /home/airflow/.local/lib/python3.7/site-packages/airflow/example_dags/example_task_group.py for tasks to queue
[2023-02-01T22:34:38.885+0000] {logging_mixin.py:137} INFO - [2023-02-01T22:34:38.885+0000] {dagbag.py:538} INFO - Filling up the DagBag from /home/airflow/.local/lib/python3.7/site-packages/airflow/example_dags/example_task_group.py
[2023-02-01T22:34:38.904+0000] {processor.py:753} INFO - DAG(s) dict_keys(['example_task_group']) retrieved from /home/airflow/.local/lib/python3.7/site-packages/airflow/example_dags/example_task_group.py
[2023-02-01T22:34:38.926+0000] {logging_mixin.py:137} INFO - [2023-02-01T22:34:38.926+0000] {dag.py:2690} INFO - Sync 1 DAGs
[2023-02-01T22:34:38.942+0000] {logging_mixin.py:137} INFO - [2023-02-01T22:34:38.942+0000] {dag.py:3441} INFO - Setting next_dagrun for example_task_group to 2023-01-31T22:34:38.941902+00:00, run_after=2023-02-01T22:34:38.941902+00:00
[2023-02-01T22:34:38.953+0000] {processor.py:175} INFO - Processing /home/airflow/.local/lib/python3.7/site-packages/airflow/example_dags/example_task_group.py took 0.076 seconds
[2023-02-01T22:35:09.899+0000] {processor.py:153} INFO - Started process (PID=2281) to work on /home/airflow/.local/lib/python3.7/site-packages/airflow/example_dags/example_task_group.py
[2023-02-01T22:35:09.900+0000] {processor.py:743} INFO - Processing file /home/airflow/.local/lib/python3.7/site-packages/airflow/example_dags/example_task_group.py for tasks to queue
[2023-02-01T22:35:09.901+0000] {logging_mixin.py:137} INFO - [2023-02-01T22:35:09.901+0000] {dagbag.py:538} INFO - Filling up the DagBag from /home/airflow/.local/lib/python3.7/site-packages/airflow/example_dags/example_task_group.py
[2023-02-01T22:35:09.914+0000] {processor.py:753} INFO - DAG(s) dict_keys(['example_task_group']) retrieved from /home/airflow/.local/lib/python3.7/site-packages/airflow/example_dags/example_task_group.py
[2023-02-01T22:35:09.938+0000] {logging_mixin.py:137} INFO - [2023-02-01T22:35:09.938+0000] {dag.py:2690} INFO - Sync 1 DAGs
[2023-02-01T22:35:09.954+0000] {logging_mixin.py:137} INFO - [2023-02-01T22:35:09.954+0000] {dag.py:3441} INFO - Setting next_dagrun for example_task_group to 2023-01-31T22:35:09.953976+00:00, run_after=2023-02-01T22:35:09.953976+00:00
[2023-02-01T22:35:09.966+0000] {processor.py:175} INFO - Processing /home/airflow/.local/lib/python3.7/site-packages/airflow/example_dags/example_task_group.py took 0.071 seconds
[2023-02-01T22:35:40.493+0000] {processor.py:153} INFO - Started process (PID=2346) to work on /home/airflow/.local/lib/python3.7/site-packages/airflow/example_dags/example_task_group.py
[2023-02-01T22:35:40.497+0000] {processor.py:743} INFO - Processing file /home/airflow/.local/lib/python3.7/site-packages/airflow/example_dags/example_task_group.py for tasks to queue
[2023-02-01T22:35:40.499+0000] {logging_mixin.py:137} INFO - [2023-02-01T22:35:40.498+0000] {dagbag.py:538} INFO - Filling up the DagBag from /home/airflow/.local/lib/python3.7/site-packages/airflow/example_dags/example_task_group.py
[2023-02-01T22:35:40.519+0000] {processor.py:753} INFO - DAG(s) dict_keys(['example_task_group']) retrieved from /home/airflow/.local/lib/python3.7/site-packages/airflow/example_dags/example_task_group.py
[2023-02-01T22:35:40.544+0000] {logging_mixin.py:137} INFO - [2023-02-01T22:35:40.544+0000] {dag.py:2690} INFO - Sync 1 DAGs
[2023-02-01T22:35:40.560+0000] {logging_mixin.py:137} INFO - [2023-02-01T22:35:40.559+0000] {dag.py:3441} INFO - Setting next_dagrun for example_task_group to 2023-01-31T22:35:40.559733+00:00, run_after=2023-02-01T22:35:40.559733+00:00
[2023-02-01T22:35:40.571+0000] {processor.py:175} INFO - Processing /home/airflow/.local/lib/python3.7/site-packages/airflow/example_dags/example_task_group.py took 0.086 seconds
[2023-02-01T22:36:11.397+0000] {processor.py:153} INFO - Started process (PID=2422) to work on /home/airflow/.local/lib/python3.7/site-packages/airflow/example_dags/example_task_group.py
[2023-02-01T22:36:11.400+0000] {processor.py:743} INFO - Processing file /home/airflow/.local/lib/python3.7/site-packages/airflow/example_dags/example_task_group.py for tasks to queue
[2023-02-01T22:36:11.402+0000] {logging_mixin.py:137} INFO - [2023-02-01T22:36:11.401+0000] {dagbag.py:538} INFO - Filling up the DagBag from /home/airflow/.local/lib/python3.7/site-packages/airflow/example_dags/example_task_group.py
[2023-02-01T22:36:11.424+0000] {processor.py:753} INFO - DAG(s) dict_keys(['example_task_group']) retrieved from /home/airflow/.local/lib/python3.7/site-packages/airflow/example_dags/example_task_group.py
[2023-02-01T22:36:11.447+0000] {logging_mixin.py:137} INFO - [2023-02-01T22:36:11.447+0000] {dag.py:2690} INFO - Sync 1 DAGs
[2023-02-01T22:36:11.462+0000] {logging_mixin.py:137} INFO - [2023-02-01T22:36:11.462+0000] {dag.py:3441} INFO - Setting next_dagrun for example_task_group to 2023-01-31T22:36:11.462441+00:00, run_after=2023-02-01T22:36:11.462441+00:00
[2023-02-01T22:36:11.474+0000] {processor.py:175} INFO - Processing /home/airflow/.local/lib/python3.7/site-packages/airflow/example_dags/example_task_group.py took 0.084 seconds
