[2023-02-01T22:19:17.878+0000] {processor.py:153} INFO - Started process (PID=68) to work on /home/airflow/.local/lib/python3.7/site-packages/airflow/example_dags/example_time_delta_sensor_async.py
[2023-02-01T22:19:17.881+0000] {processor.py:743} INFO - Processing file /home/airflow/.local/lib/python3.7/site-packages/airflow/example_dags/example_time_delta_sensor_async.py for tasks to queue
[2023-02-01T22:19:17.882+0000] {logging_mixin.py:137} INFO - [2023-02-01T22:19:17.882+0000] {dagbag.py:538} INFO - Filling up the DagBag from /home/airflow/.local/lib/python3.7/site-packages/airflow/example_dags/example_time_delta_sensor_async.py
[2023-02-01T22:19:17.985+0000] {processor.py:753} INFO - DAG(s) dict_keys(['example_time_delta_sensor_async']) retrieved from /home/airflow/.local/lib/python3.7/site-packages/airflow/example_dags/example_time_delta_sensor_async.py
[2023-02-01T22:19:18.042+0000] {logging_mixin.py:137} INFO - [2023-02-01T22:19:18.042+0000] {dag.py:2690} INFO - Sync 1 DAGs
[2023-02-01T22:19:18.172+0000] {logging_mixin.py:137} INFO - [2023-02-01T22:19:18.172+0000] {dag.py:3441} INFO - Setting next_dagrun for example_time_delta_sensor_async to None, run_after=None
[2023-02-01T22:19:18.282+0000] {processor.py:175} INFO - Processing /home/airflow/.local/lib/python3.7/site-packages/airflow/example_dags/example_time_delta_sensor_async.py took 0.437 seconds
[2023-02-01T22:19:49.113+0000] {processor.py:153} INFO - Started process (PID=132) to work on /home/airflow/.local/lib/python3.7/site-packages/airflow/example_dags/example_time_delta_sensor_async.py
[2023-02-01T22:19:49.115+0000] {processor.py:743} INFO - Processing file /home/airflow/.local/lib/python3.7/site-packages/airflow/example_dags/example_time_delta_sensor_async.py for tasks to queue
[2023-02-01T22:19:49.116+0000] {logging_mixin.py:137} INFO - [2023-02-01T22:19:49.116+0000] {dagbag.py:538} INFO - Filling up the DagBag from /home/airflow/.local/lib/python3.7/site-packages/airflow/example_dags/example_time_delta_sensor_async.py
[2023-02-01T22:19:49.132+0000] {processor.py:753} INFO - DAG(s) dict_keys(['example_time_delta_sensor_async']) retrieved from /home/airflow/.local/lib/python3.7/site-packages/airflow/example_dags/example_time_delta_sensor_async.py
[2023-02-01T22:19:49.157+0000] {logging_mixin.py:137} INFO - [2023-02-01T22:19:49.157+0000] {dag.py:2690} INFO - Sync 1 DAGs
[2023-02-01T22:19:49.173+0000] {logging_mixin.py:137} INFO - [2023-02-01T22:19:49.173+0000] {dag.py:3441} INFO - Setting next_dagrun for example_time_delta_sensor_async to None, run_after=None
[2023-02-01T22:19:49.186+0000] {processor.py:175} INFO - Processing /home/airflow/.local/lib/python3.7/site-packages/airflow/example_dags/example_time_delta_sensor_async.py took 0.078 seconds
[2023-02-01T22:20:19.310+0000] {processor.py:153} INFO - Started process (PID=208) to work on /home/airflow/.local/lib/python3.7/site-packages/airflow/example_dags/example_time_delta_sensor_async.py
[2023-02-01T22:20:19.311+0000] {processor.py:743} INFO - Processing file /home/airflow/.local/lib/python3.7/site-packages/airflow/example_dags/example_time_delta_sensor_async.py for tasks to queue
[2023-02-01T22:20:19.313+0000] {logging_mixin.py:137} INFO - [2023-02-01T22:20:19.312+0000] {dagbag.py:538} INFO - Filling up the DagBag from /home/airflow/.local/lib/python3.7/site-packages/airflow/example_dags/example_time_delta_sensor_async.py
[2023-02-01T22:20:19.330+0000] {processor.py:753} INFO - DAG(s) dict_keys(['example_time_delta_sensor_async']) retrieved from /home/airflow/.local/lib/python3.7/site-packages/airflow/example_dags/example_time_delta_sensor_async.py
[2023-02-01T22:20:19.355+0000] {logging_mixin.py:137} INFO - [2023-02-01T22:20:19.354+0000] {dag.py:2690} INFO - Sync 1 DAGs
[2023-02-01T22:20:19.371+0000] {logging_mixin.py:137} INFO - [2023-02-01T22:20:19.371+0000] {dag.py:3441} INFO - Setting next_dagrun for example_time_delta_sensor_async to None, run_after=None
[2023-02-01T22:20:19.383+0000] {processor.py:175} INFO - Processing /home/airflow/.local/lib/python3.7/site-packages/airflow/example_dags/example_time_delta_sensor_async.py took 0.078 seconds
[2023-02-01T22:20:50.233+0000] {processor.py:153} INFO - Started process (PID=272) to work on /home/airflow/.local/lib/python3.7/site-packages/airflow/example_dags/example_time_delta_sensor_async.py
[2023-02-01T22:20:50.235+0000] {processor.py:743} INFO - Processing file /home/airflow/.local/lib/python3.7/site-packages/airflow/example_dags/example_time_delta_sensor_async.py for tasks to queue
[2023-02-01T22:20:50.238+0000] {logging_mixin.py:137} INFO - [2023-02-01T22:20:50.238+0000] {dagbag.py:538} INFO - Filling up the DagBag from /home/airflow/.local/lib/python3.7/site-packages/airflow/example_dags/example_time_delta_sensor_async.py
[2023-02-01T22:20:50.282+0000] {processor.py:753} INFO - DAG(s) dict_keys(['example_time_delta_sensor_async']) retrieved from /home/airflow/.local/lib/python3.7/site-packages/airflow/example_dags/example_time_delta_sensor_async.py
[2023-02-01T22:20:50.352+0000] {logging_mixin.py:137} INFO - [2023-02-01T22:20:50.352+0000] {dag.py:2690} INFO - Sync 1 DAGs
[2023-02-01T22:20:50.382+0000] {logging_mixin.py:137} INFO - [2023-02-01T22:20:50.382+0000] {dag.py:3441} INFO - Setting next_dagrun for example_time_delta_sensor_async to None, run_after=None
[2023-02-01T22:20:50.404+0000] {processor.py:175} INFO - Processing /home/airflow/.local/lib/python3.7/site-packages/airflow/example_dags/example_time_delta_sensor_async.py took 0.188 seconds
[2023-02-01T22:21:20.524+0000] {processor.py:153} INFO - Started process (PID=348) to work on /home/airflow/.local/lib/python3.7/site-packages/airflow/example_dags/example_time_delta_sensor_async.py
[2023-02-01T22:21:20.526+0000] {processor.py:743} INFO - Processing file /home/airflow/.local/lib/python3.7/site-packages/airflow/example_dags/example_time_delta_sensor_async.py for tasks to queue
[2023-02-01T22:21:20.527+0000] {logging_mixin.py:137} INFO - [2023-02-01T22:21:20.527+0000] {dagbag.py:538} INFO - Filling up the DagBag from /home/airflow/.local/lib/python3.7/site-packages/airflow/example_dags/example_time_delta_sensor_async.py
[2023-02-01T22:21:20.543+0000] {processor.py:753} INFO - DAG(s) dict_keys(['example_time_delta_sensor_async']) retrieved from /home/airflow/.local/lib/python3.7/site-packages/airflow/example_dags/example_time_delta_sensor_async.py
[2023-02-01T22:21:20.576+0000] {logging_mixin.py:137} INFO - [2023-02-01T22:21:20.576+0000] {dag.py:2690} INFO - Sync 1 DAGs
[2023-02-01T22:21:20.595+0000] {logging_mixin.py:137} INFO - [2023-02-01T22:21:20.595+0000] {dag.py:3441} INFO - Setting next_dagrun for example_time_delta_sensor_async to None, run_after=None
[2023-02-01T22:21:20.615+0000] {processor.py:175} INFO - Processing /home/airflow/.local/lib/python3.7/site-packages/airflow/example_dags/example_time_delta_sensor_async.py took 0.097 seconds
[2023-02-01T22:21:50.746+0000] {processor.py:153} INFO - Started process (PID=411) to work on /home/airflow/.local/lib/python3.7/site-packages/airflow/example_dags/example_time_delta_sensor_async.py
[2023-02-01T22:21:50.749+0000] {processor.py:743} INFO - Processing file /home/airflow/.local/lib/python3.7/site-packages/airflow/example_dags/example_time_delta_sensor_async.py for tasks to queue
[2023-02-01T22:21:50.750+0000] {logging_mixin.py:137} INFO - [2023-02-01T22:21:50.750+0000] {dagbag.py:538} INFO - Filling up the DagBag from /home/airflow/.local/lib/python3.7/site-packages/airflow/example_dags/example_time_delta_sensor_async.py
[2023-02-01T22:21:50.766+0000] {processor.py:753} INFO - DAG(s) dict_keys(['example_time_delta_sensor_async']) retrieved from /home/airflow/.local/lib/python3.7/site-packages/airflow/example_dags/example_time_delta_sensor_async.py
[2023-02-01T22:21:50.790+0000] {logging_mixin.py:137} INFO - [2023-02-01T22:21:50.790+0000] {dag.py:2690} INFO - Sync 1 DAGs
[2023-02-01T22:21:50.808+0000] {logging_mixin.py:137} INFO - [2023-02-01T22:21:50.808+0000] {dag.py:3441} INFO - Setting next_dagrun for example_time_delta_sensor_async to None, run_after=None
[2023-02-01T22:21:50.820+0000] {processor.py:175} INFO - Processing /home/airflow/.local/lib/python3.7/site-packages/airflow/example_dags/example_time_delta_sensor_async.py took 0.079 seconds
[2023-02-01T22:22:20.923+0000] {processor.py:153} INFO - Started process (PID=487) to work on /home/airflow/.local/lib/python3.7/site-packages/airflow/example_dags/example_time_delta_sensor_async.py
[2023-02-01T22:22:20.925+0000] {processor.py:743} INFO - Processing file /home/airflow/.local/lib/python3.7/site-packages/airflow/example_dags/example_time_delta_sensor_async.py for tasks to queue
[2023-02-01T22:22:20.927+0000] {logging_mixin.py:137} INFO - [2023-02-01T22:22:20.927+0000] {dagbag.py:538} INFO - Filling up the DagBag from /home/airflow/.local/lib/python3.7/site-packages/airflow/example_dags/example_time_delta_sensor_async.py
[2023-02-01T22:22:20.942+0000] {processor.py:753} INFO - DAG(s) dict_keys(['example_time_delta_sensor_async']) retrieved from /home/airflow/.local/lib/python3.7/site-packages/airflow/example_dags/example_time_delta_sensor_async.py
[2023-02-01T22:22:20.968+0000] {logging_mixin.py:137} INFO - [2023-02-01T22:22:20.968+0000] {dag.py:2690} INFO - Sync 1 DAGs
[2023-02-01T22:22:20.985+0000] {logging_mixin.py:137} INFO - [2023-02-01T22:22:20.985+0000] {dag.py:3441} INFO - Setting next_dagrun for example_time_delta_sensor_async to None, run_after=None
[2023-02-01T22:22:20.997+0000] {processor.py:175} INFO - Processing /home/airflow/.local/lib/python3.7/site-packages/airflow/example_dags/example_time_delta_sensor_async.py took 0.078 seconds
[2023-02-01T22:22:51.767+0000] {processor.py:153} INFO - Started process (PID=563) to work on /home/airflow/.local/lib/python3.7/site-packages/airflow/example_dags/example_time_delta_sensor_async.py
[2023-02-01T22:22:51.769+0000] {processor.py:743} INFO - Processing file /home/airflow/.local/lib/python3.7/site-packages/airflow/example_dags/example_time_delta_sensor_async.py for tasks to queue
[2023-02-01T22:22:51.771+0000] {logging_mixin.py:137} INFO - [2023-02-01T22:22:51.770+0000] {dagbag.py:538} INFO - Filling up the DagBag from /home/airflow/.local/lib/python3.7/site-packages/airflow/example_dags/example_time_delta_sensor_async.py
[2023-02-01T22:22:51.786+0000] {processor.py:753} INFO - DAG(s) dict_keys(['example_time_delta_sensor_async']) retrieved from /home/airflow/.local/lib/python3.7/site-packages/airflow/example_dags/example_time_delta_sensor_async.py
[2023-02-01T22:22:51.811+0000] {logging_mixin.py:137} INFO - [2023-02-01T22:22:51.811+0000] {dag.py:2690} INFO - Sync 1 DAGs
[2023-02-01T22:22:51.831+0000] {logging_mixin.py:137} INFO - [2023-02-01T22:22:51.831+0000] {dag.py:3441} INFO - Setting next_dagrun for example_time_delta_sensor_async to None, run_after=None
[2023-02-01T22:22:51.846+0000] {processor.py:175} INFO - Processing /home/airflow/.local/lib/python3.7/site-packages/airflow/example_dags/example_time_delta_sensor_async.py took 0.085 seconds
[2023-02-01T22:23:22.443+0000] {processor.py:153} INFO - Started process (PID=627) to work on /home/airflow/.local/lib/python3.7/site-packages/airflow/example_dags/example_time_delta_sensor_async.py
[2023-02-01T22:23:22.445+0000] {processor.py:743} INFO - Processing file /home/airflow/.local/lib/python3.7/site-packages/airflow/example_dags/example_time_delta_sensor_async.py for tasks to queue
[2023-02-01T22:23:22.449+0000] {logging_mixin.py:137} INFO - [2023-02-01T22:23:22.449+0000] {dagbag.py:538} INFO - Filling up the DagBag from /home/airflow/.local/lib/python3.7/site-packages/airflow/example_dags/example_time_delta_sensor_async.py
[2023-02-01T22:23:22.475+0000] {processor.py:753} INFO - DAG(s) dict_keys(['example_time_delta_sensor_async']) retrieved from /home/airflow/.local/lib/python3.7/site-packages/airflow/example_dags/example_time_delta_sensor_async.py
[2023-02-01T22:23:22.521+0000] {logging_mixin.py:137} INFO - [2023-02-01T22:23:22.520+0000] {dag.py:2690} INFO - Sync 1 DAGs
[2023-02-01T22:23:22.555+0000] {logging_mixin.py:137} INFO - [2023-02-01T22:23:22.555+0000] {dag.py:3441} INFO - Setting next_dagrun for example_time_delta_sensor_async to None, run_after=None
[2023-02-01T22:23:22.582+0000] {processor.py:175} INFO - Processing /home/airflow/.local/lib/python3.7/site-packages/airflow/example_dags/example_time_delta_sensor_async.py took 0.142 seconds
[2023-02-01T22:23:53.466+0000] {processor.py:153} INFO - Started process (PID=703) to work on /home/airflow/.local/lib/python3.7/site-packages/airflow/example_dags/example_time_delta_sensor_async.py
[2023-02-01T22:23:53.469+0000] {processor.py:743} INFO - Processing file /home/airflow/.local/lib/python3.7/site-packages/airflow/example_dags/example_time_delta_sensor_async.py for tasks to queue
[2023-02-01T22:23:53.471+0000] {logging_mixin.py:137} INFO - [2023-02-01T22:23:53.471+0000] {dagbag.py:538} INFO - Filling up the DagBag from /home/airflow/.local/lib/python3.7/site-packages/airflow/example_dags/example_time_delta_sensor_async.py
[2023-02-01T22:23:53.494+0000] {processor.py:753} INFO - DAG(s) dict_keys(['example_time_delta_sensor_async']) retrieved from /home/airflow/.local/lib/python3.7/site-packages/airflow/example_dags/example_time_delta_sensor_async.py
[2023-02-01T22:23:53.553+0000] {logging_mixin.py:137} INFO - [2023-02-01T22:23:53.553+0000] {dag.py:2690} INFO - Sync 1 DAGs
[2023-02-01T22:23:53.577+0000] {logging_mixin.py:137} INFO - [2023-02-01T22:23:53.577+0000] {dag.py:3441} INFO - Setting next_dagrun for example_time_delta_sensor_async to None, run_after=None
[2023-02-01T22:23:53.591+0000] {processor.py:175} INFO - Processing /home/airflow/.local/lib/python3.7/site-packages/airflow/example_dags/example_time_delta_sensor_async.py took 0.129 seconds
