[2023-02-01T22:19:18.600+0000] {processor.py:153} INFO - Started process (PID=71) to work on /home/airflow/.local/lib/python3.7/site-packages/airflow/example_dags/example_external_task_marker_dag.py
[2023-02-01T22:19:18.612+0000] {processor.py:743} INFO - Processing file /home/airflow/.local/lib/python3.7/site-packages/airflow/example_dags/example_external_task_marker_dag.py for tasks to queue
[2023-02-01T22:19:18.624+0000] {logging_mixin.py:137} INFO - [2023-02-01T22:19:18.624+0000] {dagbag.py:538} INFO - Filling up the DagBag from /home/airflow/.local/lib/python3.7/site-packages/airflow/example_dags/example_external_task_marker_dag.py
[2023-02-01T22:19:18.745+0000] {processor.py:753} INFO - DAG(s) dict_keys(['example_external_task_marker_child', 'example_external_task_marker_parent']) retrieved from /home/airflow/.local/lib/python3.7/site-packages/airflow/example_dags/example_external_task_marker_dag.py
[2023-02-01T22:19:18.829+0000] {logging_mixin.py:137} INFO - [2023-02-01T22:19:18.829+0000] {dag.py:2690} INFO - Sync 2 DAGs
[2023-02-01T22:19:18.987+0000] {logging_mixin.py:137} INFO - [2023-02-01T22:19:18.987+0000] {dag.py:3441} INFO - Setting next_dagrun for example_external_task_marker_child to None, run_after=None
[2023-02-01T22:19:19.038+0000] {logging_mixin.py:137} INFO - [2023-02-01T22:19:19.035+0000] {dag.py:3441} INFO - Setting next_dagrun for example_external_task_marker_parent to None, run_after=None
[2023-02-01T22:19:19.173+0000] {processor.py:175} INFO - Processing /home/airflow/.local/lib/python3.7/site-packages/airflow/example_dags/example_external_task_marker_dag.py took 0.593 seconds
[2023-02-01T22:19:49.292+0000] {processor.py:153} INFO - Started process (PID=134) to work on /home/airflow/.local/lib/python3.7/site-packages/airflow/example_dags/example_external_task_marker_dag.py
[2023-02-01T22:19:49.293+0000] {processor.py:743} INFO - Processing file /home/airflow/.local/lib/python3.7/site-packages/airflow/example_dags/example_external_task_marker_dag.py for tasks to queue
[2023-02-01T22:19:49.294+0000] {logging_mixin.py:137} INFO - [2023-02-01T22:19:49.294+0000] {dagbag.py:538} INFO - Filling up the DagBag from /home/airflow/.local/lib/python3.7/site-packages/airflow/example_dags/example_external_task_marker_dag.py
[2023-02-01T22:19:49.303+0000] {processor.py:753} INFO - DAG(s) dict_keys(['example_external_task_marker_child', 'example_external_task_marker_parent']) retrieved from /home/airflow/.local/lib/python3.7/site-packages/airflow/example_dags/example_external_task_marker_dag.py
[2023-02-01T22:19:49.341+0000] {logging_mixin.py:137} INFO - [2023-02-01T22:19:49.341+0000] {dag.py:2690} INFO - Sync 2 DAGs
[2023-02-01T22:19:49.354+0000] {logging_mixin.py:137} INFO - [2023-02-01T22:19:49.354+0000] {dag.py:3441} INFO - Setting next_dagrun for example_external_task_marker_child to None, run_after=None
[2023-02-01T22:19:49.356+0000] {logging_mixin.py:137} INFO - [2023-02-01T22:19:49.356+0000] {dag.py:3441} INFO - Setting next_dagrun for example_external_task_marker_parent to None, run_after=None
[2023-02-01T22:19:49.366+0000] {processor.py:175} INFO - Processing /home/airflow/.local/lib/python3.7/site-packages/airflow/example_dags/example_external_task_marker_dag.py took 0.076 seconds
[2023-02-01T22:20:19.504+0000] {processor.py:153} INFO - Started process (PID=211) to work on /home/airflow/.local/lib/python3.7/site-packages/airflow/example_dags/example_external_task_marker_dag.py
[2023-02-01T22:20:19.505+0000] {processor.py:743} INFO - Processing file /home/airflow/.local/lib/python3.7/site-packages/airflow/example_dags/example_external_task_marker_dag.py for tasks to queue
[2023-02-01T22:20:19.506+0000] {logging_mixin.py:137} INFO - [2023-02-01T22:20:19.506+0000] {dagbag.py:538} INFO - Filling up the DagBag from /home/airflow/.local/lib/python3.7/site-packages/airflow/example_dags/example_external_task_marker_dag.py
[2023-02-01T22:20:19.516+0000] {processor.py:753} INFO - DAG(s) dict_keys(['example_external_task_marker_parent', 'example_external_task_marker_child']) retrieved from /home/airflow/.local/lib/python3.7/site-packages/airflow/example_dags/example_external_task_marker_dag.py
[2023-02-01T22:20:19.548+0000] {logging_mixin.py:137} INFO - [2023-02-01T22:20:19.548+0000] {dag.py:2690} INFO - Sync 2 DAGs
[2023-02-01T22:20:19.564+0000] {logging_mixin.py:137} INFO - [2023-02-01T22:20:19.564+0000] {dag.py:3441} INFO - Setting next_dagrun for example_external_task_marker_child to None, run_after=None
[2023-02-01T22:20:19.567+0000] {logging_mixin.py:137} INFO - [2023-02-01T22:20:19.567+0000] {dag.py:3441} INFO - Setting next_dagrun for example_external_task_marker_parent to None, run_after=None
[2023-02-01T22:20:19.579+0000] {processor.py:175} INFO - Processing /home/airflow/.local/lib/python3.7/site-packages/airflow/example_dags/example_external_task_marker_dag.py took 0.078 seconds
[2023-02-01T22:20:50.587+0000] {processor.py:153} INFO - Started process (PID=275) to work on /home/airflow/.local/lib/python3.7/site-packages/airflow/example_dags/example_external_task_marker_dag.py
[2023-02-01T22:20:50.589+0000] {processor.py:743} INFO - Processing file /home/airflow/.local/lib/python3.7/site-packages/airflow/example_dags/example_external_task_marker_dag.py for tasks to queue
[2023-02-01T22:20:50.590+0000] {logging_mixin.py:137} INFO - [2023-02-01T22:20:50.590+0000] {dagbag.py:538} INFO - Filling up the DagBag from /home/airflow/.local/lib/python3.7/site-packages/airflow/example_dags/example_external_task_marker_dag.py
[2023-02-01T22:20:50.603+0000] {processor.py:753} INFO - DAG(s) dict_keys(['example_external_task_marker_parent', 'example_external_task_marker_child']) retrieved from /home/airflow/.local/lib/python3.7/site-packages/airflow/example_dags/example_external_task_marker_dag.py
[2023-02-01T22:20:50.651+0000] {logging_mixin.py:137} INFO - [2023-02-01T22:20:50.651+0000] {dag.py:2690} INFO - Sync 2 DAGs
[2023-02-01T22:20:50.682+0000] {logging_mixin.py:137} INFO - [2023-02-01T22:20:50.682+0000] {dag.py:3441} INFO - Setting next_dagrun for example_external_task_marker_child to None, run_after=None
[2023-02-01T22:20:50.687+0000] {logging_mixin.py:137} INFO - [2023-02-01T22:20:50.687+0000] {dag.py:3441} INFO - Setting next_dagrun for example_external_task_marker_parent to None, run_after=None
[2023-02-01T22:20:50.703+0000] {processor.py:175} INFO - Processing /home/airflow/.local/lib/python3.7/site-packages/airflow/example_dags/example_external_task_marker_dag.py took 0.120 seconds
[2023-02-01T22:21:20.754+0000] {processor.py:153} INFO - Started process (PID=351) to work on /home/airflow/.local/lib/python3.7/site-packages/airflow/example_dags/example_external_task_marker_dag.py
[2023-02-01T22:21:20.756+0000] {processor.py:743} INFO - Processing file /home/airflow/.local/lib/python3.7/site-packages/airflow/example_dags/example_external_task_marker_dag.py for tasks to queue
[2023-02-01T22:21:20.756+0000] {logging_mixin.py:137} INFO - [2023-02-01T22:21:20.756+0000] {dagbag.py:538} INFO - Filling up the DagBag from /home/airflow/.local/lib/python3.7/site-packages/airflow/example_dags/example_external_task_marker_dag.py
[2023-02-01T22:21:20.767+0000] {processor.py:753} INFO - DAG(s) dict_keys(['example_external_task_marker_child', 'example_external_task_marker_parent']) retrieved from /home/airflow/.local/lib/python3.7/site-packages/airflow/example_dags/example_external_task_marker_dag.py
[2023-02-01T22:21:20.792+0000] {logging_mixin.py:137} INFO - [2023-02-01T22:21:20.792+0000] {dag.py:2690} INFO - Sync 2 DAGs
[2023-02-01T22:21:20.812+0000] {logging_mixin.py:137} INFO - [2023-02-01T22:21:20.812+0000] {dag.py:3441} INFO - Setting next_dagrun for example_external_task_marker_child to None, run_after=None
[2023-02-01T22:21:20.816+0000] {logging_mixin.py:137} INFO - [2023-02-01T22:21:20.815+0000] {dag.py:3441} INFO - Setting next_dagrun for example_external_task_marker_parent to None, run_after=None
[2023-02-01T22:21:20.828+0000] {processor.py:175} INFO - Processing /home/airflow/.local/lib/python3.7/site-packages/airflow/example_dags/example_external_task_marker_dag.py took 0.077 seconds
[2023-02-01T22:21:50.933+0000] {processor.py:153} INFO - Started process (PID=414) to work on /home/airflow/.local/lib/python3.7/site-packages/airflow/example_dags/example_external_task_marker_dag.py
[2023-02-01T22:21:50.934+0000] {processor.py:743} INFO - Processing file /home/airflow/.local/lib/python3.7/site-packages/airflow/example_dags/example_external_task_marker_dag.py for tasks to queue
[2023-02-01T22:21:50.935+0000] {logging_mixin.py:137} INFO - [2023-02-01T22:21:50.935+0000] {dagbag.py:538} INFO - Filling up the DagBag from /home/airflow/.local/lib/python3.7/site-packages/airflow/example_dags/example_external_task_marker_dag.py
[2023-02-01T22:21:50.944+0000] {processor.py:753} INFO - DAG(s) dict_keys(['example_external_task_marker_parent', 'example_external_task_marker_child']) retrieved from /home/airflow/.local/lib/python3.7/site-packages/airflow/example_dags/example_external_task_marker_dag.py
[2023-02-01T22:21:50.964+0000] {logging_mixin.py:137} INFO - [2023-02-01T22:21:50.964+0000] {dag.py:2690} INFO - Sync 2 DAGs
[2023-02-01T22:21:50.979+0000] {logging_mixin.py:137} INFO - [2023-02-01T22:21:50.979+0000] {dag.py:3441} INFO - Setting next_dagrun for example_external_task_marker_child to None, run_after=None
[2023-02-01T22:21:50.982+0000] {logging_mixin.py:137} INFO - [2023-02-01T22:21:50.982+0000] {dag.py:3441} INFO - Setting next_dagrun for example_external_task_marker_parent to None, run_after=None
[2023-02-01T22:21:50.991+0000] {processor.py:175} INFO - Processing /home/airflow/.local/lib/python3.7/site-packages/airflow/example_dags/example_external_task_marker_dag.py took 0.061 seconds
[2023-02-01T22:22:21.112+0000] {processor.py:153} INFO - Started process (PID=490) to work on /home/airflow/.local/lib/python3.7/site-packages/airflow/example_dags/example_external_task_marker_dag.py
[2023-02-01T22:22:21.114+0000] {processor.py:743} INFO - Processing file /home/airflow/.local/lib/python3.7/site-packages/airflow/example_dags/example_external_task_marker_dag.py for tasks to queue
[2023-02-01T22:22:21.114+0000] {logging_mixin.py:137} INFO - [2023-02-01T22:22:21.114+0000] {dagbag.py:538} INFO - Filling up the DagBag from /home/airflow/.local/lib/python3.7/site-packages/airflow/example_dags/example_external_task_marker_dag.py
[2023-02-01T22:22:21.125+0000] {processor.py:753} INFO - DAG(s) dict_keys(['example_external_task_marker_child', 'example_external_task_marker_parent']) retrieved from /home/airflow/.local/lib/python3.7/site-packages/airflow/example_dags/example_external_task_marker_dag.py
[2023-02-01T22:22:21.147+0000] {logging_mixin.py:137} INFO - [2023-02-01T22:22:21.147+0000] {dag.py:2690} INFO - Sync 2 DAGs
[2023-02-01T22:22:21.163+0000] {logging_mixin.py:137} INFO - [2023-02-01T22:22:21.163+0000] {dag.py:3441} INFO - Setting next_dagrun for example_external_task_marker_child to None, run_after=None
[2023-02-01T22:22:21.165+0000] {logging_mixin.py:137} INFO - [2023-02-01T22:22:21.165+0000] {dag.py:3441} INFO - Setting next_dagrun for example_external_task_marker_parent to None, run_after=None
[2023-02-01T22:22:21.176+0000] {processor.py:175} INFO - Processing /home/airflow/.local/lib/python3.7/site-packages/airflow/example_dags/example_external_task_marker_dag.py took 0.066 seconds
[2023-02-01T22:22:51.985+0000] {processor.py:153} INFO - Started process (PID=566) to work on /home/airflow/.local/lib/python3.7/site-packages/airflow/example_dags/example_external_task_marker_dag.py
[2023-02-01T22:22:51.987+0000] {processor.py:743} INFO - Processing file /home/airflow/.local/lib/python3.7/site-packages/airflow/example_dags/example_external_task_marker_dag.py for tasks to queue
[2023-02-01T22:22:51.988+0000] {logging_mixin.py:137} INFO - [2023-02-01T22:22:51.988+0000] {dagbag.py:538} INFO - Filling up the DagBag from /home/airflow/.local/lib/python3.7/site-packages/airflow/example_dags/example_external_task_marker_dag.py
[2023-02-01T22:22:51.999+0000] {processor.py:753} INFO - DAG(s) dict_keys(['example_external_task_marker_child', 'example_external_task_marker_parent']) retrieved from /home/airflow/.local/lib/python3.7/site-packages/airflow/example_dags/example_external_task_marker_dag.py
[2023-02-01T22:22:52.023+0000] {logging_mixin.py:137} INFO - [2023-02-01T22:22:52.023+0000] {dag.py:2690} INFO - Sync 2 DAGs
[2023-02-01T22:22:52.041+0000] {logging_mixin.py:137} INFO - [2023-02-01T22:22:52.041+0000] {dag.py:3441} INFO - Setting next_dagrun for example_external_task_marker_child to None, run_after=None
[2023-02-01T22:22:52.045+0000] {logging_mixin.py:137} INFO - [2023-02-01T22:22:52.044+0000] {dag.py:3441} INFO - Setting next_dagrun for example_external_task_marker_parent to None, run_after=None
[2023-02-01T22:22:52.057+0000] {processor.py:175} INFO - Processing /home/airflow/.local/lib/python3.7/site-packages/airflow/example_dags/example_external_task_marker_dag.py took 0.077 seconds
[2023-02-01T22:23:22.824+0000] {processor.py:153} INFO - Started process (PID=630) to work on /home/airflow/.local/lib/python3.7/site-packages/airflow/example_dags/example_external_task_marker_dag.py
[2023-02-01T22:23:22.828+0000] {processor.py:743} INFO - Processing file /home/airflow/.local/lib/python3.7/site-packages/airflow/example_dags/example_external_task_marker_dag.py for tasks to queue
[2023-02-01T22:23:22.830+0000] {logging_mixin.py:137} INFO - [2023-02-01T22:23:22.830+0000] {dagbag.py:538} INFO - Filling up the DagBag from /home/airflow/.local/lib/python3.7/site-packages/airflow/example_dags/example_external_task_marker_dag.py
[2023-02-01T22:23:22.844+0000] {processor.py:753} INFO - DAG(s) dict_keys(['example_external_task_marker_parent', 'example_external_task_marker_child']) retrieved from /home/airflow/.local/lib/python3.7/site-packages/airflow/example_dags/example_external_task_marker_dag.py
[2023-02-01T22:23:22.869+0000] {logging_mixin.py:137} INFO - [2023-02-01T22:23:22.869+0000] {dag.py:2690} INFO - Sync 2 DAGs
[2023-02-01T22:23:22.888+0000] {logging_mixin.py:137} INFO - [2023-02-01T22:23:22.888+0000] {dag.py:3441} INFO - Setting next_dagrun for example_external_task_marker_child to None, run_after=None
[2023-02-01T22:23:22.891+0000] {logging_mixin.py:137} INFO - [2023-02-01T22:23:22.891+0000] {dag.py:3441} INFO - Setting next_dagrun for example_external_task_marker_parent to None, run_after=None
[2023-02-01T22:23:22.907+0000] {processor.py:175} INFO - Processing /home/airflow/.local/lib/python3.7/site-packages/airflow/example_dags/example_external_task_marker_dag.py took 0.095 seconds
[2023-02-01T22:23:53.724+0000] {processor.py:153} INFO - Started process (PID=706) to work on /home/airflow/.local/lib/python3.7/site-packages/airflow/example_dags/example_external_task_marker_dag.py
[2023-02-01T22:23:53.726+0000] {processor.py:743} INFO - Processing file /home/airflow/.local/lib/python3.7/site-packages/airflow/example_dags/example_external_task_marker_dag.py for tasks to queue
[2023-02-01T22:23:53.727+0000] {logging_mixin.py:137} INFO - [2023-02-01T22:23:53.727+0000] {dagbag.py:538} INFO - Filling up the DagBag from /home/airflow/.local/lib/python3.7/site-packages/airflow/example_dags/example_external_task_marker_dag.py
[2023-02-01T22:23:53.738+0000] {processor.py:753} INFO - DAG(s) dict_keys(['example_external_task_marker_parent', 'example_external_task_marker_child']) retrieved from /home/airflow/.local/lib/python3.7/site-packages/airflow/example_dags/example_external_task_marker_dag.py
[2023-02-01T22:23:53.759+0000] {logging_mixin.py:137} INFO - [2023-02-01T22:23:53.759+0000] {dag.py:2690} INFO - Sync 2 DAGs
[2023-02-01T22:23:53.778+0000] {logging_mixin.py:137} INFO - [2023-02-01T22:23:53.778+0000] {dag.py:3441} INFO - Setting next_dagrun for example_external_task_marker_child to None, run_after=None
[2023-02-01T22:23:53.781+0000] {logging_mixin.py:137} INFO - [2023-02-01T22:23:53.781+0000] {dag.py:3441} INFO - Setting next_dagrun for example_external_task_marker_parent to None, run_after=None
[2023-02-01T22:23:53.792+0000] {processor.py:175} INFO - Processing /home/airflow/.local/lib/python3.7/site-packages/airflow/example_dags/example_external_task_marker_dag.py took 0.071 seconds
[2023-02-01T22:24:24.106+0000] {processor.py:153} INFO - Started process (PID=782) to work on /home/airflow/.local/lib/python3.7/site-packages/airflow/example_dags/example_external_task_marker_dag.py
[2023-02-01T22:24:24.107+0000] {processor.py:743} INFO - Processing file /home/airflow/.local/lib/python3.7/site-packages/airflow/example_dags/example_external_task_marker_dag.py for tasks to queue
[2023-02-01T22:24:24.108+0000] {logging_mixin.py:137} INFO - [2023-02-01T22:24:24.108+0000] {dagbag.py:538} INFO - Filling up the DagBag from /home/airflow/.local/lib/python3.7/site-packages/airflow/example_dags/example_external_task_marker_dag.py
[2023-02-01T22:24:24.118+0000] {processor.py:753} INFO - DAG(s) dict_keys(['example_external_task_marker_parent', 'example_external_task_marker_child']) retrieved from /home/airflow/.local/lib/python3.7/site-packages/airflow/example_dags/example_external_task_marker_dag.py
[2023-02-01T22:24:24.140+0000] {logging_mixin.py:137} INFO - [2023-02-01T22:24:24.140+0000] {dag.py:2690} INFO - Sync 2 DAGs
[2023-02-01T22:24:24.157+0000] {logging_mixin.py:137} INFO - [2023-02-01T22:24:24.157+0000] {dag.py:3441} INFO - Setting next_dagrun for example_external_task_marker_child to None, run_after=None
[2023-02-01T22:24:24.160+0000] {logging_mixin.py:137} INFO - [2023-02-01T22:24:24.160+0000] {dag.py:3441} INFO - Setting next_dagrun for example_external_task_marker_parent to None, run_after=None
[2023-02-01T22:24:24.172+0000] {processor.py:175} INFO - Processing /home/airflow/.local/lib/python3.7/site-packages/airflow/example_dags/example_external_task_marker_dag.py took 0.069 seconds
[2023-02-01T22:24:54.676+0000] {processor.py:153} INFO - Started process (PID=846) to work on /home/airflow/.local/lib/python3.7/site-packages/airflow/example_dags/example_external_task_marker_dag.py
[2023-02-01T22:24:54.678+0000] {processor.py:743} INFO - Processing file /home/airflow/.local/lib/python3.7/site-packages/airflow/example_dags/example_external_task_marker_dag.py for tasks to queue
[2023-02-01T22:24:54.679+0000] {logging_mixin.py:137} INFO - [2023-02-01T22:24:54.678+0000] {dagbag.py:538} INFO - Filling up the DagBag from /home/airflow/.local/lib/python3.7/site-packages/airflow/example_dags/example_external_task_marker_dag.py
[2023-02-01T22:24:54.688+0000] {processor.py:753} INFO - DAG(s) dict_keys(['example_external_task_marker_child', 'example_external_task_marker_parent']) retrieved from /home/airflow/.local/lib/python3.7/site-packages/airflow/example_dags/example_external_task_marker_dag.py
[2023-02-01T22:24:54.710+0000] {logging_mixin.py:137} INFO - [2023-02-01T22:24:54.710+0000] {dag.py:2690} INFO - Sync 2 DAGs
[2023-02-01T22:24:54.732+0000] {logging_mixin.py:137} INFO - [2023-02-01T22:24:54.732+0000] {dag.py:3441} INFO - Setting next_dagrun for example_external_task_marker_child to None, run_after=None
[2023-02-01T22:24:54.738+0000] {logging_mixin.py:137} INFO - [2023-02-01T22:24:54.738+0000] {dag.py:3441} INFO - Setting next_dagrun for example_external_task_marker_parent to None, run_after=None
[2023-02-01T22:24:54.760+0000] {processor.py:175} INFO - Processing /home/airflow/.local/lib/python3.7/site-packages/airflow/example_dags/example_external_task_marker_dag.py took 0.086 seconds
[2023-02-01T22:25:25.381+0000] {processor.py:153} INFO - Started process (PID=923) to work on /home/airflow/.local/lib/python3.7/site-packages/airflow/example_dags/example_external_task_marker_dag.py
[2023-02-01T22:25:25.382+0000] {processor.py:743} INFO - Processing file /home/airflow/.local/lib/python3.7/site-packages/airflow/example_dags/example_external_task_marker_dag.py for tasks to queue
[2023-02-01T22:25:25.383+0000] {logging_mixin.py:137} INFO - [2023-02-01T22:25:25.383+0000] {dagbag.py:538} INFO - Filling up the DagBag from /home/airflow/.local/lib/python3.7/site-packages/airflow/example_dags/example_external_task_marker_dag.py
[2023-02-01T22:25:25.392+0000] {processor.py:753} INFO - DAG(s) dict_keys(['example_external_task_marker_child', 'example_external_task_marker_parent']) retrieved from /home/airflow/.local/lib/python3.7/site-packages/airflow/example_dags/example_external_task_marker_dag.py
[2023-02-01T22:25:25.416+0000] {logging_mixin.py:137} INFO - [2023-02-01T22:25:25.416+0000] {dag.py:2690} INFO - Sync 2 DAGs
[2023-02-01T22:25:25.431+0000] {logging_mixin.py:137} INFO - [2023-02-01T22:25:25.431+0000] {dag.py:3441} INFO - Setting next_dagrun for example_external_task_marker_child to None, run_after=None
[2023-02-01T22:25:25.434+0000] {logging_mixin.py:137} INFO - [2023-02-01T22:25:25.434+0000] {dag.py:3441} INFO - Setting next_dagrun for example_external_task_marker_parent to None, run_after=None
[2023-02-01T22:25:25.475+0000] {processor.py:175} INFO - Processing /home/airflow/.local/lib/python3.7/site-packages/airflow/example_dags/example_external_task_marker_dag.py took 0.098 seconds
[2023-02-01T22:25:56.403+0000] {processor.py:153} INFO - Started process (PID=1000) to work on /home/airflow/.local/lib/python3.7/site-packages/airflow/example_dags/example_external_task_marker_dag.py
[2023-02-01T22:25:56.405+0000] {processor.py:743} INFO - Processing file /home/airflow/.local/lib/python3.7/site-packages/airflow/example_dags/example_external_task_marker_dag.py for tasks to queue
[2023-02-01T22:25:56.405+0000] {logging_mixin.py:137} INFO - [2023-02-01T22:25:56.405+0000] {dagbag.py:538} INFO - Filling up the DagBag from /home/airflow/.local/lib/python3.7/site-packages/airflow/example_dags/example_external_task_marker_dag.py
[2023-02-01T22:25:56.416+0000] {processor.py:753} INFO - DAG(s) dict_keys(['example_external_task_marker_parent', 'example_external_task_marker_child']) retrieved from /home/airflow/.local/lib/python3.7/site-packages/airflow/example_dags/example_external_task_marker_dag.py
[2023-02-01T22:25:56.437+0000] {logging_mixin.py:137} INFO - [2023-02-01T22:25:56.437+0000] {dag.py:2690} INFO - Sync 2 DAGs
[2023-02-01T22:25:56.452+0000] {logging_mixin.py:137} INFO - [2023-02-01T22:25:56.452+0000] {dag.py:3441} INFO - Setting next_dagrun for example_external_task_marker_child to None, run_after=None
[2023-02-01T22:25:56.454+0000] {logging_mixin.py:137} INFO - [2023-02-01T22:25:56.454+0000] {dag.py:3441} INFO - Setting next_dagrun for example_external_task_marker_parent to None, run_after=None
[2023-02-01T22:25:56.464+0000] {processor.py:175} INFO - Processing /home/airflow/.local/lib/python3.7/site-packages/airflow/example_dags/example_external_task_marker_dag.py took 0.064 seconds
[2023-02-01T22:26:27.093+0000] {processor.py:153} INFO - Started process (PID=1064) to work on /home/airflow/.local/lib/python3.7/site-packages/airflow/example_dags/example_external_task_marker_dag.py
[2023-02-01T22:26:27.094+0000] {processor.py:743} INFO - Processing file /home/airflow/.local/lib/python3.7/site-packages/airflow/example_dags/example_external_task_marker_dag.py for tasks to queue
[2023-02-01T22:26:27.095+0000] {logging_mixin.py:137} INFO - [2023-02-01T22:26:27.095+0000] {dagbag.py:538} INFO - Filling up the DagBag from /home/airflow/.local/lib/python3.7/site-packages/airflow/example_dags/example_external_task_marker_dag.py
[2023-02-01T22:26:27.107+0000] {processor.py:753} INFO - DAG(s) dict_keys(['example_external_task_marker_parent', 'example_external_task_marker_child']) retrieved from /home/airflow/.local/lib/python3.7/site-packages/airflow/example_dags/example_external_task_marker_dag.py
[2023-02-01T22:26:27.145+0000] {logging_mixin.py:137} INFO - [2023-02-01T22:26:27.144+0000] {dag.py:2690} INFO - Sync 2 DAGs
[2023-02-01T22:26:27.167+0000] {logging_mixin.py:137} INFO - [2023-02-01T22:26:27.167+0000] {dag.py:3441} INFO - Setting next_dagrun for example_external_task_marker_child to None, run_after=None
[2023-02-01T22:26:27.174+0000] {logging_mixin.py:137} INFO - [2023-02-01T22:26:27.174+0000] {dag.py:3441} INFO - Setting next_dagrun for example_external_task_marker_parent to None, run_after=None
[2023-02-01T22:26:27.190+0000] {processor.py:175} INFO - Processing /home/airflow/.local/lib/python3.7/site-packages/airflow/example_dags/example_external_task_marker_dag.py took 0.099 seconds
[2023-02-01T22:26:57.976+0000] {processor.py:153} INFO - Started process (PID=1140) to work on /home/airflow/.local/lib/python3.7/site-packages/airflow/example_dags/example_external_task_marker_dag.py
[2023-02-01T22:26:57.977+0000] {processor.py:743} INFO - Processing file /home/airflow/.local/lib/python3.7/site-packages/airflow/example_dags/example_external_task_marker_dag.py for tasks to queue
[2023-02-01T22:26:57.978+0000] {logging_mixin.py:137} INFO - [2023-02-01T22:26:57.978+0000] {dagbag.py:538} INFO - Filling up the DagBag from /home/airflow/.local/lib/python3.7/site-packages/airflow/example_dags/example_external_task_marker_dag.py
[2023-02-01T22:26:57.989+0000] {processor.py:753} INFO - DAG(s) dict_keys(['example_external_task_marker_parent', 'example_external_task_marker_child']) retrieved from /home/airflow/.local/lib/python3.7/site-packages/airflow/example_dags/example_external_task_marker_dag.py
[2023-02-01T22:26:58.011+0000] {logging_mixin.py:137} INFO - [2023-02-01T22:26:58.011+0000] {dag.py:2690} INFO - Sync 2 DAGs
[2023-02-01T22:26:58.026+0000] {logging_mixin.py:137} INFO - [2023-02-01T22:26:58.026+0000] {dag.py:3441} INFO - Setting next_dagrun for example_external_task_marker_child to None, run_after=None
[2023-02-01T22:26:58.028+0000] {logging_mixin.py:137} INFO - [2023-02-01T22:26:58.028+0000] {dag.py:3441} INFO - Setting next_dagrun for example_external_task_marker_parent to None, run_after=None
[2023-02-01T22:26:58.039+0000] {processor.py:175} INFO - Processing /home/airflow/.local/lib/python3.7/site-packages/airflow/example_dags/example_external_task_marker_dag.py took 0.067 seconds
[2023-02-01T22:27:28.977+0000] {processor.py:153} INFO - Started process (PID=1216) to work on /home/airflow/.local/lib/python3.7/site-packages/airflow/example_dags/example_external_task_marker_dag.py
[2023-02-01T22:27:28.979+0000] {processor.py:743} INFO - Processing file /home/airflow/.local/lib/python3.7/site-packages/airflow/example_dags/example_external_task_marker_dag.py for tasks to queue
[2023-02-01T22:27:28.979+0000] {logging_mixin.py:137} INFO - [2023-02-01T22:27:28.979+0000] {dagbag.py:538} INFO - Filling up the DagBag from /home/airflow/.local/lib/python3.7/site-packages/airflow/example_dags/example_external_task_marker_dag.py
[2023-02-01T22:27:28.989+0000] {processor.py:753} INFO - DAG(s) dict_keys(['example_external_task_marker_child', 'example_external_task_marker_parent']) retrieved from /home/airflow/.local/lib/python3.7/site-packages/airflow/example_dags/example_external_task_marker_dag.py
[2023-02-01T22:27:29.008+0000] {logging_mixin.py:137} INFO - [2023-02-01T22:27:29.008+0000] {dag.py:2690} INFO - Sync 2 DAGs
[2023-02-01T22:27:29.023+0000] {logging_mixin.py:137} INFO - [2023-02-01T22:27:29.023+0000] {dag.py:3441} INFO - Setting next_dagrun for example_external_task_marker_child to None, run_after=None
[2023-02-01T22:27:29.025+0000] {logging_mixin.py:137} INFO - [2023-02-01T22:27:29.025+0000] {dag.py:3441} INFO - Setting next_dagrun for example_external_task_marker_parent to None, run_after=None
[2023-02-01T22:27:29.034+0000] {processor.py:175} INFO - Processing /home/airflow/.local/lib/python3.7/site-packages/airflow/example_dags/example_external_task_marker_dag.py took 0.059 seconds
[2023-02-01T22:27:59.491+0000] {processor.py:153} INFO - Started process (PID=1279) to work on /home/airflow/.local/lib/python3.7/site-packages/airflow/example_dags/example_external_task_marker_dag.py
[2023-02-01T22:27:59.493+0000] {processor.py:743} INFO - Processing file /home/airflow/.local/lib/python3.7/site-packages/airflow/example_dags/example_external_task_marker_dag.py for tasks to queue
[2023-02-01T22:27:59.493+0000] {logging_mixin.py:137} INFO - [2023-02-01T22:27:59.493+0000] {dagbag.py:538} INFO - Filling up the DagBag from /home/airflow/.local/lib/python3.7/site-packages/airflow/example_dags/example_external_task_marker_dag.py
[2023-02-01T22:27:59.503+0000] {processor.py:753} INFO - DAG(s) dict_keys(['example_external_task_marker_parent', 'example_external_task_marker_child']) retrieved from /home/airflow/.local/lib/python3.7/site-packages/airflow/example_dags/example_external_task_marker_dag.py
[2023-02-01T22:27:59.525+0000] {logging_mixin.py:137} INFO - [2023-02-01T22:27:59.525+0000] {dag.py:2690} INFO - Sync 2 DAGs
[2023-02-01T22:27:59.540+0000] {logging_mixin.py:137} INFO - [2023-02-01T22:27:59.540+0000] {dag.py:3441} INFO - Setting next_dagrun for example_external_task_marker_child to None, run_after=None
[2023-02-01T22:27:59.542+0000] {logging_mixin.py:137} INFO - [2023-02-01T22:27:59.542+0000] {dag.py:3441} INFO - Setting next_dagrun for example_external_task_marker_parent to None, run_after=None
[2023-02-01T22:27:59.552+0000] {processor.py:175} INFO - Processing /home/airflow/.local/lib/python3.7/site-packages/airflow/example_dags/example_external_task_marker_dag.py took 0.063 seconds
[2023-02-01T22:28:30.339+0000] {processor.py:153} INFO - Started process (PID=1355) to work on /home/airflow/.local/lib/python3.7/site-packages/airflow/example_dags/example_external_task_marker_dag.py
[2023-02-01T22:28:30.340+0000] {processor.py:743} INFO - Processing file /home/airflow/.local/lib/python3.7/site-packages/airflow/example_dags/example_external_task_marker_dag.py for tasks to queue
[2023-02-01T22:28:30.341+0000] {logging_mixin.py:137} INFO - [2023-02-01T22:28:30.341+0000] {dagbag.py:538} INFO - Filling up the DagBag from /home/airflow/.local/lib/python3.7/site-packages/airflow/example_dags/example_external_task_marker_dag.py
[2023-02-01T22:28:30.350+0000] {processor.py:753} INFO - DAG(s) dict_keys(['example_external_task_marker_parent', 'example_external_task_marker_child']) retrieved from /home/airflow/.local/lib/python3.7/site-packages/airflow/example_dags/example_external_task_marker_dag.py
[2023-02-01T22:28:30.370+0000] {logging_mixin.py:137} INFO - [2023-02-01T22:28:30.370+0000] {dag.py:2690} INFO - Sync 2 DAGs
[2023-02-01T22:28:30.384+0000] {logging_mixin.py:137} INFO - [2023-02-01T22:28:30.384+0000] {dag.py:3441} INFO - Setting next_dagrun for example_external_task_marker_child to None, run_after=None
[2023-02-01T22:28:30.386+0000] {logging_mixin.py:137} INFO - [2023-02-01T22:28:30.386+0000] {dag.py:3441} INFO - Setting next_dagrun for example_external_task_marker_parent to None, run_after=None
[2023-02-01T22:28:30.396+0000] {processor.py:175} INFO - Processing /home/airflow/.local/lib/python3.7/site-packages/airflow/example_dags/example_external_task_marker_dag.py took 0.059 seconds
[2023-02-01T22:29:00.924+0000] {processor.py:153} INFO - Started process (PID=1418) to work on /home/airflow/.local/lib/python3.7/site-packages/airflow/example_dags/example_external_task_marker_dag.py
[2023-02-01T22:29:00.925+0000] {processor.py:743} INFO - Processing file /home/airflow/.local/lib/python3.7/site-packages/airflow/example_dags/example_external_task_marker_dag.py for tasks to queue
[2023-02-01T22:29:00.927+0000] {logging_mixin.py:137} INFO - [2023-02-01T22:29:00.927+0000] {dagbag.py:538} INFO - Filling up the DagBag from /home/airflow/.local/lib/python3.7/site-packages/airflow/example_dags/example_external_task_marker_dag.py
[2023-02-01T22:29:00.937+0000] {processor.py:753} INFO - DAG(s) dict_keys(['example_external_task_marker_parent', 'example_external_task_marker_child']) retrieved from /home/airflow/.local/lib/python3.7/site-packages/airflow/example_dags/example_external_task_marker_dag.py
[2023-02-01T22:29:00.961+0000] {logging_mixin.py:137} INFO - [2023-02-01T22:29:00.961+0000] {dag.py:2690} INFO - Sync 2 DAGs
[2023-02-01T22:29:00.983+0000] {logging_mixin.py:137} INFO - [2023-02-01T22:29:00.982+0000] {dag.py:3441} INFO - Setting next_dagrun for example_external_task_marker_child to None, run_after=None
[2023-02-01T22:29:00.985+0000] {logging_mixin.py:137} INFO - [2023-02-01T22:29:00.985+0000] {dag.py:3441} INFO - Setting next_dagrun for example_external_task_marker_parent to None, run_after=None
[2023-02-01T22:29:00.997+0000] {processor.py:175} INFO - Processing /home/airflow/.local/lib/python3.7/site-packages/airflow/example_dags/example_external_task_marker_dag.py took 0.075 seconds
[2023-02-01T22:29:31.778+0000] {processor.py:153} INFO - Started process (PID=1494) to work on /home/airflow/.local/lib/python3.7/site-packages/airflow/example_dags/example_external_task_marker_dag.py
[2023-02-01T22:29:31.779+0000] {processor.py:743} INFO - Processing file /home/airflow/.local/lib/python3.7/site-packages/airflow/example_dags/example_external_task_marker_dag.py for tasks to queue
[2023-02-01T22:29:31.780+0000] {logging_mixin.py:137} INFO - [2023-02-01T22:29:31.780+0000] {dagbag.py:538} INFO - Filling up the DagBag from /home/airflow/.local/lib/python3.7/site-packages/airflow/example_dags/example_external_task_marker_dag.py
[2023-02-01T22:29:31.791+0000] {processor.py:753} INFO - DAG(s) dict_keys(['example_external_task_marker_parent', 'example_external_task_marker_child']) retrieved from /home/airflow/.local/lib/python3.7/site-packages/airflow/example_dags/example_external_task_marker_dag.py
[2023-02-01T22:29:31.816+0000] {logging_mixin.py:137} INFO - [2023-02-01T22:29:31.816+0000] {dag.py:2690} INFO - Sync 2 DAGs
[2023-02-01T22:29:31.841+0000] {logging_mixin.py:137} INFO - [2023-02-01T22:29:31.840+0000] {dag.py:3441} INFO - Setting next_dagrun for example_external_task_marker_child to None, run_after=None
[2023-02-01T22:29:31.844+0000] {logging_mixin.py:137} INFO - [2023-02-01T22:29:31.844+0000] {dag.py:3441} INFO - Setting next_dagrun for example_external_task_marker_parent to None, run_after=None
[2023-02-01T22:29:31.861+0000] {processor.py:175} INFO - Processing /home/airflow/.local/lib/python3.7/site-packages/airflow/example_dags/example_external_task_marker_dag.py took 0.086 seconds
[2023-02-01T22:30:02.695+0000] {processor.py:153} INFO - Started process (PID=1569) to work on /home/airflow/.local/lib/python3.7/site-packages/airflow/example_dags/example_external_task_marker_dag.py
[2023-02-01T22:30:02.696+0000] {processor.py:743} INFO - Processing file /home/airflow/.local/lib/python3.7/site-packages/airflow/example_dags/example_external_task_marker_dag.py for tasks to queue
[2023-02-01T22:30:02.697+0000] {logging_mixin.py:137} INFO - [2023-02-01T22:30:02.697+0000] {dagbag.py:538} INFO - Filling up the DagBag from /home/airflow/.local/lib/python3.7/site-packages/airflow/example_dags/example_external_task_marker_dag.py
[2023-02-01T22:30:02.709+0000] {processor.py:753} INFO - DAG(s) dict_keys(['example_external_task_marker_parent', 'example_external_task_marker_child']) retrieved from /home/airflow/.local/lib/python3.7/site-packages/airflow/example_dags/example_external_task_marker_dag.py
[2023-02-01T22:30:02.733+0000] {logging_mixin.py:137} INFO - [2023-02-01T22:30:02.733+0000] {dag.py:2690} INFO - Sync 2 DAGs
[2023-02-01T22:30:02.755+0000] {logging_mixin.py:137} INFO - [2023-02-01T22:30:02.755+0000] {dag.py:3441} INFO - Setting next_dagrun for example_external_task_marker_child to None, run_after=None
[2023-02-01T22:30:02.758+0000] {logging_mixin.py:137} INFO - [2023-02-01T22:30:02.758+0000] {dag.py:3441} INFO - Setting next_dagrun for example_external_task_marker_parent to None, run_after=None
[2023-02-01T22:30:02.773+0000] {processor.py:175} INFO - Processing /home/airflow/.local/lib/python3.7/site-packages/airflow/example_dags/example_external_task_marker_dag.py took 0.082 seconds
[2023-02-01T22:30:33.232+0000] {processor.py:153} INFO - Started process (PID=1633) to work on /home/airflow/.local/lib/python3.7/site-packages/airflow/example_dags/example_external_task_marker_dag.py
[2023-02-01T22:30:33.233+0000] {processor.py:743} INFO - Processing file /home/airflow/.local/lib/python3.7/site-packages/airflow/example_dags/example_external_task_marker_dag.py for tasks to queue
[2023-02-01T22:30:33.233+0000] {logging_mixin.py:137} INFO - [2023-02-01T22:30:33.233+0000] {dagbag.py:538} INFO - Filling up the DagBag from /home/airflow/.local/lib/python3.7/site-packages/airflow/example_dags/example_external_task_marker_dag.py
[2023-02-01T22:30:33.243+0000] {processor.py:753} INFO - DAG(s) dict_keys(['example_external_task_marker_child', 'example_external_task_marker_parent']) retrieved from /home/airflow/.local/lib/python3.7/site-packages/airflow/example_dags/example_external_task_marker_dag.py
[2023-02-01T22:30:33.263+0000] {logging_mixin.py:137} INFO - [2023-02-01T22:30:33.262+0000] {dag.py:2690} INFO - Sync 2 DAGs
[2023-02-01T22:30:33.277+0000] {logging_mixin.py:137} INFO - [2023-02-01T22:30:33.277+0000] {dag.py:3441} INFO - Setting next_dagrun for example_external_task_marker_child to None, run_after=None
[2023-02-01T22:30:33.279+0000] {logging_mixin.py:137} INFO - [2023-02-01T22:30:33.279+0000] {dag.py:3441} INFO - Setting next_dagrun for example_external_task_marker_parent to None, run_after=None
[2023-02-01T22:30:33.289+0000] {processor.py:175} INFO - Processing /home/airflow/.local/lib/python3.7/site-packages/airflow/example_dags/example_external_task_marker_dag.py took 0.060 seconds
[2023-02-01T22:31:03.664+0000] {processor.py:153} INFO - Started process (PID=1709) to work on /home/airflow/.local/lib/python3.7/site-packages/airflow/example_dags/example_external_task_marker_dag.py
[2023-02-01T22:31:03.665+0000] {processor.py:743} INFO - Processing file /home/airflow/.local/lib/python3.7/site-packages/airflow/example_dags/example_external_task_marker_dag.py for tasks to queue
[2023-02-01T22:31:03.666+0000] {logging_mixin.py:137} INFO - [2023-02-01T22:31:03.666+0000] {dagbag.py:538} INFO - Filling up the DagBag from /home/airflow/.local/lib/python3.7/site-packages/airflow/example_dags/example_external_task_marker_dag.py
[2023-02-01T22:31:03.677+0000] {processor.py:753} INFO - DAG(s) dict_keys(['example_external_task_marker_parent', 'example_external_task_marker_child']) retrieved from /home/airflow/.local/lib/python3.7/site-packages/airflow/example_dags/example_external_task_marker_dag.py
[2023-02-01T22:31:03.697+0000] {logging_mixin.py:137} INFO - [2023-02-01T22:31:03.697+0000] {dag.py:2690} INFO - Sync 2 DAGs
[2023-02-01T22:31:03.712+0000] {logging_mixin.py:137} INFO - [2023-02-01T22:31:03.712+0000] {dag.py:3441} INFO - Setting next_dagrun for example_external_task_marker_child to None, run_after=None
[2023-02-01T22:31:03.716+0000] {logging_mixin.py:137} INFO - [2023-02-01T22:31:03.716+0000] {dag.py:3441} INFO - Setting next_dagrun for example_external_task_marker_parent to None, run_after=None
[2023-02-01T22:31:03.729+0000] {processor.py:175} INFO - Processing /home/airflow/.local/lib/python3.7/site-packages/airflow/example_dags/example_external_task_marker_dag.py took 0.068 seconds
[2023-02-01T22:31:34.532+0000] {processor.py:153} INFO - Started process (PID=1773) to work on /home/airflow/.local/lib/python3.7/site-packages/airflow/example_dags/example_external_task_marker_dag.py
[2023-02-01T22:31:34.533+0000] {processor.py:743} INFO - Processing file /home/airflow/.local/lib/python3.7/site-packages/airflow/example_dags/example_external_task_marker_dag.py for tasks to queue
[2023-02-01T22:31:34.534+0000] {logging_mixin.py:137} INFO - [2023-02-01T22:31:34.534+0000] {dagbag.py:538} INFO - Filling up the DagBag from /home/airflow/.local/lib/python3.7/site-packages/airflow/example_dags/example_external_task_marker_dag.py
[2023-02-01T22:31:34.545+0000] {processor.py:753} INFO - DAG(s) dict_keys(['example_external_task_marker_parent', 'example_external_task_marker_child']) retrieved from /home/airflow/.local/lib/python3.7/site-packages/airflow/example_dags/example_external_task_marker_dag.py
[2023-02-01T22:31:34.568+0000] {logging_mixin.py:137} INFO - [2023-02-01T22:31:34.568+0000] {dag.py:2690} INFO - Sync 2 DAGs
[2023-02-01T22:31:34.586+0000] {logging_mixin.py:137} INFO - [2023-02-01T22:31:34.585+0000] {dag.py:3441} INFO - Setting next_dagrun for example_external_task_marker_child to None, run_after=None
[2023-02-01T22:31:34.588+0000] {logging_mixin.py:137} INFO - [2023-02-01T22:31:34.588+0000] {dag.py:3441} INFO - Setting next_dagrun for example_external_task_marker_parent to None, run_after=None
[2023-02-01T22:31:34.599+0000] {processor.py:175} INFO - Processing /home/airflow/.local/lib/python3.7/site-packages/airflow/example_dags/example_external_task_marker_dag.py took 0.070 seconds
[2023-02-01T22:32:04.692+0000] {processor.py:153} INFO - Started process (PID=1848) to work on /home/airflow/.local/lib/python3.7/site-packages/airflow/example_dags/example_external_task_marker_dag.py
[2023-02-01T22:32:04.694+0000] {processor.py:743} INFO - Processing file /home/airflow/.local/lib/python3.7/site-packages/airflow/example_dags/example_external_task_marker_dag.py for tasks to queue
[2023-02-01T22:32:04.694+0000] {logging_mixin.py:137} INFO - [2023-02-01T22:32:04.694+0000] {dagbag.py:538} INFO - Filling up the DagBag from /home/airflow/.local/lib/python3.7/site-packages/airflow/example_dags/example_external_task_marker_dag.py
[2023-02-01T22:32:04.704+0000] {processor.py:753} INFO - DAG(s) dict_keys(['example_external_task_marker_child', 'example_external_task_marker_parent']) retrieved from /home/airflow/.local/lib/python3.7/site-packages/airflow/example_dags/example_external_task_marker_dag.py
[2023-02-01T22:32:04.726+0000] {logging_mixin.py:137} INFO - [2023-02-01T22:32:04.726+0000] {dag.py:2690} INFO - Sync 2 DAGs
[2023-02-01T22:32:04.742+0000] {logging_mixin.py:137} INFO - [2023-02-01T22:32:04.742+0000] {dag.py:3441} INFO - Setting next_dagrun for example_external_task_marker_child to None, run_after=None
[2023-02-01T22:32:04.745+0000] {logging_mixin.py:137} INFO - [2023-02-01T22:32:04.745+0000] {dag.py:3441} INFO - Setting next_dagrun for example_external_task_marker_parent to None, run_after=None
[2023-02-01T22:32:04.757+0000] {processor.py:175} INFO - Processing /home/airflow/.local/lib/python3.7/site-packages/airflow/example_dags/example_external_task_marker_dag.py took 0.067 seconds
[2023-02-01T22:32:35.121+0000] {processor.py:153} INFO - Started process (PID=1920) to work on /home/airflow/.local/lib/python3.7/site-packages/airflow/example_dags/example_external_task_marker_dag.py
[2023-02-01T22:32:35.123+0000] {processor.py:743} INFO - Processing file /home/airflow/.local/lib/python3.7/site-packages/airflow/example_dags/example_external_task_marker_dag.py for tasks to queue
[2023-02-01T22:32:35.124+0000] {logging_mixin.py:137} INFO - [2023-02-01T22:32:35.124+0000] {dagbag.py:538} INFO - Filling up the DagBag from /home/airflow/.local/lib/python3.7/site-packages/airflow/example_dags/example_external_task_marker_dag.py
[2023-02-01T22:32:35.137+0000] {processor.py:753} INFO - DAG(s) dict_keys(['example_external_task_marker_child', 'example_external_task_marker_parent']) retrieved from /home/airflow/.local/lib/python3.7/site-packages/airflow/example_dags/example_external_task_marker_dag.py
[2023-02-01T22:32:35.159+0000] {logging_mixin.py:137} INFO - [2023-02-01T22:32:35.159+0000] {dag.py:2690} INFO - Sync 2 DAGs
[2023-02-01T22:32:35.177+0000] {logging_mixin.py:137} INFO - [2023-02-01T22:32:35.177+0000] {dag.py:3441} INFO - Setting next_dagrun for example_external_task_marker_child to None, run_after=None
[2023-02-01T22:32:35.181+0000] {logging_mixin.py:137} INFO - [2023-02-01T22:32:35.181+0000] {dag.py:3441} INFO - Setting next_dagrun for example_external_task_marker_parent to None, run_after=None
[2023-02-01T22:32:35.200+0000] {processor.py:175} INFO - Processing /home/airflow/.local/lib/python3.7/site-packages/airflow/example_dags/example_external_task_marker_dag.py took 0.083 seconds
[2023-02-01T22:33:05.659+0000] {processor.py:153} INFO - Started process (PID=1989) to work on /home/airflow/.local/lib/python3.7/site-packages/airflow/example_dags/example_external_task_marker_dag.py
[2023-02-01T22:33:05.660+0000] {processor.py:743} INFO - Processing file /home/airflow/.local/lib/python3.7/site-packages/airflow/example_dags/example_external_task_marker_dag.py for tasks to queue
[2023-02-01T22:33:05.661+0000] {logging_mixin.py:137} INFO - [2023-02-01T22:33:05.660+0000] {dagbag.py:538} INFO - Filling up the DagBag from /home/airflow/.local/lib/python3.7/site-packages/airflow/example_dags/example_external_task_marker_dag.py
[2023-02-01T22:33:05.669+0000] {processor.py:753} INFO - DAG(s) dict_keys(['example_external_task_marker_parent', 'example_external_task_marker_child']) retrieved from /home/airflow/.local/lib/python3.7/site-packages/airflow/example_dags/example_external_task_marker_dag.py
[2023-02-01T22:33:05.688+0000] {logging_mixin.py:137} INFO - [2023-02-01T22:33:05.688+0000] {dag.py:2690} INFO - Sync 2 DAGs
[2023-02-01T22:33:05.703+0000] {logging_mixin.py:137} INFO - [2023-02-01T22:33:05.703+0000] {dag.py:3441} INFO - Setting next_dagrun for example_external_task_marker_child to None, run_after=None
[2023-02-01T22:33:05.705+0000] {logging_mixin.py:137} INFO - [2023-02-01T22:33:05.705+0000] {dag.py:3441} INFO - Setting next_dagrun for example_external_task_marker_parent to None, run_after=None
[2023-02-01T22:33:05.714+0000] {processor.py:175} INFO - Processing /home/airflow/.local/lib/python3.7/site-packages/airflow/example_dags/example_external_task_marker_dag.py took 0.057 seconds
[2023-02-01T22:33:36.468+0000] {processor.py:153} INFO - Started process (PID=2065) to work on /home/airflow/.local/lib/python3.7/site-packages/airflow/example_dags/example_external_task_marker_dag.py
[2023-02-01T22:33:36.469+0000] {processor.py:743} INFO - Processing file /home/airflow/.local/lib/python3.7/site-packages/airflow/example_dags/example_external_task_marker_dag.py for tasks to queue
[2023-02-01T22:33:36.470+0000] {logging_mixin.py:137} INFO - [2023-02-01T22:33:36.470+0000] {dagbag.py:538} INFO - Filling up the DagBag from /home/airflow/.local/lib/python3.7/site-packages/airflow/example_dags/example_external_task_marker_dag.py
[2023-02-01T22:33:36.480+0000] {processor.py:753} INFO - DAG(s) dict_keys(['example_external_task_marker_child', 'example_external_task_marker_parent']) retrieved from /home/airflow/.local/lib/python3.7/site-packages/airflow/example_dags/example_external_task_marker_dag.py
[2023-02-01T22:33:36.501+0000] {logging_mixin.py:137} INFO - [2023-02-01T22:33:36.501+0000] {dag.py:2690} INFO - Sync 2 DAGs
[2023-02-01T22:33:36.517+0000] {logging_mixin.py:137} INFO - [2023-02-01T22:33:36.516+0000] {dag.py:3441} INFO - Setting next_dagrun for example_external_task_marker_child to None, run_after=None
[2023-02-01T22:33:36.519+0000] {logging_mixin.py:137} INFO - [2023-02-01T22:33:36.519+0000] {dag.py:3441} INFO - Setting next_dagrun for example_external_task_marker_parent to None, run_after=None
[2023-02-01T22:33:36.529+0000] {processor.py:175} INFO - Processing /home/airflow/.local/lib/python3.7/site-packages/airflow/example_dags/example_external_task_marker_dag.py took 0.064 seconds
[2023-02-01T22:34:07.047+0000] {processor.py:153} INFO - Started process (PID=2129) to work on /home/airflow/.local/lib/python3.7/site-packages/airflow/example_dags/example_external_task_marker_dag.py
[2023-02-01T22:34:07.048+0000] {processor.py:743} INFO - Processing file /home/airflow/.local/lib/python3.7/site-packages/airflow/example_dags/example_external_task_marker_dag.py for tasks to queue
[2023-02-01T22:34:07.049+0000] {logging_mixin.py:137} INFO - [2023-02-01T22:34:07.049+0000] {dagbag.py:538} INFO - Filling up the DagBag from /home/airflow/.local/lib/python3.7/site-packages/airflow/example_dags/example_external_task_marker_dag.py
[2023-02-01T22:34:07.061+0000] {processor.py:753} INFO - DAG(s) dict_keys(['example_external_task_marker_child', 'example_external_task_marker_parent']) retrieved from /home/airflow/.local/lib/python3.7/site-packages/airflow/example_dags/example_external_task_marker_dag.py
[2023-02-01T22:34:07.082+0000] {logging_mixin.py:137} INFO - [2023-02-01T22:34:07.082+0000] {dag.py:2690} INFO - Sync 2 DAGs
[2023-02-01T22:34:07.098+0000] {logging_mixin.py:137} INFO - [2023-02-01T22:34:07.098+0000] {dag.py:3441} INFO - Setting next_dagrun for example_external_task_marker_child to None, run_after=None
[2023-02-01T22:34:07.101+0000] {logging_mixin.py:137} INFO - [2023-02-01T22:34:07.101+0000] {dag.py:3441} INFO - Setting next_dagrun for example_external_task_marker_parent to None, run_after=None
[2023-02-01T22:34:07.111+0000] {processor.py:175} INFO - Processing /home/airflow/.local/lib/python3.7/site-packages/airflow/example_dags/example_external_task_marker_dag.py took 0.067 seconds
[2023-02-01T22:34:37.768+0000] {processor.py:153} INFO - Started process (PID=2204) to work on /home/airflow/.local/lib/python3.7/site-packages/airflow/example_dags/example_external_task_marker_dag.py
[2023-02-01T22:34:37.770+0000] {processor.py:743} INFO - Processing file /home/airflow/.local/lib/python3.7/site-packages/airflow/example_dags/example_external_task_marker_dag.py for tasks to queue
[2023-02-01T22:34:37.771+0000] {logging_mixin.py:137} INFO - [2023-02-01T22:34:37.771+0000] {dagbag.py:538} INFO - Filling up the DagBag from /home/airflow/.local/lib/python3.7/site-packages/airflow/example_dags/example_external_task_marker_dag.py
[2023-02-01T22:34:37.781+0000] {processor.py:753} INFO - DAG(s) dict_keys(['example_external_task_marker_child', 'example_external_task_marker_parent']) retrieved from /home/airflow/.local/lib/python3.7/site-packages/airflow/example_dags/example_external_task_marker_dag.py
[2023-02-01T22:34:37.808+0000] {logging_mixin.py:137} INFO - [2023-02-01T22:34:37.808+0000] {dag.py:2690} INFO - Sync 2 DAGs
[2023-02-01T22:34:37.826+0000] {logging_mixin.py:137} INFO - [2023-02-01T22:34:37.825+0000] {dag.py:3441} INFO - Setting next_dagrun for example_external_task_marker_child to None, run_after=None
[2023-02-01T22:34:37.829+0000] {logging_mixin.py:137} INFO - [2023-02-01T22:34:37.828+0000] {dag.py:3441} INFO - Setting next_dagrun for example_external_task_marker_parent to None, run_after=None
[2023-02-01T22:34:37.842+0000] {processor.py:175} INFO - Processing /home/airflow/.local/lib/python3.7/site-packages/airflow/example_dags/example_external_task_marker_dag.py took 0.076 seconds
[2023-02-01T22:35:08.728+0000] {processor.py:153} INFO - Started process (PID=2277) to work on /home/airflow/.local/lib/python3.7/site-packages/airflow/example_dags/example_external_task_marker_dag.py
[2023-02-01T22:35:08.729+0000] {processor.py:743} INFO - Processing file /home/airflow/.local/lib/python3.7/site-packages/airflow/example_dags/example_external_task_marker_dag.py for tasks to queue
[2023-02-01T22:35:08.730+0000] {logging_mixin.py:137} INFO - [2023-02-01T22:35:08.730+0000] {dagbag.py:538} INFO - Filling up the DagBag from /home/airflow/.local/lib/python3.7/site-packages/airflow/example_dags/example_external_task_marker_dag.py
[2023-02-01T22:35:08.741+0000] {processor.py:753} INFO - DAG(s) dict_keys(['example_external_task_marker_child', 'example_external_task_marker_parent']) retrieved from /home/airflow/.local/lib/python3.7/site-packages/airflow/example_dags/example_external_task_marker_dag.py
[2023-02-01T22:35:08.786+0000] {logging_mixin.py:137} INFO - [2023-02-01T22:35:08.785+0000] {dag.py:2690} INFO - Sync 2 DAGs
[2023-02-01T22:35:08.834+0000] {logging_mixin.py:137} INFO - [2023-02-01T22:35:08.834+0000] {dag.py:3441} INFO - Setting next_dagrun for example_external_task_marker_child to None, run_after=None
[2023-02-01T22:35:08.840+0000] {logging_mixin.py:137} INFO - [2023-02-01T22:35:08.840+0000] {dag.py:3441} INFO - Setting next_dagrun for example_external_task_marker_parent to None, run_after=None
[2023-02-01T22:35:08.863+0000] {processor.py:175} INFO - Processing /home/airflow/.local/lib/python3.7/site-packages/airflow/example_dags/example_external_task_marker_dag.py took 0.138 seconds
[2023-02-01T22:35:39.449+0000] {processor.py:153} INFO - Started process (PID=2345) to work on /home/airflow/.local/lib/python3.7/site-packages/airflow/example_dags/example_external_task_marker_dag.py
[2023-02-01T22:35:39.451+0000] {processor.py:743} INFO - Processing file /home/airflow/.local/lib/python3.7/site-packages/airflow/example_dags/example_external_task_marker_dag.py for tasks to queue
[2023-02-01T22:35:39.452+0000] {logging_mixin.py:137} INFO - [2023-02-01T22:35:39.452+0000] {dagbag.py:538} INFO - Filling up the DagBag from /home/airflow/.local/lib/python3.7/site-packages/airflow/example_dags/example_external_task_marker_dag.py
[2023-02-01T22:35:39.466+0000] {processor.py:753} INFO - DAG(s) dict_keys(['example_external_task_marker_child', 'example_external_task_marker_parent']) retrieved from /home/airflow/.local/lib/python3.7/site-packages/airflow/example_dags/example_external_task_marker_dag.py
[2023-02-01T22:35:39.487+0000] {logging_mixin.py:137} INFO - [2023-02-01T22:35:39.487+0000] {dag.py:2690} INFO - Sync 2 DAGs
[2023-02-01T22:35:39.505+0000] {logging_mixin.py:137} INFO - [2023-02-01T22:35:39.505+0000] {dag.py:3441} INFO - Setting next_dagrun for example_external_task_marker_child to None, run_after=None
[2023-02-01T22:35:39.507+0000] {logging_mixin.py:137} INFO - [2023-02-01T22:35:39.507+0000] {dag.py:3441} INFO - Setting next_dagrun for example_external_task_marker_parent to None, run_after=None
[2023-02-01T22:35:39.518+0000] {processor.py:175} INFO - Processing /home/airflow/.local/lib/python3.7/site-packages/airflow/example_dags/example_external_task_marker_dag.py took 0.072 seconds
[2023-02-01T22:36:10.347+0000] {processor.py:153} INFO - Started process (PID=2421) to work on /home/airflow/.local/lib/python3.7/site-packages/airflow/example_dags/example_external_task_marker_dag.py
[2023-02-01T22:36:10.348+0000] {processor.py:743} INFO - Processing file /home/airflow/.local/lib/python3.7/site-packages/airflow/example_dags/example_external_task_marker_dag.py for tasks to queue
[2023-02-01T22:36:10.349+0000] {logging_mixin.py:137} INFO - [2023-02-01T22:36:10.348+0000] {dagbag.py:538} INFO - Filling up the DagBag from /home/airflow/.local/lib/python3.7/site-packages/airflow/example_dags/example_external_task_marker_dag.py
[2023-02-01T22:36:10.358+0000] {processor.py:753} INFO - DAG(s) dict_keys(['example_external_task_marker_child', 'example_external_task_marker_parent']) retrieved from /home/airflow/.local/lib/python3.7/site-packages/airflow/example_dags/example_external_task_marker_dag.py
[2023-02-01T22:36:10.377+0000] {logging_mixin.py:137} INFO - [2023-02-01T22:36:10.377+0000] {dag.py:2690} INFO - Sync 2 DAGs
[2023-02-01T22:36:10.391+0000] {logging_mixin.py:137} INFO - [2023-02-01T22:36:10.391+0000] {dag.py:3441} INFO - Setting next_dagrun for example_external_task_marker_child to None, run_after=None
[2023-02-01T22:36:10.394+0000] {logging_mixin.py:137} INFO - [2023-02-01T22:36:10.394+0000] {dag.py:3441} INFO - Setting next_dagrun for example_external_task_marker_parent to None, run_after=None
[2023-02-01T22:36:10.403+0000] {processor.py:175} INFO - Processing /home/airflow/.local/lib/python3.7/site-packages/airflow/example_dags/example_external_task_marker_dag.py took 0.059 seconds
