[2023-02-01T22:19:12.509+0000] {processor.py:153} INFO - Started process (PID=52) to work on /home/airflow/.local/lib/python3.7/site-packages/airflow/example_dags/example_dynamic_task_mapping.py
[2023-02-01T22:19:12.529+0000] {processor.py:743} INFO - Processing file /home/airflow/.local/lib/python3.7/site-packages/airflow/example_dags/example_dynamic_task_mapping.py for tasks to queue
[2023-02-01T22:19:12.543+0000] {logging_mixin.py:137} INFO - [2023-02-01T22:19:12.543+0000] {dagbag.py:538} INFO - Filling up the DagBag from /home/airflow/.local/lib/python3.7/site-packages/airflow/example_dags/example_dynamic_task_mapping.py
[2023-02-01T22:19:12.777+0000] {processor.py:753} INFO - DAG(s) dict_keys(['example_dynamic_task_mapping']) retrieved from /home/airflow/.local/lib/python3.7/site-packages/airflow/example_dags/example_dynamic_task_mapping.py
[2023-02-01T22:19:12.882+0000] {logging_mixin.py:137} INFO - [2023-02-01T22:19:12.882+0000] {dag.py:2690} INFO - Sync 1 DAGs
[2023-02-01T22:19:13.054+0000] {logging_mixin.py:137} INFO - [2023-02-01T22:19:13.054+0000] {dag.py:3441} INFO - Setting next_dagrun for example_dynamic_task_mapping to 2022-03-04T00:00:00+00:00, run_after=2022-03-05T00:00:00+00:00
[2023-02-01T22:19:13.137+0000] {processor.py:175} INFO - Processing /home/airflow/.local/lib/python3.7/site-packages/airflow/example_dags/example_dynamic_task_mapping.py took 0.643 seconds
[2023-02-01T22:19:43.299+0000] {processor.py:153} INFO - Started process (PID=118) to work on /home/airflow/.local/lib/python3.7/site-packages/airflow/example_dags/example_dynamic_task_mapping.py
[2023-02-01T22:19:43.301+0000] {processor.py:743} INFO - Processing file /home/airflow/.local/lib/python3.7/site-packages/airflow/example_dags/example_dynamic_task_mapping.py for tasks to queue
[2023-02-01T22:19:43.302+0000] {logging_mixin.py:137} INFO - [2023-02-01T22:19:43.302+0000] {dagbag.py:538} INFO - Filling up the DagBag from /home/airflow/.local/lib/python3.7/site-packages/airflow/example_dags/example_dynamic_task_mapping.py
[2023-02-01T22:19:43.331+0000] {processor.py:753} INFO - DAG(s) dict_keys(['example_dynamic_task_mapping']) retrieved from /home/airflow/.local/lib/python3.7/site-packages/airflow/example_dags/example_dynamic_task_mapping.py
[2023-02-01T22:19:43.365+0000] {logging_mixin.py:137} INFO - [2023-02-01T22:19:43.364+0000] {dag.py:2690} INFO - Sync 1 DAGs
[2023-02-01T22:19:43.389+0000] {logging_mixin.py:137} INFO - [2023-02-01T22:19:43.389+0000] {dag.py:3441} INFO - Setting next_dagrun for example_dynamic_task_mapping to 2022-03-04T00:00:00+00:00, run_after=2022-03-05T00:00:00+00:00
[2023-02-01T22:19:43.407+0000] {processor.py:175} INFO - Processing /home/airflow/.local/lib/python3.7/site-packages/airflow/example_dags/example_dynamic_task_mapping.py took 0.111 seconds
[2023-02-01T22:20:14.429+0000] {processor.py:153} INFO - Started process (PID=185) to work on /home/airflow/.local/lib/python3.7/site-packages/airflow/example_dags/example_dynamic_task_mapping.py
[2023-02-01T22:20:14.449+0000] {processor.py:743} INFO - Processing file /home/airflow/.local/lib/python3.7/site-packages/airflow/example_dags/example_dynamic_task_mapping.py for tasks to queue
[2023-02-01T22:20:14.456+0000] {logging_mixin.py:137} INFO - [2023-02-01T22:20:14.456+0000] {dagbag.py:538} INFO - Filling up the DagBag from /home/airflow/.local/lib/python3.7/site-packages/airflow/example_dags/example_dynamic_task_mapping.py
[2023-02-01T22:20:14.494+0000] {processor.py:753} INFO - DAG(s) dict_keys(['example_dynamic_task_mapping']) retrieved from /home/airflow/.local/lib/python3.7/site-packages/airflow/example_dags/example_dynamic_task_mapping.py
[2023-02-01T22:20:14.519+0000] {logging_mixin.py:137} INFO - [2023-02-01T22:20:14.519+0000] {dag.py:2690} INFO - Sync 1 DAGs
[2023-02-01T22:20:14.545+0000] {logging_mixin.py:137} INFO - [2023-02-01T22:20:14.545+0000] {dag.py:3441} INFO - Setting next_dagrun for example_dynamic_task_mapping to 2022-03-04T00:00:00+00:00, run_after=2022-03-05T00:00:00+00:00
[2023-02-01T22:20:14.562+0000] {processor.py:175} INFO - Processing /home/airflow/.local/lib/python3.7/site-packages/airflow/example_dags/example_dynamic_task_mapping.py took 0.138 seconds
[2023-02-01T22:20:45.484+0000] {processor.py:153} INFO - Started process (PID=261) to work on /home/airflow/.local/lib/python3.7/site-packages/airflow/example_dags/example_dynamic_task_mapping.py
[2023-02-01T22:20:45.487+0000] {processor.py:743} INFO - Processing file /home/airflow/.local/lib/python3.7/site-packages/airflow/example_dags/example_dynamic_task_mapping.py for tasks to queue
[2023-02-01T22:20:45.488+0000] {logging_mixin.py:137} INFO - [2023-02-01T22:20:45.488+0000] {dagbag.py:538} INFO - Filling up the DagBag from /home/airflow/.local/lib/python3.7/site-packages/airflow/example_dags/example_dynamic_task_mapping.py
[2023-02-01T22:20:45.512+0000] {processor.py:753} INFO - DAG(s) dict_keys(['example_dynamic_task_mapping']) retrieved from /home/airflow/.local/lib/python3.7/site-packages/airflow/example_dags/example_dynamic_task_mapping.py
[2023-02-01T22:20:45.534+0000] {logging_mixin.py:137} INFO - [2023-02-01T22:20:45.533+0000] {dag.py:2690} INFO - Sync 1 DAGs
[2023-02-01T22:20:45.549+0000] {logging_mixin.py:137} INFO - [2023-02-01T22:20:45.549+0000] {dag.py:3441} INFO - Setting next_dagrun for example_dynamic_task_mapping to 2022-03-04T00:00:00+00:00, run_after=2022-03-05T00:00:00+00:00
[2023-02-01T22:20:45.562+0000] {processor.py:175} INFO - Processing /home/airflow/.local/lib/python3.7/site-packages/airflow/example_dags/example_dynamic_task_mapping.py took 0.081 seconds
[2023-02-01T22:21:16.628+0000] {processor.py:153} INFO - Started process (PID=324) to work on /home/airflow/.local/lib/python3.7/site-packages/airflow/example_dags/example_dynamic_task_mapping.py
[2023-02-01T22:21:16.630+0000] {processor.py:743} INFO - Processing file /home/airflow/.local/lib/python3.7/site-packages/airflow/example_dags/example_dynamic_task_mapping.py for tasks to queue
[2023-02-01T22:21:16.631+0000] {logging_mixin.py:137} INFO - [2023-02-01T22:21:16.630+0000] {dagbag.py:538} INFO - Filling up the DagBag from /home/airflow/.local/lib/python3.7/site-packages/airflow/example_dags/example_dynamic_task_mapping.py
[2023-02-01T22:21:16.658+0000] {processor.py:753} INFO - DAG(s) dict_keys(['example_dynamic_task_mapping']) retrieved from /home/airflow/.local/lib/python3.7/site-packages/airflow/example_dags/example_dynamic_task_mapping.py
[2023-02-01T22:21:16.706+0000] {logging_mixin.py:137} INFO - [2023-02-01T22:21:16.705+0000] {dag.py:2690} INFO - Sync 1 DAGs
[2023-02-01T22:21:16.747+0000] {logging_mixin.py:137} INFO - [2023-02-01T22:21:16.746+0000] {dag.py:3441} INFO - Setting next_dagrun for example_dynamic_task_mapping to 2022-03-04T00:00:00+00:00, run_after=2022-03-05T00:00:00+00:00
[2023-02-01T22:21:16.795+0000] {processor.py:175} INFO - Processing /home/airflow/.local/lib/python3.7/site-packages/airflow/example_dags/example_dynamic_task_mapping.py took 0.170 seconds
[2023-02-01T22:21:47.072+0000] {processor.py:153} INFO - Started process (PID=400) to work on /home/airflow/.local/lib/python3.7/site-packages/airflow/example_dags/example_dynamic_task_mapping.py
[2023-02-01T22:21:47.073+0000] {processor.py:743} INFO - Processing file /home/airflow/.local/lib/python3.7/site-packages/airflow/example_dags/example_dynamic_task_mapping.py for tasks to queue
[2023-02-01T22:21:47.074+0000] {logging_mixin.py:137} INFO - [2023-02-01T22:21:47.074+0000] {dagbag.py:538} INFO - Filling up the DagBag from /home/airflow/.local/lib/python3.7/site-packages/airflow/example_dags/example_dynamic_task_mapping.py
[2023-02-01T22:21:47.088+0000] {processor.py:753} INFO - DAG(s) dict_keys(['example_dynamic_task_mapping']) retrieved from /home/airflow/.local/lib/python3.7/site-packages/airflow/example_dags/example_dynamic_task_mapping.py
[2023-02-01T22:21:47.106+0000] {logging_mixin.py:137} INFO - [2023-02-01T22:21:47.106+0000] {dag.py:2690} INFO - Sync 1 DAGs
[2023-02-01T22:21:47.121+0000] {logging_mixin.py:137} INFO - [2023-02-01T22:21:47.121+0000] {dag.py:3441} INFO - Setting next_dagrun for example_dynamic_task_mapping to 2022-03-04T00:00:00+00:00, run_after=2022-03-05T00:00:00+00:00
[2023-02-01T22:21:47.132+0000] {processor.py:175} INFO - Processing /home/airflow/.local/lib/python3.7/site-packages/airflow/example_dags/example_dynamic_task_mapping.py took 0.063 seconds
[2023-02-01T22:22:17.214+0000] {processor.py:153} INFO - Started process (PID=476) to work on /home/airflow/.local/lib/python3.7/site-packages/airflow/example_dags/example_dynamic_task_mapping.py
[2023-02-01T22:22:17.215+0000] {processor.py:743} INFO - Processing file /home/airflow/.local/lib/python3.7/site-packages/airflow/example_dags/example_dynamic_task_mapping.py for tasks to queue
[2023-02-01T22:22:17.216+0000] {logging_mixin.py:137} INFO - [2023-02-01T22:22:17.216+0000] {dagbag.py:538} INFO - Filling up the DagBag from /home/airflow/.local/lib/python3.7/site-packages/airflow/example_dags/example_dynamic_task_mapping.py
[2023-02-01T22:22:17.231+0000] {processor.py:753} INFO - DAG(s) dict_keys(['example_dynamic_task_mapping']) retrieved from /home/airflow/.local/lib/python3.7/site-packages/airflow/example_dags/example_dynamic_task_mapping.py
[2023-02-01T22:22:17.252+0000] {logging_mixin.py:137} INFO - [2023-02-01T22:22:17.252+0000] {dag.py:2690} INFO - Sync 1 DAGs
[2023-02-01T22:22:17.270+0000] {logging_mixin.py:137} INFO - [2023-02-01T22:22:17.270+0000] {dag.py:3441} INFO - Setting next_dagrun for example_dynamic_task_mapping to 2022-03-04T00:00:00+00:00, run_after=2022-03-05T00:00:00+00:00
[2023-02-01T22:22:17.281+0000] {processor.py:175} INFO - Processing /home/airflow/.local/lib/python3.7/site-packages/airflow/example_dags/example_dynamic_task_mapping.py took 0.070 seconds
[2023-02-01T22:22:48.092+0000] {processor.py:153} INFO - Started process (PID=540) to work on /home/airflow/.local/lib/python3.7/site-packages/airflow/example_dags/example_dynamic_task_mapping.py
[2023-02-01T22:22:48.094+0000] {processor.py:743} INFO - Processing file /home/airflow/.local/lib/python3.7/site-packages/airflow/example_dags/example_dynamic_task_mapping.py for tasks to queue
[2023-02-01T22:22:48.094+0000] {logging_mixin.py:137} INFO - [2023-02-01T22:22:48.094+0000] {dagbag.py:538} INFO - Filling up the DagBag from /home/airflow/.local/lib/python3.7/site-packages/airflow/example_dags/example_dynamic_task_mapping.py
[2023-02-01T22:22:48.112+0000] {processor.py:753} INFO - DAG(s) dict_keys(['example_dynamic_task_mapping']) retrieved from /home/airflow/.local/lib/python3.7/site-packages/airflow/example_dags/example_dynamic_task_mapping.py
[2023-02-01T22:22:48.135+0000] {logging_mixin.py:137} INFO - [2023-02-01T22:22:48.135+0000] {dag.py:2690} INFO - Sync 1 DAGs
[2023-02-01T22:22:48.152+0000] {logging_mixin.py:137} INFO - [2023-02-01T22:22:48.152+0000] {dag.py:3441} INFO - Setting next_dagrun for example_dynamic_task_mapping to 2022-03-04T00:00:00+00:00, run_after=2022-03-05T00:00:00+00:00
[2023-02-01T22:22:48.163+0000] {processor.py:175} INFO - Processing /home/airflow/.local/lib/python3.7/site-packages/airflow/example_dags/example_dynamic_task_mapping.py took 0.074 seconds
[2023-02-01T22:23:18.813+0000] {processor.py:153} INFO - Started process (PID=616) to work on /home/airflow/.local/lib/python3.7/site-packages/airflow/example_dags/example_dynamic_task_mapping.py
[2023-02-01T22:23:18.815+0000] {processor.py:743} INFO - Processing file /home/airflow/.local/lib/python3.7/site-packages/airflow/example_dags/example_dynamic_task_mapping.py for tasks to queue
[2023-02-01T22:23:18.815+0000] {logging_mixin.py:137} INFO - [2023-02-01T22:23:18.815+0000] {dagbag.py:538} INFO - Filling up the DagBag from /home/airflow/.local/lib/python3.7/site-packages/airflow/example_dags/example_dynamic_task_mapping.py
[2023-02-01T22:23:18.832+0000] {processor.py:753} INFO - DAG(s) dict_keys(['example_dynamic_task_mapping']) retrieved from /home/airflow/.local/lib/python3.7/site-packages/airflow/example_dags/example_dynamic_task_mapping.py
[2023-02-01T22:23:18.851+0000] {logging_mixin.py:137} INFO - [2023-02-01T22:23:18.851+0000] {dag.py:2690} INFO - Sync 1 DAGs
[2023-02-01T22:23:18.867+0000] {logging_mixin.py:137} INFO - [2023-02-01T22:23:18.867+0000] {dag.py:3441} INFO - Setting next_dagrun for example_dynamic_task_mapping to 2022-03-04T00:00:00+00:00, run_after=2022-03-05T00:00:00+00:00
[2023-02-01T22:23:18.881+0000] {processor.py:175} INFO - Processing /home/airflow/.local/lib/python3.7/site-packages/airflow/example_dags/example_dynamic_task_mapping.py took 0.070 seconds
[2023-02-01T22:23:49.793+0000] {processor.py:153} INFO - Started process (PID=692) to work on /home/airflow/.local/lib/python3.7/site-packages/airflow/example_dags/example_dynamic_task_mapping.py
[2023-02-01T22:23:49.795+0000] {processor.py:743} INFO - Processing file /home/airflow/.local/lib/python3.7/site-packages/airflow/example_dags/example_dynamic_task_mapping.py for tasks to queue
[2023-02-01T22:23:49.796+0000] {logging_mixin.py:137} INFO - [2023-02-01T22:23:49.796+0000] {dagbag.py:538} INFO - Filling up the DagBag from /home/airflow/.local/lib/python3.7/site-packages/airflow/example_dags/example_dynamic_task_mapping.py
[2023-02-01T22:23:49.812+0000] {processor.py:753} INFO - DAG(s) dict_keys(['example_dynamic_task_mapping']) retrieved from /home/airflow/.local/lib/python3.7/site-packages/airflow/example_dags/example_dynamic_task_mapping.py
[2023-02-01T22:23:49.832+0000] {logging_mixin.py:137} INFO - [2023-02-01T22:23:49.832+0000] {dag.py:2690} INFO - Sync 1 DAGs
[2023-02-01T22:23:49.850+0000] {logging_mixin.py:137} INFO - [2023-02-01T22:23:49.850+0000] {dag.py:3441} INFO - Setting next_dagrun for example_dynamic_task_mapping to 2022-03-04T00:00:00+00:00, run_after=2022-03-05T00:00:00+00:00
[2023-02-01T22:23:49.872+0000] {processor.py:175} INFO - Processing /home/airflow/.local/lib/python3.7/site-packages/airflow/example_dags/example_dynamic_task_mapping.py took 0.082 seconds
[2023-02-01T22:24:20.996+0000] {processor.py:153} INFO - Started process (PID=756) to work on /home/airflow/.local/lib/python3.7/site-packages/airflow/example_dags/example_dynamic_task_mapping.py
[2023-02-01T22:24:20.998+0000] {processor.py:743} INFO - Processing file /home/airflow/.local/lib/python3.7/site-packages/airflow/example_dags/example_dynamic_task_mapping.py for tasks to queue
[2023-02-01T22:24:21.001+0000] {logging_mixin.py:137} INFO - [2023-02-01T22:24:21.001+0000] {dagbag.py:538} INFO - Filling up the DagBag from /home/airflow/.local/lib/python3.7/site-packages/airflow/example_dags/example_dynamic_task_mapping.py
[2023-02-01T22:24:21.037+0000] {processor.py:753} INFO - DAG(s) dict_keys(['example_dynamic_task_mapping']) retrieved from /home/airflow/.local/lib/python3.7/site-packages/airflow/example_dags/example_dynamic_task_mapping.py
[2023-02-01T22:24:21.086+0000] {logging_mixin.py:137} INFO - [2023-02-01T22:24:21.086+0000] {dag.py:2690} INFO - Sync 1 DAGs
[2023-02-01T22:24:21.110+0000] {logging_mixin.py:137} INFO - [2023-02-01T22:24:21.110+0000] {dag.py:3441} INFO - Setting next_dagrun for example_dynamic_task_mapping to 2022-03-04T00:00:00+00:00, run_after=2022-03-05T00:00:00+00:00
[2023-02-01T22:24:21.138+0000] {processor.py:175} INFO - Processing /home/airflow/.local/lib/python3.7/site-packages/airflow/example_dags/example_dynamic_task_mapping.py took 0.144 seconds
[2023-02-01T22:24:51.911+0000] {processor.py:153} INFO - Started process (PID=832) to work on /home/airflow/.local/lib/python3.7/site-packages/airflow/example_dags/example_dynamic_task_mapping.py
[2023-02-01T22:24:51.912+0000] {processor.py:743} INFO - Processing file /home/airflow/.local/lib/python3.7/site-packages/airflow/example_dags/example_dynamic_task_mapping.py for tasks to queue
[2023-02-01T22:24:51.913+0000] {logging_mixin.py:137} INFO - [2023-02-01T22:24:51.913+0000] {dagbag.py:538} INFO - Filling up the DagBag from /home/airflow/.local/lib/python3.7/site-packages/airflow/example_dags/example_dynamic_task_mapping.py
[2023-02-01T22:24:51.930+0000] {processor.py:753} INFO - DAG(s) dict_keys(['example_dynamic_task_mapping']) retrieved from /home/airflow/.local/lib/python3.7/site-packages/airflow/example_dags/example_dynamic_task_mapping.py
[2023-02-01T22:24:51.949+0000] {logging_mixin.py:137} INFO - [2023-02-01T22:24:51.949+0000] {dag.py:2690} INFO - Sync 1 DAGs
[2023-02-01T22:24:51.967+0000] {logging_mixin.py:137} INFO - [2023-02-01T22:24:51.967+0000] {dag.py:3441} INFO - Setting next_dagrun for example_dynamic_task_mapping to 2022-03-04T00:00:00+00:00, run_after=2022-03-05T00:00:00+00:00
[2023-02-01T22:24:51.978+0000] {processor.py:175} INFO - Processing /home/airflow/.local/lib/python3.7/site-packages/airflow/example_dags/example_dynamic_task_mapping.py took 0.071 seconds
[2023-02-01T22:25:22.547+0000] {processor.py:153} INFO - Started process (PID=909) to work on /home/airflow/.local/lib/python3.7/site-packages/airflow/example_dags/example_dynamic_task_mapping.py
[2023-02-01T22:25:22.549+0000] {processor.py:743} INFO - Processing file /home/airflow/.local/lib/python3.7/site-packages/airflow/example_dags/example_dynamic_task_mapping.py for tasks to queue
[2023-02-01T22:25:22.549+0000] {logging_mixin.py:137} INFO - [2023-02-01T22:25:22.549+0000] {dagbag.py:538} INFO - Filling up the DagBag from /home/airflow/.local/lib/python3.7/site-packages/airflow/example_dags/example_dynamic_task_mapping.py
[2023-02-01T22:25:22.565+0000] {processor.py:753} INFO - DAG(s) dict_keys(['example_dynamic_task_mapping']) retrieved from /home/airflow/.local/lib/python3.7/site-packages/airflow/example_dags/example_dynamic_task_mapping.py
[2023-02-01T22:25:22.584+0000] {logging_mixin.py:137} INFO - [2023-02-01T22:25:22.584+0000] {dag.py:2690} INFO - Sync 1 DAGs
[2023-02-01T22:25:22.601+0000] {logging_mixin.py:137} INFO - [2023-02-01T22:25:22.601+0000] {dag.py:3441} INFO - Setting next_dagrun for example_dynamic_task_mapping to 2022-03-04T00:00:00+00:00, run_after=2022-03-05T00:00:00+00:00
[2023-02-01T22:25:22.614+0000] {processor.py:175} INFO - Processing /home/airflow/.local/lib/python3.7/site-packages/airflow/example_dags/example_dynamic_task_mapping.py took 0.069 seconds
[2023-02-01T22:25:53.400+0000] {processor.py:153} INFO - Started process (PID=974) to work on /home/airflow/.local/lib/python3.7/site-packages/airflow/example_dags/example_dynamic_task_mapping.py
[2023-02-01T22:25:53.403+0000] {processor.py:743} INFO - Processing file /home/airflow/.local/lib/python3.7/site-packages/airflow/example_dags/example_dynamic_task_mapping.py for tasks to queue
[2023-02-01T22:25:53.404+0000] {logging_mixin.py:137} INFO - [2023-02-01T22:25:53.404+0000] {dagbag.py:538} INFO - Filling up the DagBag from /home/airflow/.local/lib/python3.7/site-packages/airflow/example_dags/example_dynamic_task_mapping.py
[2023-02-01T22:25:53.423+0000] {processor.py:753} INFO - DAG(s) dict_keys(['example_dynamic_task_mapping']) retrieved from /home/airflow/.local/lib/python3.7/site-packages/airflow/example_dags/example_dynamic_task_mapping.py
[2023-02-01T22:25:53.445+0000] {logging_mixin.py:137} INFO - [2023-02-01T22:25:53.445+0000] {dag.py:2690} INFO - Sync 1 DAGs
[2023-02-01T22:25:53.468+0000] {logging_mixin.py:137} INFO - [2023-02-01T22:25:53.468+0000] {dag.py:3441} INFO - Setting next_dagrun for example_dynamic_task_mapping to 2022-03-04T00:00:00+00:00, run_after=2022-03-05T00:00:00+00:00
[2023-02-01T22:25:53.482+0000] {processor.py:175} INFO - Processing /home/airflow/.local/lib/python3.7/site-packages/airflow/example_dags/example_dynamic_task_mapping.py took 0.086 seconds
[2023-02-01T22:26:24.181+0000] {processor.py:153} INFO - Started process (PID=1050) to work on /home/airflow/.local/lib/python3.7/site-packages/airflow/example_dags/example_dynamic_task_mapping.py
[2023-02-01T22:26:24.182+0000] {processor.py:743} INFO - Processing file /home/airflow/.local/lib/python3.7/site-packages/airflow/example_dags/example_dynamic_task_mapping.py for tasks to queue
[2023-02-01T22:26:24.183+0000] {logging_mixin.py:137} INFO - [2023-02-01T22:26:24.183+0000] {dagbag.py:538} INFO - Filling up the DagBag from /home/airflow/.local/lib/python3.7/site-packages/airflow/example_dags/example_dynamic_task_mapping.py
[2023-02-01T22:26:24.200+0000] {processor.py:753} INFO - DAG(s) dict_keys(['example_dynamic_task_mapping']) retrieved from /home/airflow/.local/lib/python3.7/site-packages/airflow/example_dags/example_dynamic_task_mapping.py
[2023-02-01T22:26:24.218+0000] {logging_mixin.py:137} INFO - [2023-02-01T22:26:24.218+0000] {dag.py:2690} INFO - Sync 1 DAGs
[2023-02-01T22:26:24.241+0000] {logging_mixin.py:137} INFO - [2023-02-01T22:26:24.241+0000] {dag.py:3441} INFO - Setting next_dagrun for example_dynamic_task_mapping to 2022-03-04T00:00:00+00:00, run_after=2022-03-05T00:00:00+00:00
[2023-02-01T22:26:24.257+0000] {processor.py:175} INFO - Processing /home/airflow/.local/lib/python3.7/site-packages/airflow/example_dags/example_dynamic_task_mapping.py took 0.078 seconds
[2023-02-01T22:26:55.152+0000] {processor.py:153} INFO - Started process (PID=1126) to work on /home/airflow/.local/lib/python3.7/site-packages/airflow/example_dags/example_dynamic_task_mapping.py
[2023-02-01T22:26:55.153+0000] {processor.py:743} INFO - Processing file /home/airflow/.local/lib/python3.7/site-packages/airflow/example_dags/example_dynamic_task_mapping.py for tasks to queue
[2023-02-01T22:26:55.154+0000] {logging_mixin.py:137} INFO - [2023-02-01T22:26:55.153+0000] {dagbag.py:538} INFO - Filling up the DagBag from /home/airflow/.local/lib/python3.7/site-packages/airflow/example_dags/example_dynamic_task_mapping.py
[2023-02-01T22:26:55.169+0000] {processor.py:753} INFO - DAG(s) dict_keys(['example_dynamic_task_mapping']) retrieved from /home/airflow/.local/lib/python3.7/site-packages/airflow/example_dags/example_dynamic_task_mapping.py
[2023-02-01T22:26:55.187+0000] {logging_mixin.py:137} INFO - [2023-02-01T22:26:55.187+0000] {dag.py:2690} INFO - Sync 1 DAGs
[2023-02-01T22:26:55.206+0000] {logging_mixin.py:137} INFO - [2023-02-01T22:26:55.206+0000] {dag.py:3441} INFO - Setting next_dagrun for example_dynamic_task_mapping to 2022-03-04T00:00:00+00:00, run_after=2022-03-05T00:00:00+00:00
[2023-02-01T22:26:55.221+0000] {processor.py:175} INFO - Processing /home/airflow/.local/lib/python3.7/site-packages/airflow/example_dags/example_dynamic_task_mapping.py took 0.072 seconds
[2023-02-01T22:27:25.965+0000] {processor.py:153} INFO - Started process (PID=1190) to work on /home/airflow/.local/lib/python3.7/site-packages/airflow/example_dags/example_dynamic_task_mapping.py
[2023-02-01T22:27:25.967+0000] {processor.py:743} INFO - Processing file /home/airflow/.local/lib/python3.7/site-packages/airflow/example_dags/example_dynamic_task_mapping.py for tasks to queue
[2023-02-01T22:27:25.967+0000] {logging_mixin.py:137} INFO - [2023-02-01T22:27:25.967+0000] {dagbag.py:538} INFO - Filling up the DagBag from /home/airflow/.local/lib/python3.7/site-packages/airflow/example_dags/example_dynamic_task_mapping.py
[2023-02-01T22:27:25.982+0000] {processor.py:753} INFO - DAG(s) dict_keys(['example_dynamic_task_mapping']) retrieved from /home/airflow/.local/lib/python3.7/site-packages/airflow/example_dags/example_dynamic_task_mapping.py
[2023-02-01T22:27:26.000+0000] {logging_mixin.py:137} INFO - [2023-02-01T22:27:26.000+0000] {dag.py:2690} INFO - Sync 1 DAGs
[2023-02-01T22:27:26.015+0000] {logging_mixin.py:137} INFO - [2023-02-01T22:27:26.015+0000] {dag.py:3441} INFO - Setting next_dagrun for example_dynamic_task_mapping to 2022-03-04T00:00:00+00:00, run_after=2022-03-05T00:00:00+00:00
[2023-02-01T22:27:26.027+0000] {processor.py:175} INFO - Processing /home/airflow/.local/lib/python3.7/site-packages/airflow/example_dags/example_dynamic_task_mapping.py took 0.064 seconds
[2023-02-01T22:27:56.687+0000] {processor.py:153} INFO - Started process (PID=1265) to work on /home/airflow/.local/lib/python3.7/site-packages/airflow/example_dags/example_dynamic_task_mapping.py
[2023-02-01T22:27:56.688+0000] {processor.py:743} INFO - Processing file /home/airflow/.local/lib/python3.7/site-packages/airflow/example_dags/example_dynamic_task_mapping.py for tasks to queue
[2023-02-01T22:27:56.689+0000] {logging_mixin.py:137} INFO - [2023-02-01T22:27:56.689+0000] {dagbag.py:538} INFO - Filling up the DagBag from /home/airflow/.local/lib/python3.7/site-packages/airflow/example_dags/example_dynamic_task_mapping.py
[2023-02-01T22:27:56.704+0000] {processor.py:753} INFO - DAG(s) dict_keys(['example_dynamic_task_mapping']) retrieved from /home/airflow/.local/lib/python3.7/site-packages/airflow/example_dags/example_dynamic_task_mapping.py
[2023-02-01T22:27:56.723+0000] {logging_mixin.py:137} INFO - [2023-02-01T22:27:56.723+0000] {dag.py:2690} INFO - Sync 1 DAGs
[2023-02-01T22:27:56.738+0000] {logging_mixin.py:137} INFO - [2023-02-01T22:27:56.737+0000] {dag.py:3441} INFO - Setting next_dagrun for example_dynamic_task_mapping to 2022-03-04T00:00:00+00:00, run_after=2022-03-05T00:00:00+00:00
[2023-02-01T22:27:56.753+0000] {processor.py:175} INFO - Processing /home/airflow/.local/lib/python3.7/site-packages/airflow/example_dags/example_dynamic_task_mapping.py took 0.068 seconds
[2023-02-01T22:28:27.526+0000] {processor.py:153} INFO - Started process (PID=1341) to work on /home/airflow/.local/lib/python3.7/site-packages/airflow/example_dags/example_dynamic_task_mapping.py
[2023-02-01T22:28:27.527+0000] {processor.py:743} INFO - Processing file /home/airflow/.local/lib/python3.7/site-packages/airflow/example_dags/example_dynamic_task_mapping.py for tasks to queue
[2023-02-01T22:28:27.528+0000] {logging_mixin.py:137} INFO - [2023-02-01T22:28:27.528+0000] {dagbag.py:538} INFO - Filling up the DagBag from /home/airflow/.local/lib/python3.7/site-packages/airflow/example_dags/example_dynamic_task_mapping.py
[2023-02-01T22:28:27.543+0000] {processor.py:753} INFO - DAG(s) dict_keys(['example_dynamic_task_mapping']) retrieved from /home/airflow/.local/lib/python3.7/site-packages/airflow/example_dags/example_dynamic_task_mapping.py
[2023-02-01T22:28:27.562+0000] {logging_mixin.py:137} INFO - [2023-02-01T22:28:27.562+0000] {dag.py:2690} INFO - Sync 1 DAGs
[2023-02-01T22:28:27.577+0000] {logging_mixin.py:137} INFO - [2023-02-01T22:28:27.577+0000] {dag.py:3441} INFO - Setting next_dagrun for example_dynamic_task_mapping to 2022-03-04T00:00:00+00:00, run_after=2022-03-05T00:00:00+00:00
[2023-02-01T22:28:27.588+0000] {processor.py:175} INFO - Processing /home/airflow/.local/lib/python3.7/site-packages/airflow/example_dags/example_dynamic_task_mapping.py took 0.065 seconds
[2023-02-01T22:28:58.121+0000] {processor.py:153} INFO - Started process (PID=1404) to work on /home/airflow/.local/lib/python3.7/site-packages/airflow/example_dags/example_dynamic_task_mapping.py
[2023-02-01T22:28:58.122+0000] {processor.py:743} INFO - Processing file /home/airflow/.local/lib/python3.7/site-packages/airflow/example_dags/example_dynamic_task_mapping.py for tasks to queue
[2023-02-01T22:28:58.123+0000] {logging_mixin.py:137} INFO - [2023-02-01T22:28:58.123+0000] {dagbag.py:538} INFO - Filling up the DagBag from /home/airflow/.local/lib/python3.7/site-packages/airflow/example_dags/example_dynamic_task_mapping.py
[2023-02-01T22:28:58.138+0000] {processor.py:753} INFO - DAG(s) dict_keys(['example_dynamic_task_mapping']) retrieved from /home/airflow/.local/lib/python3.7/site-packages/airflow/example_dags/example_dynamic_task_mapping.py
[2023-02-01T22:28:58.158+0000] {logging_mixin.py:137} INFO - [2023-02-01T22:28:58.158+0000] {dag.py:2690} INFO - Sync 1 DAGs
[2023-02-01T22:28:58.175+0000] {logging_mixin.py:137} INFO - [2023-02-01T22:28:58.175+0000] {dag.py:3441} INFO - Setting next_dagrun for example_dynamic_task_mapping to 2022-03-04T00:00:00+00:00, run_after=2022-03-05T00:00:00+00:00
[2023-02-01T22:28:58.188+0000] {processor.py:175} INFO - Processing /home/airflow/.local/lib/python3.7/site-packages/airflow/example_dags/example_dynamic_task_mapping.py took 0.070 seconds
[2023-02-01T22:29:28.852+0000] {processor.py:153} INFO - Started process (PID=1480) to work on /home/airflow/.local/lib/python3.7/site-packages/airflow/example_dags/example_dynamic_task_mapping.py
[2023-02-01T22:29:28.854+0000] {processor.py:743} INFO - Processing file /home/airflow/.local/lib/python3.7/site-packages/airflow/example_dags/example_dynamic_task_mapping.py for tasks to queue
[2023-02-01T22:29:28.855+0000] {logging_mixin.py:137} INFO - [2023-02-01T22:29:28.855+0000] {dagbag.py:538} INFO - Filling up the DagBag from /home/airflow/.local/lib/python3.7/site-packages/airflow/example_dags/example_dynamic_task_mapping.py
[2023-02-01T22:29:28.874+0000] {processor.py:753} INFO - DAG(s) dict_keys(['example_dynamic_task_mapping']) retrieved from /home/airflow/.local/lib/python3.7/site-packages/airflow/example_dags/example_dynamic_task_mapping.py
[2023-02-01T22:29:28.894+0000] {logging_mixin.py:137} INFO - [2023-02-01T22:29:28.894+0000] {dag.py:2690} INFO - Sync 1 DAGs
[2023-02-01T22:29:28.912+0000] {logging_mixin.py:137} INFO - [2023-02-01T22:29:28.911+0000] {dag.py:3441} INFO - Setting next_dagrun for example_dynamic_task_mapping to 2022-03-04T00:00:00+00:00, run_after=2022-03-05T00:00:00+00:00
[2023-02-01T22:29:28.928+0000] {processor.py:175} INFO - Processing /home/airflow/.local/lib/python3.7/site-packages/airflow/example_dags/example_dynamic_task_mapping.py took 0.079 seconds
[2023-02-01T22:29:59.560+0000] {processor.py:153} INFO - Started process (PID=1543) to work on /home/airflow/.local/lib/python3.7/site-packages/airflow/example_dags/example_dynamic_task_mapping.py
[2023-02-01T22:29:59.562+0000] {processor.py:743} INFO - Processing file /home/airflow/.local/lib/python3.7/site-packages/airflow/example_dags/example_dynamic_task_mapping.py for tasks to queue
[2023-02-01T22:29:59.562+0000] {logging_mixin.py:137} INFO - [2023-02-01T22:29:59.562+0000] {dagbag.py:538} INFO - Filling up the DagBag from /home/airflow/.local/lib/python3.7/site-packages/airflow/example_dags/example_dynamic_task_mapping.py
[2023-02-01T22:29:59.577+0000] {processor.py:753} INFO - DAG(s) dict_keys(['example_dynamic_task_mapping']) retrieved from /home/airflow/.local/lib/python3.7/site-packages/airflow/example_dags/example_dynamic_task_mapping.py
[2023-02-01T22:29:59.598+0000] {logging_mixin.py:137} INFO - [2023-02-01T22:29:59.598+0000] {dag.py:2690} INFO - Sync 1 DAGs
[2023-02-01T22:29:59.615+0000] {logging_mixin.py:137} INFO - [2023-02-01T22:29:59.615+0000] {dag.py:3441} INFO - Setting next_dagrun for example_dynamic_task_mapping to 2022-03-04T00:00:00+00:00, run_after=2022-03-05T00:00:00+00:00
[2023-02-01T22:29:59.627+0000] {processor.py:175} INFO - Processing /home/airflow/.local/lib/python3.7/site-packages/airflow/example_dags/example_dynamic_task_mapping.py took 0.070 seconds
[2023-02-01T22:30:30.422+0000] {processor.py:153} INFO - Started process (PID=1619) to work on /home/airflow/.local/lib/python3.7/site-packages/airflow/example_dags/example_dynamic_task_mapping.py
[2023-02-01T22:30:30.424+0000] {processor.py:743} INFO - Processing file /home/airflow/.local/lib/python3.7/site-packages/airflow/example_dags/example_dynamic_task_mapping.py for tasks to queue
[2023-02-01T22:30:30.425+0000] {logging_mixin.py:137} INFO - [2023-02-01T22:30:30.425+0000] {dagbag.py:538} INFO - Filling up the DagBag from /home/airflow/.local/lib/python3.7/site-packages/airflow/example_dags/example_dynamic_task_mapping.py
[2023-02-01T22:30:30.442+0000] {processor.py:753} INFO - DAG(s) dict_keys(['example_dynamic_task_mapping']) retrieved from /home/airflow/.local/lib/python3.7/site-packages/airflow/example_dags/example_dynamic_task_mapping.py
[2023-02-01T22:30:30.463+0000] {logging_mixin.py:137} INFO - [2023-02-01T22:30:30.463+0000] {dag.py:2690} INFO - Sync 1 DAGs
[2023-02-01T22:30:30.479+0000] {logging_mixin.py:137} INFO - [2023-02-01T22:30:30.479+0000] {dag.py:3441} INFO - Setting next_dagrun for example_dynamic_task_mapping to 2022-03-04T00:00:00+00:00, run_after=2022-03-05T00:00:00+00:00
[2023-02-01T22:30:30.489+0000] {processor.py:175} INFO - Processing /home/airflow/.local/lib/python3.7/site-packages/airflow/example_dags/example_dynamic_task_mapping.py took 0.070 seconds
[2023-02-01T22:31:01.681+0000] {processor.py:153} INFO - Started process (PID=1695) to work on /home/airflow/.local/lib/python3.7/site-packages/airflow/example_dags/example_dynamic_task_mapping.py
[2023-02-01T22:31:01.688+0000] {processor.py:743} INFO - Processing file /home/airflow/.local/lib/python3.7/site-packages/airflow/example_dags/example_dynamic_task_mapping.py for tasks to queue
[2023-02-01T22:31:01.693+0000] {logging_mixin.py:137} INFO - [2023-02-01T22:31:01.692+0000] {dagbag.py:538} INFO - Filling up the DagBag from /home/airflow/.local/lib/python3.7/site-packages/airflow/example_dags/example_dynamic_task_mapping.py
[2023-02-01T22:31:01.728+0000] {processor.py:753} INFO - DAG(s) dict_keys(['example_dynamic_task_mapping']) retrieved from /home/airflow/.local/lib/python3.7/site-packages/airflow/example_dags/example_dynamic_task_mapping.py
[2023-02-01T22:31:01.758+0000] {logging_mixin.py:137} INFO - [2023-02-01T22:31:01.758+0000] {dag.py:2690} INFO - Sync 1 DAGs
[2023-02-01T22:31:01.788+0000] {logging_mixin.py:137} INFO - [2023-02-01T22:31:01.788+0000] {dag.py:3441} INFO - Setting next_dagrun for example_dynamic_task_mapping to 2022-03-04T00:00:00+00:00, run_after=2022-03-05T00:00:00+00:00
[2023-02-01T22:31:01.810+0000] {processor.py:175} INFO - Processing /home/airflow/.local/lib/python3.7/site-packages/airflow/example_dags/example_dynamic_task_mapping.py took 0.136 seconds
[2023-02-01T22:31:32.501+0000] {processor.py:153} INFO - Started process (PID=1759) to work on /home/airflow/.local/lib/python3.7/site-packages/airflow/example_dags/example_dynamic_task_mapping.py
[2023-02-01T22:31:32.502+0000] {processor.py:743} INFO - Processing file /home/airflow/.local/lib/python3.7/site-packages/airflow/example_dags/example_dynamic_task_mapping.py for tasks to queue
[2023-02-01T22:31:32.503+0000] {logging_mixin.py:137} INFO - [2023-02-01T22:31:32.502+0000] {dagbag.py:538} INFO - Filling up the DagBag from /home/airflow/.local/lib/python3.7/site-packages/airflow/example_dags/example_dynamic_task_mapping.py
[2023-02-01T22:31:32.518+0000] {processor.py:753} INFO - DAG(s) dict_keys(['example_dynamic_task_mapping']) retrieved from /home/airflow/.local/lib/python3.7/site-packages/airflow/example_dags/example_dynamic_task_mapping.py
[2023-02-01T22:31:32.539+0000] {logging_mixin.py:137} INFO - [2023-02-01T22:31:32.539+0000] {dag.py:2690} INFO - Sync 1 DAGs
[2023-02-01T22:31:32.557+0000] {logging_mixin.py:137} INFO - [2023-02-01T22:31:32.557+0000] {dag.py:3441} INFO - Setting next_dagrun for example_dynamic_task_mapping to 2022-03-04T00:00:00+00:00, run_after=2022-03-05T00:00:00+00:00
[2023-02-01T22:31:32.571+0000] {processor.py:175} INFO - Processing /home/airflow/.local/lib/python3.7/site-packages/airflow/example_dags/example_dynamic_task_mapping.py took 0.074 seconds
[2023-02-01T22:32:03.053+0000] {processor.py:153} INFO - Started process (PID=1834) to work on /home/airflow/.local/lib/python3.7/site-packages/airflow/example_dags/example_dynamic_task_mapping.py
[2023-02-01T22:32:03.054+0000] {processor.py:743} INFO - Processing file /home/airflow/.local/lib/python3.7/site-packages/airflow/example_dags/example_dynamic_task_mapping.py for tasks to queue
[2023-02-01T22:32:03.055+0000] {logging_mixin.py:137} INFO - [2023-02-01T22:32:03.055+0000] {dagbag.py:538} INFO - Filling up the DagBag from /home/airflow/.local/lib/python3.7/site-packages/airflow/example_dags/example_dynamic_task_mapping.py
[2023-02-01T22:32:03.072+0000] {processor.py:753} INFO - DAG(s) dict_keys(['example_dynamic_task_mapping']) retrieved from /home/airflow/.local/lib/python3.7/site-packages/airflow/example_dags/example_dynamic_task_mapping.py
[2023-02-01T22:32:03.091+0000] {logging_mixin.py:137} INFO - [2023-02-01T22:32:03.091+0000] {dag.py:2690} INFO - Sync 1 DAGs
[2023-02-01T22:32:03.106+0000] {logging_mixin.py:137} INFO - [2023-02-01T22:32:03.106+0000] {dag.py:3441} INFO - Setting next_dagrun for example_dynamic_task_mapping to 2022-03-04T00:00:00+00:00, run_after=2022-03-05T00:00:00+00:00
[2023-02-01T22:32:03.117+0000] {processor.py:175} INFO - Processing /home/airflow/.local/lib/python3.7/site-packages/airflow/example_dags/example_dynamic_task_mapping.py took 0.066 seconds
[2023-02-01T22:32:33.264+0000] {processor.py:153} INFO - Started process (PID=1899) to work on /home/airflow/.local/lib/python3.7/site-packages/airflow/example_dags/example_dynamic_task_mapping.py
[2023-02-01T22:32:33.265+0000] {processor.py:743} INFO - Processing file /home/airflow/.local/lib/python3.7/site-packages/airflow/example_dags/example_dynamic_task_mapping.py for tasks to queue
[2023-02-01T22:32:33.266+0000] {logging_mixin.py:137} INFO - [2023-02-01T22:32:33.266+0000] {dagbag.py:538} INFO - Filling up the DagBag from /home/airflow/.local/lib/python3.7/site-packages/airflow/example_dags/example_dynamic_task_mapping.py
[2023-02-01T22:32:33.283+0000] {processor.py:753} INFO - DAG(s) dict_keys(['example_dynamic_task_mapping']) retrieved from /home/airflow/.local/lib/python3.7/site-packages/airflow/example_dags/example_dynamic_task_mapping.py
[2023-02-01T22:32:33.303+0000] {logging_mixin.py:137} INFO - [2023-02-01T22:32:33.302+0000] {dag.py:2690} INFO - Sync 1 DAGs
[2023-02-01T22:32:33.318+0000] {logging_mixin.py:137} INFO - [2023-02-01T22:32:33.318+0000] {dag.py:3441} INFO - Setting next_dagrun for example_dynamic_task_mapping to 2022-03-04T00:00:00+00:00, run_after=2022-03-05T00:00:00+00:00
[2023-02-01T22:32:33.330+0000] {processor.py:175} INFO - Processing /home/airflow/.local/lib/python3.7/site-packages/airflow/example_dags/example_dynamic_task_mapping.py took 0.069 seconds
[2023-02-01T22:33:03.992+0000] {processor.py:153} INFO - Started process (PID=1975) to work on /home/airflow/.local/lib/python3.7/site-packages/airflow/example_dags/example_dynamic_task_mapping.py
[2023-02-01T22:33:03.994+0000] {processor.py:743} INFO - Processing file /home/airflow/.local/lib/python3.7/site-packages/airflow/example_dags/example_dynamic_task_mapping.py for tasks to queue
[2023-02-01T22:33:03.995+0000] {logging_mixin.py:137} INFO - [2023-02-01T22:33:03.995+0000] {dagbag.py:538} INFO - Filling up the DagBag from /home/airflow/.local/lib/python3.7/site-packages/airflow/example_dags/example_dynamic_task_mapping.py
[2023-02-01T22:33:04.011+0000] {processor.py:753} INFO - DAG(s) dict_keys(['example_dynamic_task_mapping']) retrieved from /home/airflow/.local/lib/python3.7/site-packages/airflow/example_dags/example_dynamic_task_mapping.py
[2023-02-01T22:33:04.028+0000] {logging_mixin.py:137} INFO - [2023-02-01T22:33:04.028+0000] {dag.py:2690} INFO - Sync 1 DAGs
[2023-02-01T22:33:04.044+0000] {logging_mixin.py:137} INFO - [2023-02-01T22:33:04.043+0000] {dag.py:3441} INFO - Setting next_dagrun for example_dynamic_task_mapping to 2022-03-04T00:00:00+00:00, run_after=2022-03-05T00:00:00+00:00
[2023-02-01T22:33:04.054+0000] {processor.py:175} INFO - Processing /home/airflow/.local/lib/python3.7/site-packages/airflow/example_dags/example_dynamic_task_mapping.py took 0.064 seconds
[2023-02-01T22:33:34.371+0000] {processor.py:153} INFO - Started process (PID=2048) to work on /home/airflow/.local/lib/python3.7/site-packages/airflow/example_dags/example_dynamic_task_mapping.py
[2023-02-01T22:33:34.373+0000] {processor.py:743} INFO - Processing file /home/airflow/.local/lib/python3.7/site-packages/airflow/example_dags/example_dynamic_task_mapping.py for tasks to queue
[2023-02-01T22:33:34.374+0000] {logging_mixin.py:137} INFO - [2023-02-01T22:33:34.374+0000] {dagbag.py:538} INFO - Filling up the DagBag from /home/airflow/.local/lib/python3.7/site-packages/airflow/example_dags/example_dynamic_task_mapping.py
[2023-02-01T22:33:34.399+0000] {processor.py:753} INFO - DAG(s) dict_keys(['example_dynamic_task_mapping']) retrieved from /home/airflow/.local/lib/python3.7/site-packages/airflow/example_dags/example_dynamic_task_mapping.py
[2023-02-01T22:33:34.438+0000] {logging_mixin.py:137} INFO - [2023-02-01T22:33:34.437+0000] {dag.py:2690} INFO - Sync 1 DAGs
[2023-02-01T22:33:34.472+0000] {logging_mixin.py:137} INFO - [2023-02-01T22:33:34.472+0000] {dag.py:3441} INFO - Setting next_dagrun for example_dynamic_task_mapping to 2022-03-04T00:00:00+00:00, run_after=2022-03-05T00:00:00+00:00
[2023-02-01T22:33:34.507+0000] {processor.py:175} INFO - Processing /home/airflow/.local/lib/python3.7/site-packages/airflow/example_dags/example_dynamic_task_mapping.py took 0.138 seconds
[2023-02-01T22:34:05.265+0000] {processor.py:153} INFO - Started process (PID=2115) to work on /home/airflow/.local/lib/python3.7/site-packages/airflow/example_dags/example_dynamic_task_mapping.py
[2023-02-01T22:34:05.267+0000] {processor.py:743} INFO - Processing file /home/airflow/.local/lib/python3.7/site-packages/airflow/example_dags/example_dynamic_task_mapping.py for tasks to queue
[2023-02-01T22:34:05.268+0000] {logging_mixin.py:137} INFO - [2023-02-01T22:34:05.268+0000] {dagbag.py:538} INFO - Filling up the DagBag from /home/airflow/.local/lib/python3.7/site-packages/airflow/example_dags/example_dynamic_task_mapping.py
[2023-02-01T22:34:05.285+0000] {processor.py:753} INFO - DAG(s) dict_keys(['example_dynamic_task_mapping']) retrieved from /home/airflow/.local/lib/python3.7/site-packages/airflow/example_dags/example_dynamic_task_mapping.py
[2023-02-01T22:34:05.304+0000] {logging_mixin.py:137} INFO - [2023-02-01T22:34:05.303+0000] {dag.py:2690} INFO - Sync 1 DAGs
[2023-02-01T22:34:05.319+0000] {logging_mixin.py:137} INFO - [2023-02-01T22:34:05.319+0000] {dag.py:3441} INFO - Setting next_dagrun for example_dynamic_task_mapping to 2022-03-04T00:00:00+00:00, run_after=2022-03-05T00:00:00+00:00
[2023-02-01T22:34:05.329+0000] {processor.py:175} INFO - Processing /home/airflow/.local/lib/python3.7/site-packages/airflow/example_dags/example_dynamic_task_mapping.py took 0.067 seconds
[2023-02-01T22:34:35.882+0000] {processor.py:153} INFO - Started process (PID=2190) to work on /home/airflow/.local/lib/python3.7/site-packages/airflow/example_dags/example_dynamic_task_mapping.py
[2023-02-01T22:34:35.883+0000] {processor.py:743} INFO - Processing file /home/airflow/.local/lib/python3.7/site-packages/airflow/example_dags/example_dynamic_task_mapping.py for tasks to queue
[2023-02-01T22:34:35.884+0000] {logging_mixin.py:137} INFO - [2023-02-01T22:34:35.884+0000] {dagbag.py:538} INFO - Filling up the DagBag from /home/airflow/.local/lib/python3.7/site-packages/airflow/example_dags/example_dynamic_task_mapping.py
[2023-02-01T22:34:35.903+0000] {processor.py:753} INFO - DAG(s) dict_keys(['example_dynamic_task_mapping']) retrieved from /home/airflow/.local/lib/python3.7/site-packages/airflow/example_dags/example_dynamic_task_mapping.py
[2023-02-01T22:34:35.924+0000] {logging_mixin.py:137} INFO - [2023-02-01T22:34:35.924+0000] {dag.py:2690} INFO - Sync 1 DAGs
[2023-02-01T22:34:35.942+0000] {logging_mixin.py:137} INFO - [2023-02-01T22:34:35.942+0000] {dag.py:3441} INFO - Setting next_dagrun for example_dynamic_task_mapping to 2022-03-04T00:00:00+00:00, run_after=2022-03-05T00:00:00+00:00
[2023-02-01T22:34:35.955+0000] {processor.py:175} INFO - Processing /home/airflow/.local/lib/python3.7/site-packages/airflow/example_dags/example_dynamic_task_mapping.py took 0.076 seconds
[2023-02-01T22:35:06.912+0000] {processor.py:153} INFO - Started process (PID=2254) to work on /home/airflow/.local/lib/python3.7/site-packages/airflow/example_dags/example_dynamic_task_mapping.py
[2023-02-01T22:35:06.913+0000] {processor.py:743} INFO - Processing file /home/airflow/.local/lib/python3.7/site-packages/airflow/example_dags/example_dynamic_task_mapping.py for tasks to queue
[2023-02-01T22:35:06.914+0000] {logging_mixin.py:137} INFO - [2023-02-01T22:35:06.914+0000] {dagbag.py:538} INFO - Filling up the DagBag from /home/airflow/.local/lib/python3.7/site-packages/airflow/example_dags/example_dynamic_task_mapping.py
[2023-02-01T22:35:06.933+0000] {processor.py:753} INFO - DAG(s) dict_keys(['example_dynamic_task_mapping']) retrieved from /home/airflow/.local/lib/python3.7/site-packages/airflow/example_dags/example_dynamic_task_mapping.py
[2023-02-01T22:35:06.956+0000] {logging_mixin.py:137} INFO - [2023-02-01T22:35:06.956+0000] {dag.py:2690} INFO - Sync 1 DAGs
[2023-02-01T22:35:06.974+0000] {logging_mixin.py:137} INFO - [2023-02-01T22:35:06.973+0000] {dag.py:3441} INFO - Setting next_dagrun for example_dynamic_task_mapping to 2022-03-04T00:00:00+00:00, run_after=2022-03-05T00:00:00+00:00
[2023-02-01T22:35:06.985+0000] {processor.py:175} INFO - Processing /home/airflow/.local/lib/python3.7/site-packages/airflow/example_dags/example_dynamic_task_mapping.py took 0.076 seconds
[2023-02-01T22:35:37.628+0000] {processor.py:153} INFO - Started process (PID=2331) to work on /home/airflow/.local/lib/python3.7/site-packages/airflow/example_dags/example_dynamic_task_mapping.py
[2023-02-01T22:35:37.630+0000] {processor.py:743} INFO - Processing file /home/airflow/.local/lib/python3.7/site-packages/airflow/example_dags/example_dynamic_task_mapping.py for tasks to queue
[2023-02-01T22:35:37.632+0000] {logging_mixin.py:137} INFO - [2023-02-01T22:35:37.632+0000] {dagbag.py:538} INFO - Filling up the DagBag from /home/airflow/.local/lib/python3.7/site-packages/airflow/example_dags/example_dynamic_task_mapping.py
[2023-02-01T22:35:37.652+0000] {processor.py:753} INFO - DAG(s) dict_keys(['example_dynamic_task_mapping']) retrieved from /home/airflow/.local/lib/python3.7/site-packages/airflow/example_dags/example_dynamic_task_mapping.py
[2023-02-01T22:35:37.674+0000] {logging_mixin.py:137} INFO - [2023-02-01T22:35:37.674+0000] {dag.py:2690} INFO - Sync 1 DAGs
[2023-02-01T22:35:37.689+0000] {logging_mixin.py:137} INFO - [2023-02-01T22:35:37.689+0000] {dag.py:3441} INFO - Setting next_dagrun for example_dynamic_task_mapping to 2022-03-04T00:00:00+00:00, run_after=2022-03-05T00:00:00+00:00
[2023-02-01T22:35:37.701+0000] {processor.py:175} INFO - Processing /home/airflow/.local/lib/python3.7/site-packages/airflow/example_dags/example_dynamic_task_mapping.py took 0.075 seconds
[2023-02-01T22:36:08.415+0000] {processor.py:153} INFO - Started process (PID=2407) to work on /home/airflow/.local/lib/python3.7/site-packages/airflow/example_dags/example_dynamic_task_mapping.py
[2023-02-01T22:36:08.417+0000] {processor.py:743} INFO - Processing file /home/airflow/.local/lib/python3.7/site-packages/airflow/example_dags/example_dynamic_task_mapping.py for tasks to queue
[2023-02-01T22:36:08.418+0000] {logging_mixin.py:137} INFO - [2023-02-01T22:36:08.418+0000] {dagbag.py:538} INFO - Filling up the DagBag from /home/airflow/.local/lib/python3.7/site-packages/airflow/example_dags/example_dynamic_task_mapping.py
[2023-02-01T22:36:08.440+0000] {processor.py:753} INFO - DAG(s) dict_keys(['example_dynamic_task_mapping']) retrieved from /home/airflow/.local/lib/python3.7/site-packages/airflow/example_dags/example_dynamic_task_mapping.py
[2023-02-01T22:36:08.464+0000] {logging_mixin.py:137} INFO - [2023-02-01T22:36:08.464+0000] {dag.py:2690} INFO - Sync 1 DAGs
[2023-02-01T22:36:08.493+0000] {logging_mixin.py:137} INFO - [2023-02-01T22:36:08.493+0000] {dag.py:3441} INFO - Setting next_dagrun for example_dynamic_task_mapping to 2022-03-04T00:00:00+00:00, run_after=2022-03-05T00:00:00+00:00
[2023-02-01T22:36:08.521+0000] {processor.py:175} INFO - Processing /home/airflow/.local/lib/python3.7/site-packages/airflow/example_dags/example_dynamic_task_mapping.py took 0.109 seconds
[2023-02-01T22:36:38.930+0000] {processor.py:153} INFO - Started process (PID=2471) to work on /home/airflow/.local/lib/python3.7/site-packages/airflow/example_dags/example_dynamic_task_mapping.py
[2023-02-01T22:36:38.931+0000] {processor.py:743} INFO - Processing file /home/airflow/.local/lib/python3.7/site-packages/airflow/example_dags/example_dynamic_task_mapping.py for tasks to queue
[2023-02-01T22:36:38.932+0000] {logging_mixin.py:137} INFO - [2023-02-01T22:36:38.932+0000] {dagbag.py:538} INFO - Filling up the DagBag from /home/airflow/.local/lib/python3.7/site-packages/airflow/example_dags/example_dynamic_task_mapping.py
[2023-02-01T22:36:38.947+0000] {processor.py:753} INFO - DAG(s) dict_keys(['example_dynamic_task_mapping']) retrieved from /home/airflow/.local/lib/python3.7/site-packages/airflow/example_dags/example_dynamic_task_mapping.py
[2023-02-01T22:36:38.968+0000] {logging_mixin.py:137} INFO - [2023-02-01T22:36:38.968+0000] {dag.py:2690} INFO - Sync 1 DAGs
[2023-02-01T22:36:38.984+0000] {logging_mixin.py:137} INFO - [2023-02-01T22:36:38.984+0000] {dag.py:3441} INFO - Setting next_dagrun for example_dynamic_task_mapping to 2022-03-04T00:00:00+00:00, run_after=2022-03-05T00:00:00+00:00
[2023-02-01T22:36:38.995+0000] {processor.py:175} INFO - Processing /home/airflow/.local/lib/python3.7/site-packages/airflow/example_dags/example_dynamic_task_mapping.py took 0.068 seconds
