[2023-02-01T22:19:21.724+0000] {processor.py:153} INFO - Started process (PID=82) to work on /home/airflow/.local/lib/python3.7/site-packages/airflow/example_dags/example_datasets.py
[2023-02-01T22:19:21.726+0000] {processor.py:743} INFO - Processing file /home/airflow/.local/lib/python3.7/site-packages/airflow/example_dags/example_datasets.py for tasks to queue
[2023-02-01T22:19:21.728+0000] {logging_mixin.py:137} INFO - [2023-02-01T22:19:21.728+0000] {dagbag.py:538} INFO - Filling up the DagBag from /home/airflow/.local/lib/python3.7/site-packages/airflow/example_dags/example_datasets.py
[2023-02-01T22:19:21.760+0000] {processor.py:753} INFO - DAG(s) dict_keys(['dataset_consumes_unknown_never_scheduled', 'dataset_consumes_1', 'dataset_consumes_1_and_2', 'dataset_produces_2', 'dataset_consumes_1_never_scheduled', 'dataset_produces_1']) retrieved from /home/airflow/.local/lib/python3.7/site-packages/airflow/example_dags/example_datasets.py
[2023-02-01T22:19:21.786+0000] {logging_mixin.py:137} INFO - [2023-02-01T22:19:21.785+0000] {dag.py:2690} INFO - Sync 6 DAGs
[2023-02-01T22:19:21.812+0000] {logging_mixin.py:137} INFO - [2023-02-01T22:19:21.812+0000] {dag.py:3441} INFO - Setting next_dagrun for dataset_consumes_1 to None, run_after=None
[2023-02-01T22:19:21.815+0000] {logging_mixin.py:137} INFO - [2023-02-01T22:19:21.815+0000] {dag.py:3441} INFO - Setting next_dagrun for dataset_consumes_1_and_2 to None, run_after=None
[2023-02-01T22:19:21.817+0000] {logging_mixin.py:137} INFO - [2023-02-01T22:19:21.817+0000] {dag.py:3441} INFO - Setting next_dagrun for dataset_consumes_1_never_scheduled to None, run_after=None
[2023-02-01T22:19:21.820+0000] {logging_mixin.py:137} INFO - [2023-02-01T22:19:21.819+0000] {dag.py:3441} INFO - Setting next_dagrun for dataset_consumes_unknown_never_scheduled to None, run_after=None
[2023-02-01T22:19:21.824+0000] {logging_mixin.py:137} INFO - [2023-02-01T22:19:21.824+0000] {dag.py:3441} INFO - Setting next_dagrun for dataset_produces_1 to 2023-01-31T00:00:00+00:00, run_after=2023-02-01T00:00:00+00:00
[2023-02-01T22:19:21.830+0000] {logging_mixin.py:137} INFO - [2023-02-01T22:19:21.830+0000] {dag.py:3441} INFO - Setting next_dagrun for dataset_produces_2 to None, run_after=None
[2023-02-01T22:19:21.880+0000] {processor.py:175} INFO - Processing /home/airflow/.local/lib/python3.7/site-packages/airflow/example_dags/example_datasets.py took 0.161 seconds
[2023-02-01T22:19:52.033+0000] {processor.py:153} INFO - Started process (PID=147) to work on /home/airflow/.local/lib/python3.7/site-packages/airflow/example_dags/example_datasets.py
[2023-02-01T22:19:52.034+0000] {processor.py:743} INFO - Processing file /home/airflow/.local/lib/python3.7/site-packages/airflow/example_dags/example_datasets.py for tasks to queue
[2023-02-01T22:19:52.035+0000] {logging_mixin.py:137} INFO - [2023-02-01T22:19:52.035+0000] {dagbag.py:538} INFO - Filling up the DagBag from /home/airflow/.local/lib/python3.7/site-packages/airflow/example_dags/example_datasets.py
[2023-02-01T22:19:52.046+0000] {processor.py:753} INFO - DAG(s) dict_keys(['dataset_produces_2', 'dataset_consumes_1_never_scheduled', 'dataset_consumes_1_and_2', 'dataset_consumes_1', 'dataset_produces_1', 'dataset_consumes_unknown_never_scheduled']) retrieved from /home/airflow/.local/lib/python3.7/site-packages/airflow/example_dags/example_datasets.py
[2023-02-01T22:19:52.109+0000] {logging_mixin.py:137} INFO - [2023-02-01T22:19:52.109+0000] {dag.py:2690} INFO - Sync 6 DAGs
[2023-02-01T22:19:52.123+0000] {logging_mixin.py:137} INFO - [2023-02-01T22:19:52.123+0000] {dag.py:3441} INFO - Setting next_dagrun for dataset_consumes_1 to None, run_after=None
[2023-02-01T22:19:52.126+0000] {logging_mixin.py:137} INFO - [2023-02-01T22:19:52.126+0000] {dag.py:3441} INFO - Setting next_dagrun for dataset_consumes_1_and_2 to None, run_after=None
[2023-02-01T22:19:52.127+0000] {logging_mixin.py:137} INFO - [2023-02-01T22:19:52.127+0000] {dag.py:3441} INFO - Setting next_dagrun for dataset_consumes_1_never_scheduled to None, run_after=None
[2023-02-01T22:19:52.128+0000] {logging_mixin.py:137} INFO - [2023-02-01T22:19:52.128+0000] {dag.py:3441} INFO - Setting next_dagrun for dataset_consumes_unknown_never_scheduled to None, run_after=None
[2023-02-01T22:19:52.133+0000] {logging_mixin.py:137} INFO - [2023-02-01T22:19:52.132+0000] {dag.py:3441} INFO - Setting next_dagrun for dataset_produces_1 to 2023-01-31T00:00:00+00:00, run_after=2023-02-01T00:00:00+00:00
[2023-02-01T22:19:52.134+0000] {logging_mixin.py:137} INFO - [2023-02-01T22:19:52.134+0000] {dag.py:3441} INFO - Setting next_dagrun for dataset_produces_2 to None, run_after=None
[2023-02-01T22:19:52.155+0000] {processor.py:175} INFO - Processing /home/airflow/.local/lib/python3.7/site-packages/airflow/example_dags/example_datasets.py took 0.124 seconds
[2023-02-01T22:20:22.211+0000] {processor.py:153} INFO - Started process (PID=224) to work on /home/airflow/.local/lib/python3.7/site-packages/airflow/example_dags/example_datasets.py
[2023-02-01T22:20:22.212+0000] {processor.py:743} INFO - Processing file /home/airflow/.local/lib/python3.7/site-packages/airflow/example_dags/example_datasets.py for tasks to queue
[2023-02-01T22:20:22.213+0000] {logging_mixin.py:137} INFO - [2023-02-01T22:20:22.213+0000] {dagbag.py:538} INFO - Filling up the DagBag from /home/airflow/.local/lib/python3.7/site-packages/airflow/example_dags/example_datasets.py
[2023-02-01T22:20:22.223+0000] {processor.py:753} INFO - DAG(s) dict_keys(['dataset_consumes_1_never_scheduled', 'dataset_consumes_1_and_2', 'dataset_consumes_unknown_never_scheduled', 'dataset_consumes_1', 'dataset_produces_1', 'dataset_produces_2']) retrieved from /home/airflow/.local/lib/python3.7/site-packages/airflow/example_dags/example_datasets.py
[2023-02-01T22:20:22.248+0000] {logging_mixin.py:137} INFO - [2023-02-01T22:20:22.248+0000] {dag.py:2690} INFO - Sync 6 DAGs
[2023-02-01T22:20:22.264+0000] {logging_mixin.py:137} INFO - [2023-02-01T22:20:22.263+0000] {dag.py:3441} INFO - Setting next_dagrun for dataset_consumes_1 to None, run_after=None
[2023-02-01T22:20:22.266+0000] {logging_mixin.py:137} INFO - [2023-02-01T22:20:22.266+0000] {dag.py:3441} INFO - Setting next_dagrun for dataset_consumes_1_and_2 to None, run_after=None
[2023-02-01T22:20:22.267+0000] {logging_mixin.py:137} INFO - [2023-02-01T22:20:22.267+0000] {dag.py:3441} INFO - Setting next_dagrun for dataset_consumes_1_never_scheduled to None, run_after=None
[2023-02-01T22:20:22.268+0000] {logging_mixin.py:137} INFO - [2023-02-01T22:20:22.268+0000] {dag.py:3441} INFO - Setting next_dagrun for dataset_consumes_unknown_never_scheduled to None, run_after=None
[2023-02-01T22:20:22.269+0000] {logging_mixin.py:137} INFO - [2023-02-01T22:20:22.269+0000] {dag.py:3441} INFO - Setting next_dagrun for dataset_produces_1 to 2023-01-31T00:00:00+00:00, run_after=2023-02-01T00:00:00+00:00
[2023-02-01T22:20:22.270+0000] {logging_mixin.py:137} INFO - [2023-02-01T22:20:22.270+0000] {dag.py:3441} INFO - Setting next_dagrun for dataset_produces_2 to None, run_after=None
[2023-02-01T22:20:22.288+0000] {processor.py:175} INFO - Processing /home/airflow/.local/lib/python3.7/site-packages/airflow/example_dags/example_datasets.py took 0.080 seconds
[2023-02-01T22:20:52.680+0000] {processor.py:153} INFO - Started process (PID=292) to work on /home/airflow/.local/lib/python3.7/site-packages/airflow/example_dags/example_datasets.py
[2023-02-01T22:20:52.682+0000] {processor.py:743} INFO - Processing file /home/airflow/.local/lib/python3.7/site-packages/airflow/example_dags/example_datasets.py for tasks to queue
[2023-02-01T22:20:52.683+0000] {logging_mixin.py:137} INFO - [2023-02-01T22:20:52.683+0000] {dagbag.py:538} INFO - Filling up the DagBag from /home/airflow/.local/lib/python3.7/site-packages/airflow/example_dags/example_datasets.py
[2023-02-01T22:20:52.704+0000] {processor.py:753} INFO - DAG(s) dict_keys(['dataset_consumes_1', 'dataset_consumes_1_never_scheduled', 'dataset_consumes_unknown_never_scheduled', 'dataset_produces_1', 'dataset_produces_2', 'dataset_consumes_1_and_2']) retrieved from /home/airflow/.local/lib/python3.7/site-packages/airflow/example_dags/example_datasets.py
[2023-02-01T22:20:52.768+0000] {logging_mixin.py:137} INFO - [2023-02-01T22:20:52.768+0000] {dag.py:2690} INFO - Sync 6 DAGs
[2023-02-01T22:20:52.818+0000] {logging_mixin.py:137} INFO - [2023-02-01T22:20:52.818+0000] {dag.py:3441} INFO - Setting next_dagrun for dataset_consumes_1 to None, run_after=None
[2023-02-01T22:20:52.825+0000] {logging_mixin.py:137} INFO - [2023-02-01T22:20:52.824+0000] {dag.py:3441} INFO - Setting next_dagrun for dataset_consumes_1_and_2 to None, run_after=None
[2023-02-01T22:20:52.826+0000] {logging_mixin.py:137} INFO - [2023-02-01T22:20:52.826+0000] {dag.py:3441} INFO - Setting next_dagrun for dataset_consumes_1_never_scheduled to None, run_after=None
[2023-02-01T22:20:52.828+0000] {logging_mixin.py:137} INFO - [2023-02-01T22:20:52.828+0000] {dag.py:3441} INFO - Setting next_dagrun for dataset_consumes_unknown_never_scheduled to None, run_after=None
[2023-02-01T22:20:52.834+0000] {logging_mixin.py:137} INFO - [2023-02-01T22:20:52.834+0000] {dag.py:3441} INFO - Setting next_dagrun for dataset_produces_1 to 2023-01-31T00:00:00+00:00, run_after=2023-02-01T00:00:00+00:00
[2023-02-01T22:20:52.836+0000] {logging_mixin.py:137} INFO - [2023-02-01T22:20:52.836+0000] {dag.py:3441} INFO - Setting next_dagrun for dataset_produces_2 to None, run_after=None
[2023-02-01T22:20:52.867+0000] {processor.py:175} INFO - Processing /home/airflow/.local/lib/python3.7/site-packages/airflow/example_dags/example_datasets.py took 0.192 seconds
[2023-02-01T22:21:23.470+0000] {processor.py:153} INFO - Started process (PID=362) to work on /home/airflow/.local/lib/python3.7/site-packages/airflow/example_dags/example_datasets.py
[2023-02-01T22:21:23.472+0000] {processor.py:743} INFO - Processing file /home/airflow/.local/lib/python3.7/site-packages/airflow/example_dags/example_datasets.py for tasks to queue
[2023-02-01T22:21:23.474+0000] {logging_mixin.py:137} INFO - [2023-02-01T22:21:23.474+0000] {dagbag.py:538} INFO - Filling up the DagBag from /home/airflow/.local/lib/python3.7/site-packages/airflow/example_dags/example_datasets.py
[2023-02-01T22:21:23.504+0000] {processor.py:753} INFO - DAG(s) dict_keys(['dataset_consumes_1_never_scheduled', 'dataset_consumes_1_and_2', 'dataset_produces_2', 'dataset_consumes_unknown_never_scheduled', 'dataset_produces_1', 'dataset_consumes_1']) retrieved from /home/airflow/.local/lib/python3.7/site-packages/airflow/example_dags/example_datasets.py
[2023-02-01T22:21:23.602+0000] {logging_mixin.py:137} INFO - [2023-02-01T22:21:23.602+0000] {dag.py:2690} INFO - Sync 6 DAGs
[2023-02-01T22:21:23.652+0000] {logging_mixin.py:137} INFO - [2023-02-01T22:21:23.652+0000] {dag.py:3441} INFO - Setting next_dagrun for dataset_consumes_1 to None, run_after=None
[2023-02-01T22:21:23.659+0000] {logging_mixin.py:137} INFO - [2023-02-01T22:21:23.659+0000] {dag.py:3441} INFO - Setting next_dagrun for dataset_consumes_1_and_2 to None, run_after=None
[2023-02-01T22:21:23.663+0000] {logging_mixin.py:137} INFO - [2023-02-01T22:21:23.663+0000] {dag.py:3441} INFO - Setting next_dagrun for dataset_consumes_1_never_scheduled to None, run_after=None
[2023-02-01T22:21:23.669+0000] {logging_mixin.py:137} INFO - [2023-02-01T22:21:23.668+0000] {dag.py:3441} INFO - Setting next_dagrun for dataset_consumes_unknown_never_scheduled to None, run_after=None
[2023-02-01T22:21:23.674+0000] {logging_mixin.py:137} INFO - [2023-02-01T22:21:23.674+0000] {dag.py:3441} INFO - Setting next_dagrun for dataset_produces_1 to 2023-01-31T00:00:00+00:00, run_after=2023-02-01T00:00:00+00:00
[2023-02-01T22:21:23.679+0000] {logging_mixin.py:137} INFO - [2023-02-01T22:21:23.678+0000] {dag.py:3441} INFO - Setting next_dagrun for dataset_produces_2 to None, run_after=None
[2023-02-01T22:21:23.820+0000] {processor.py:175} INFO - Processing /home/airflow/.local/lib/python3.7/site-packages/airflow/example_dags/example_datasets.py took 0.354 seconds
[2023-02-01T22:21:53.896+0000] {processor.py:153} INFO - Started process (PID=437) to work on /home/airflow/.local/lib/python3.7/site-packages/airflow/example_dags/example_datasets.py
[2023-02-01T22:21:53.898+0000] {processor.py:743} INFO - Processing file /home/airflow/.local/lib/python3.7/site-packages/airflow/example_dags/example_datasets.py for tasks to queue
[2023-02-01T22:21:53.899+0000] {logging_mixin.py:137} INFO - [2023-02-01T22:21:53.899+0000] {dagbag.py:538} INFO - Filling up the DagBag from /home/airflow/.local/lib/python3.7/site-packages/airflow/example_dags/example_datasets.py
[2023-02-01T22:21:53.912+0000] {processor.py:753} INFO - DAG(s) dict_keys(['dataset_consumes_unknown_never_scheduled', 'dataset_produces_1', 'dataset_consumes_1', 'dataset_produces_2', 'dataset_consumes_1_and_2', 'dataset_consumes_1_never_scheduled']) retrieved from /home/airflow/.local/lib/python3.7/site-packages/airflow/example_dags/example_datasets.py
[2023-02-01T22:21:53.940+0000] {logging_mixin.py:137} INFO - [2023-02-01T22:21:53.940+0000] {dag.py:2690} INFO - Sync 6 DAGs
[2023-02-01T22:21:53.959+0000] {logging_mixin.py:137} INFO - [2023-02-01T22:21:53.958+0000] {dag.py:3441} INFO - Setting next_dagrun for dataset_consumes_1 to None, run_after=None
[2023-02-01T22:21:53.962+0000] {logging_mixin.py:137} INFO - [2023-02-01T22:21:53.962+0000] {dag.py:3441} INFO - Setting next_dagrun for dataset_consumes_1_and_2 to None, run_after=None
[2023-02-01T22:21:53.963+0000] {logging_mixin.py:137} INFO - [2023-02-01T22:21:53.963+0000] {dag.py:3441} INFO - Setting next_dagrun for dataset_consumes_1_never_scheduled to None, run_after=None
[2023-02-01T22:21:53.964+0000] {logging_mixin.py:137} INFO - [2023-02-01T22:21:53.964+0000] {dag.py:3441} INFO - Setting next_dagrun for dataset_consumes_unknown_never_scheduled to None, run_after=None
[2023-02-01T22:21:53.966+0000] {logging_mixin.py:137} INFO - [2023-02-01T22:21:53.965+0000] {dag.py:3441} INFO - Setting next_dagrun for dataset_produces_1 to 2023-01-31T00:00:00+00:00, run_after=2023-02-01T00:00:00+00:00
[2023-02-01T22:21:53.967+0000] {logging_mixin.py:137} INFO - [2023-02-01T22:21:53.966+0000] {dag.py:3441} INFO - Setting next_dagrun for dataset_produces_2 to None, run_after=None
[2023-02-01T22:21:53.985+0000] {processor.py:175} INFO - Processing /home/airflow/.local/lib/python3.7/site-packages/airflow/example_dags/example_datasets.py took 0.092 seconds
[2023-02-01T22:22:24.914+0000] {processor.py:153} INFO - Started process (PID=501) to work on /home/airflow/.local/lib/python3.7/site-packages/airflow/example_dags/example_datasets.py
[2023-02-01T22:22:24.915+0000] {processor.py:743} INFO - Processing file /home/airflow/.local/lib/python3.7/site-packages/airflow/example_dags/example_datasets.py for tasks to queue
[2023-02-01T22:22:24.916+0000] {logging_mixin.py:137} INFO - [2023-02-01T22:22:24.915+0000] {dagbag.py:538} INFO - Filling up the DagBag from /home/airflow/.local/lib/python3.7/site-packages/airflow/example_dags/example_datasets.py
[2023-02-01T22:22:24.927+0000] {processor.py:753} INFO - DAG(s) dict_keys(['dataset_consumes_1_and_2', 'dataset_produces_2', 'dataset_produces_1', 'dataset_consumes_unknown_never_scheduled', 'dataset_consumes_1_never_scheduled', 'dataset_consumes_1']) retrieved from /home/airflow/.local/lib/python3.7/site-packages/airflow/example_dags/example_datasets.py
[2023-02-01T22:22:24.954+0000] {logging_mixin.py:137} INFO - [2023-02-01T22:22:24.954+0000] {dag.py:2690} INFO - Sync 6 DAGs
[2023-02-01T22:22:24.970+0000] {logging_mixin.py:137} INFO - [2023-02-01T22:22:24.970+0000] {dag.py:3441} INFO - Setting next_dagrun for dataset_consumes_1 to None, run_after=None
[2023-02-01T22:22:24.973+0000] {logging_mixin.py:137} INFO - [2023-02-01T22:22:24.973+0000] {dag.py:3441} INFO - Setting next_dagrun for dataset_consumes_1_and_2 to None, run_after=None
[2023-02-01T22:22:24.974+0000] {logging_mixin.py:137} INFO - [2023-02-01T22:22:24.974+0000] {dag.py:3441} INFO - Setting next_dagrun for dataset_consumes_1_never_scheduled to None, run_after=None
[2023-02-01T22:22:24.975+0000] {logging_mixin.py:137} INFO - [2023-02-01T22:22:24.975+0000] {dag.py:3441} INFO - Setting next_dagrun for dataset_consumes_unknown_never_scheduled to None, run_after=None
[2023-02-01T22:22:24.977+0000] {logging_mixin.py:137} INFO - [2023-02-01T22:22:24.977+0000] {dag.py:3441} INFO - Setting next_dagrun for dataset_produces_1 to 2023-01-31T00:00:00+00:00, run_after=2023-02-01T00:00:00+00:00
[2023-02-01T22:22:24.981+0000] {logging_mixin.py:137} INFO - [2023-02-01T22:22:24.980+0000] {dag.py:3441} INFO - Setting next_dagrun for dataset_produces_2 to None, run_after=None
[2023-02-01T22:22:25.003+0000] {processor.py:175} INFO - Processing /home/airflow/.local/lib/python3.7/site-packages/airflow/example_dags/example_datasets.py took 0.092 seconds
[2023-02-01T22:22:55.704+0000] {processor.py:153} INFO - Started process (PID=577) to work on /home/airflow/.local/lib/python3.7/site-packages/airflow/example_dags/example_datasets.py
[2023-02-01T22:22:55.706+0000] {processor.py:743} INFO - Processing file /home/airflow/.local/lib/python3.7/site-packages/airflow/example_dags/example_datasets.py for tasks to queue
[2023-02-01T22:22:55.706+0000] {logging_mixin.py:137} INFO - [2023-02-01T22:22:55.706+0000] {dagbag.py:538} INFO - Filling up the DagBag from /home/airflow/.local/lib/python3.7/site-packages/airflow/example_dags/example_datasets.py
[2023-02-01T22:22:55.718+0000] {processor.py:753} INFO - DAG(s) dict_keys(['dataset_consumes_1', 'dataset_consumes_unknown_never_scheduled', 'dataset_produces_2', 'dataset_consumes_1_never_scheduled', 'dataset_consumes_1_and_2', 'dataset_produces_1']) retrieved from /home/airflow/.local/lib/python3.7/site-packages/airflow/example_dags/example_datasets.py
[2023-02-01T22:22:55.748+0000] {logging_mixin.py:137} INFO - [2023-02-01T22:22:55.748+0000] {dag.py:2690} INFO - Sync 6 DAGs
[2023-02-01T22:22:55.766+0000] {logging_mixin.py:137} INFO - [2023-02-01T22:22:55.766+0000] {dag.py:3441} INFO - Setting next_dagrun for dataset_consumes_1 to None, run_after=None
[2023-02-01T22:22:55.770+0000] {logging_mixin.py:137} INFO - [2023-02-01T22:22:55.770+0000] {dag.py:3441} INFO - Setting next_dagrun for dataset_consumes_1_and_2 to None, run_after=None
[2023-02-01T22:22:55.771+0000] {logging_mixin.py:137} INFO - [2023-02-01T22:22:55.771+0000] {dag.py:3441} INFO - Setting next_dagrun for dataset_consumes_1_never_scheduled to None, run_after=None
[2023-02-01T22:22:55.772+0000] {logging_mixin.py:137} INFO - [2023-02-01T22:22:55.772+0000] {dag.py:3441} INFO - Setting next_dagrun for dataset_consumes_unknown_never_scheduled to None, run_after=None
[2023-02-01T22:22:55.774+0000] {logging_mixin.py:137} INFO - [2023-02-01T22:22:55.774+0000] {dag.py:3441} INFO - Setting next_dagrun for dataset_produces_1 to 2023-01-31T00:00:00+00:00, run_after=2023-02-01T00:00:00+00:00
[2023-02-01T22:22:55.776+0000] {logging_mixin.py:137} INFO - [2023-02-01T22:22:55.776+0000] {dag.py:3441} INFO - Setting next_dagrun for dataset_produces_2 to None, run_after=None
[2023-02-01T22:22:55.796+0000] {processor.py:175} INFO - Processing /home/airflow/.local/lib/python3.7/site-packages/airflow/example_dags/example_datasets.py took 0.094 seconds
[2023-02-01T22:23:26.742+0000] {processor.py:153} INFO - Started process (PID=653) to work on /home/airflow/.local/lib/python3.7/site-packages/airflow/example_dags/example_datasets.py
[2023-02-01T22:23:26.743+0000] {processor.py:743} INFO - Processing file /home/airflow/.local/lib/python3.7/site-packages/airflow/example_dags/example_datasets.py for tasks to queue
[2023-02-01T22:23:26.744+0000] {logging_mixin.py:137} INFO - [2023-02-01T22:23:26.744+0000] {dagbag.py:538} INFO - Filling up the DagBag from /home/airflow/.local/lib/python3.7/site-packages/airflow/example_dags/example_datasets.py
[2023-02-01T22:23:26.756+0000] {processor.py:753} INFO - DAG(s) dict_keys(['dataset_consumes_1_never_scheduled', 'dataset_produces_1', 'dataset_consumes_unknown_never_scheduled', 'dataset_consumes_1_and_2', 'dataset_produces_2', 'dataset_consumes_1']) retrieved from /home/airflow/.local/lib/python3.7/site-packages/airflow/example_dags/example_datasets.py
[2023-02-01T22:23:26.785+0000] {logging_mixin.py:137} INFO - [2023-02-01T22:23:26.785+0000] {dag.py:2690} INFO - Sync 6 DAGs
[2023-02-01T22:23:26.842+0000] {logging_mixin.py:137} INFO - [2023-02-01T22:23:26.842+0000] {dag.py:3441} INFO - Setting next_dagrun for dataset_consumes_1 to None, run_after=None
[2023-02-01T22:23:26.855+0000] {logging_mixin.py:137} INFO - [2023-02-01T22:23:26.855+0000] {dag.py:3441} INFO - Setting next_dagrun for dataset_consumes_1_and_2 to None, run_after=None
[2023-02-01T22:23:26.857+0000] {logging_mixin.py:137} INFO - [2023-02-01T22:23:26.857+0000] {dag.py:3441} INFO - Setting next_dagrun for dataset_consumes_1_never_scheduled to None, run_after=None
[2023-02-01T22:23:26.859+0000] {logging_mixin.py:137} INFO - [2023-02-01T22:23:26.859+0000] {dag.py:3441} INFO - Setting next_dagrun for dataset_consumes_unknown_never_scheduled to None, run_after=None
[2023-02-01T22:23:26.862+0000] {logging_mixin.py:137} INFO - [2023-02-01T22:23:26.862+0000] {dag.py:3441} INFO - Setting next_dagrun for dataset_produces_1 to 2023-01-31T00:00:00+00:00, run_after=2023-02-01T00:00:00+00:00
[2023-02-01T22:23:26.864+0000] {logging_mixin.py:137} INFO - [2023-02-01T22:23:26.863+0000] {dag.py:3441} INFO - Setting next_dagrun for dataset_produces_2 to None, run_after=None
[2023-02-01T22:23:26.884+0000] {processor.py:175} INFO - Processing /home/airflow/.local/lib/python3.7/site-packages/airflow/example_dags/example_datasets.py took 0.145 seconds
[2023-02-01T22:23:57.581+0000] {processor.py:153} INFO - Started process (PID=717) to work on /home/airflow/.local/lib/python3.7/site-packages/airflow/example_dags/example_datasets.py
[2023-02-01T22:23:57.583+0000] {processor.py:743} INFO - Processing file /home/airflow/.local/lib/python3.7/site-packages/airflow/example_dags/example_datasets.py for tasks to queue
[2023-02-01T22:23:57.584+0000] {logging_mixin.py:137} INFO - [2023-02-01T22:23:57.584+0000] {dagbag.py:538} INFO - Filling up the DagBag from /home/airflow/.local/lib/python3.7/site-packages/airflow/example_dags/example_datasets.py
[2023-02-01T22:23:57.604+0000] {processor.py:753} INFO - DAG(s) dict_keys(['dataset_produces_2', 'dataset_consumes_1', 'dataset_produces_1', 'dataset_consumes_1_never_scheduled', 'dataset_consumes_unknown_never_scheduled', 'dataset_consumes_1_and_2']) retrieved from /home/airflow/.local/lib/python3.7/site-packages/airflow/example_dags/example_datasets.py
[2023-02-01T22:23:57.634+0000] {logging_mixin.py:137} INFO - [2023-02-01T22:23:57.634+0000] {dag.py:2690} INFO - Sync 6 DAGs
[2023-02-01T22:23:57.661+0000] {logging_mixin.py:137} INFO - [2023-02-01T22:23:57.661+0000] {dag.py:3441} INFO - Setting next_dagrun for dataset_consumes_1 to None, run_after=None
[2023-02-01T22:23:57.665+0000] {logging_mixin.py:137} INFO - [2023-02-01T22:23:57.665+0000] {dag.py:3441} INFO - Setting next_dagrun for dataset_consumes_1_and_2 to None, run_after=None
[2023-02-01T22:23:57.667+0000] {logging_mixin.py:137} INFO - [2023-02-01T22:23:57.667+0000] {dag.py:3441} INFO - Setting next_dagrun for dataset_consumes_1_never_scheduled to None, run_after=None
[2023-02-01T22:23:57.668+0000] {logging_mixin.py:137} INFO - [2023-02-01T22:23:57.668+0000] {dag.py:3441} INFO - Setting next_dagrun for dataset_consumes_unknown_never_scheduled to None, run_after=None
[2023-02-01T22:23:57.671+0000] {logging_mixin.py:137} INFO - [2023-02-01T22:23:57.671+0000] {dag.py:3441} INFO - Setting next_dagrun for dataset_produces_1 to 2023-01-31T00:00:00+00:00, run_after=2023-02-01T00:00:00+00:00
[2023-02-01T22:23:57.674+0000] {logging_mixin.py:137} INFO - [2023-02-01T22:23:57.674+0000] {dag.py:3441} INFO - Setting next_dagrun for dataset_produces_2 to None, run_after=None
[2023-02-01T22:23:57.703+0000] {processor.py:175} INFO - Processing /home/airflow/.local/lib/python3.7/site-packages/airflow/example_dags/example_datasets.py took 0.125 seconds
