[2023-02-01T22:19:21.127+0000] {processor.py:153} INFO - Started process (PID=77) to work on /home/airflow/.local/lib/python3.7/site-packages/airflow/example_dags/tutorial.py
[2023-02-01T22:19:21.129+0000] {processor.py:743} INFO - Processing file /home/airflow/.local/lib/python3.7/site-packages/airflow/example_dags/tutorial.py for tasks to queue
[2023-02-01T22:19:21.130+0000] {logging_mixin.py:137} INFO - [2023-02-01T22:19:21.130+0000] {dagbag.py:538} INFO - Filling up the DagBag from /home/airflow/.local/lib/python3.7/site-packages/airflow/example_dags/tutorial.py
[2023-02-01T22:19:21.187+0000] {processor.py:753} INFO - DAG(s) dict_keys(['tutorial']) retrieved from /home/airflow/.local/lib/python3.7/site-packages/airflow/example_dags/tutorial.py
[2023-02-01T22:19:21.228+0000] {logging_mixin.py:137} INFO - [2023-02-01T22:19:21.227+0000] {dag.py:2690} INFO - Sync 1 DAGs
[2023-02-01T22:19:21.281+0000] {logging_mixin.py:137} INFO - [2023-02-01T22:19:21.281+0000] {dag.py:3441} INFO - Setting next_dagrun for tutorial to 2023-01-31T22:19:21.281157+00:00, run_after=2023-02-01T22:19:21.281157+00:00
[2023-02-01T22:19:21.337+0000] {processor.py:175} INFO - Processing /home/airflow/.local/lib/python3.7/site-packages/airflow/example_dags/tutorial.py took 0.214 seconds
[2023-02-01T22:19:51.747+0000] {processor.py:153} INFO - Started process (PID=141) to work on /home/airflow/.local/lib/python3.7/site-packages/airflow/example_dags/tutorial.py
[2023-02-01T22:19:51.749+0000] {processor.py:743} INFO - Processing file /home/airflow/.local/lib/python3.7/site-packages/airflow/example_dags/tutorial.py for tasks to queue
[2023-02-01T22:19:51.750+0000] {logging_mixin.py:137} INFO - [2023-02-01T22:19:51.750+0000] {dagbag.py:538} INFO - Filling up the DagBag from /home/airflow/.local/lib/python3.7/site-packages/airflow/example_dags/tutorial.py
[2023-02-01T22:19:51.763+0000] {processor.py:753} INFO - DAG(s) dict_keys(['tutorial']) retrieved from /home/airflow/.local/lib/python3.7/site-packages/airflow/example_dags/tutorial.py
[2023-02-01T22:19:51.787+0000] {logging_mixin.py:137} INFO - [2023-02-01T22:19:51.787+0000] {dag.py:2690} INFO - Sync 1 DAGs
[2023-02-01T22:19:51.807+0000] {logging_mixin.py:137} INFO - [2023-02-01T22:19:51.807+0000] {dag.py:3441} INFO - Setting next_dagrun for tutorial to 2023-01-31T22:19:51.807253+00:00, run_after=2023-02-01T22:19:51.807253+00:00
[2023-02-01T22:19:51.822+0000] {processor.py:175} INFO - Processing /home/airflow/.local/lib/python3.7/site-packages/airflow/example_dags/tutorial.py took 0.082 seconds
[2023-02-01T22:20:21.895+0000] {processor.py:153} INFO - Started process (PID=217) to work on /home/airflow/.local/lib/python3.7/site-packages/airflow/example_dags/tutorial.py
[2023-02-01T22:20:21.896+0000] {processor.py:743} INFO - Processing file /home/airflow/.local/lib/python3.7/site-packages/airflow/example_dags/tutorial.py for tasks to queue
[2023-02-01T22:20:21.897+0000] {logging_mixin.py:137} INFO - [2023-02-01T22:20:21.897+0000] {dagbag.py:538} INFO - Filling up the DagBag from /home/airflow/.local/lib/python3.7/site-packages/airflow/example_dags/tutorial.py
[2023-02-01T22:20:21.907+0000] {processor.py:753} INFO - DAG(s) dict_keys(['tutorial']) retrieved from /home/airflow/.local/lib/python3.7/site-packages/airflow/example_dags/tutorial.py
[2023-02-01T22:20:21.931+0000] {logging_mixin.py:137} INFO - [2023-02-01T22:20:21.931+0000] {dag.py:2690} INFO - Sync 1 DAGs
[2023-02-01T22:20:21.950+0000] {logging_mixin.py:137} INFO - [2023-02-01T22:20:21.950+0000] {dag.py:3441} INFO - Setting next_dagrun for tutorial to 2023-01-31T22:20:21.949834+00:00, run_after=2023-02-01T22:20:21.949834+00:00
[2023-02-01T22:20:21.962+0000] {processor.py:175} INFO - Processing /home/airflow/.local/lib/python3.7/site-packages/airflow/example_dags/tutorial.py took 0.070 seconds
[2023-02-01T22:20:52.220+0000] {processor.py:153} INFO - Started process (PID=281) to work on /home/airflow/.local/lib/python3.7/site-packages/airflow/example_dags/tutorial.py
[2023-02-01T22:20:52.224+0000] {processor.py:743} INFO - Processing file /home/airflow/.local/lib/python3.7/site-packages/airflow/example_dags/tutorial.py for tasks to queue
[2023-02-01T22:20:52.227+0000] {logging_mixin.py:137} INFO - [2023-02-01T22:20:52.227+0000] {dagbag.py:538} INFO - Filling up the DagBag from /home/airflow/.local/lib/python3.7/site-packages/airflow/example_dags/tutorial.py
[2023-02-01T22:20:52.243+0000] {processor.py:753} INFO - DAG(s) dict_keys(['tutorial']) retrieved from /home/airflow/.local/lib/python3.7/site-packages/airflow/example_dags/tutorial.py
[2023-02-01T22:20:52.283+0000] {logging_mixin.py:137} INFO - [2023-02-01T22:20:52.282+0000] {dag.py:2690} INFO - Sync 1 DAGs
[2023-02-01T22:20:52.314+0000] {logging_mixin.py:137} INFO - [2023-02-01T22:20:52.314+0000] {dag.py:3441} INFO - Setting next_dagrun for tutorial to 2023-01-31T22:20:52.314081+00:00, run_after=2023-02-01T22:20:52.314081+00:00
[2023-02-01T22:20:52.331+0000] {processor.py:175} INFO - Processing /home/airflow/.local/lib/python3.7/site-packages/airflow/example_dags/tutorial.py took 0.114 seconds
[2023-02-01T22:21:23.220+0000] {processor.py:153} INFO - Started process (PID=357) to work on /home/airflow/.local/lib/python3.7/site-packages/airflow/example_dags/tutorial.py
[2023-02-01T22:21:23.222+0000] {processor.py:743} INFO - Processing file /home/airflow/.local/lib/python3.7/site-packages/airflow/example_dags/tutorial.py for tasks to queue
[2023-02-01T22:21:23.223+0000] {logging_mixin.py:137} INFO - [2023-02-01T22:21:23.223+0000] {dagbag.py:538} INFO - Filling up the DagBag from /home/airflow/.local/lib/python3.7/site-packages/airflow/example_dags/tutorial.py
[2023-02-01T22:21:23.245+0000] {processor.py:753} INFO - DAG(s) dict_keys(['tutorial']) retrieved from /home/airflow/.local/lib/python3.7/site-packages/airflow/example_dags/tutorial.py
[2023-02-01T22:21:23.268+0000] {logging_mixin.py:137} INFO - [2023-02-01T22:21:23.268+0000] {dag.py:2690} INFO - Sync 1 DAGs
[2023-02-01T22:21:23.294+0000] {logging_mixin.py:137} INFO - [2023-02-01T22:21:23.294+0000] {dag.py:3441} INFO - Setting next_dagrun for tutorial to 2023-01-31T22:21:23.294148+00:00, run_after=2023-02-01T22:21:23.294148+00:00
[2023-02-01T22:21:23.309+0000] {processor.py:175} INFO - Processing /home/airflow/.local/lib/python3.7/site-packages/airflow/example_dags/tutorial.py took 0.091 seconds
[2023-02-01T22:21:53.466+0000] {processor.py:153} INFO - Started process (PID=432) to work on /home/airflow/.local/lib/python3.7/site-packages/airflow/example_dags/tutorial.py
[2023-02-01T22:21:53.468+0000] {processor.py:743} INFO - Processing file /home/airflow/.local/lib/python3.7/site-packages/airflow/example_dags/tutorial.py for tasks to queue
[2023-02-01T22:21:53.479+0000] {logging_mixin.py:137} INFO - [2023-02-01T22:21:53.478+0000] {dagbag.py:538} INFO - Filling up the DagBag from /home/airflow/.local/lib/python3.7/site-packages/airflow/example_dags/tutorial.py
[2023-02-01T22:21:53.499+0000] {processor.py:753} INFO - DAG(s) dict_keys(['tutorial']) retrieved from /home/airflow/.local/lib/python3.7/site-packages/airflow/example_dags/tutorial.py
[2023-02-01T22:21:53.527+0000] {logging_mixin.py:137} INFO - [2023-02-01T22:21:53.527+0000] {dag.py:2690} INFO - Sync 1 DAGs
[2023-02-01T22:21:53.573+0000] {logging_mixin.py:137} INFO - [2023-02-01T22:21:53.573+0000] {dag.py:3441} INFO - Setting next_dagrun for tutorial to 2023-01-31T22:21:53.573183+00:00, run_after=2023-02-01T22:21:53.573183+00:00
[2023-02-01T22:21:53.588+0000] {processor.py:175} INFO - Processing /home/airflow/.local/lib/python3.7/site-packages/airflow/example_dags/tutorial.py took 0.127 seconds
[2023-02-01T22:22:23.610+0000] {processor.py:153} INFO - Started process (PID=496) to work on /home/airflow/.local/lib/python3.7/site-packages/airflow/example_dags/tutorial.py
[2023-02-01T22:22:23.611+0000] {processor.py:743} INFO - Processing file /home/airflow/.local/lib/python3.7/site-packages/airflow/example_dags/tutorial.py for tasks to queue
[2023-02-01T22:22:23.611+0000] {logging_mixin.py:137} INFO - [2023-02-01T22:22:23.611+0000] {dagbag.py:538} INFO - Filling up the DagBag from /home/airflow/.local/lib/python3.7/site-packages/airflow/example_dags/tutorial.py
[2023-02-01T22:22:23.622+0000] {processor.py:753} INFO - DAG(s) dict_keys(['tutorial']) retrieved from /home/airflow/.local/lib/python3.7/site-packages/airflow/example_dags/tutorial.py
[2023-02-01T22:22:23.642+0000] {logging_mixin.py:137} INFO - [2023-02-01T22:22:23.642+0000] {dag.py:2690} INFO - Sync 1 DAGs
[2023-02-01T22:22:23.657+0000] {logging_mixin.py:137} INFO - [2023-02-01T22:22:23.657+0000] {dag.py:3441} INFO - Setting next_dagrun for tutorial to 2023-01-31T22:22:23.657646+00:00, run_after=2023-02-01T22:22:23.657646+00:00
[2023-02-01T22:22:23.668+0000] {processor.py:175} INFO - Processing /home/airflow/.local/lib/python3.7/site-packages/airflow/example_dags/tutorial.py took 0.061 seconds
[2023-02-01T22:22:54.442+0000] {processor.py:153} INFO - Started process (PID=572) to work on /home/airflow/.local/lib/python3.7/site-packages/airflow/example_dags/tutorial.py
[2023-02-01T22:22:54.443+0000] {processor.py:743} INFO - Processing file /home/airflow/.local/lib/python3.7/site-packages/airflow/example_dags/tutorial.py for tasks to queue
[2023-02-01T22:22:54.444+0000] {logging_mixin.py:137} INFO - [2023-02-01T22:22:54.444+0000] {dagbag.py:538} INFO - Filling up the DagBag from /home/airflow/.local/lib/python3.7/site-packages/airflow/example_dags/tutorial.py
[2023-02-01T22:22:54.454+0000] {processor.py:753} INFO - DAG(s) dict_keys(['tutorial']) retrieved from /home/airflow/.local/lib/python3.7/site-packages/airflow/example_dags/tutorial.py
[2023-02-01T22:22:54.472+0000] {logging_mixin.py:137} INFO - [2023-02-01T22:22:54.472+0000] {dag.py:2690} INFO - Sync 1 DAGs
[2023-02-01T22:22:54.487+0000] {logging_mixin.py:137} INFO - [2023-02-01T22:22:54.487+0000] {dag.py:3441} INFO - Setting next_dagrun for tutorial to 2023-01-31T22:22:54.487350+00:00, run_after=2023-02-01T22:22:54.487350+00:00
[2023-02-01T22:22:54.498+0000] {processor.py:175} INFO - Processing /home/airflow/.local/lib/python3.7/site-packages/airflow/example_dags/tutorial.py took 0.059 seconds
[2023-02-01T22:23:25.252+0000] {processor.py:153} INFO - Started process (PID=648) to work on /home/airflow/.local/lib/python3.7/site-packages/airflow/example_dags/tutorial.py
[2023-02-01T22:23:25.254+0000] {processor.py:743} INFO - Processing file /home/airflow/.local/lib/python3.7/site-packages/airflow/example_dags/tutorial.py for tasks to queue
[2023-02-01T22:23:25.255+0000] {logging_mixin.py:137} INFO - [2023-02-01T22:23:25.255+0000] {dagbag.py:538} INFO - Filling up the DagBag from /home/airflow/.local/lib/python3.7/site-packages/airflow/example_dags/tutorial.py
[2023-02-01T22:23:25.269+0000] {processor.py:753} INFO - DAG(s) dict_keys(['tutorial']) retrieved from /home/airflow/.local/lib/python3.7/site-packages/airflow/example_dags/tutorial.py
[2023-02-01T22:23:25.354+0000] {logging_mixin.py:137} INFO - [2023-02-01T22:23:25.354+0000] {dag.py:2690} INFO - Sync 1 DAGs
[2023-02-01T22:23:25.387+0000] {logging_mixin.py:137} INFO - [2023-02-01T22:23:25.387+0000] {dag.py:3441} INFO - Setting next_dagrun for tutorial to 2023-01-31T22:23:25.387059+00:00, run_after=2023-02-01T22:23:25.387059+00:00
[2023-02-01T22:23:25.411+0000] {processor.py:175} INFO - Processing /home/airflow/.local/lib/python3.7/site-packages/airflow/example_dags/tutorial.py took 0.162 seconds
[2023-02-01T22:23:56.130+0000] {processor.py:153} INFO - Started process (PID=712) to work on /home/airflow/.local/lib/python3.7/site-packages/airflow/example_dags/tutorial.py
[2023-02-01T22:23:56.131+0000] {processor.py:743} INFO - Processing file /home/airflow/.local/lib/python3.7/site-packages/airflow/example_dags/tutorial.py for tasks to queue
[2023-02-01T22:23:56.132+0000] {logging_mixin.py:137} INFO - [2023-02-01T22:23:56.132+0000] {dagbag.py:538} INFO - Filling up the DagBag from /home/airflow/.local/lib/python3.7/site-packages/airflow/example_dags/tutorial.py
[2023-02-01T22:23:56.142+0000] {processor.py:753} INFO - DAG(s) dict_keys(['tutorial']) retrieved from /home/airflow/.local/lib/python3.7/site-packages/airflow/example_dags/tutorial.py
[2023-02-01T22:23:56.166+0000] {logging_mixin.py:137} INFO - [2023-02-01T22:23:56.166+0000] {dag.py:2690} INFO - Sync 1 DAGs
[2023-02-01T22:23:56.185+0000] {logging_mixin.py:137} INFO - [2023-02-01T22:23:56.185+0000] {dag.py:3441} INFO - Setting next_dagrun for tutorial to 2023-01-31T22:23:56.185281+00:00, run_after=2023-02-01T22:23:56.185281+00:00
[2023-02-01T22:23:56.198+0000] {processor.py:175} INFO - Processing /home/airflow/.local/lib/python3.7/site-packages/airflow/example_dags/tutorial.py took 0.071 seconds
[2023-02-01T22:24:26.512+0000] {processor.py:153} INFO - Started process (PID=788) to work on /home/airflow/.local/lib/python3.7/site-packages/airflow/example_dags/tutorial.py
[2023-02-01T22:24:26.513+0000] {processor.py:743} INFO - Processing file /home/airflow/.local/lib/python3.7/site-packages/airflow/example_dags/tutorial.py for tasks to queue
[2023-02-01T22:24:26.514+0000] {logging_mixin.py:137} INFO - [2023-02-01T22:24:26.514+0000] {dagbag.py:538} INFO - Filling up the DagBag from /home/airflow/.local/lib/python3.7/site-packages/airflow/example_dags/tutorial.py
[2023-02-01T22:24:26.525+0000] {processor.py:753} INFO - DAG(s) dict_keys(['tutorial']) retrieved from /home/airflow/.local/lib/python3.7/site-packages/airflow/example_dags/tutorial.py
[2023-02-01T22:24:26.543+0000] {logging_mixin.py:137} INFO - [2023-02-01T22:24:26.543+0000] {dag.py:2690} INFO - Sync 1 DAGs
[2023-02-01T22:24:26.559+0000] {logging_mixin.py:137} INFO - [2023-02-01T22:24:26.559+0000] {dag.py:3441} INFO - Setting next_dagrun for tutorial to 2023-01-31T22:24:26.559703+00:00, run_after=2023-02-01T22:24:26.559703+00:00
[2023-02-01T22:24:26.570+0000] {processor.py:175} INFO - Processing /home/airflow/.local/lib/python3.7/site-packages/airflow/example_dags/tutorial.py took 0.061 seconds
[2023-02-01T22:24:57.237+0000] {processor.py:153} INFO - Started process (PID=865) to work on /home/airflow/.local/lib/python3.7/site-packages/airflow/example_dags/tutorial.py
[2023-02-01T22:24:57.239+0000] {processor.py:743} INFO - Processing file /home/airflow/.local/lib/python3.7/site-packages/airflow/example_dags/tutorial.py for tasks to queue
[2023-02-01T22:24:57.240+0000] {logging_mixin.py:137} INFO - [2023-02-01T22:24:57.239+0000] {dagbag.py:538} INFO - Filling up the DagBag from /home/airflow/.local/lib/python3.7/site-packages/airflow/example_dags/tutorial.py
[2023-02-01T22:24:57.250+0000] {processor.py:753} INFO - DAG(s) dict_keys(['tutorial']) retrieved from /home/airflow/.local/lib/python3.7/site-packages/airflow/example_dags/tutorial.py
[2023-02-01T22:24:57.272+0000] {logging_mixin.py:137} INFO - [2023-02-01T22:24:57.271+0000] {dag.py:2690} INFO - Sync 1 DAGs
[2023-02-01T22:24:57.288+0000] {logging_mixin.py:137} INFO - [2023-02-01T22:24:57.288+0000] {dag.py:3441} INFO - Setting next_dagrun for tutorial to 2023-01-31T22:24:57.288243+00:00, run_after=2023-02-01T22:24:57.288243+00:00
[2023-02-01T22:24:57.300+0000] {processor.py:175} INFO - Processing /home/airflow/.local/lib/python3.7/site-packages/airflow/example_dags/tutorial.py took 0.065 seconds
[2023-02-01T22:25:27.759+0000] {processor.py:153} INFO - Started process (PID=929) to work on /home/airflow/.local/lib/python3.7/site-packages/airflow/example_dags/tutorial.py
[2023-02-01T22:25:27.761+0000] {processor.py:743} INFO - Processing file /home/airflow/.local/lib/python3.7/site-packages/airflow/example_dags/tutorial.py for tasks to queue
[2023-02-01T22:25:27.762+0000] {logging_mixin.py:137} INFO - [2023-02-01T22:25:27.762+0000] {dagbag.py:538} INFO - Filling up the DagBag from /home/airflow/.local/lib/python3.7/site-packages/airflow/example_dags/tutorial.py
[2023-02-01T22:25:27.776+0000] {processor.py:753} INFO - DAG(s) dict_keys(['tutorial']) retrieved from /home/airflow/.local/lib/python3.7/site-packages/airflow/example_dags/tutorial.py
[2023-02-01T22:25:27.795+0000] {logging_mixin.py:137} INFO - [2023-02-01T22:25:27.795+0000] {dag.py:2690} INFO - Sync 1 DAGs
[2023-02-01T22:25:27.811+0000] {logging_mixin.py:137} INFO - [2023-02-01T22:25:27.811+0000] {dag.py:3441} INFO - Setting next_dagrun for tutorial to 2023-01-31T22:25:27.811563+00:00, run_after=2023-02-01T22:25:27.811563+00:00
[2023-02-01T22:25:27.825+0000] {processor.py:175} INFO - Processing /home/airflow/.local/lib/python3.7/site-packages/airflow/example_dags/tutorial.py took 0.069 seconds
[2023-02-01T22:25:58.763+0000] {processor.py:153} INFO - Started process (PID=1006) to work on /home/airflow/.local/lib/python3.7/site-packages/airflow/example_dags/tutorial.py
[2023-02-01T22:25:58.764+0000] {processor.py:743} INFO - Processing file /home/airflow/.local/lib/python3.7/site-packages/airflow/example_dags/tutorial.py for tasks to queue
[2023-02-01T22:25:58.765+0000] {logging_mixin.py:137} INFO - [2023-02-01T22:25:58.764+0000] {dagbag.py:538} INFO - Filling up the DagBag from /home/airflow/.local/lib/python3.7/site-packages/airflow/example_dags/tutorial.py
[2023-02-01T22:25:58.775+0000] {processor.py:753} INFO - DAG(s) dict_keys(['tutorial']) retrieved from /home/airflow/.local/lib/python3.7/site-packages/airflow/example_dags/tutorial.py
[2023-02-01T22:25:58.792+0000] {logging_mixin.py:137} INFO - [2023-02-01T22:25:58.792+0000] {dag.py:2690} INFO - Sync 1 DAGs
[2023-02-01T22:25:58.806+0000] {logging_mixin.py:137} INFO - [2023-02-01T22:25:58.806+0000] {dag.py:3441} INFO - Setting next_dagrun for tutorial to 2023-01-31T22:25:58.806509+00:00, run_after=2023-02-01T22:25:58.806509+00:00
[2023-02-01T22:25:58.816+0000] {processor.py:175} INFO - Processing /home/airflow/.local/lib/python3.7/site-packages/airflow/example_dags/tutorial.py took 0.057 seconds
[2023-02-01T22:26:29.774+0000] {processor.py:153} INFO - Started process (PID=1083) to work on /home/airflow/.local/lib/python3.7/site-packages/airflow/example_dags/tutorial.py
[2023-02-01T22:26:29.776+0000] {processor.py:743} INFO - Processing file /home/airflow/.local/lib/python3.7/site-packages/airflow/example_dags/tutorial.py for tasks to queue
[2023-02-01T22:26:29.777+0000] {logging_mixin.py:137} INFO - [2023-02-01T22:26:29.777+0000] {dagbag.py:538} INFO - Filling up the DagBag from /home/airflow/.local/lib/python3.7/site-packages/airflow/example_dags/tutorial.py
[2023-02-01T22:26:29.794+0000] {processor.py:753} INFO - DAG(s) dict_keys(['tutorial']) retrieved from /home/airflow/.local/lib/python3.7/site-packages/airflow/example_dags/tutorial.py
[2023-02-01T22:26:29.821+0000] {logging_mixin.py:137} INFO - [2023-02-01T22:26:29.821+0000] {dag.py:2690} INFO - Sync 1 DAGs
[2023-02-01T22:26:29.842+0000] {logging_mixin.py:137} INFO - [2023-02-01T22:26:29.842+0000] {dag.py:3441} INFO - Setting next_dagrun for tutorial to 2023-01-31T22:26:29.842336+00:00, run_after=2023-02-01T22:26:29.842336+00:00
[2023-02-01T22:26:29.865+0000] {processor.py:175} INFO - Processing /home/airflow/.local/lib/python3.7/site-packages/airflow/example_dags/tutorial.py took 0.094 seconds
[2023-02-01T22:27:00.432+0000] {processor.py:153} INFO - Started process (PID=1146) to work on /home/airflow/.local/lib/python3.7/site-packages/airflow/example_dags/tutorial.py
[2023-02-01T22:27:00.434+0000] {processor.py:743} INFO - Processing file /home/airflow/.local/lib/python3.7/site-packages/airflow/example_dags/tutorial.py for tasks to queue
[2023-02-01T22:27:00.435+0000] {logging_mixin.py:137} INFO - [2023-02-01T22:27:00.435+0000] {dagbag.py:538} INFO - Filling up the DagBag from /home/airflow/.local/lib/python3.7/site-packages/airflow/example_dags/tutorial.py
[2023-02-01T22:27:00.449+0000] {processor.py:753} INFO - DAG(s) dict_keys(['tutorial']) retrieved from /home/airflow/.local/lib/python3.7/site-packages/airflow/example_dags/tutorial.py
[2023-02-01T22:27:00.467+0000] {logging_mixin.py:137} INFO - [2023-02-01T22:27:00.467+0000] {dag.py:2690} INFO - Sync 1 DAGs
[2023-02-01T22:27:00.484+0000] {logging_mixin.py:137} INFO - [2023-02-01T22:27:00.484+0000] {dag.py:3441} INFO - Setting next_dagrun for tutorial to 2023-01-31T22:27:00.483940+00:00, run_after=2023-02-01T22:27:00.483940+00:00
[2023-02-01T22:27:00.496+0000] {processor.py:175} INFO - Processing /home/airflow/.local/lib/python3.7/site-packages/airflow/example_dags/tutorial.py took 0.067 seconds
[2023-02-01T22:27:31.308+0000] {processor.py:153} INFO - Started process (PID=1222) to work on /home/airflow/.local/lib/python3.7/site-packages/airflow/example_dags/tutorial.py
[2023-02-01T22:27:31.317+0000] {processor.py:743} INFO - Processing file /home/airflow/.local/lib/python3.7/site-packages/airflow/example_dags/tutorial.py for tasks to queue
[2023-02-01T22:27:31.318+0000] {logging_mixin.py:137} INFO - [2023-02-01T22:27:31.318+0000] {dagbag.py:538} INFO - Filling up the DagBag from /home/airflow/.local/lib/python3.7/site-packages/airflow/example_dags/tutorial.py
[2023-02-01T22:27:31.329+0000] {processor.py:753} INFO - DAG(s) dict_keys(['tutorial']) retrieved from /home/airflow/.local/lib/python3.7/site-packages/airflow/example_dags/tutorial.py
[2023-02-01T22:27:31.346+0000] {logging_mixin.py:137} INFO - [2023-02-01T22:27:31.346+0000] {dag.py:2690} INFO - Sync 1 DAGs
[2023-02-01T22:27:31.363+0000] {logging_mixin.py:137} INFO - [2023-02-01T22:27:31.363+0000] {dag.py:3441} INFO - Setting next_dagrun for tutorial to 2023-01-31T22:27:31.362996+00:00, run_after=2023-02-01T22:27:31.362996+00:00
[2023-02-01T22:27:31.373+0000] {processor.py:175} INFO - Processing /home/airflow/.local/lib/python3.7/site-packages/airflow/example_dags/tutorial.py took 0.068 seconds
[2023-02-01T22:28:01.833+0000] {processor.py:153} INFO - Started process (PID=1285) to work on /home/airflow/.local/lib/python3.7/site-packages/airflow/example_dags/tutorial.py
[2023-02-01T22:28:01.834+0000] {processor.py:743} INFO - Processing file /home/airflow/.local/lib/python3.7/site-packages/airflow/example_dags/tutorial.py for tasks to queue
[2023-02-01T22:28:01.835+0000] {logging_mixin.py:137} INFO - [2023-02-01T22:28:01.835+0000] {dagbag.py:538} INFO - Filling up the DagBag from /home/airflow/.local/lib/python3.7/site-packages/airflow/example_dags/tutorial.py
[2023-02-01T22:28:01.846+0000] {processor.py:753} INFO - DAG(s) dict_keys(['tutorial']) retrieved from /home/airflow/.local/lib/python3.7/site-packages/airflow/example_dags/tutorial.py
[2023-02-01T22:28:01.867+0000] {logging_mixin.py:137} INFO - [2023-02-01T22:28:01.866+0000] {dag.py:2690} INFO - Sync 1 DAGs
[2023-02-01T22:28:01.883+0000] {logging_mixin.py:137} INFO - [2023-02-01T22:28:01.883+0000] {dag.py:3441} INFO - Setting next_dagrun for tutorial to 2023-01-31T22:28:01.883078+00:00, run_after=2023-02-01T22:28:01.883078+00:00
[2023-02-01T22:28:01.893+0000] {processor.py:175} INFO - Processing /home/airflow/.local/lib/python3.7/site-packages/airflow/example_dags/tutorial.py took 0.062 seconds
[2023-02-01T22:28:32.694+0000] {processor.py:153} INFO - Started process (PID=1361) to work on /home/airflow/.local/lib/python3.7/site-packages/airflow/example_dags/tutorial.py
[2023-02-01T22:28:32.695+0000] {processor.py:743} INFO - Processing file /home/airflow/.local/lib/python3.7/site-packages/airflow/example_dags/tutorial.py for tasks to queue
[2023-02-01T22:28:32.696+0000] {logging_mixin.py:137} INFO - [2023-02-01T22:28:32.696+0000] {dagbag.py:538} INFO - Filling up the DagBag from /home/airflow/.local/lib/python3.7/site-packages/airflow/example_dags/tutorial.py
[2023-02-01T22:28:32.707+0000] {processor.py:753} INFO - DAG(s) dict_keys(['tutorial']) retrieved from /home/airflow/.local/lib/python3.7/site-packages/airflow/example_dags/tutorial.py
[2023-02-01T22:28:32.728+0000] {logging_mixin.py:137} INFO - [2023-02-01T22:28:32.728+0000] {dag.py:2690} INFO - Sync 1 DAGs
[2023-02-01T22:28:32.744+0000] {logging_mixin.py:137} INFO - [2023-02-01T22:28:32.744+0000] {dag.py:3441} INFO - Setting next_dagrun for tutorial to 2023-01-31T22:28:32.744242+00:00, run_after=2023-02-01T22:28:32.744242+00:00
[2023-02-01T22:28:32.755+0000] {processor.py:175} INFO - Processing /home/airflow/.local/lib/python3.7/site-packages/airflow/example_dags/tutorial.py took 0.064 seconds
[2023-02-01T22:29:03.321+0000] {processor.py:153} INFO - Started process (PID=1436) to work on /home/airflow/.local/lib/python3.7/site-packages/airflow/example_dags/tutorial.py
[2023-02-01T22:29:03.323+0000] {processor.py:743} INFO - Processing file /home/airflow/.local/lib/python3.7/site-packages/airflow/example_dags/tutorial.py for tasks to queue
[2023-02-01T22:29:03.325+0000] {logging_mixin.py:137} INFO - [2023-02-01T22:29:03.325+0000] {dagbag.py:538} INFO - Filling up the DagBag from /home/airflow/.local/lib/python3.7/site-packages/airflow/example_dags/tutorial.py
[2023-02-01T22:29:03.336+0000] {processor.py:753} INFO - DAG(s) dict_keys(['tutorial']) retrieved from /home/airflow/.local/lib/python3.7/site-packages/airflow/example_dags/tutorial.py
[2023-02-01T22:29:03.356+0000] {logging_mixin.py:137} INFO - [2023-02-01T22:29:03.356+0000] {dag.py:2690} INFO - Sync 1 DAGs
[2023-02-01T22:29:03.371+0000] {logging_mixin.py:137} INFO - [2023-02-01T22:29:03.371+0000] {dag.py:3441} INFO - Setting next_dagrun for tutorial to 2023-01-31T22:29:03.370890+00:00, run_after=2023-02-01T22:29:03.370890+00:00
[2023-02-01T22:29:03.382+0000] {processor.py:175} INFO - Processing /home/airflow/.local/lib/python3.7/site-packages/airflow/example_dags/tutorial.py took 0.067 seconds
[2023-02-01T22:29:34.220+0000] {processor.py:153} INFO - Started process (PID=1500) to work on /home/airflow/.local/lib/python3.7/site-packages/airflow/example_dags/tutorial.py
[2023-02-01T22:29:34.221+0000] {processor.py:743} INFO - Processing file /home/airflow/.local/lib/python3.7/site-packages/airflow/example_dags/tutorial.py for tasks to queue
[2023-02-01T22:29:34.222+0000] {logging_mixin.py:137} INFO - [2023-02-01T22:29:34.222+0000] {dagbag.py:538} INFO - Filling up the DagBag from /home/airflow/.local/lib/python3.7/site-packages/airflow/example_dags/tutorial.py
[2023-02-01T22:29:34.231+0000] {processor.py:753} INFO - DAG(s) dict_keys(['tutorial']) retrieved from /home/airflow/.local/lib/python3.7/site-packages/airflow/example_dags/tutorial.py
[2023-02-01T22:29:34.250+0000] {logging_mixin.py:137} INFO - [2023-02-01T22:29:34.250+0000] {dag.py:2690} INFO - Sync 1 DAGs
[2023-02-01T22:29:34.265+0000] {logging_mixin.py:137} INFO - [2023-02-01T22:29:34.265+0000] {dag.py:3441} INFO - Setting next_dagrun for tutorial to 2023-01-31T22:29:34.264972+00:00, run_after=2023-02-01T22:29:34.264972+00:00
[2023-02-01T22:29:34.279+0000] {processor.py:175} INFO - Processing /home/airflow/.local/lib/python3.7/site-packages/airflow/example_dags/tutorial.py took 0.062 seconds
[2023-02-01T22:30:05.126+0000] {processor.py:153} INFO - Started process (PID=1575) to work on /home/airflow/.local/lib/python3.7/site-packages/airflow/example_dags/tutorial.py
[2023-02-01T22:30:05.128+0000] {processor.py:743} INFO - Processing file /home/airflow/.local/lib/python3.7/site-packages/airflow/example_dags/tutorial.py for tasks to queue
[2023-02-01T22:30:05.129+0000] {logging_mixin.py:137} INFO - [2023-02-01T22:30:05.129+0000] {dagbag.py:538} INFO - Filling up the DagBag from /home/airflow/.local/lib/python3.7/site-packages/airflow/example_dags/tutorial.py
[2023-02-01T22:30:05.143+0000] {processor.py:753} INFO - DAG(s) dict_keys(['tutorial']) retrieved from /home/airflow/.local/lib/python3.7/site-packages/airflow/example_dags/tutorial.py
[2023-02-01T22:30:05.164+0000] {logging_mixin.py:137} INFO - [2023-02-01T22:30:05.164+0000] {dag.py:2690} INFO - Sync 1 DAGs
[2023-02-01T22:30:05.181+0000] {logging_mixin.py:137} INFO - [2023-02-01T22:30:05.181+0000] {dag.py:3441} INFO - Setting next_dagrun for tutorial to 2023-01-31T22:30:05.181120+00:00, run_after=2023-02-01T22:30:05.181120+00:00
[2023-02-01T22:30:05.192+0000] {processor.py:175} INFO - Processing /home/airflow/.local/lib/python3.7/site-packages/airflow/example_dags/tutorial.py took 0.074 seconds
[2023-02-01T22:30:35.739+0000] {processor.py:153} INFO - Started process (PID=1646) to work on /home/airflow/.local/lib/python3.7/site-packages/airflow/example_dags/tutorial.py
[2023-02-01T22:30:35.741+0000] {processor.py:743} INFO - Processing file /home/airflow/.local/lib/python3.7/site-packages/airflow/example_dags/tutorial.py for tasks to queue
[2023-02-01T22:30:35.742+0000] {logging_mixin.py:137} INFO - [2023-02-01T22:30:35.742+0000] {dagbag.py:538} INFO - Filling up the DagBag from /home/airflow/.local/lib/python3.7/site-packages/airflow/example_dags/tutorial.py
[2023-02-01T22:30:35.761+0000] {processor.py:753} INFO - DAG(s) dict_keys(['tutorial']) retrieved from /home/airflow/.local/lib/python3.7/site-packages/airflow/example_dags/tutorial.py
[2023-02-01T22:30:35.796+0000] {logging_mixin.py:137} INFO - [2023-02-01T22:30:35.796+0000] {dag.py:2690} INFO - Sync 1 DAGs
[2023-02-01T22:30:35.819+0000] {logging_mixin.py:137} INFO - [2023-02-01T22:30:35.819+0000] {dag.py:3441} INFO - Setting next_dagrun for tutorial to 2023-01-31T22:30:35.818791+00:00, run_after=2023-02-01T22:30:35.818791+00:00
[2023-02-01T22:30:35.838+0000] {processor.py:175} INFO - Processing /home/airflow/.local/lib/python3.7/site-packages/airflow/example_dags/tutorial.py took 0.102 seconds
[2023-02-01T22:31:06.022+0000] {processor.py:153} INFO - Started process (PID=1715) to work on /home/airflow/.local/lib/python3.7/site-packages/airflow/example_dags/tutorial.py
[2023-02-01T22:31:06.024+0000] {processor.py:743} INFO - Processing file /home/airflow/.local/lib/python3.7/site-packages/airflow/example_dags/tutorial.py for tasks to queue
[2023-02-01T22:31:06.025+0000] {logging_mixin.py:137} INFO - [2023-02-01T22:31:06.025+0000] {dagbag.py:538} INFO - Filling up the DagBag from /home/airflow/.local/lib/python3.7/site-packages/airflow/example_dags/tutorial.py
[2023-02-01T22:31:06.034+0000] {processor.py:753} INFO - DAG(s) dict_keys(['tutorial']) retrieved from /home/airflow/.local/lib/python3.7/site-packages/airflow/example_dags/tutorial.py
[2023-02-01T22:31:06.053+0000] {logging_mixin.py:137} INFO - [2023-02-01T22:31:06.053+0000] {dag.py:2690} INFO - Sync 1 DAGs
[2023-02-01T22:31:06.067+0000] {logging_mixin.py:137} INFO - [2023-02-01T22:31:06.067+0000] {dag.py:3441} INFO - Setting next_dagrun for tutorial to 2023-01-31T22:31:06.067468+00:00, run_after=2023-02-01T22:31:06.067468+00:00
[2023-02-01T22:31:06.077+0000] {processor.py:175} INFO - Processing /home/airflow/.local/lib/python3.7/site-packages/airflow/example_dags/tutorial.py took 0.058 seconds
[2023-02-01T22:31:37.246+0000] {processor.py:153} INFO - Started process (PID=1790) to work on /home/airflow/.local/lib/python3.7/site-packages/airflow/example_dags/tutorial.py
[2023-02-01T22:31:37.247+0000] {processor.py:743} INFO - Processing file /home/airflow/.local/lib/python3.7/site-packages/airflow/example_dags/tutorial.py for tasks to queue
[2023-02-01T22:31:37.248+0000] {logging_mixin.py:137} INFO - [2023-02-01T22:31:37.248+0000] {dagbag.py:538} INFO - Filling up the DagBag from /home/airflow/.local/lib/python3.7/site-packages/airflow/example_dags/tutorial.py
[2023-02-01T22:31:37.261+0000] {processor.py:753} INFO - DAG(s) dict_keys(['tutorial']) retrieved from /home/airflow/.local/lib/python3.7/site-packages/airflow/example_dags/tutorial.py
[2023-02-01T22:31:37.281+0000] {logging_mixin.py:137} INFO - [2023-02-01T22:31:37.281+0000] {dag.py:2690} INFO - Sync 1 DAGs
[2023-02-01T22:31:37.300+0000] {logging_mixin.py:137} INFO - [2023-02-01T22:31:37.300+0000] {dag.py:3441} INFO - Setting next_dagrun for tutorial to 2023-01-31T22:31:37.299813+00:00, run_after=2023-02-01T22:31:37.299813+00:00
[2023-02-01T22:31:37.315+0000] {processor.py:175} INFO - Processing /home/airflow/.local/lib/python3.7/site-packages/airflow/example_dags/tutorial.py took 0.076 seconds
[2023-02-01T22:32:08.068+0000] {processor.py:153} INFO - Started process (PID=1854) to work on /home/airflow/.local/lib/python3.7/site-packages/airflow/example_dags/tutorial.py
[2023-02-01T22:32:08.069+0000] {processor.py:743} INFO - Processing file /home/airflow/.local/lib/python3.7/site-packages/airflow/example_dags/tutorial.py for tasks to queue
[2023-02-01T22:32:08.070+0000] {logging_mixin.py:137} INFO - [2023-02-01T22:32:08.070+0000] {dagbag.py:538} INFO - Filling up the DagBag from /home/airflow/.local/lib/python3.7/site-packages/airflow/example_dags/tutorial.py
[2023-02-01T22:32:08.080+0000] {processor.py:753} INFO - DAG(s) dict_keys(['tutorial']) retrieved from /home/airflow/.local/lib/python3.7/site-packages/airflow/example_dags/tutorial.py
[2023-02-01T22:32:08.097+0000] {logging_mixin.py:137} INFO - [2023-02-01T22:32:08.097+0000] {dag.py:2690} INFO - Sync 1 DAGs
[2023-02-01T22:32:08.112+0000] {logging_mixin.py:137} INFO - [2023-02-01T22:32:08.112+0000] {dag.py:3441} INFO - Setting next_dagrun for tutorial to 2023-01-31T22:32:08.112084+00:00, run_after=2023-02-01T22:32:08.112084+00:00
[2023-02-01T22:32:08.122+0000] {processor.py:175} INFO - Processing /home/airflow/.local/lib/python3.7/site-packages/airflow/example_dags/tutorial.py took 0.058 seconds
[2023-02-01T22:32:38.592+0000] {processor.py:153} INFO - Started process (PID=1931) to work on /home/airflow/.local/lib/python3.7/site-packages/airflow/example_dags/tutorial.py
[2023-02-01T22:32:38.593+0000] {processor.py:743} INFO - Processing file /home/airflow/.local/lib/python3.7/site-packages/airflow/example_dags/tutorial.py for tasks to queue
[2023-02-01T22:32:38.594+0000] {logging_mixin.py:137} INFO - [2023-02-01T22:32:38.594+0000] {dagbag.py:538} INFO - Filling up the DagBag from /home/airflow/.local/lib/python3.7/site-packages/airflow/example_dags/tutorial.py
[2023-02-01T22:32:38.605+0000] {processor.py:753} INFO - DAG(s) dict_keys(['tutorial']) retrieved from /home/airflow/.local/lib/python3.7/site-packages/airflow/example_dags/tutorial.py
[2023-02-01T22:32:38.623+0000] {logging_mixin.py:137} INFO - [2023-02-01T22:32:38.623+0000] {dag.py:2690} INFO - Sync 1 DAGs
[2023-02-01T22:32:38.637+0000] {logging_mixin.py:137} INFO - [2023-02-01T22:32:38.637+0000] {dag.py:3441} INFO - Setting next_dagrun for tutorial to 2023-01-31T22:32:38.637680+00:00, run_after=2023-02-01T22:32:38.637680+00:00
[2023-02-01T22:32:38.649+0000] {processor.py:175} INFO - Processing /home/airflow/.local/lib/python3.7/site-packages/airflow/example_dags/tutorial.py took 0.060 seconds
[2023-02-01T22:33:08.983+0000] {processor.py:153} INFO - Started process (PID=1995) to work on /home/airflow/.local/lib/python3.7/site-packages/airflow/example_dags/tutorial.py
[2023-02-01T22:33:08.984+0000] {processor.py:743} INFO - Processing file /home/airflow/.local/lib/python3.7/site-packages/airflow/example_dags/tutorial.py for tasks to queue
[2023-02-01T22:33:08.985+0000] {logging_mixin.py:137} INFO - [2023-02-01T22:33:08.984+0000] {dagbag.py:538} INFO - Filling up the DagBag from /home/airflow/.local/lib/python3.7/site-packages/airflow/example_dags/tutorial.py
[2023-02-01T22:33:08.995+0000] {processor.py:753} INFO - DAG(s) dict_keys(['tutorial']) retrieved from /home/airflow/.local/lib/python3.7/site-packages/airflow/example_dags/tutorial.py
[2023-02-01T22:33:09.012+0000] {logging_mixin.py:137} INFO - [2023-02-01T22:33:09.012+0000] {dag.py:2690} INFO - Sync 1 DAGs
[2023-02-01T22:33:09.026+0000] {logging_mixin.py:137} INFO - [2023-02-01T22:33:09.026+0000] {dag.py:3441} INFO - Setting next_dagrun for tutorial to 2023-01-31T22:33:09.026314+00:00, run_after=2023-02-01T22:33:09.026314+00:00
[2023-02-01T22:33:09.036+0000] {processor.py:175} INFO - Processing /home/airflow/.local/lib/python3.7/site-packages/airflow/example_dags/tutorial.py took 0.056 seconds
[2023-02-01T22:33:39.846+0000] {processor.py:153} INFO - Started process (PID=2071) to work on /home/airflow/.local/lib/python3.7/site-packages/airflow/example_dags/tutorial.py
[2023-02-01T22:33:39.848+0000] {processor.py:743} INFO - Processing file /home/airflow/.local/lib/python3.7/site-packages/airflow/example_dags/tutorial.py for tasks to queue
[2023-02-01T22:33:39.849+0000] {logging_mixin.py:137} INFO - [2023-02-01T22:33:39.849+0000] {dagbag.py:538} INFO - Filling up the DagBag from /home/airflow/.local/lib/python3.7/site-packages/airflow/example_dags/tutorial.py
[2023-02-01T22:33:39.860+0000] {processor.py:753} INFO - DAG(s) dict_keys(['tutorial']) retrieved from /home/airflow/.local/lib/python3.7/site-packages/airflow/example_dags/tutorial.py
[2023-02-01T22:33:39.878+0000] {logging_mixin.py:137} INFO - [2023-02-01T22:33:39.878+0000] {dag.py:2690} INFO - Sync 1 DAGs
[2023-02-01T22:33:39.891+0000] {logging_mixin.py:137} INFO - [2023-02-01T22:33:39.891+0000] {dag.py:3441} INFO - Setting next_dagrun for tutorial to 2023-01-31T22:33:39.891655+00:00, run_after=2023-02-01T22:33:39.891655+00:00
[2023-02-01T22:33:39.902+0000] {processor.py:175} INFO - Processing /home/airflow/.local/lib/python3.7/site-packages/airflow/example_dags/tutorial.py took 0.059 seconds
[2023-02-01T22:34:10.687+0000] {processor.py:153} INFO - Started process (PID=2146) to work on /home/airflow/.local/lib/python3.7/site-packages/airflow/example_dags/tutorial.py
[2023-02-01T22:34:10.692+0000] {processor.py:743} INFO - Processing file /home/airflow/.local/lib/python3.7/site-packages/airflow/example_dags/tutorial.py for tasks to queue
[2023-02-01T22:34:10.694+0000] {logging_mixin.py:137} INFO - [2023-02-01T22:34:10.694+0000] {dagbag.py:538} INFO - Filling up the DagBag from /home/airflow/.local/lib/python3.7/site-packages/airflow/example_dags/tutorial.py
[2023-02-01T22:34:10.717+0000] {processor.py:753} INFO - DAG(s) dict_keys(['tutorial']) retrieved from /home/airflow/.local/lib/python3.7/site-packages/airflow/example_dags/tutorial.py
[2023-02-01T22:34:10.811+0000] {logging_mixin.py:137} INFO - [2023-02-01T22:34:10.811+0000] {dag.py:2690} INFO - Sync 1 DAGs
[2023-02-01T22:34:10.875+0000] {logging_mixin.py:137} INFO - [2023-02-01T22:34:10.874+0000] {dag.py:3441} INFO - Setting next_dagrun for tutorial to 2023-01-31T22:34:10.871976+00:00, run_after=2023-02-01T22:34:10.871976+00:00
[2023-02-01T22:34:10.918+0000] {processor.py:175} INFO - Processing /home/airflow/.local/lib/python3.7/site-packages/airflow/example_dags/tutorial.py took 0.242 seconds
[2023-02-01T22:34:41.196+0000] {processor.py:153} INFO - Started process (PID=2210) to work on /home/airflow/.local/lib/python3.7/site-packages/airflow/example_dags/tutorial.py
[2023-02-01T22:34:41.197+0000] {processor.py:743} INFO - Processing file /home/airflow/.local/lib/python3.7/site-packages/airflow/example_dags/tutorial.py for tasks to queue
[2023-02-01T22:34:41.198+0000] {logging_mixin.py:137} INFO - [2023-02-01T22:34:41.198+0000] {dagbag.py:538} INFO - Filling up the DagBag from /home/airflow/.local/lib/python3.7/site-packages/airflow/example_dags/tutorial.py
[2023-02-01T22:34:41.209+0000] {processor.py:753} INFO - DAG(s) dict_keys(['tutorial']) retrieved from /home/airflow/.local/lib/python3.7/site-packages/airflow/example_dags/tutorial.py
[2023-02-01T22:34:41.229+0000] {logging_mixin.py:137} INFO - [2023-02-01T22:34:41.229+0000] {dag.py:2690} INFO - Sync 1 DAGs
[2023-02-01T22:34:41.252+0000] {logging_mixin.py:137} INFO - [2023-02-01T22:34:41.252+0000] {dag.py:3441} INFO - Setting next_dagrun for tutorial to 2023-01-31T22:34:41.252267+00:00, run_after=2023-02-01T22:34:41.252267+00:00
[2023-02-01T22:34:41.265+0000] {processor.py:175} INFO - Processing /home/airflow/.local/lib/python3.7/site-packages/airflow/example_dags/tutorial.py took 0.072 seconds
[2023-02-01T22:35:12.206+0000] {processor.py:153} INFO - Started process (PID=2286) to work on /home/airflow/.local/lib/python3.7/site-packages/airflow/example_dags/tutorial.py
[2023-02-01T22:35:12.207+0000] {processor.py:743} INFO - Processing file /home/airflow/.local/lib/python3.7/site-packages/airflow/example_dags/tutorial.py for tasks to queue
[2023-02-01T22:35:12.208+0000] {logging_mixin.py:137} INFO - [2023-02-01T22:35:12.208+0000] {dagbag.py:538} INFO - Filling up the DagBag from /home/airflow/.local/lib/python3.7/site-packages/airflow/example_dags/tutorial.py
[2023-02-01T22:35:12.220+0000] {processor.py:753} INFO - DAG(s) dict_keys(['tutorial']) retrieved from /home/airflow/.local/lib/python3.7/site-packages/airflow/example_dags/tutorial.py
[2023-02-01T22:35:12.240+0000] {logging_mixin.py:137} INFO - [2023-02-01T22:35:12.240+0000] {dag.py:2690} INFO - Sync 1 DAGs
[2023-02-01T22:35:12.256+0000] {logging_mixin.py:137} INFO - [2023-02-01T22:35:12.256+0000] {dag.py:3441} INFO - Setting next_dagrun for tutorial to 2023-01-31T22:35:12.256081+00:00, run_after=2023-02-01T22:35:12.256081+00:00
[2023-02-01T22:35:12.268+0000] {processor.py:175} INFO - Processing /home/airflow/.local/lib/python3.7/site-packages/airflow/example_dags/tutorial.py took 0.065 seconds
[2023-02-01T22:35:42.790+0000] {processor.py:153} INFO - Started process (PID=2351) to work on /home/airflow/.local/lib/python3.7/site-packages/airflow/example_dags/tutorial.py
[2023-02-01T22:35:42.792+0000] {processor.py:743} INFO - Processing file /home/airflow/.local/lib/python3.7/site-packages/airflow/example_dags/tutorial.py for tasks to queue
[2023-02-01T22:35:42.792+0000] {logging_mixin.py:137} INFO - [2023-02-01T22:35:42.792+0000] {dagbag.py:538} INFO - Filling up the DagBag from /home/airflow/.local/lib/python3.7/site-packages/airflow/example_dags/tutorial.py
[2023-02-01T22:35:42.802+0000] {processor.py:753} INFO - DAG(s) dict_keys(['tutorial']) retrieved from /home/airflow/.local/lib/python3.7/site-packages/airflow/example_dags/tutorial.py
[2023-02-01T22:35:42.820+0000] {logging_mixin.py:137} INFO - [2023-02-01T22:35:42.820+0000] {dag.py:2690} INFO - Sync 1 DAGs
[2023-02-01T22:35:42.834+0000] {logging_mixin.py:137} INFO - [2023-02-01T22:35:42.834+0000] {dag.py:3441} INFO - Setting next_dagrun for tutorial to 2023-01-31T22:35:42.834497+00:00, run_after=2023-02-01T22:35:42.834497+00:00
[2023-02-01T22:35:42.844+0000] {processor.py:175} INFO - Processing /home/airflow/.local/lib/python3.7/site-packages/airflow/example_dags/tutorial.py took 0.056 seconds
[2023-02-01T22:36:13.684+0000] {processor.py:153} INFO - Started process (PID=2427) to work on /home/airflow/.local/lib/python3.7/site-packages/airflow/example_dags/tutorial.py
[2023-02-01T22:36:13.685+0000] {processor.py:743} INFO - Processing file /home/airflow/.local/lib/python3.7/site-packages/airflow/example_dags/tutorial.py for tasks to queue
[2023-02-01T22:36:13.686+0000] {logging_mixin.py:137} INFO - [2023-02-01T22:36:13.686+0000] {dagbag.py:538} INFO - Filling up the DagBag from /home/airflow/.local/lib/python3.7/site-packages/airflow/example_dags/tutorial.py
[2023-02-01T22:36:13.696+0000] {processor.py:753} INFO - DAG(s) dict_keys(['tutorial']) retrieved from /home/airflow/.local/lib/python3.7/site-packages/airflow/example_dags/tutorial.py
[2023-02-01T22:36:13.715+0000] {logging_mixin.py:137} INFO - [2023-02-01T22:36:13.715+0000] {dag.py:2690} INFO - Sync 1 DAGs
[2023-02-01T22:36:13.730+0000] {logging_mixin.py:137} INFO - [2023-02-01T22:36:13.730+0000] {dag.py:3441} INFO - Setting next_dagrun for tutorial to 2023-01-31T22:36:13.730490+00:00, run_after=2023-02-01T22:36:13.730490+00:00
[2023-02-01T22:36:13.742+0000] {processor.py:175} INFO - Processing /home/airflow/.local/lib/python3.7/site-packages/airflow/example_dags/tutorial.py took 0.061 seconds
