[2023-02-01T22:19:13.230+0000] {processor.py:153} INFO - Started process (PID=55) to work on /home/airflow/.local/lib/python3.7/site-packages/airflow/example_dags/tutorial_dag.py
[2023-02-01T22:19:13.244+0000] {processor.py:743} INFO - Processing file /home/airflow/.local/lib/python3.7/site-packages/airflow/example_dags/tutorial_dag.py for tasks to queue
[2023-02-01T22:19:13.247+0000] {logging_mixin.py:137} INFO - [2023-02-01T22:19:13.246+0000] {dagbag.py:538} INFO - Filling up the DagBag from /home/airflow/.local/lib/python3.7/site-packages/airflow/example_dags/tutorial_dag.py
[2023-02-01T22:19:13.352+0000] {processor.py:753} INFO - DAG(s) dict_keys(['tutorial_dag']) retrieved from /home/airflow/.local/lib/python3.7/site-packages/airflow/example_dags/tutorial_dag.py
[2023-02-01T22:19:13.425+0000] {logging_mixin.py:137} INFO - [2023-02-01T22:19:13.424+0000] {dag.py:2690} INFO - Sync 1 DAGs
[2023-02-01T22:19:13.591+0000] {logging_mixin.py:137} INFO - [2023-02-01T22:19:13.591+0000] {dag.py:3441} INFO - Setting next_dagrun for tutorial_dag to None, run_after=None
[2023-02-01T22:19:13.639+0000] {processor.py:175} INFO - Processing /home/airflow/.local/lib/python3.7/site-packages/airflow/example_dags/tutorial_dag.py took 0.425 seconds
[2023-02-01T22:19:44.423+0000] {processor.py:153} INFO - Started process (PID=122) to work on /home/airflow/.local/lib/python3.7/site-packages/airflow/example_dags/tutorial_dag.py
[2023-02-01T22:19:44.425+0000] {processor.py:743} INFO - Processing file /home/airflow/.local/lib/python3.7/site-packages/airflow/example_dags/tutorial_dag.py for tasks to queue
[2023-02-01T22:19:44.426+0000] {logging_mixin.py:137} INFO - [2023-02-01T22:19:44.426+0000] {dagbag.py:538} INFO - Filling up the DagBag from /home/airflow/.local/lib/python3.7/site-packages/airflow/example_dags/tutorial_dag.py
[2023-02-01T22:19:44.442+0000] {processor.py:753} INFO - DAG(s) dict_keys(['tutorial_dag']) retrieved from /home/airflow/.local/lib/python3.7/site-packages/airflow/example_dags/tutorial_dag.py
[2023-02-01T22:19:44.474+0000] {logging_mixin.py:137} INFO - [2023-02-01T22:19:44.474+0000] {dag.py:2690} INFO - Sync 1 DAGs
[2023-02-01T22:19:44.501+0000] {logging_mixin.py:137} INFO - [2023-02-01T22:19:44.501+0000] {dag.py:3441} INFO - Setting next_dagrun for tutorial_dag to None, run_after=None
[2023-02-01T22:19:44.516+0000] {processor.py:175} INFO - Processing /home/airflow/.local/lib/python3.7/site-packages/airflow/example_dags/tutorial_dag.py took 0.098 seconds
[2023-02-01T22:20:14.564+0000] {processor.py:153} INFO - Started process (PID=186) to work on /home/airflow/.local/lib/python3.7/site-packages/airflow/example_dags/tutorial_dag.py
[2023-02-01T22:20:14.566+0000] {processor.py:743} INFO - Processing file /home/airflow/.local/lib/python3.7/site-packages/airflow/example_dags/tutorial_dag.py for tasks to queue
[2023-02-01T22:20:14.567+0000] {logging_mixin.py:137} INFO - [2023-02-01T22:20:14.567+0000] {dagbag.py:538} INFO - Filling up the DagBag from /home/airflow/.local/lib/python3.7/site-packages/airflow/example_dags/tutorial_dag.py
[2023-02-01T22:20:14.578+0000] {processor.py:753} INFO - DAG(s) dict_keys(['tutorial_dag']) retrieved from /home/airflow/.local/lib/python3.7/site-packages/airflow/example_dags/tutorial_dag.py
[2023-02-01T22:20:14.604+0000] {logging_mixin.py:137} INFO - [2023-02-01T22:20:14.603+0000] {dag.py:2690} INFO - Sync 1 DAGs
[2023-02-01T22:20:14.625+0000] {logging_mixin.py:137} INFO - [2023-02-01T22:20:14.625+0000] {dag.py:3441} INFO - Setting next_dagrun for tutorial_dag to None, run_after=None
[2023-02-01T22:20:14.644+0000] {processor.py:175} INFO - Processing /home/airflow/.local/lib/python3.7/site-packages/airflow/example_dags/tutorial_dag.py took 0.083 seconds
[2023-02-01T22:20:45.491+0000] {processor.py:153} INFO - Started process (PID=262) to work on /home/airflow/.local/lib/python3.7/site-packages/airflow/example_dags/tutorial_dag.py
[2023-02-01T22:20:45.493+0000] {processor.py:743} INFO - Processing file /home/airflow/.local/lib/python3.7/site-packages/airflow/example_dags/tutorial_dag.py for tasks to queue
[2023-02-01T22:20:45.494+0000] {logging_mixin.py:137} INFO - [2023-02-01T22:20:45.494+0000] {dagbag.py:538} INFO - Filling up the DagBag from /home/airflow/.local/lib/python3.7/site-packages/airflow/example_dags/tutorial_dag.py
[2023-02-01T22:20:45.507+0000] {processor.py:753} INFO - DAG(s) dict_keys(['tutorial_dag']) retrieved from /home/airflow/.local/lib/python3.7/site-packages/airflow/example_dags/tutorial_dag.py
[2023-02-01T22:20:45.530+0000] {logging_mixin.py:137} INFO - [2023-02-01T22:20:45.530+0000] {dag.py:2690} INFO - Sync 1 DAGs
[2023-02-01T22:20:45.547+0000] {logging_mixin.py:137} INFO - [2023-02-01T22:20:45.547+0000] {dag.py:3441} INFO - Setting next_dagrun for tutorial_dag to None, run_after=None
[2023-02-01T22:20:45.562+0000] {processor.py:175} INFO - Processing /home/airflow/.local/lib/python3.7/site-packages/airflow/example_dags/tutorial_dag.py took 0.075 seconds
[2023-02-01T22:21:16.630+0000] {processor.py:153} INFO - Started process (PID=325) to work on /home/airflow/.local/lib/python3.7/site-packages/airflow/example_dags/tutorial_dag.py
[2023-02-01T22:21:16.632+0000] {processor.py:743} INFO - Processing file /home/airflow/.local/lib/python3.7/site-packages/airflow/example_dags/tutorial_dag.py for tasks to queue
[2023-02-01T22:21:16.633+0000] {logging_mixin.py:137} INFO - [2023-02-01T22:21:16.632+0000] {dagbag.py:538} INFO - Filling up the DagBag from /home/airflow/.local/lib/python3.7/site-packages/airflow/example_dags/tutorial_dag.py
[2023-02-01T22:21:16.652+0000] {processor.py:753} INFO - DAG(s) dict_keys(['tutorial_dag']) retrieved from /home/airflow/.local/lib/python3.7/site-packages/airflow/example_dags/tutorial_dag.py
[2023-02-01T22:21:16.704+0000] {logging_mixin.py:137} INFO - [2023-02-01T22:21:16.704+0000] {dag.py:2690} INFO - Sync 1 DAGs
[2023-02-01T22:21:16.752+0000] {logging_mixin.py:137} INFO - [2023-02-01T22:21:16.752+0000] {dag.py:3441} INFO - Setting next_dagrun for tutorial_dag to None, run_after=None
[2023-02-01T22:21:16.794+0000] {processor.py:175} INFO - Processing /home/airflow/.local/lib/python3.7/site-packages/airflow/example_dags/tutorial_dag.py took 0.167 seconds
[2023-02-01T22:21:47.077+0000] {processor.py:153} INFO - Started process (PID=401) to work on /home/airflow/.local/lib/python3.7/site-packages/airflow/example_dags/tutorial_dag.py
[2023-02-01T22:21:47.078+0000] {processor.py:743} INFO - Processing file /home/airflow/.local/lib/python3.7/site-packages/airflow/example_dags/tutorial_dag.py for tasks to queue
[2023-02-01T22:21:47.079+0000] {logging_mixin.py:137} INFO - [2023-02-01T22:21:47.079+0000] {dagbag.py:538} INFO - Filling up the DagBag from /home/airflow/.local/lib/python3.7/site-packages/airflow/example_dags/tutorial_dag.py
[2023-02-01T22:21:47.087+0000] {processor.py:753} INFO - DAG(s) dict_keys(['tutorial_dag']) retrieved from /home/airflow/.local/lib/python3.7/site-packages/airflow/example_dags/tutorial_dag.py
[2023-02-01T22:21:47.106+0000] {logging_mixin.py:137} INFO - [2023-02-01T22:21:47.106+0000] {dag.py:2690} INFO - Sync 1 DAGs
[2023-02-01T22:21:47.121+0000] {logging_mixin.py:137} INFO - [2023-02-01T22:21:47.120+0000] {dag.py:3441} INFO - Setting next_dagrun for tutorial_dag to None, run_after=None
[2023-02-01T22:21:47.132+0000] {processor.py:175} INFO - Processing /home/airflow/.local/lib/python3.7/site-packages/airflow/example_dags/tutorial_dag.py took 0.059 seconds
[2023-02-01T22:22:17.217+0000] {processor.py:153} INFO - Started process (PID=477) to work on /home/airflow/.local/lib/python3.7/site-packages/airflow/example_dags/tutorial_dag.py
[2023-02-01T22:22:17.218+0000] {processor.py:743} INFO - Processing file /home/airflow/.local/lib/python3.7/site-packages/airflow/example_dags/tutorial_dag.py for tasks to queue
[2023-02-01T22:22:17.219+0000] {logging_mixin.py:137} INFO - [2023-02-01T22:22:17.219+0000] {dagbag.py:538} INFO - Filling up the DagBag from /home/airflow/.local/lib/python3.7/site-packages/airflow/example_dags/tutorial_dag.py
[2023-02-01T22:22:17.228+0000] {processor.py:753} INFO - DAG(s) dict_keys(['tutorial_dag']) retrieved from /home/airflow/.local/lib/python3.7/site-packages/airflow/example_dags/tutorial_dag.py
[2023-02-01T22:22:17.255+0000] {logging_mixin.py:137} INFO - [2023-02-01T22:22:17.255+0000] {dag.py:2690} INFO - Sync 1 DAGs
[2023-02-01T22:22:17.271+0000] {logging_mixin.py:137} INFO - [2023-02-01T22:22:17.271+0000] {dag.py:3441} INFO - Setting next_dagrun for tutorial_dag to None, run_after=None
[2023-02-01T22:22:17.282+0000] {processor.py:175} INFO - Processing /home/airflow/.local/lib/python3.7/site-packages/airflow/example_dags/tutorial_dag.py took 0.068 seconds
[2023-02-01T22:22:48.115+0000] {processor.py:153} INFO - Started process (PID=541) to work on /home/airflow/.local/lib/python3.7/site-packages/airflow/example_dags/tutorial_dag.py
[2023-02-01T22:22:48.117+0000] {processor.py:743} INFO - Processing file /home/airflow/.local/lib/python3.7/site-packages/airflow/example_dags/tutorial_dag.py for tasks to queue
[2023-02-01T22:22:48.118+0000] {logging_mixin.py:137} INFO - [2023-02-01T22:22:48.118+0000] {dagbag.py:538} INFO - Filling up the DagBag from /home/airflow/.local/lib/python3.7/site-packages/airflow/example_dags/tutorial_dag.py
[2023-02-01T22:22:48.129+0000] {processor.py:753} INFO - DAG(s) dict_keys(['tutorial_dag']) retrieved from /home/airflow/.local/lib/python3.7/site-packages/airflow/example_dags/tutorial_dag.py
[2023-02-01T22:22:48.151+0000] {logging_mixin.py:137} INFO - [2023-02-01T22:22:48.151+0000] {dag.py:2690} INFO - Sync 1 DAGs
[2023-02-01T22:22:48.167+0000] {logging_mixin.py:137} INFO - [2023-02-01T22:22:48.167+0000] {dag.py:3441} INFO - Setting next_dagrun for tutorial_dag to None, run_after=None
[2023-02-01T22:22:48.182+0000] {processor.py:175} INFO - Processing /home/airflow/.local/lib/python3.7/site-packages/airflow/example_dags/tutorial_dag.py took 0.070 seconds
[2023-02-01T22:23:18.834+0000] {processor.py:153} INFO - Started process (PID=617) to work on /home/airflow/.local/lib/python3.7/site-packages/airflow/example_dags/tutorial_dag.py
[2023-02-01T22:23:18.836+0000] {processor.py:743} INFO - Processing file /home/airflow/.local/lib/python3.7/site-packages/airflow/example_dags/tutorial_dag.py for tasks to queue
[2023-02-01T22:23:18.837+0000] {logging_mixin.py:137} INFO - [2023-02-01T22:23:18.836+0000] {dagbag.py:538} INFO - Filling up the DagBag from /home/airflow/.local/lib/python3.7/site-packages/airflow/example_dags/tutorial_dag.py
[2023-02-01T22:23:18.847+0000] {processor.py:753} INFO - DAG(s) dict_keys(['tutorial_dag']) retrieved from /home/airflow/.local/lib/python3.7/site-packages/airflow/example_dags/tutorial_dag.py
[2023-02-01T22:23:18.869+0000] {logging_mixin.py:137} INFO - [2023-02-01T22:23:18.869+0000] {dag.py:2690} INFO - Sync 1 DAGs
[2023-02-01T22:23:18.885+0000] {logging_mixin.py:137} INFO - [2023-02-01T22:23:18.885+0000] {dag.py:3441} INFO - Setting next_dagrun for tutorial_dag to None, run_after=None
[2023-02-01T22:23:18.898+0000] {processor.py:175} INFO - Processing /home/airflow/.local/lib/python3.7/site-packages/airflow/example_dags/tutorial_dag.py took 0.067 seconds
[2023-02-01T22:23:49.893+0000] {processor.py:153} INFO - Started process (PID=693) to work on /home/airflow/.local/lib/python3.7/site-packages/airflow/example_dags/tutorial_dag.py
[2023-02-01T22:23:49.894+0000] {processor.py:743} INFO - Processing file /home/airflow/.local/lib/python3.7/site-packages/airflow/example_dags/tutorial_dag.py for tasks to queue
[2023-02-01T22:23:49.895+0000] {logging_mixin.py:137} INFO - [2023-02-01T22:23:49.895+0000] {dagbag.py:538} INFO - Filling up the DagBag from /home/airflow/.local/lib/python3.7/site-packages/airflow/example_dags/tutorial_dag.py
[2023-02-01T22:23:49.910+0000] {processor.py:753} INFO - DAG(s) dict_keys(['tutorial_dag']) retrieved from /home/airflow/.local/lib/python3.7/site-packages/airflow/example_dags/tutorial_dag.py
[2023-02-01T22:23:49.934+0000] {logging_mixin.py:137} INFO - [2023-02-01T22:23:49.934+0000] {dag.py:2690} INFO - Sync 1 DAGs
[2023-02-01T22:23:49.950+0000] {logging_mixin.py:137} INFO - [2023-02-01T22:23:49.950+0000] {dag.py:3441} INFO - Setting next_dagrun for tutorial_dag to None, run_after=None
[2023-02-01T22:23:49.969+0000] {processor.py:175} INFO - Processing /home/airflow/.local/lib/python3.7/site-packages/airflow/example_dags/tutorial_dag.py took 0.078 seconds
[2023-02-01T22:24:21.102+0000] {processor.py:153} INFO - Started process (PID=757) to work on /home/airflow/.local/lib/python3.7/site-packages/airflow/example_dags/tutorial_dag.py
[2023-02-01T22:24:21.103+0000] {processor.py:743} INFO - Processing file /home/airflow/.local/lib/python3.7/site-packages/airflow/example_dags/tutorial_dag.py for tasks to queue
[2023-02-01T22:24:21.104+0000] {logging_mixin.py:137} INFO - [2023-02-01T22:24:21.104+0000] {dagbag.py:538} INFO - Filling up the DagBag from /home/airflow/.local/lib/python3.7/site-packages/airflow/example_dags/tutorial_dag.py
[2023-02-01T22:24:21.129+0000] {processor.py:753} INFO - DAG(s) dict_keys(['tutorial_dag']) retrieved from /home/airflow/.local/lib/python3.7/site-packages/airflow/example_dags/tutorial_dag.py
[2023-02-01T22:24:21.165+0000] {logging_mixin.py:137} INFO - [2023-02-01T22:24:21.165+0000] {dag.py:2690} INFO - Sync 1 DAGs
[2023-02-01T22:24:21.191+0000] {logging_mixin.py:137} INFO - [2023-02-01T22:24:21.190+0000] {dag.py:3441} INFO - Setting next_dagrun for tutorial_dag to None, run_after=None
[2023-02-01T22:24:21.207+0000] {processor.py:175} INFO - Processing /home/airflow/.local/lib/python3.7/site-packages/airflow/example_dags/tutorial_dag.py took 0.110 seconds
[2023-02-01T22:24:51.935+0000] {processor.py:153} INFO - Started process (PID=833) to work on /home/airflow/.local/lib/python3.7/site-packages/airflow/example_dags/tutorial_dag.py
[2023-02-01T22:24:51.936+0000] {processor.py:743} INFO - Processing file /home/airflow/.local/lib/python3.7/site-packages/airflow/example_dags/tutorial_dag.py for tasks to queue
[2023-02-01T22:24:51.937+0000] {logging_mixin.py:137} INFO - [2023-02-01T22:24:51.937+0000] {dagbag.py:538} INFO - Filling up the DagBag from /home/airflow/.local/lib/python3.7/site-packages/airflow/example_dags/tutorial_dag.py
[2023-02-01T22:24:51.947+0000] {processor.py:753} INFO - DAG(s) dict_keys(['tutorial_dag']) retrieved from /home/airflow/.local/lib/python3.7/site-packages/airflow/example_dags/tutorial_dag.py
[2023-02-01T22:24:51.968+0000] {logging_mixin.py:137} INFO - [2023-02-01T22:24:51.968+0000] {dag.py:2690} INFO - Sync 1 DAGs
[2023-02-01T22:24:51.984+0000] {logging_mixin.py:137} INFO - [2023-02-01T22:24:51.984+0000] {dag.py:3441} INFO - Setting next_dagrun for tutorial_dag to None, run_after=None
[2023-02-01T22:24:51.997+0000] {processor.py:175} INFO - Processing /home/airflow/.local/lib/python3.7/site-packages/airflow/example_dags/tutorial_dag.py took 0.065 seconds
[2023-02-01T22:25:22.624+0000] {processor.py:153} INFO - Started process (PID=910) to work on /home/airflow/.local/lib/python3.7/site-packages/airflow/example_dags/tutorial_dag.py
[2023-02-01T22:25:22.626+0000] {processor.py:743} INFO - Processing file /home/airflow/.local/lib/python3.7/site-packages/airflow/example_dags/tutorial_dag.py for tasks to queue
[2023-02-01T22:25:22.626+0000] {logging_mixin.py:137} INFO - [2023-02-01T22:25:22.626+0000] {dagbag.py:538} INFO - Filling up the DagBag from /home/airflow/.local/lib/python3.7/site-packages/airflow/example_dags/tutorial_dag.py
[2023-02-01T22:25:22.636+0000] {processor.py:753} INFO - DAG(s) dict_keys(['tutorial_dag']) retrieved from /home/airflow/.local/lib/python3.7/site-packages/airflow/example_dags/tutorial_dag.py
[2023-02-01T22:25:22.656+0000] {logging_mixin.py:137} INFO - [2023-02-01T22:25:22.656+0000] {dag.py:2690} INFO - Sync 1 DAGs
[2023-02-01T22:25:22.676+0000] {logging_mixin.py:137} INFO - [2023-02-01T22:25:22.676+0000] {dag.py:3441} INFO - Setting next_dagrun for tutorial_dag to None, run_after=None
[2023-02-01T22:25:22.690+0000] {processor.py:175} INFO - Processing /home/airflow/.local/lib/python3.7/site-packages/airflow/example_dags/tutorial_dag.py took 0.068 seconds
[2023-02-01T22:25:53.408+0000] {processor.py:153} INFO - Started process (PID=975) to work on /home/airflow/.local/lib/python3.7/site-packages/airflow/example_dags/tutorial_dag.py
[2023-02-01T22:25:53.410+0000] {processor.py:743} INFO - Processing file /home/airflow/.local/lib/python3.7/site-packages/airflow/example_dags/tutorial_dag.py for tasks to queue
[2023-02-01T22:25:53.411+0000] {logging_mixin.py:137} INFO - [2023-02-01T22:25:53.411+0000] {dagbag.py:538} INFO - Filling up the DagBag from /home/airflow/.local/lib/python3.7/site-packages/airflow/example_dags/tutorial_dag.py
[2023-02-01T22:25:53.422+0000] {processor.py:753} INFO - DAG(s) dict_keys(['tutorial_dag']) retrieved from /home/airflow/.local/lib/python3.7/site-packages/airflow/example_dags/tutorial_dag.py
[2023-02-01T22:25:53.454+0000] {logging_mixin.py:137} INFO - [2023-02-01T22:25:53.454+0000] {dag.py:2690} INFO - Sync 1 DAGs
[2023-02-01T22:25:53.474+0000] {logging_mixin.py:137} INFO - [2023-02-01T22:25:53.474+0000] {dag.py:3441} INFO - Setting next_dagrun for tutorial_dag to None, run_after=None
[2023-02-01T22:25:53.492+0000] {processor.py:175} INFO - Processing /home/airflow/.local/lib/python3.7/site-packages/airflow/example_dags/tutorial_dag.py took 0.088 seconds
[2023-02-01T22:26:24.202+0000] {processor.py:153} INFO - Started process (PID=1051) to work on /home/airflow/.local/lib/python3.7/site-packages/airflow/example_dags/tutorial_dag.py
[2023-02-01T22:26:24.203+0000] {processor.py:743} INFO - Processing file /home/airflow/.local/lib/python3.7/site-packages/airflow/example_dags/tutorial_dag.py for tasks to queue
[2023-02-01T22:26:24.204+0000] {logging_mixin.py:137} INFO - [2023-02-01T22:26:24.204+0000] {dagbag.py:538} INFO - Filling up the DagBag from /home/airflow/.local/lib/python3.7/site-packages/airflow/example_dags/tutorial_dag.py
[2023-02-01T22:26:24.213+0000] {processor.py:753} INFO - DAG(s) dict_keys(['tutorial_dag']) retrieved from /home/airflow/.local/lib/python3.7/site-packages/airflow/example_dags/tutorial_dag.py
[2023-02-01T22:26:24.242+0000] {logging_mixin.py:137} INFO - [2023-02-01T22:26:24.241+0000] {dag.py:2690} INFO - Sync 1 DAGs
[2023-02-01T22:26:24.261+0000] {logging_mixin.py:137} INFO - [2023-02-01T22:26:24.261+0000] {dag.py:3441} INFO - Setting next_dagrun for tutorial_dag to None, run_after=None
[2023-02-01T22:26:24.275+0000] {processor.py:175} INFO - Processing /home/airflow/.local/lib/python3.7/site-packages/airflow/example_dags/tutorial_dag.py took 0.076 seconds
[2023-02-01T22:26:55.232+0000] {processor.py:153} INFO - Started process (PID=1127) to work on /home/airflow/.local/lib/python3.7/site-packages/airflow/example_dags/tutorial_dag.py
[2023-02-01T22:26:55.233+0000] {processor.py:743} INFO - Processing file /home/airflow/.local/lib/python3.7/site-packages/airflow/example_dags/tutorial_dag.py for tasks to queue
[2023-02-01T22:26:55.234+0000] {logging_mixin.py:137} INFO - [2023-02-01T22:26:55.234+0000] {dagbag.py:538} INFO - Filling up the DagBag from /home/airflow/.local/lib/python3.7/site-packages/airflow/example_dags/tutorial_dag.py
[2023-02-01T22:26:55.245+0000] {processor.py:753} INFO - DAG(s) dict_keys(['tutorial_dag']) retrieved from /home/airflow/.local/lib/python3.7/site-packages/airflow/example_dags/tutorial_dag.py
[2023-02-01T22:26:55.264+0000] {logging_mixin.py:137} INFO - [2023-02-01T22:26:55.264+0000] {dag.py:2690} INFO - Sync 1 DAGs
[2023-02-01T22:26:55.280+0000] {logging_mixin.py:137} INFO - [2023-02-01T22:26:55.280+0000] {dag.py:3441} INFO - Setting next_dagrun for tutorial_dag to None, run_after=None
[2023-02-01T22:26:55.291+0000] {processor.py:175} INFO - Processing /home/airflow/.local/lib/python3.7/site-packages/airflow/example_dags/tutorial_dag.py took 0.063 seconds
[2023-02-01T22:27:26.039+0000] {processor.py:153} INFO - Started process (PID=1191) to work on /home/airflow/.local/lib/python3.7/site-packages/airflow/example_dags/tutorial_dag.py
[2023-02-01T22:27:26.040+0000] {processor.py:743} INFO - Processing file /home/airflow/.local/lib/python3.7/site-packages/airflow/example_dags/tutorial_dag.py for tasks to queue
[2023-02-01T22:27:26.042+0000] {logging_mixin.py:137} INFO - [2023-02-01T22:27:26.042+0000] {dagbag.py:538} INFO - Filling up the DagBag from /home/airflow/.local/lib/python3.7/site-packages/airflow/example_dags/tutorial_dag.py
[2023-02-01T22:27:26.056+0000] {processor.py:753} INFO - DAG(s) dict_keys(['tutorial_dag']) retrieved from /home/airflow/.local/lib/python3.7/site-packages/airflow/example_dags/tutorial_dag.py
[2023-02-01T22:27:26.075+0000] {logging_mixin.py:137} INFO - [2023-02-01T22:27:26.075+0000] {dag.py:2690} INFO - Sync 1 DAGs
[2023-02-01T22:27:26.094+0000] {logging_mixin.py:137} INFO - [2023-02-01T22:27:26.094+0000] {dag.py:3441} INFO - Setting next_dagrun for tutorial_dag to None, run_after=None
[2023-02-01T22:27:26.106+0000] {processor.py:175} INFO - Processing /home/airflow/.local/lib/python3.7/site-packages/airflow/example_dags/tutorial_dag.py took 0.069 seconds
[2023-02-01T22:27:56.761+0000] {processor.py:153} INFO - Started process (PID=1266) to work on /home/airflow/.local/lib/python3.7/site-packages/airflow/example_dags/tutorial_dag.py
[2023-02-01T22:27:56.762+0000] {processor.py:743} INFO - Processing file /home/airflow/.local/lib/python3.7/site-packages/airflow/example_dags/tutorial_dag.py for tasks to queue
[2023-02-01T22:27:56.763+0000] {logging_mixin.py:137} INFO - [2023-02-01T22:27:56.763+0000] {dagbag.py:538} INFO - Filling up the DagBag from /home/airflow/.local/lib/python3.7/site-packages/airflow/example_dags/tutorial_dag.py
[2023-02-01T22:27:56.772+0000] {processor.py:753} INFO - DAG(s) dict_keys(['tutorial_dag']) retrieved from /home/airflow/.local/lib/python3.7/site-packages/airflow/example_dags/tutorial_dag.py
[2023-02-01T22:27:56.793+0000] {logging_mixin.py:137} INFO - [2023-02-01T22:27:56.793+0000] {dag.py:2690} INFO - Sync 1 DAGs
[2023-02-01T22:27:56.809+0000] {logging_mixin.py:137} INFO - [2023-02-01T22:27:56.808+0000] {dag.py:3441} INFO - Setting next_dagrun for tutorial_dag to None, run_after=None
[2023-02-01T22:27:56.820+0000] {processor.py:175} INFO - Processing /home/airflow/.local/lib/python3.7/site-packages/airflow/example_dags/tutorial_dag.py took 0.062 seconds
[2023-02-01T22:28:27.594+0000] {processor.py:153} INFO - Started process (PID=1342) to work on /home/airflow/.local/lib/python3.7/site-packages/airflow/example_dags/tutorial_dag.py
[2023-02-01T22:28:27.595+0000] {processor.py:743} INFO - Processing file /home/airflow/.local/lib/python3.7/site-packages/airflow/example_dags/tutorial_dag.py for tasks to queue
[2023-02-01T22:28:27.596+0000] {logging_mixin.py:137} INFO - [2023-02-01T22:28:27.596+0000] {dagbag.py:538} INFO - Filling up the DagBag from /home/airflow/.local/lib/python3.7/site-packages/airflow/example_dags/tutorial_dag.py
[2023-02-01T22:28:27.607+0000] {processor.py:753} INFO - DAG(s) dict_keys(['tutorial_dag']) retrieved from /home/airflow/.local/lib/python3.7/site-packages/airflow/example_dags/tutorial_dag.py
[2023-02-01T22:28:27.627+0000] {logging_mixin.py:137} INFO - [2023-02-01T22:28:27.627+0000] {dag.py:2690} INFO - Sync 1 DAGs
[2023-02-01T22:28:27.642+0000] {logging_mixin.py:137} INFO - [2023-02-01T22:28:27.642+0000] {dag.py:3441} INFO - Setting next_dagrun for tutorial_dag to None, run_after=None
[2023-02-01T22:28:27.653+0000] {processor.py:175} INFO - Processing /home/airflow/.local/lib/python3.7/site-packages/airflow/example_dags/tutorial_dag.py took 0.063 seconds
[2023-02-01T22:28:58.191+0000] {processor.py:153} INFO - Started process (PID=1405) to work on /home/airflow/.local/lib/python3.7/site-packages/airflow/example_dags/tutorial_dag.py
[2023-02-01T22:28:58.192+0000] {processor.py:743} INFO - Processing file /home/airflow/.local/lib/python3.7/site-packages/airflow/example_dags/tutorial_dag.py for tasks to queue
[2023-02-01T22:28:58.193+0000] {logging_mixin.py:137} INFO - [2023-02-01T22:28:58.193+0000] {dagbag.py:538} INFO - Filling up the DagBag from /home/airflow/.local/lib/python3.7/site-packages/airflow/example_dags/tutorial_dag.py
[2023-02-01T22:28:58.203+0000] {processor.py:753} INFO - DAG(s) dict_keys(['tutorial_dag']) retrieved from /home/airflow/.local/lib/python3.7/site-packages/airflow/example_dags/tutorial_dag.py
[2023-02-01T22:28:58.229+0000] {logging_mixin.py:137} INFO - [2023-02-01T22:28:58.228+0000] {dag.py:2690} INFO - Sync 1 DAGs
[2023-02-01T22:28:58.245+0000] {logging_mixin.py:137} INFO - [2023-02-01T22:28:58.245+0000] {dag.py:3441} INFO - Setting next_dagrun for tutorial_dag to None, run_after=None
[2023-02-01T22:28:58.257+0000] {processor.py:175} INFO - Processing /home/airflow/.local/lib/python3.7/site-packages/airflow/example_dags/tutorial_dag.py took 0.070 seconds
[2023-02-01T22:29:28.889+0000] {processor.py:153} INFO - Started process (PID=1481) to work on /home/airflow/.local/lib/python3.7/site-packages/airflow/example_dags/tutorial_dag.py
[2023-02-01T22:29:28.891+0000] {processor.py:743} INFO - Processing file /home/airflow/.local/lib/python3.7/site-packages/airflow/example_dags/tutorial_dag.py for tasks to queue
[2023-02-01T22:29:28.891+0000] {logging_mixin.py:137} INFO - [2023-02-01T22:29:28.891+0000] {dagbag.py:538} INFO - Filling up the DagBag from /home/airflow/.local/lib/python3.7/site-packages/airflow/example_dags/tutorial_dag.py
[2023-02-01T22:29:28.901+0000] {processor.py:753} INFO - DAG(s) dict_keys(['tutorial_dag']) retrieved from /home/airflow/.local/lib/python3.7/site-packages/airflow/example_dags/tutorial_dag.py
[2023-02-01T22:29:28.929+0000] {logging_mixin.py:137} INFO - [2023-02-01T22:29:28.929+0000] {dag.py:2690} INFO - Sync 1 DAGs
[2023-02-01T22:29:28.948+0000] {logging_mixin.py:137} INFO - [2023-02-01T22:29:28.948+0000] {dag.py:3441} INFO - Setting next_dagrun for tutorial_dag to None, run_after=None
[2023-02-01T22:29:28.967+0000] {processor.py:175} INFO - Processing /home/airflow/.local/lib/python3.7/site-packages/airflow/example_dags/tutorial_dag.py took 0.081 seconds
[2023-02-01T22:29:59.639+0000] {processor.py:153} INFO - Started process (PID=1544) to work on /home/airflow/.local/lib/python3.7/site-packages/airflow/example_dags/tutorial_dag.py
[2023-02-01T22:29:59.640+0000] {processor.py:743} INFO - Processing file /home/airflow/.local/lib/python3.7/site-packages/airflow/example_dags/tutorial_dag.py for tasks to queue
[2023-02-01T22:29:59.640+0000] {logging_mixin.py:137} INFO - [2023-02-01T22:29:59.640+0000] {dagbag.py:538} INFO - Filling up the DagBag from /home/airflow/.local/lib/python3.7/site-packages/airflow/example_dags/tutorial_dag.py
[2023-02-01T22:29:59.651+0000] {processor.py:753} INFO - DAG(s) dict_keys(['tutorial_dag']) retrieved from /home/airflow/.local/lib/python3.7/site-packages/airflow/example_dags/tutorial_dag.py
[2023-02-01T22:29:59.674+0000] {logging_mixin.py:137} INFO - [2023-02-01T22:29:59.674+0000] {dag.py:2690} INFO - Sync 1 DAGs
[2023-02-01T22:29:59.690+0000] {logging_mixin.py:137} INFO - [2023-02-01T22:29:59.689+0000] {dag.py:3441} INFO - Setting next_dagrun for tutorial_dag to None, run_after=None
[2023-02-01T22:29:59.701+0000] {processor.py:175} INFO - Processing /home/airflow/.local/lib/python3.7/site-packages/airflow/example_dags/tutorial_dag.py took 0.065 seconds
[2023-02-01T22:30:30.449+0000] {processor.py:153} INFO - Started process (PID=1620) to work on /home/airflow/.local/lib/python3.7/site-packages/airflow/example_dags/tutorial_dag.py
[2023-02-01T22:30:30.451+0000] {processor.py:743} INFO - Processing file /home/airflow/.local/lib/python3.7/site-packages/airflow/example_dags/tutorial_dag.py for tasks to queue
[2023-02-01T22:30:30.452+0000] {logging_mixin.py:137} INFO - [2023-02-01T22:30:30.452+0000] {dagbag.py:538} INFO - Filling up the DagBag from /home/airflow/.local/lib/python3.7/site-packages/airflow/example_dags/tutorial_dag.py
[2023-02-01T22:30:30.462+0000] {processor.py:753} INFO - DAG(s) dict_keys(['tutorial_dag']) retrieved from /home/airflow/.local/lib/python3.7/site-packages/airflow/example_dags/tutorial_dag.py
[2023-02-01T22:30:30.482+0000] {logging_mixin.py:137} INFO - [2023-02-01T22:30:30.482+0000] {dag.py:2690} INFO - Sync 1 DAGs
[2023-02-01T22:30:30.499+0000] {logging_mixin.py:137} INFO - [2023-02-01T22:30:30.499+0000] {dag.py:3441} INFO - Setting next_dagrun for tutorial_dag to None, run_after=None
[2023-02-01T22:30:30.512+0000] {processor.py:175} INFO - Processing /home/airflow/.local/lib/python3.7/site-packages/airflow/example_dags/tutorial_dag.py took 0.066 seconds
[2023-02-01T22:31:01.839+0000] {processor.py:153} INFO - Started process (PID=1696) to work on /home/airflow/.local/lib/python3.7/site-packages/airflow/example_dags/tutorial_dag.py
[2023-02-01T22:31:01.841+0000] {processor.py:743} INFO - Processing file /home/airflow/.local/lib/python3.7/site-packages/airflow/example_dags/tutorial_dag.py for tasks to queue
[2023-02-01T22:31:01.842+0000] {logging_mixin.py:137} INFO - [2023-02-01T22:31:01.842+0000] {dagbag.py:538} INFO - Filling up the DagBag from /home/airflow/.local/lib/python3.7/site-packages/airflow/example_dags/tutorial_dag.py
[2023-02-01T22:31:01.856+0000] {processor.py:753} INFO - DAG(s) dict_keys(['tutorial_dag']) retrieved from /home/airflow/.local/lib/python3.7/site-packages/airflow/example_dags/tutorial_dag.py
[2023-02-01T22:31:01.893+0000] {logging_mixin.py:137} INFO - [2023-02-01T22:31:01.893+0000] {dag.py:2690} INFO - Sync 1 DAGs
[2023-02-01T22:31:01.930+0000] {logging_mixin.py:137} INFO - [2023-02-01T22:31:01.930+0000] {dag.py:3441} INFO - Setting next_dagrun for tutorial_dag to None, run_after=None
[2023-02-01T22:31:01.950+0000] {processor.py:175} INFO - Processing /home/airflow/.local/lib/python3.7/site-packages/airflow/example_dags/tutorial_dag.py took 0.115 seconds
[2023-02-01T22:31:32.593+0000] {processor.py:153} INFO - Started process (PID=1760) to work on /home/airflow/.local/lib/python3.7/site-packages/airflow/example_dags/tutorial_dag.py
[2023-02-01T22:31:32.595+0000] {processor.py:743} INFO - Processing file /home/airflow/.local/lib/python3.7/site-packages/airflow/example_dags/tutorial_dag.py for tasks to queue
[2023-02-01T22:31:32.595+0000] {logging_mixin.py:137} INFO - [2023-02-01T22:31:32.595+0000] {dagbag.py:538} INFO - Filling up the DagBag from /home/airflow/.local/lib/python3.7/site-packages/airflow/example_dags/tutorial_dag.py
[2023-02-01T22:31:32.608+0000] {processor.py:753} INFO - DAG(s) dict_keys(['tutorial_dag']) retrieved from /home/airflow/.local/lib/python3.7/site-packages/airflow/example_dags/tutorial_dag.py
[2023-02-01T22:31:32.629+0000] {logging_mixin.py:137} INFO - [2023-02-01T22:31:32.629+0000] {dag.py:2690} INFO - Sync 1 DAGs
[2023-02-01T22:31:32.645+0000] {logging_mixin.py:137} INFO - [2023-02-01T22:31:32.645+0000] {dag.py:3441} INFO - Setting next_dagrun for tutorial_dag to None, run_after=None
[2023-02-01T22:31:32.656+0000] {processor.py:175} INFO - Processing /home/airflow/.local/lib/python3.7/site-packages/airflow/example_dags/tutorial_dag.py took 0.066 seconds
[2023-02-01T22:32:03.078+0000] {processor.py:153} INFO - Started process (PID=1835) to work on /home/airflow/.local/lib/python3.7/site-packages/airflow/example_dags/tutorial_dag.py
[2023-02-01T22:32:03.080+0000] {processor.py:743} INFO - Processing file /home/airflow/.local/lib/python3.7/site-packages/airflow/example_dags/tutorial_dag.py for tasks to queue
[2023-02-01T22:32:03.081+0000] {logging_mixin.py:137} INFO - [2023-02-01T22:32:03.080+0000] {dagbag.py:538} INFO - Filling up the DagBag from /home/airflow/.local/lib/python3.7/site-packages/airflow/example_dags/tutorial_dag.py
[2023-02-01T22:32:03.092+0000] {processor.py:753} INFO - DAG(s) dict_keys(['tutorial_dag']) retrieved from /home/airflow/.local/lib/python3.7/site-packages/airflow/example_dags/tutorial_dag.py
[2023-02-01T22:32:03.111+0000] {logging_mixin.py:137} INFO - [2023-02-01T22:32:03.111+0000] {dag.py:2690} INFO - Sync 1 DAGs
[2023-02-01T22:32:03.128+0000] {logging_mixin.py:137} INFO - [2023-02-01T22:32:03.128+0000] {dag.py:3441} INFO - Setting next_dagrun for tutorial_dag to None, run_after=None
[2023-02-01T22:32:03.140+0000] {processor.py:175} INFO - Processing /home/airflow/.local/lib/python3.7/site-packages/airflow/example_dags/tutorial_dag.py took 0.064 seconds
[2023-02-01T22:32:33.283+0000] {processor.py:153} INFO - Started process (PID=1900) to work on /home/airflow/.local/lib/python3.7/site-packages/airflow/example_dags/tutorial_dag.py
[2023-02-01T22:32:33.284+0000] {processor.py:743} INFO - Processing file /home/airflow/.local/lib/python3.7/site-packages/airflow/example_dags/tutorial_dag.py for tasks to queue
[2023-02-01T22:32:33.285+0000] {logging_mixin.py:137} INFO - [2023-02-01T22:32:33.285+0000] {dagbag.py:538} INFO - Filling up the DagBag from /home/airflow/.local/lib/python3.7/site-packages/airflow/example_dags/tutorial_dag.py
[2023-02-01T22:32:33.295+0000] {processor.py:753} INFO - DAG(s) dict_keys(['tutorial_dag']) retrieved from /home/airflow/.local/lib/python3.7/site-packages/airflow/example_dags/tutorial_dag.py
[2023-02-01T22:32:33.315+0000] {logging_mixin.py:137} INFO - [2023-02-01T22:32:33.315+0000] {dag.py:2690} INFO - Sync 1 DAGs
[2023-02-01T22:32:33.331+0000] {logging_mixin.py:137} INFO - [2023-02-01T22:32:33.331+0000] {dag.py:3441} INFO - Setting next_dagrun for tutorial_dag to None, run_after=None
[2023-02-01T22:32:33.343+0000] {processor.py:175} INFO - Processing /home/airflow/.local/lib/python3.7/site-packages/airflow/example_dags/tutorial_dag.py took 0.063 seconds
[2023-02-01T22:33:04.009+0000] {processor.py:153} INFO - Started process (PID=1976) to work on /home/airflow/.local/lib/python3.7/site-packages/airflow/example_dags/tutorial_dag.py
[2023-02-01T22:33:04.010+0000] {processor.py:743} INFO - Processing file /home/airflow/.local/lib/python3.7/site-packages/airflow/example_dags/tutorial_dag.py for tasks to queue
[2023-02-01T22:33:04.011+0000] {logging_mixin.py:137} INFO - [2023-02-01T22:33:04.011+0000] {dagbag.py:538} INFO - Filling up the DagBag from /home/airflow/.local/lib/python3.7/site-packages/airflow/example_dags/tutorial_dag.py
[2023-02-01T22:33:04.020+0000] {processor.py:753} INFO - DAG(s) dict_keys(['tutorial_dag']) retrieved from /home/airflow/.local/lib/python3.7/site-packages/airflow/example_dags/tutorial_dag.py
[2023-02-01T22:33:04.040+0000] {logging_mixin.py:137} INFO - [2023-02-01T22:33:04.039+0000] {dag.py:2690} INFO - Sync 1 DAGs
[2023-02-01T22:33:04.055+0000] {logging_mixin.py:137} INFO - [2023-02-01T22:33:04.055+0000] {dag.py:3441} INFO - Setting next_dagrun for tutorial_dag to None, run_after=None
[2023-02-01T22:33:04.067+0000] {processor.py:175} INFO - Processing /home/airflow/.local/lib/python3.7/site-packages/airflow/example_dags/tutorial_dag.py took 0.061 seconds
[2023-02-01T22:33:34.532+0000] {processor.py:153} INFO - Started process (PID=2049) to work on /home/airflow/.local/lib/python3.7/site-packages/airflow/example_dags/tutorial_dag.py
[2023-02-01T22:33:34.534+0000] {processor.py:743} INFO - Processing file /home/airflow/.local/lib/python3.7/site-packages/airflow/example_dags/tutorial_dag.py for tasks to queue
[2023-02-01T22:33:34.536+0000] {logging_mixin.py:137} INFO - [2023-02-01T22:33:34.536+0000] {dagbag.py:538} INFO - Filling up the DagBag from /home/airflow/.local/lib/python3.7/site-packages/airflow/example_dags/tutorial_dag.py
[2023-02-01T22:33:34.550+0000] {processor.py:753} INFO - DAG(s) dict_keys(['tutorial_dag']) retrieved from /home/airflow/.local/lib/python3.7/site-packages/airflow/example_dags/tutorial_dag.py
[2023-02-01T22:33:34.573+0000] {logging_mixin.py:137} INFO - [2023-02-01T22:33:34.573+0000] {dag.py:2690} INFO - Sync 1 DAGs
[2023-02-01T22:33:34.600+0000] {logging_mixin.py:137} INFO - [2023-02-01T22:33:34.600+0000] {dag.py:3441} INFO - Setting next_dagrun for tutorial_dag to None, run_after=None
[2023-02-01T22:33:34.618+0000] {processor.py:175} INFO - Processing /home/airflow/.local/lib/python3.7/site-packages/airflow/example_dags/tutorial_dag.py took 0.089 seconds
[2023-02-01T22:34:05.286+0000] {processor.py:153} INFO - Started process (PID=2116) to work on /home/airflow/.local/lib/python3.7/site-packages/airflow/example_dags/tutorial_dag.py
[2023-02-01T22:34:05.288+0000] {processor.py:743} INFO - Processing file /home/airflow/.local/lib/python3.7/site-packages/airflow/example_dags/tutorial_dag.py for tasks to queue
[2023-02-01T22:34:05.288+0000] {logging_mixin.py:137} INFO - [2023-02-01T22:34:05.288+0000] {dagbag.py:538} INFO - Filling up the DagBag from /home/airflow/.local/lib/python3.7/site-packages/airflow/example_dags/tutorial_dag.py
[2023-02-01T22:34:05.298+0000] {processor.py:753} INFO - DAG(s) dict_keys(['tutorial_dag']) retrieved from /home/airflow/.local/lib/python3.7/site-packages/airflow/example_dags/tutorial_dag.py
[2023-02-01T22:34:05.318+0000] {logging_mixin.py:137} INFO - [2023-02-01T22:34:05.318+0000] {dag.py:2690} INFO - Sync 1 DAGs
[2023-02-01T22:34:05.334+0000] {logging_mixin.py:137} INFO - [2023-02-01T22:34:05.334+0000] {dag.py:3441} INFO - Setting next_dagrun for tutorial_dag to None, run_after=None
[2023-02-01T22:34:05.346+0000] {processor.py:175} INFO - Processing /home/airflow/.local/lib/python3.7/site-packages/airflow/example_dags/tutorial_dag.py took 0.063 seconds
[2023-02-01T22:34:35.907+0000] {processor.py:153} INFO - Started process (PID=2191) to work on /home/airflow/.local/lib/python3.7/site-packages/airflow/example_dags/tutorial_dag.py
[2023-02-01T22:34:35.908+0000] {processor.py:743} INFO - Processing file /home/airflow/.local/lib/python3.7/site-packages/airflow/example_dags/tutorial_dag.py for tasks to queue
[2023-02-01T22:34:35.909+0000] {logging_mixin.py:137} INFO - [2023-02-01T22:34:35.909+0000] {dagbag.py:538} INFO - Filling up the DagBag from /home/airflow/.local/lib/python3.7/site-packages/airflow/example_dags/tutorial_dag.py
[2023-02-01T22:34:35.920+0000] {processor.py:753} INFO - DAG(s) dict_keys(['tutorial_dag']) retrieved from /home/airflow/.local/lib/python3.7/site-packages/airflow/example_dags/tutorial_dag.py
[2023-02-01T22:34:35.943+0000] {logging_mixin.py:137} INFO - [2023-02-01T22:34:35.943+0000] {dag.py:2690} INFO - Sync 1 DAGs
[2023-02-01T22:34:35.961+0000] {logging_mixin.py:137} INFO - [2023-02-01T22:34:35.961+0000] {dag.py:3441} INFO - Setting next_dagrun for tutorial_dag to None, run_after=None
[2023-02-01T22:34:35.975+0000] {processor.py:175} INFO - Processing /home/airflow/.local/lib/python3.7/site-packages/airflow/example_dags/tutorial_dag.py took 0.072 seconds
[2023-02-01T22:35:07.007+0000] {processor.py:153} INFO - Started process (PID=2255) to work on /home/airflow/.local/lib/python3.7/site-packages/airflow/example_dags/tutorial_dag.py
[2023-02-01T22:35:07.008+0000] {processor.py:743} INFO - Processing file /home/airflow/.local/lib/python3.7/site-packages/airflow/example_dags/tutorial_dag.py for tasks to queue
[2023-02-01T22:35:07.009+0000] {logging_mixin.py:137} INFO - [2023-02-01T22:35:07.009+0000] {dagbag.py:538} INFO - Filling up the DagBag from /home/airflow/.local/lib/python3.7/site-packages/airflow/example_dags/tutorial_dag.py
[2023-02-01T22:35:07.018+0000] {processor.py:753} INFO - DAG(s) dict_keys(['tutorial_dag']) retrieved from /home/airflow/.local/lib/python3.7/site-packages/airflow/example_dags/tutorial_dag.py
[2023-02-01T22:35:07.041+0000] {logging_mixin.py:137} INFO - [2023-02-01T22:35:07.041+0000] {dag.py:2690} INFO - Sync 1 DAGs
[2023-02-01T22:35:07.058+0000] {logging_mixin.py:137} INFO - [2023-02-01T22:35:07.058+0000] {dag.py:3441} INFO - Setting next_dagrun for tutorial_dag to None, run_after=None
[2023-02-01T22:35:07.069+0000] {processor.py:175} INFO - Processing /home/airflow/.local/lib/python3.7/site-packages/airflow/example_dags/tutorial_dag.py took 0.065 seconds
[2023-02-01T22:35:37.660+0000] {processor.py:153} INFO - Started process (PID=2332) to work on /home/airflow/.local/lib/python3.7/site-packages/airflow/example_dags/tutorial_dag.py
[2023-02-01T22:35:37.661+0000] {processor.py:743} INFO - Processing file /home/airflow/.local/lib/python3.7/site-packages/airflow/example_dags/tutorial_dag.py for tasks to queue
[2023-02-01T22:35:37.662+0000] {logging_mixin.py:137} INFO - [2023-02-01T22:35:37.662+0000] {dagbag.py:538} INFO - Filling up the DagBag from /home/airflow/.local/lib/python3.7/site-packages/airflow/example_dags/tutorial_dag.py
[2023-02-01T22:35:37.673+0000] {processor.py:753} INFO - DAG(s) dict_keys(['tutorial_dag']) retrieved from /home/airflow/.local/lib/python3.7/site-packages/airflow/example_dags/tutorial_dag.py
[2023-02-01T22:35:37.693+0000] {logging_mixin.py:137} INFO - [2023-02-01T22:35:37.693+0000] {dag.py:2690} INFO - Sync 1 DAGs
[2023-02-01T22:35:37.711+0000] {logging_mixin.py:137} INFO - [2023-02-01T22:35:37.710+0000] {dag.py:3441} INFO - Setting next_dagrun for tutorial_dag to None, run_after=None
[2023-02-01T22:35:37.726+0000] {processor.py:175} INFO - Processing /home/airflow/.local/lib/python3.7/site-packages/airflow/example_dags/tutorial_dag.py took 0.069 seconds
[2023-02-01T22:36:08.454+0000] {processor.py:153} INFO - Started process (PID=2408) to work on /home/airflow/.local/lib/python3.7/site-packages/airflow/example_dags/tutorial_dag.py
[2023-02-01T22:36:08.458+0000] {processor.py:743} INFO - Processing file /home/airflow/.local/lib/python3.7/site-packages/airflow/example_dags/tutorial_dag.py for tasks to queue
[2023-02-01T22:36:08.459+0000] {logging_mixin.py:137} INFO - [2023-02-01T22:36:08.459+0000] {dagbag.py:538} INFO - Filling up the DagBag from /home/airflow/.local/lib/python3.7/site-packages/airflow/example_dags/tutorial_dag.py
[2023-02-01T22:36:08.482+0000] {processor.py:753} INFO - DAG(s) dict_keys(['tutorial_dag']) retrieved from /home/airflow/.local/lib/python3.7/site-packages/airflow/example_dags/tutorial_dag.py
[2023-02-01T22:36:08.537+0000] {logging_mixin.py:137} INFO - [2023-02-01T22:36:08.537+0000] {dag.py:2690} INFO - Sync 1 DAGs
[2023-02-01T22:36:08.556+0000] {logging_mixin.py:137} INFO - [2023-02-01T22:36:08.556+0000] {dag.py:3441} INFO - Setting next_dagrun for tutorial_dag to None, run_after=None
[2023-02-01T22:36:08.567+0000] {processor.py:175} INFO - Processing /home/airflow/.local/lib/python3.7/site-packages/airflow/example_dags/tutorial_dag.py took 0.116 seconds
[2023-02-01T22:36:38.949+0000] {processor.py:153} INFO - Started process (PID=2472) to work on /home/airflow/.local/lib/python3.7/site-packages/airflow/example_dags/tutorial_dag.py
[2023-02-01T22:36:38.950+0000] {processor.py:743} INFO - Processing file /home/airflow/.local/lib/python3.7/site-packages/airflow/example_dags/tutorial_dag.py for tasks to queue
[2023-02-01T22:36:38.951+0000] {logging_mixin.py:137} INFO - [2023-02-01T22:36:38.951+0000] {dagbag.py:538} INFO - Filling up the DagBag from /home/airflow/.local/lib/python3.7/site-packages/airflow/example_dags/tutorial_dag.py
[2023-02-01T22:36:38.960+0000] {processor.py:753} INFO - DAG(s) dict_keys(['tutorial_dag']) retrieved from /home/airflow/.local/lib/python3.7/site-packages/airflow/example_dags/tutorial_dag.py
[2023-02-01T22:36:38.982+0000] {logging_mixin.py:137} INFO - [2023-02-01T22:36:38.982+0000] {dag.py:2690} INFO - Sync 1 DAGs
[2023-02-01T22:36:38.997+0000] {logging_mixin.py:137} INFO - [2023-02-01T22:36:38.997+0000] {dag.py:3441} INFO - Setting next_dagrun for tutorial_dag to None, run_after=None
[2023-02-01T22:36:39.010+0000] {processor.py:175} INFO - Processing /home/airflow/.local/lib/python3.7/site-packages/airflow/example_dags/tutorial_dag.py took 0.064 seconds
